 LLC_BI__STAGE__C      ID                 NAME                                                                             CM_CREDITDECISIONTIMERVALUENUMBER__C CM_CREDITDECISIONTIMERVALUE__C CM_FIRSTERSDECISION__C       CM_CREDITDECISIONDAYS__C 
 ───────────────────── ────────────────── ──────────────────────────────────────────────────────────────────────────────── ──────────────────────────────────── ────────────────────────────── ──────────────────────────── ──────────────────────── 
 Complete              a0iaV000002ANILQA4 ASSISTIV IRELAND CONSULTING LTD - ​Ordinary Loan Account - €50,000.00            null                                 3                              2025-05-07T13:15:22.000+0000 3                        
 Booked                a0iaV000002Pf6rQAC CIARAN MCCLUSKEY & MICHEAL MCCLUSKEY - ​Ordinary Loan Account - €33,317.00       null                                 2                              2025-03-20T12:06:17.000+0000 2                        
 Booked                a0iaV000002RYE9QAO GERALDINE HANLON & JAMES HANLON - ​Ordinary Loan Account - €15,074.00            null                                 2                              2025-03-20T11:21:37.000+0000 2                        
 Booked                a0iaV000002SBiXQAW M DOOHAN & S DOOHAN - ​Ordinary Loan Account - €70,941.00                        null                                 7                              2025-03-27T14:45:21.000+0000 7                        
 Complete              a0iaV000002SOXhQAO AMELEAH PINK WILSON - ​Ordinary Loan Account - €5,000.00                         null                                 2                              2025-03-25T17:08:36.000+0000 2                        
 Booked                a0iaV000002SyrJQAS CARMEL O'BRIEN & DAMIEN O'BRIEN - ​Ordinary Loan Account - €20,193.00            null                                 6                              2025-03-25T13:57:50.000+0000 6                        
 Complete              a0iaV000002T2jdQAC DAVID MCGRATH & PAULINE MCGRATH - ​Ordinary Loan Account - €30,000.00            null                                 4                              2025-03-24T09:24:45.000+0000 4                        
 Complete              a0iaV000002TAkPQAW MIXTAPE MARKETING LTD - Ordinary Current Account - €80,000.00                    null                                 2                              2025-03-20T07:50:34.000+0000 2                        
 Booked                a0iaV000002Tz8dQAC HYLAND HORTICULTURAL LTD - ​Ordinary Loan Account - €4,171.00                    null                                 3                              2025-03-20T11:38:27.000+0000 3                        
 Booked                a0iaV000002UY37QAG LOUISE CALLAN - ​Ordinary Loan Account - €20,226.00                              null                                 1                              2025-03-24T10:37:33.000+0000 1                        
 Booked                a0iaV000002UcDBQA0 CAILIM EDWARD RICE AND JONATHAN RICE - ​Ordinary Loan Account - €71,496.00       null                                 1                              2025-03-20T09:33:15.000+0000 1                        
 Booked                a0iaV000002UfRBQA0 CLAIRE WALSH & PATRICK WALSH - ​Ordinary Loan Account - €21,140.00               null                                 1                              2025-03-25T13:32:28.000+0000 1                        
 Booked                a0iaV000002WKNRQA4 DAVID O DWYER - ​Ordinary Loan Account - €13,800.00                              null                                 1                              2025-03-20T10:41:17.000+0000 1                        
 Booked                a0iaV000002WOhBQAW EMCOM LIMITED - Ordinary Current Account - €9,000.00                             null                                 1                              2025-03-20T07:18:02.000+0000 1                        
 Complete              a0iaV000002WPdFQAW ELAINE MAGEE & WILLIAM MAGEE - ​Ordinary Loan Account - €55,000.00               null                                 4                              2025-03-25T15:09:51.000+0000 4                        
 Complete              a0iaV000002WRlVQAW HEALY O'CONNOR SOLICITORS - Solicitors etc. Office Loan Account - €85,000.00     null                                 5                              2025-03-21T04:30:43.000+0000 5                        
 Booked                a0iaV000002WTDpQAO NOEL NEWMAN - ​Ordinary Loan Account - €10,120.00                                null                                 2                              2025-03-20T11:43:48.000+0000 2                        
 Booked                a0iaV000002WVSXQA4 PEARSE SHANNON CORMAC SHANNON CONSTRUCTI - ​Ordinary Loan Account - €23,772.00   null                                 6                              2025-03-20T13:01:44.000+0000 6                        
 Complete              a0iaV000002WVynQAG PATRICK DARCY & PATRICK DARCYJNR - ​Ordinary Loan Account - €90,000.00           null                                 2                              2025-03-21T11:11:49.000+0000 2                        
 Complete              a0iaV000002WcDtQAK DANIELM O'REGAN - ​Ordinary Loan Account - €100,000.00                           null                                 4                              2025-03-20T11:33:11.000+0000 4                        
 Booked                a0iaV000002WcYrQAK CIRCLE TIME MONTESSORI LTD - ​Ordinary Loan Account - €26,688.00                 null                                 1                              2025-03-20T06:56:40.000+0000 1                        
 Booked                a0iaV000002Wd57QAC LITTLE ROCK HAULAGE LTD KNOCKROE MOB - ​Ordinary Loan Account - €23,781.00       null                                 8                              2025-03-20T12:39:14.000+0000 8                        
 Booked                a0iaV000002WeKXQA0 HUBERT FARRELL & PAT FARRELL - ​Ordinary Loan Account - €42,419.00               null                                 5                              2025-03-24T13:28:55.000+0000 5                        
 Booked                a0iaV000002WfDNQA0 FOY AND CO BALLYBOFEY LTD - Ordinary Current Account - €90,000.00                null                                 5                              2025-03-24T15:43:57.000+0000 5                        
 Booked                a0iaV000002WfzlQAC JOHN MCGRANE - ​Ordinary Loan Account - €35,375.00                               null                                 1                              2025-03-27T06:16:18.000+0000 1                        
 Booked                a0iaV000002WhIPQA0 FRANCIS CURRAN & TERESA MURTAGH - ​Ordinary Loan Account - €15,180.00            null                                 1                              2025-03-21T11:09:04.000+0000 1                        
 Complete              a0iaV000002WkEfQAK GARRETH O KEEFFE - ​Ordinary Loan Account - €9,000.00                            null                                 8                              2025-03-20T12:35:34.000+0000 8                        
 Booked                a0iaV000002Wl5tQAC CARMEL FEEREY & WILLIAM FEEREY - ​Ordinary Loan Account - €97,632.00             null                                 7                              2025-03-20T08:54:35.000+0000 7                        
 Booked                a0iaV000002Wl7VQAS NOREEN CONNEELY & SHANE CONNEELY - ​Ordinary Loan Account - €6,421.00            null                                 2                              2025-04-22T14:15:53.000+0000 2                        
 Booked                a0iaV000002WqqNQAS DANIEL BRACKEN & PATRICK BRACKEN - ​Ordinary Loan Account - €36,330.00           null                                 3                              2025-03-25T09:08:56.000+0000 3                        
 Booked                a0iaV000002XDDRQA4 MICAHEL DALY - ​Ordinary Loan Account - €5,055.00                                null                                 2                              2025-03-25T16:25:08.000+0000 2                        
 Booked                a0iaV000002XEuHQAW MJP EXPRESS LTD - ​Ordinary Loan Account - €32,589.00                            null                                 4                              2025-03-26T16:13:08.000+0000 4                        
 Booked                a0iaV000002XFVOQA4 NORTH EAST WATER SERVICES LIMITED - Ordinary Current Account - €20,000.00        null                                 2                              2025-03-20T10:50:09.000+0000 2                        
 Booked                a0iaV000002XJ9BQAW JOSEPH CAMPBELL & MARY CAMPBELL - ​Ordinary Loan Account - €20,204.00            null                                 5                              2025-03-24T12:29:52.000+0000 5                        
 Booked                a0iaV000002XJh3QAG CASTLECONNELL PROJECT COMPANY LIMITED BY - Ordinary Current Account - €24,000.00 null                                 2                              2025-03-20T11:11:34.000+0000 2                        
 Complete              a0iaV000002XKLNQA4 F BOYLE & M BOYLE - ​Ordinary Loan Account - €16,500.00                          null                                 3                              2025-03-28T15:34:19.000+0000 3                        
 Complete              a0iaV000002XLxNQAW P & D FLOOD PARTNERSHIP - ​Ordinary Loan Account - €80,000.00                    null                                 5                              2025-03-20T12:54:45.000+0000 5                        
 Booked                a0iaV000002XM73QAG PADRAIG MAHER - ​Ordinary Loan Account - €15,234.00                              null                                 5                              2025-03-21T11:35:22.000+0000 5                        
 Booked                a0iaV000002XMLZQA4 TERVIS TECHNOLOGY LTD - Ordinary Current Account - €5,000.00                     null                                 2                              2025-03-26T09:29:23.000+0000 2                        
 Pre-Decision Analysis a0iaV000002XMbhQAG CIARAN FARLEY & FIDELMA FARLEY - ​Ordinary Loan Account - €120,000.00            null                                 13                             2025-03-20T16:00:38.000+0000 13                       
 Booked                a0iaV000002XNkfQAG IAN DAVIS - Ordinary Current Account - €4,500.00                                 null                                 2                              2025-03-21T16:13:12.000+0000 2                        
 Booked                a0iaV000002XP4vQAG PIXIE AND LINUS LTD - ​Ordinary Loan Account - €19,453.00                        null                                 6                              2025-03-20T08:06:01.000+0000 6                        
 Booked                a0iaV000002XPUjQAO ROBERT FARRELLY - ​Ordinary Loan Account - €20,163.00                            null                                 2                              2025-03-20T06:37:23.000+0000 2                        
 Complete              a0iaV000002XR3VQAW BRENDAN HENNESSY - ​Ordinary Loan Account - €92,072.00                           null                                 2                              2025-03-27T09:48:36.000+0000 2                        
 Booked                a0iaV000002XTi1QAG SWIM & LEISURE SUPPLIES LTD - ​Ordinary Loan Account - €16,228.00                null                                 3                              2025-03-25T09:49:45.000+0000 3                        
 Booked                a0iaV000002XWRNQA4 ALEC SPAIN - ​Ordinary Loan Account - €11,962.00                                 null                                 1                              2025-03-20T08:29:15.000+0000 1                        
 Booked                a0iaV000002XWSzQAO GRAHAM LOWNDES & MARY LOWNDES - ​Ordinary Loan Account - €25,286.00              null                                 1                              2025-03-21T08:38:29.000+0000 1                        
 Complete              a0iaV000002XXIbQAO PATRICK SWEENEY - Solicitors etc. Office Loan Account - €58,000.00               null                                 6                              2025-03-20T10:10:10.000+0000 6                        
 Complete              a0iaV000002XXSHQA4 CLOS ADHAMID DHONAL TEO - ​Ordinary Loan Account - €120,000.00                   null                                 3                              2025-03-20T10:20:04.000+0000 3                        
 Booked                a0iaV000002XXthQAG P GROGAN & M GROGAN - Ordinary Current Account - €10,000.00                      null                                 3                              2025-03-25T15:25:43.000+0000 3                        
 Booked                a0iaV000002XZx7QAG GERARD SHANNON - ​Ordinary Loan Account - €60,442.00                             null                                 4                              2025-03-20T06:34:14.000+0000 4                        
 Complete              a0iaV000002XarZQAS ASTA ASSIA - ​Ordinary Loan Account - €7,000.00                                  null                                 6                              2025-03-20T11:20:46.000+0000 6                        
 Booked                a0iaV000002XaunQAC BRENDAN DELANEY - ​Ordinary Loan Account - €80,715.00                            null                                 2                              2025-03-20T08:56:45.000+0000 2                        
 Booked                a0iaV000002XazdQAC CHRISTINE WEEKES & SHANE WEEKES - ​Ordinary Loan Account - €11,287.00            null                                 2                              2025-03-20T15:35:44.000+0000 2                        
 Booked                a0iaV000002XbFlQAK MARIJA LACIC - ​Ordinary Loan Account - €4,598.00                                null                                 3                              2025-03-20T09:56:23.000+0000 3                        
 Complete              a0iaV000002XbR3QAK PADRAIG FLEMING - ​Ordinary Loan Account - €58,253.00                            null                                 6                              2025-03-20T10:21:57.000+0000 6                        
 Complete              a0iaV000002XbxJQAS ACORN PROCESSES LTD - ​Ordinary Loan Account - €30,000.00                        null                                 8                              2025-03-20T10:27:59.000+0000 8                        
 Booked                a0iaV000002XcDRQA0 MICHAEL J KELLY - ​Ordinary Loan Account - €20,229.00                            null                                 2                              2025-03-20T10:19:06.000+0000 2                        
 Complete              a0iaV000002XiAnQAK JOSHUA MORTIMER - ​Ordinary Loan Account - €8,000.00                             null                                 2                              2025-03-20T10:41:43.000+0000 2                        
 Pre-Fulfilment        a0iaV000002XjZtQAK DECOPLANTS LTD - ​Ordinary Loan Account - €15,000.00                             null                                 3                              2025-03-20T09:19:27.000+0000 3                        
 Booked                a0iaV000002Xk1JQAS LAURENCE COLEMAN - ​Ordinary Loan Account - €15,142.00                           null                                 11                             2025-03-20T09:44:02.000+0000 11                       
 Complete              a0iaV000002XkfdQAC MARIJA LACIC - ​Ordinary Loan Account - €5,000.00                                null                                 1                              2025-03-20T10:06:56.000+0000 1                        
 Booked                a0iaV000002XlqDQAS ANNE HAYES & ANTHONY HAYES - ​Ordinary Loan Account - €24,257.00                 null                                 7                              2025-03-20T15:41:20.000+0000 7                        
 Booked                a0iaV000002XmKrQAK ODON ENGINEERING LTD - ​Ordinary Loan Account - €77,336.00                       null                                 2                              2025-03-20T10:09:34.000+0000 2                        
 Complete              a0iaV000002XyttQAC SRMI RISK MANAGEMENT LTD - Ordinary Current Account - €100,000.00                null                                 2                              2025-03-20T10:35:37.000+0000 2                        
 Booked                a0iaV000002XzpzQAC PHILIP BRADY - Ordinary Current Account - €15,000.00                             null                                 2                              2025-03-20T12:26:22.000+0000 2                        
 Booked                a0iaV000002Y0MDQA0 BOMFRUIT LTD - Ordinary Current Account - €9,000.00                              null                                 5                              2025-03-20T10:11:12.000+0000 5                        
 Booked                a0iaV000002Y0dxQAC BRIAN HICKEY - ​Ordinary Loan Account - €30,305.00                               null                                 6                              2025-03-20T10:56:43.000+0000 6                        
 Booked                a0iaV000002Y13lQAC SEAN MORAN - ​Ordinary Loan Account - €8,067.00                                  null                                 5                              2025-03-20T10:52:35.000+0000 5                        
 Booked                a0iaV000002Y15NQAS DANIEL A SWEENEY - ​Ordinary Loan Account - €20,226.00                           null                                 2                              2025-03-24T13:20:17.000+0000 2                        
 Booked                a0iaV000002Y1ADQA0 AUDIT ASSOCIATES PHARMACEU LTD - ​Ordinary Loan Account - €30,668.00             null                                 8                              2025-03-20T11:42:43.000+0000 8                        
 Booked                a0iaV000002Y2FxQAK DILLON FITZGERALD - ​Ordinary Loan Account - €25,286.00                          null                                 2                              2025-03-20T11:34:15.000+0000 2                        
 Complete              a0iaV000002Y2hNQAS CN ELITE TRANSPORT SOLUTION LIMITED - ​Ordinary Loan Account - €26,000.00        null                                 2                              2025-03-21T09:29:49.000+0000 2                        
 Complete              a0iaV000002Y2xVQAS CUNNINGHAM CONSTRUCTION & CARPENTRY - ​Ordinary Loan Account - €20,000.00        null                                 2                              2025-03-21T09:08:16.000+0000 2                        
 Pre-Fulfilment        a0iaV000002Y3ITQA0 BOSAC TAKEAWAY LTD - ​Ordinary Loan Account - €100,000.00                        null                                 5                              2025-03-20T11:19:51.000+0000 5                        
 Complete              a0iaV000002Y3S9QAK A PIMENTEL - ​Ordinary Loan Account - €10,000.00                                 null                                 5                              2025-03-21T12:27:23.000+0000 5                        
 Booked                a0iaV000002Y3WzQAK JAMES MURPHY - Ordinary Current Account - €7,000.00                              null                                 3                              2025-03-20T14:50:40.000+0000 3                        
 Booked                a0iaV000002Y3jtQAC LOUISE LAWLOR - Ordinary Current Account - €10,000.00                            null                                 3                              2025-03-20T12:02:02.000+0000 3                        
 Booked                a0iaV000002Y41dQAC HOLYWELL OFFICE CENTRE LTD - Ordinary Current Account - €20,000.00               null                                 3                              2025-03-20T11:18:04.000+0000 3                        
 Complete              a0iaV000002Y5lhQAC DUBH LINN-IRELAND PRIVATE TOURS LTD - ​Ordinary Loan Account - €21,350.00        null                                 3                              2025-03-20T13:24:15.000+0000 3                        
 Booked                a0iaV000002Y63RQAS CINTEC INTEGRATED SYSTEMS LTD - ​Ordinary Loan Account - €40,458.00              null                                 2                              2025-03-20T14:02:40.000+0000 2                        
 Booked                a0iaV000002Y717QAC RATHMORE TRANSFORT SERVICES LIMITED - ​Ordinary Loan Account - €22,542.00        null                                 9                              2025-03-20T13:22:10.000+0000 9                        
 Booked                a0iaV000002Y7AnQAK ARDS GRAPHICS AND WINDOW FILMS LTD - Ordinary Current Account - €3,000.00        null                                 1                              2025-03-20T14:04:54.000+0000 1                        
 Pre-Fulfilment        a0iaV000002Y7E1QAK FRANK SEERY - ​Ordinary Loan Account - €50,000.00                                null                                 8                              2025-03-20T12:32:02.000+0000 8                        
 Complete              a0iaV000002Y7QvQAK SUGAR DROP LTD - ​Ordinary Loan Account - €40,000.00                             null                                 8                              2025-03-20T12:48:55.000+0000 8                        
 Booked                a0iaV000002Y8WfQAK GARY CUNNANE - ​Ordinary Loan Account - €15,180.00                               null                                 2                              2025-03-20T12:52:35.000+0000 2                        
 Complete              a0iaV000002Y8oPQAS PETER MCCABE - ​Ordinary Loan Account - €10,000.00                               null                                 5                              2025-03-20T13:50:03.000+0000 5                        
 Booked                a0iaV000002Y9AzQAK SARAH LYONS - ​Ordinary Loan Account - €15,240.00                                null                                 2                              2025-03-20T14:36:34.000+0000 2                        
 Booked                a0iaV000002Y9e1QAC ANTHONY KEARINS - ​Ordinary Loan Account - €15,180.00                            null                                 1                              2025-03-20T14:13:03.000+0000 1                        
 Complete              a0iaV000002YBG1QAO JACK DARCY - ​Ordinary Loan Account - €90,000.00                                 null                                 9                              2025-03-20T14:24:03.000+0000 9                        
 Booked                a0iaV000002YBKrQAO TOM ODONNELL - ​Ordinary Loan Account - €25,286.00                               null                                 2                              2025-03-20T13:57:03.000+0000 2                        
 Booked                a0iaV000002YBW9QAO THOMAS MURPHY - ​Ordinary Loan Account - €33,913.00                              null                                 11                             2025-03-20T13:55:12.000+0000 11                       
 Booked                a0iaV000002YBxZQAW JOHN NUGENT - ​Ordinary Loan Account - €20,145.00                                null                                 14                             2025-03-27T11:09:41.000+0000 14                       
 Booked                a0iaV000002YC41QAG KILLARNEY GLAMPING PODS LTD - Ordinary Current Account - €10,000.00              null                                 12                             2025-03-20T13:57:28.000+0000 12                       
 Complete              a0iaV000002YDL3QAO COLIN SMYTH & ROBERT SMYTH & VALERIE SMY - Ordinary Current Account - €14,000.00 null                                 2                              2025-03-27T13:42:25.000+0000 2                        
 Booked                a0iaV000002YDxlQAG PA HAIR STUDIOS LTD - ​Ordinary Loan Account - €38,090.00                        null                                 4                              2025-03-20T14:22:16.000+0000 4                        
 Booked                a0iaV000002YEAfQAO MOORETECH ENGINEERING LTD - ​Ordinary Loan Account - €17,697.00                  null                                 5                              2025-03-20T14:12:31.000+0000 5                        
 Complete              a0iaV000002YF9xQAG RONAN TINNELLY - ​Ordinary Loan Account - €30,000.00                             null                                 2                              2025-03-20T14:29:57.000+0000 2                        
 Booked                a0iaV000002YFxxQAG NOELLE KIDD - ​Ordinary Loan Account - €3,767.00                                 null                                 2                              2025-03-20T15:34:26.000+0000 2                        
 Booked                a0iaV000002YGdwQAG RACHEL HEELAN - ​Ordinary Loan Account - €11,290.00                              null                                 2                              2025-03-20T16:21:33.000+0000 2                        
 Complete              a0iaV000002YGsPQAW HILL VIEW BUILDING AND JOINERY LTD - ​Ordinary Loan Account - €60,000.00         null                                 7                              2025-03-20T15:07:08.000+0000 7                        
 Booked                a0iaV000002YHWjQAO CEZAR WINDOWS & DOORS LTD - Ordinary Current Account - €15,000.00                null                                 4                              2025-03-20T15:06:32.000+0000 4                        
 Booked                a0iaV000002YHbZQAW TCE CONSTRUCTION LIMITED - Ordinary Current Account - €30,000.00                 null                                 2                              2025-03-20T15:30:46.000+0000 2                        
 Complete              a0iaV000002YHenQAG GRIP LOGIC IRELAND LTD - ​Ordinary Loan Account - €19,600.00                     null                                 4                              2025-03-20T15:26:58.000+0000 4                        
 Complete              a0iaV000002YI4bQAG MICHEAL LAVIN - ​Ordinary Loan Account - €70,000.00                              null                                 7                              2025-03-20T15:26:11.000+0000 7                        
 Booked                a0iaV000002YIcTQAW CLINTON TRAVEL LTD - ​Ordinary Loan Account - €15,161.00                         null                                 2                              2025-03-20T15:45:50.000+0000 2                        
 Booked                a0iaV000002YInlQAG COLIN WEIR - ​Ordinary Loan Account - €25,286.00                                 null                                 2                              2025-03-20T15:36:10.000+0000 2                        
 Booked                a0iaV000002YIxRQAW GOLDIE LOCKS HAIR LTD GALA HAIR DESIGN - ​Ordinary Loan Account - €4,598.00      null                                 2                              2025-03-20T15:55:42.000+0000 2                        
 Booked                a0iaV000002YJK2QAO GEAROID KENNEDY FARM - ​Ordinary Loan Account - €35,057.00                       null                                 4                              2025-03-20T16:39:15.000+0000 4                        
 Booked                a0iaV000002YJWvQAO LOUISE SKELLY - ​Ordinary Loan Account - €19,029.00                              null                                 3                              2025-03-20T16:00:52.000+0000 3                        
 Complete              a0iaV000002YK4nQAG HALPIN WEALTH MANAGEMENT LIMIT - Ordinary Current Account - €5,000.00            null                                 3                              2025-03-20T15:49:55.000+0000 3                        
 Booked                a0iaV000002YK6PQAW THE ORGANIC COLLECTIVE LTD - ​Ordinary Loan Account - €27,604.00                 null                                 6                              2025-03-20T15:53:28.000+0000 6                        
 Booked                a0iaV000002YKBFQA4 MW HUI LTD - ​Ordinary Loan Account - €66,717.00                                 null                                 2                              2025-03-20T16:12:40.000+0000 2                        
 Booked                a0iaV000002YKZRQA4 VENTAIR CONCEPTS LTD - Ordinary Current Account - €60,000.00                     null                                 2                              2025-03-20T16:05:21.000+0000 2                        
 Booked                a0iaV000002YKpZQAW RICHARD CRUISE - ​Ordinary Loan Account - €50,447.00                             null                                 2                              2025-03-20T16:05:48.000+0000 2                        
 Booked                a0iaV000002YKsnQAG LORRAINE FLEMING - Ordinary Current Account - €7,000.00                          null                                 3                              2025-03-20T15:58:39.000+0000 3                        
 Booked                a0iaV000002YKzFQAW RICHARD CRUISE - ​Ordinary Loan Account - €56,263.00                             null                                 13                             2025-03-20T16:12:41.000+0000 13                       
 Booked                a0iaV000002YLFNQA4 CY KHOR LTD THE GRANGE BAR - ​Ordinary Loan Account - €66,656.00                 null                                 2                              2025-03-25T15:43:14.000+0000 2                        
 Booked                a0iaV000002YLs5QAG MTB ELECTRICAL LIMITED - ​Ordinary Loan Account - €57,087.00                     null                                 2                              2025-03-20T16:22:51.000+0000 2                        
 Booked                a0iaV000002YMEfQAO ADRIAN CARDEN - ​Ordinary Loan Account - €15,172.00                              null                                 2                              2025-03-20T16:34:14.000+0000 2                        
 Booked                a0iaV000002YMHtQAO DAVID MITCHELL - ​Ordinary Loan Account - €80,000.00                             null                                 2                              2025-03-20T16:47:43.000+0000 2                        
 Complete              a0iaV000002YMOLQA4 KMCK PROPERTIES LTD - ​Ordinary Loan Account - €50,000.00                        null                                 4                              2025-03-20T16:37:21.000+0000 4                        
 Booked                a0iaV000002YMTBQA4 SHEILA MCLOUGHLIN - ​Ordinary Loan Account - €13,149.00                          null                                 1                              2025-03-21T07:00:09.000+0000 1                        
 Booked                a0iaV000002YMplQAG JAMES MCGUINN - ​Ordinary Loan Account - €14,498.00                              null                                 3                              2025-03-21T07:26:47.000+0000 3                        
 Booked                a0iaV000002YNKPQA4 TIMOTHY MURPHY - ​Ordinary Loan Account - €10,115.00                             null                                 1                              2025-03-21T12:14:55.000+0000 1                        
 Booked                a0iaV000002YNgzQAG J R AUTO SOLUTIONS LTD - ​Ordinary Loan Account - €90,844.00                     null                                 1                              2025-03-21T09:22:07.000+0000 1                        
 Acceptance            a0iaV000002YO5BQAW LANDSDOWNE CIVIL & SURVEYING SERVICES LT - ​Ordinary Loan Account - €115,000.00  null                                 2                              2025-03-21T11:31:43.000+0000 2                        
 Booked                a0iaV000002YQIHQA4 JOHN MANSFIELD - ​Ordinary Loan Account - €45,482.00                             null                                 5                              2025-03-21T08:44:44.000+0000 5                        
 Booked                a0iaV000002YRsfQAG BALLINCLAY PLANT HIRE LTD - ​Ordinary Loan Account - €67,657.00                  null                                 2                              2025-03-21T12:03:18.000+0000 2                        
 Booked                a0iaV000002YTknQAG MARK HAYES - ​Ordinary Loan Account - €33,810.00                                 null                                 1                              2025-03-21T09:49:38.000+0000 1                        
 Booked                a0iaV000002YXObQAO GEORGE WARREN & SUZANNE WARREN - ​Ordinary Loan Account - €7,078.00              null                                 2                              2025-03-21T15:05:14.000+0000 2                        
 Complete              a0iaV000002YZrpQAG DAVID DOWNES & NICOLA HAYES - ​Ordinary Loan Account - €60,000.00                null                                 5                              2025-03-24T12:58:23.000+0000 5                        
 Complete              a0iaV000002Ymc9QAC DEAN HICKEY - ​Ordinary Loan Account - €5,000.00                                 null                                 3                              2025-03-21T11:43:11.000+0000 3                        
 Booked                a0iaV000002YmgzQAC DERMOT FANNING - ​Ordinary Loan Account - €20,229.00                             null                                 2                              2025-03-21T12:04:25.000+0000 2                        
 Complete              a0iaV000002YmkDQAS MARY ROSE LETTINGS LTD - ​Ordinary Loan Account - €119,000.00                    null                                 3                              2025-03-21T11:13:47.000+0000 3                        
 Booked                a0iaV000002YoFlQAK RUAIRI LYNCH - ​Ordinary Loan Account - €35,337.00                               null                                 5                              2025-03-21T12:00:58.000+0000 5                        
 Booked                a0iaV000002YpADQA0 JOHN PATRICK O NEILL - ​Ordinary Loan Account - €28,523.00                       null                                 8                              2025-03-21T12:02:37.000+0000 8                        
 Booked                a0iaV000002YpdFQAS BOUCHIER TRANSPORT LTD - ​Ordinary Loan Account - €38,105.00                     null                                 1                              2025-03-21T12:24:13.000+0000 1                        
 Complete              a0iaV000002YpuzQAC TOMY SEBASTIAN - ​Ordinary Loan Account - €65,000.00                             null                                 5                              2025-03-21T11:56:49.000+0000 5                        
 Booked                a0iaV000002YqO1QAK COLM MCBRIDE - ​Ordinary Loan Account - €101,144.00                              null                                 1                              2025-03-21T14:00:22.000+0000 1                        
 Booked                a0iaV000002YqaxQAC DERMOT LAVERY TRANSPORT LIMITED - ​Ordinary Loan Account - €19,387.00            null                                 13                             2025-03-21T12:14:02.000+0000 13                       
 Booked                a0iaV000002YqnpQAC CONOR BYRNE - ​Ordinary Loan Account - €28,987.00                                null                                 5                              2025-03-21T13:02:22.000+0000 5                        
 Complete              a0iaV000002YraDQAS LARRY NAUGHTON - ​Ordinary Loan Account - €120,000.00                            null                                 9                              2025-03-21T12:15:00.000+0000 9                        
 Complete              a0iaV000002YrbpQAC PAUL KINGSTON - ​Ordinary Loan Account - €120,000.00                             null                                 10                             2025-03-21T14:13:07.000+0000 10                       
 Complete              a0iaV000002YsG9QAK FERGAL ALLEN MOTOR FACTORS LTD - ​Ordinary Loan Account - €54,000.00             null                                 10                             2025-03-21T14:42:19.000+0000 10                       
 Booked                a0iaV000002Ysb7QAC BRENDAN CONWAY & DECLAN CONWAY - ​Ordinary Loan Account - €10,087.00             null                                 1                              2025-03-25T10:36:36.000+0000 1                        
 Complete              a0iaV000002Yt8zQAC P REILLY - ​Ordinary Loan Account - €24,000.00                                   null                                 5                              2025-03-21T12:22:03.000+0000 5                        
 Booked                a0iaV000002YtfFQAS ERIC WOODLOCK - ​Ordinary Loan Account - €30,178.00                              null                                 14                             2025-03-21T13:20:46.000+0000 14                       
 Booked                a0iaV000002YtgrQAC CIANS HOME CARE LTD - ​Ordinary Loan Account - €7,619.00                         null                                 3                              2025-03-21T12:38:37.000+0000 3                        
 Booked                a0iaV000002YtiTQAS THE BELLEEK SHOP ENNIS LTD - ​Ordinary Loan Account - €11,265.00                 null                                 6                              2025-03-21T14:28:58.000+0000 6                        
 Complete              a0iaV000002YtwzQAC MARK DROMGOOLE & PATRICK DROMGOOLE - ​Ordinary Loan Account - €50,000.00         null                                 4                              2025-03-26T14:28:57.000+0000 4                        
 Booked                a0iaV000002YuGLQA0 BRENDAN BLAKE - ​Ordinary Loan Account - €50,471.00                              null                                 5                              2025-03-21T16:34:18.000+0000 5                        
 Booked                a0iaV000002YukzQAC TREVOR FARRELL - Ordinary Current Account - €20,000.00                           null                                 4                              2025-03-21T14:47:32.000+0000 4                        
 Complete              a0iaV000002YumbQAC CAROLINE GANNON & MAURICE GANNON - ​Ordinary Loan Account - €70,000.00           null                                 6                              2025-03-25T10:33:28.000+0000 6                        
 Complete              a0iaV000002YuoDQAS DECLAN PHELAN - ​Ordinary Loan Account - €100,000.00                             null                                 3                              2025-03-22T09:49:20.000+0000 3                        
 Complete              a0iaV000002YvvZQAS DONAL KEANE LTD - ​Ordinary Loan Account - €120,000.00                           null                                 3                              2025-03-21T13:55:40.000+0000 3                        
 Booked                a0iaV000002YwObQAK SCOTT CONNOR - ​Ordinary Loan Account - €25,970.00                               null                                 2                              2025-03-21T13:30:43.000+0000 2                        
 Complete              a0iaV000002YwV3QAK GBOLAHAN OYEWOLE - ​Ordinary Loan Account - €20,000.00                           null                                 3                              2025-03-21T14:28:27.000+0000 3                        
 Booked                a0iaV000002Yxm5QAC RINKAGE LTD - Ordinary Current Account - €10,000.00                              null                                 2                              2025-03-21T13:07:59.000+0000 2                        
 Complete              a0iaV000002YxpJQAS F BOOTH & D BOOTH & B BOOTH - ​Ordinary Loan Account - €50,000.00                null                                 2                              2025-03-24T15:15:30.000+0000 2                        
 Booked                a0iaV000002Yy0cQAC SP CLOTHING 1904 LIMITED - Ordinary Current Account - €10,000.00                 null                                 2                              2025-03-21T14:40:54.000+0000 2                        
 Booked                a0iaV000002Yy8fQAC IRELANDS EYE LANGUAGE AGENCY LTD IRELAND - ​Ordinary Loan Account - €41,368.00   null                                 7                              2025-03-24T07:46:45.000+0000 7                        
 Booked                a0iaV000002YyILQA0 DLBSMCE SALON LTD - ​Ordinary Loan Account - €17,181.00                          null                                 5                              2025-03-21T14:56:13.000+0000 5                        
 Booked                a0iaV000002YybhQAC EAMONN MATTHEWS - Ordinary Current Account - €19,500.00                          null                                 1                              2025-03-21T15:17:37.000+0000 1                        
 Booked                a0iaV000002Yyv3QAC ENECLANN LTD - ​Ordinary Loan Account - €20,196.00                               null                                 8                              2025-03-21T13:42:11.000+0000 8                        
 Complete              a0iaV000002YyztQAC KBP RECRUITMENT LTD - Ordinary Current Account - €100,000.00                     null                                 3                              2025-03-21T13:49:50.000+0000 3                        
 Booked                a0iaV000002YzEPQA0 NESTOR FUNERAL DIRECTORS LTD - Ordinary Current Account - €10,000.00             null                                 3                              2025-03-21T14:14:47.000+0000 3                        
 Booked                a0iaV000002Z0GvQAK UNIVERSAL FOOD WHOLESALE DISTRIBUTION LT - Ordinary Current Account - €85,000.00 null                                 1                              2025-03-21T14:21:35.000+0000 1                        
 Booked                a0iaV000002Z1HpQAK MARGUERITE DOWLING - Ordinary Current Account - €5,000.00                        null                                 1                              2025-03-21T14:10:47.000+0000 1                        
 Booked                a0iaV000002Z2U1QAK D COYNE - ​Ordinary Loan Account - €8,768.00                                     null                                 6                              2025-03-21T15:08:44.000+0000 6                        
 Complete              a0iaV000002Z2qbQAC BEAUMONT DENTAL LTD - Ordinary Current Account - €50,000.00                      null                                 5                              2025-03-21T15:16:23.000+0000 5                        
 Complete              a0iaV000002Z3t7QAC CILLIAN O'CONNELL - Solicitors etc. Office Loan Account - €5,935.00              null                                 12                             2025-03-21T15:32:50.000+0000 12                       
 Booked                a0iaV000002Z4HJQA0 JAMES WALTON TRANSPORT LTD - Ordinary Current Account - €50,000.00               null                                 2                              2025-03-21T15:31:17.000+0000 2                        
 Complete              a0iaV000002Z4MtQAK PATRICK SHEEHAN - Ordinary Current Account - €20,000.00                          null                                 5                              2025-03-21T16:05:12.000+0000 5                        
 Booked                a0iaV000002Z4NlQAK ANTHONY BREHONY - Ordinary Current Account - €16,000.00                          null                                 3                              2025-03-21T15:51:22.000+0000 3                        
 Booked                a0iaV000002Z4UXQA0 MICHAEL OWENS FARM LTD - ​Ordinary Loan Account - €73,151.00                     null                                 14                             2025-03-21T16:23:36.000+0000 14                       
 Booked                a0iaV000002Z4ijQAC CHEFHIRE LTD - ​Ordinary Loan Account - €36,653.00                               null                                 3                              2025-03-21T15:34:18.000+0000 3                        
 Complete              a0iaV000002Z6B3QAK DAVID O'BRIEN - ​Ordinary Loan Account - €70,000.00                              null                                 4                              2025-03-21T16:06:44.000+0000 4                        
 Booked                a0iaV000002Z6KjQAK PHILIP WILLIAM GEE - ​Ordinary Loan Account - €25,250.00                         null                                 8                              2025-03-21T16:06:10.000+0000 8                        
 Booked                a0iaV000002Z6uDQAS RORY DOYLE - ​Ordinary Loan Account - €40,443.00                                 null                                 2                              2025-03-21T18:30:59.000+0000 2                        
 Booked                a0iaV000002Z7wjQAC INNVIK FOODS LTD - ​Ordinary Loan Account - €70,621.00                           null                                 4                              2025-03-23T08:54:00.000+0000 4                        
 Booked                a0iaV000002Z7yLQAS WILLIAM JORDAN - ​Ordinary Loan Account - €30,333.00                             null                                 3                              2025-03-21T16:36:18.000+0000 3                        
 Complete              a0iaV000002Z7zxQAC BRIAN CADDEN - ​Ordinary Loan Account - €13,000.00                               null                                 4                              2025-03-21T16:38:05.000+0000 4                        
 Booked                a0iaV000002Z83BQAS JOHN THOMPSON - ​Ordinary Loan Account - €31,275.00                              null                                 1                              2025-03-23T09:12:46.000+0000 1                        
 Booked                a0iaV000002ZAHtQAO KEVIN HAVERTY & STEPHEN HAVERTY - ​Ordinary Loan Account - €29,357.00            null                                 7                              2025-03-25T09:14:14.000+0000 7                        
 Booked                a0iaV000002ZAg5QAG ZEALANDIA LTD - ​Ordinary Loan Account - €52,707.00                              null                                 2                              2025-03-24T08:07:31.000+0000 2                        
 Booked                a0iaV000002ZBFZQA4 GO LAUNDRY LTD - ​Ordinary Loan Account - €38,625.00                             null                                 5                              2025-03-24T11:32:28.000+0000 5                        
 Complete              a0iaV000002ZBaXQAW S MCGUINNESS - ​Ordinary Loan Account - €60,000.00                               null                                 2                              2025-03-24T11:50:39.000+0000 2                        
 Complete              a0iaV000002ZCwPQAW R D C AGRI LTD - ​Ordinary Loan Account - €50,000.00                             null                                 14                             2025-03-24T11:03:41.000+0000 14                       
 Booked                a0iaV000002ZDqrQAG PAUL BRENNAN - ​Ordinary Loan Account - €35,394.00                               null                                 1                              2025-03-24T08:42:33.000+0000 1                        
 Booked                a0iaV000002ZIH3QAO DHS TECH LTD - ​Ordinary Loan Account - €23,781.00                               null                                 2                              2025-03-24T11:16:37.000+0000 2                        
 Complete              a0iaV000002ZJ53QAG COLIN WEIR - ​Ordinary Loan Account - €50,000.00                                 null                                 1                              2025-03-24T10:22:58.000+0000 1                        
 Booked                a0iaV000002ZLMzQAO P J FITZSIMONS & TERESA FITZSIMONS - ​Ordinary Loan Account - €69,498.00         null                                 2                              2025-04-11T08:17:49.000+0000 2                        
 Complete              a0iaV000002ZbJiQAK BEN HAND - ​Ordinary Loan Account - €30,000.00                                   null                                 2                              2025-03-25T13:49:57.000+0000 2                        
 Booked                a0iaV000002ZfC1QAK MICHAEL HARTE - ​Ordinary Loan Account - €10,113.00                              null                                 1                              2025-03-24T09:43:05.000+0000 1                        
 Booked                a0iaV000002Zig9QAC MARY LAVA CAFE LTD - ​Ordinary Loan Account - €47,340.00                         null                                 2                              2025-03-24T10:52:55.000+0000 2                        
 Booked                a0iaV000002ZkjcQAC RONAN DOWD - ​Ordinary Loan Account - €9,473.00                                  null                                 1                              2025-03-24T09:19:22.000+0000 1                        
 Booked                a0iaV000002ZpePQAS RONAN DOWD - ​Ordinary Loan Account - €42,068.00                                 null                                 1                              2025-03-24T08:18:56.000+0000 1                        
 Booked                a0iaV000002ZqIjQAK RONAN DOWD - ​Ordinary Loan Account - €28,046.00                                 null                                 1                              2025-03-24T11:25:25.000+0000 1                        
 Complete              a0iaV000002ZvlSQAS RISING DISTRIBUTION IRELAND LI - ​Ordinary Loan Account - €120,000.00            null                                 2                              2025-03-24T10:12:18.000+0000 2                        
 Complete              a0iaV000002a5ZVQAY THROTTLE PULSE MX LTD - ​Ordinary Loan Account - €70,000.00                      null                                 2                              2025-03-24T10:36:06.000+0000 2                        
 Booked                a0iaV000002a5eLQAQ THROTTLE PULSE MX LTD - Ordinary Current Account - €10,000.00                    null                                 2                              2025-03-24T08:11:07.000+0000 2                        
 Booked                a0iaV000002aCsjQAE ROSE PATRICK LTD - ​Ordinary Loan Account - €43,826.00                           null                                 4                              2025-03-24T15:07:39.000+0000 4                        
 Complete              a0iaV000002aFqbQAE ANITA KOMOROWSKA - ​Ordinary Loan Account - €45,000.00                           null                                 13                             2025-03-24T10:55:31.000+0000 13                       
 Booked                a0iaV000002aGI1QAM THE CHAI PEOPLE LTD - ​Ordinary Loan Account - €25,245.00                        null                                 2                              2025-03-24T11:53:32.000+0000 2                        
 Complete              a0iaV000002aGUvQAM MICHAEL MOLLOY - ​Ordinary Loan Account - €100,000.00                            null                                 4                              2025-03-24T11:07:33.000+0000 4                        
 Complete              a0iaV000002aGl3QAE STEPHEN LYONS CONSULTING LIMITED - Ordinary Current Account - €5,000.00          null                                 3                              2025-03-24T11:33:02.000+0000 3                        
 Booked                a0iaV000002aGl4QAE GILES KILPATRICK - ​Ordinary Loan Account - €41,341.00                           null                                 1                              2025-03-24T10:53:01.000+0000 1                        
 Booked                a0iaV000002aGmfQAE ANTHONY QUINN - ​Ordinary Loan Account - €25,277.00                              null                                 2                              2025-03-24T11:36:35.000+0000 2                        
 Booked                a0iaV000002aH9FQAU EAMON & LIAM MURPHY - ​Ordinary Loan Account - €50,028.00                        null                                 3                              2025-03-27T16:57:50.000+0000 3                        
 Booked                a0iaV000002aHFhQAM JOHN MCEVOY - ​Ordinary Loan Account - €10,000.00                                null                                 2                              2025-03-24T10:40:57.000+0000 2                        
 Booked                a0iaV000002aHlxQAE JAMES A O'NEILL - ​Ordinary Loan Account - €30,338.00                            null                                 2                              2025-03-24T11:34:44.000+0000 2                        
 Complete              a0iaV000002aIDNQA2 MCGUIRK PROPERTY MANAGEMENT CO MPANY LTD - ​Ordinary Loan Account - €40,000.00   null                                 7                              2025-03-25T10:00:47.000+0000 7                        
 Booked                a0iaV000002aIjdQAE KEN MCCORRY - Ordinary Current Account - €30,000.00                              null                                 2                              2025-03-24T11:27:53.000+0000 2                        
 Booked                a0iaV000002aIq5QAE PATRICK GILLESPIE - ​Ordinary Loan Account - €70,776.00                          null                                 2                              2025-03-24T11:11:23.000+0000 2                        
 Booked                a0iaV000002aIy9QAE DESMOND BRADY - ​Ordinary Loan Account - €15,038.00                              null                                 12                             2025-03-24T11:11:33.000+0000 12                       
 Booked                a0iaV000002aJB3QAM CLOS ADHAMID DHONAL TEO - ​Ordinary Loan Account - €110,000.00                   null                                 2                              2025-03-24T10:49:33.000+0000 2                        
 Booked                a0iaV000002aJZFQA2 F AND G EXHALE LIMITED - Ordinary Current Account - €10,000.00                   null                                 1                              2025-03-26T12:44:59.000+0000 1                        
 Booked                a0iaV000002aJe5QAE PATRICK KELLY - ​Ordinary Loan Account - €50,419.00                              null                                 5                              2025-03-24T11:58:35.000+0000 5                        
 Booked                a0iaV000002aJnlQAE GARVEY BUILDING CONTRACTORS LTD - Ordinary Current Account - €25,000.00          null                                 1                              2025-03-24T13:06:24.000+0000 1                        
 Booked                a0iaV000002aKALQA2 DECLAN CREAN - ​Ordinary Loan Account - €12,136.00                               null                                 1                              2025-03-24T13:18:28.000+0000 1                        
 Complete              a0iaV000002aKNFQA2 DONAL ONEILL & PAUL O'NEILL - ​Ordinary Loan Account - €15,000.00                null                                 10                             2025-03-25T13:30:50.000+0000 10                       
 Booked                a0iaV000002aKjpQAE ASC ENTERTAINMENT LTD - ​Ordinary Loan Account - €28,558.00                      null                                 3                              2025-03-24T12:06:31.000+0000 3                        
 Complete              a0iaV000002aKwjQAE M MCGURRIN & N M MCGURRIN - ​Ordinary Loan Account - €10,000.00                  null                                 8                              2025-03-25T10:46:57.000+0000 8                        
 Complete              a0iaV000002aLG5QAM M MCGURRIN & N M MCGURRIN - ​Ordinary Loan Account - €30,000.00                  null                                 7                              2025-03-25T10:13:12.000+0000 7                        
 Complete              a0iaV000002aLPlQAM GORDEJ NIKITIN - ​Ordinary Loan Account - €1,000.00                              null                                 3                              2025-03-24T11:54:01.000+0000 3                        
 Booked                a0iaV000002aLZRQA2 ROBERT GRANT - ​Ordinary Loan Account - €20,189.00                               null                                 5                              2025-03-24T13:42:20.000+0000 5                        
 Booked                a0iaV000002aLj7QAE COLM HANRATTY - ​Ordinary Loan Account - €12,688.00                              null                                 2                              2025-03-24T11:50:29.000+0000 2                        
 Complete              a0iaV000002aMTtQAM VCS VERSATILE COATING - Ordinary Current Account - €10,000.00                    null                                 2                              2025-03-24T16:46:49.000+0000 2                        
 Booked                a0iaV000002aMiPQAU BARBARA BIEGA - ​Ordinary Loan Account - €4,765.00                               null                                 2                              2025-03-24T11:39:46.000+0000 2                        
 Booked                a0iaV000002aMldQAE FRANCIS MCDONAGH TYRES LTD - ​Ordinary Loan Account - €70,328.00                 null                                 14                             2025-03-24T12:09:43.000+0000 14                       
 Complete              a0iaV000002aMyXQAU MALIN TOWNHOUSE LTD MALIN HOTEL - Ordinary Current Account - €15,000.00          null                                 3                              2025-03-25T04:56:02.000+0000 3                        
 Complete              a0iaV000002aNPxQAM JOSEPH MULHERN - Ordinary Current Account - €4,000.00                            null                                 4                              2025-03-26T13:48:47.000+0000 4                        
 Booked                a0iaV000002aNY1QAM JENNIFER DAVY - Ordinary Current Account - €2,000.00                             null                                 2                              2025-03-24T15:14:02.000+0000 2                        
 Booked                a0iaV000002aNbFQAU CATHAL MULVIHILL - Ordinary Current Account - €20,000.00                         null                                 2                              2025-03-24T12:03:37.000+0000 2                        
 Booked                a0iaV000002aNwDQAU JOHN O'TOOLE - ​Ordinary Loan Account - €6,068.00                                null                                 2                              2025-03-24T12:40:56.000+0000 2                        
 Complete              a0iaV000002aOVhQAM CONLAR CARPENTRY LTD - ​Ordinary Loan Account - €25,000.00                       null                                 4                              2025-03-24T12:45:33.000+0000 4                        
 Complete              a0iaV000002aOXJQA2 VINUM WINES LTD - Ordinary Current Account - €30,000.00                          null                                 4                              2025-03-24T14:43:04.000+0000 4                        
 Complete              a0iaV000002aOsHQAU ROBERT DOOLEY - ​Ordinary Loan Account - €12,500.00                              null                                 5                              2025-03-24T14:15:28.000+0000 5                        
 Booked                a0iaV000002aP0LQAU PASCALE VANRIET - ​Ordinary Loan Account - €4,044.00                             null                                 2                              2025-03-24T15:41:38.000+0000 2                        
 Booked                a0iaV000002aPI5QAM SEAMUS CASTLES - ​Ordinary Loan Account - €50,545.00                             null                                 2                              2025-03-24T14:11:02.000+0000 2                        
 Complete              a0iaV000002aPLJQA2 STARTER CAR SALES IRELAND & UK LTD - ​Ordinary Loan Account - €45,000.00         null                                 4                              2025-03-24T14:52:20.000+0000 4                        
 Complete              a0iaV000002aPOXQA2 NOEL HOWLEY WAREHOUSING LIMITED - ​Ordinary Loan Account - €50,000.00            null                                 8                              2025-03-24T12:58:01.000+0000 8                        
 Booked                a0iaV000002aPQ9QAM KEVIN JOYCE - ​Ordinary Loan Account - €23,767.00                                null                                 9                              2025-03-24T14:45:36.000+0000 9                        
 Booked                a0iaV000002aPefQAE DUSTY BOY LTD - ​Ordinary Loan Account - €57,123.00                              null                                 3                              2025-03-24T14:03:29.000+0000 3                        
 Booked                a0iaV000002aPgHQAU SEAN J COX & SHANE COX - ​Ordinary Loan Account - €5,560.00                      null                                 2                              2025-03-25T14:21:36.000+0000 2                        
 Complete              a0iaV000002aQpFQAU JOHN O'NEILL HEAVY HAULAGE LIMITED - Ordinary Current Account - €50,000.00       null                                 4                              2025-03-24T14:29:56.000+0000 4                        
 Booked                a0iaV000002aQu5QAE JOHN GRAHAM - ​Ordinary Loan Account - €15,000.00                                null                                 3                              2025-03-24T13:51:05.000+0000 3                        
 Booked                a0iaV000002aR8bQAE A SHEEDY & D SHEEDY - ​Ordinary Loan Account - €13,650.00                        null                                 1                              2025-03-25T12:59:29.000+0000 1                        
 Complete              a0iaV000002aRN7QAM SEAMUS GIBBONS - ​Ordinary Loan Account - €50,000.00                             null                                 3                              2025-03-24T13:57:29.000+0000 3                        
 Booked                a0iaV000002aRi5QAE JENNIFER FORAN - ​Ordinary Loan Account - €2,195.00                              null                                 2                              2025-03-24T15:06:10.000+0000 2                        
 Booked                a0iaV000002aRmvQAE LYDIA BUNNI - Ordinary Current Account - €4,000.00                               null                                 2                              2025-03-24T14:36:07.000+0000 2                        
 Booked                a0iaV000002aRq9QAE PHYSALIA LTD - ​Ordinary Loan Account - €80,813.00                               null                                 2                              2025-03-25T15:16:46.000+0000 2                        
 Booked                a0iaV000002aTLiQAM WILLIAM HENDERSON - ​Ordinary Loan Account - €27,576.00                          null                                 1                              2025-03-24T15:24:25.000+0000 1                        
 Booked                a0iaV000002aVIfQAM ARDROCK CONTRACTS LTD - ​Ordinary Loan Account - €13,159.00                      null                                 2                              2025-03-26T16:17:22.000+0000 2                        
 Complete              a0iaV000002aVKHQA2 DERMOT LEONARD & PATRICK LEONARD & PATRICK - ​Ordinary Loan Account - €60,000.00 null                                 4                              2025-03-27T15:45:43.000+0000 4                        
 Booked                a0iaV000002aVddQAE CLAIRE CARROLL - Ordinary Current Account - €6,000.00                            null                                 1                              2025-03-24T14:04:50.000+0000 1                        
 Booked                a0iaV000002aVqXQAU HENRY MCLOUGHLIN - ​Ordinary Loan Account - €12,104.00                           null                                 3                              2025-03-24T14:09:48.000+0000 3                        
 Booked                a0iaV000002aW0DQAU CN ELITE TRANSPORT SOLUTION LIMITED - ​Ordinary Loan Account - €22,999.00        null                                 3                              2025-03-24T14:15:53.000+0000 3                        
 Booked                a0iaV000002aWcvQAE CHICKEN CASTLE LTD - ​Ordinary Loan Account - €7,903.00                          null                                 2                              2025-03-24T15:03:33.000+0000 2                        
 Complete              a0iaV000002aWg9QAE MICHAEL KIELY PLANT & QUARRY LIMITED - Ordinary Current Account - €100,000.00    null                                 6                              2025-03-24T15:45:22.000+0000 6                        
 Booked                a0iaV000002aX2jQAE BALLINACREA PROPERTY LTD - ​Ordinary Loan Account - €57,992.00                   null                                 2                              2025-03-24T17:02:35.000+0000 2                        
 Booked                a0iaV000002aXQxQAM EDWARD KEATING - ​Ordinary Loan Account - €40,429.00                             null                                 1                              2025-03-27T11:02:11.000+0000 1                        
 Booked                a0iaV000002aXynQAE VIBRO TONE LTD - ​Ordinary Loan Account - €18,779.00                             null                                 2                              2025-03-24T14:42:03.000+0000 2                        
 Booked                a0iaV000002aYDKQA2 AIDAN FLYNN - ​Ordinary Loan Account - €80,783.00                                null                                 3                              2025-03-24T16:43:01.000+0000 3                        
 Complete              a0iaV000002aYRpQAM THOMAS REGAN - ​Ordinary Loan Account - €50,400.00                               null                                 4                              2025-03-24T15:57:54.000+0000 4                        
 Pre-Fulfilment        a0iaV000002aYzhQAE MARIE TONRA & STEPHEN TONRA - ​Ordinary Loan Account - €50,000.00                null                                 4                              2025-03-26T10:08:53.000+0000 4                        
 Pre-Fulfilment        a0iaV000002aayHQAQ BALLYSALLAGH DAIRY FARM LIMITED - Ordinary Current Account - €40,000.00          null                                 3                              2025-03-24T15:40:35.000+0000 3                        
 Complete              a0iaV000002abntQAA JAMES HURLEY AGRI SERVICES LIMITED - ​Ordinary Loan Account - €100,000.00        null                                 8                              2025-03-24T18:28:21.000+0000 8                        
 Booked                a0iaV000002ad4wQAA MARTINA KELLY & PEADAR KELLY - ​Ordinary Loan Account - €100,793.00              null                                 1                              2025-03-26T10:50:46.000+0000 1                        
 Complete              a0iaV000002ae0zQAA ZION SPORT IRELAND LTD - ​Ordinary Loan Account - €75,000.00                     null                                 9                              2025-03-24T15:53:43.000+0000 9                        
 Complete              a0iaV000002aeYrQAI PTX TYRE CENTRE LTD - ​Ordinary Loan Account - €30,000.00                        null                                 2                              2025-03-24T15:58:46.000+0000 2                        
 Booked                a0iaV000002aeyfQAA EDISON GOLD AMASOWA - ​Ordinary Loan Account - €23,808.00                        null                                 2                              2025-03-25T08:42:52.000+0000 2                        
 Booked                a0iaV000002afRhQAI DECLAN SMITH - ​Ordinary Loan Account - €25,254.00                               null                                 2                              2025-03-24T19:04:08.000+0000 2                        
 Booked                a0iaV000002afbNQAQ MILK WHEELS LTD - ​Ordinary Loan Account - €7,356.00                             null                                 3                              2025-03-24T16:14:41.000+0000 3                        
 Acceptance            a0iaV000002agE5QAI ENSAN NETWORK SOLUTIONS LIMITED - ​Ordinary Loan Account - €50,000.00            null                                 2                              2025-03-24T16:31:55.000+0000 2                        
 Complete              a0iaV000002agFhQAI KENNEDY ECHO PUBLISHING LTD - ​Ordinary Loan Account - €30,000.00                null                                 4                              2025-03-24T18:47:57.000+0000 4                        
 Booked                a0iaV000002agHJQAY RINKAGE LTD - ​Ordinary Loan Account - €7,516.00                                 null                                 2                              2025-03-24T16:25:42.000+0000 2                        
 Booked                a0iaV000002agafQAA SEAN BURNS - ​Ordinary Loan Account - €20,222.00                                 null                                 3                              2025-03-24T17:14:07.000+0000 3                        
 Booked                a0iaV000002ahJpQAI CONNACHT GRASS FED BEEF LIMITED - ​Ordinary Loan Account - €100,635.00           null                                 8                              2025-03-24T17:01:11.000+0000 8                        
 Complete              a0iaV000002ahOfQAI THE DUNDALK HAIR SHOP LTD - ​Ordinary Loan Account - €120,000.00                 null                                 3                              2025-03-24T16:47:05.000+0000 3                        
 Booked                a0iaV000002ai6EQAQ IAN KEENAN DECORATORS LTD - ​Ordinary Loan Account - €8,777.00                   null                                 1                              2025-03-25T09:55:42.000+0000 1                        
 Booked                a0iaV000002ajIPQAY DESMOND THORPE & OLIVE THORPE - ​Ordinary Loan Account - €30,327.00              null                                 2                              2025-03-25T17:26:08.000+0000 2                        
 Booked                a0iaV000002ak3BQAQ RAYMOND LAWRENCE - ​Ordinary Loan Account - €11,906.00                           null                                 2                              2025-03-25T08:34:50.000+0000 2                        
 Complete              a0iaV000002appFQAQ PETER NOLAN EQUINE LIMITED - ​Ordinary Loan Account - €25,000.00                 null                                 6                              2025-03-25T09:43:02.000+0000 6                        
 Booked                a0iaV000002aq8bQAA THREE TREES DEVELOPMENTS LIMITED - ​Ordinary Loan Account - €24,016.00           null                                 4                              2025-03-25T11:52:19.000+0000 4                        
 Booked                a0iaV000002aqYPQAY MICHAEL DRISLANE - ​Ordinary Loan Account - €17,142.00                           null                                 1                              2025-03-25T10:06:41.000+0000 1                        
 Booked                a0iaV000002aqoXQAQ BREDA MCDONALD & MARTIN MCDONALD - ​Ordinary Loan Account - €25,222.00           null                                 3                              2025-03-25T14:40:32.000+0000 3                        
 Booked                a0iaV000002arUTQAY KELDA JAUVERT - ​Ordinary Loan Account - €67,657.00                              null                                 1                              2025-03-25T09:37:19.000+0000 1                        
 Booked                a0iaV000002aw4LQAQ ANDREW CURRAN - ​Ordinary Loan Account - €3,031.00                               null                                 1                              2025-03-25T12:04:46.000+0000 1                        
 Complete              a0iaV000002b9WDQAY D C PRINT LTD - ​Ordinary Loan Account - €20,000.00                              null                                 4                              2025-03-25T11:04:11.000+0000 4                        
 Complete              a0iaV000002b9uPQAQ DEAN HICKEY - ​Ordinary Loan Account - €11,000.00                                null                                 5                              2025-03-25T10:51:54.000+0000 5                        
 Booked                a0iaV000002bAX7QAM S KILCOYNE & M SCHLUMBERGER - Ordinary Current Account - €2,000.00               null                                 1                              2025-03-26T10:33:31.000+0000 1                        
 Booked                a0iaV000002bAvJQAU GERARD MURRAY - ​Ordinary Loan Account - €25,273.00                              null                                 3                              2025-03-25T10:36:51.000+0000 3                        
 Booked                a0iaV000002bBUnQAM JOHN PATRICK BRAY - ​Ordinary Loan Account - €99,047.00                          null                                 2                              2025-03-25T10:50:51.000+0000 2                        
 Booked                a0iaV000002bBZdQAM MICHAEL CORMICAN SCHOOL SUPPLIES LTD - ​Ordinary Loan Account - €62,341.00       null             