 ID                 NAME                                                                             CM_CREDITDECISIONTIMERVALUENUMBER__C CM_CREDITDECISIONTIMERVALUE__C CM_FIRSTERSDECISION__C       CM_CREDITDECISIONDAYS__C 
 ────────────────── ──────────────────────────────────────────────────────────────────────────────── ──────────────────────────────────── ────────────────────────────── ──────────────────────────── ──────────────────────── 
 a0iaV000001dhpJQAQ ERIC WOODLOCK - ​Ordinary Loan Account - €20,000.00                              null                                 1                              2025-03-05T15:35:20.000+0000 1                        
 a0iaV000001dm5qQAA THOMAS MCDONAGH - ​Ordinary Loan Account - €75,000.00                            null                                 14                             2025-01-08T11:07:47.000+0000 14                       
 a0iaV000001dmp0QAA THOMAS MCDONAGH - ​Ordinary Loan Account - €54,000.00                            null                                 13                             2025-01-09T05:05:46.000+0000 13                       
 a0iaV000001eX7yQAE CRAWFORD TILES AND MORE LIMITED - ​Ordinary Loan Account - €51,071.00            null                                 12                             2025-01-10T17:18:59.000+0000 12                       
 a0iaV000001efK1QAI LEESON WILLIAM TREACY - Ordinary Current Account - €30,000.00                    null                                 13                             2025-01-08T16:36:27.000+0000 13                       
 a0iaV000001efWvQAI JJ CLEARY POTATOES LTD - ​Ordinary Loan Account - €25,532.00                     null                                 12                             2025-01-09T11:22:17.000+0000 12                       
 a0iaV000001fJhFQAU MAIREAD MAGUIRE & NIALL MAGUIRE - ​Ordinary Loan Account - €20,339.00            null                                 5                              2025-01-21T10:13:35.000+0000 5                        
 a0iaV000001fQXRQA2 DUNCAN GREHAN & PARTNERS - Solicitors etc. Office Loan Account - €7,305.00       null                                 4                              2025-01-21T11:05:46.000+0000 4                        
 a0iaV000001fVwvQAE DEVTEC RESOURCES LTD - ​Ordinary Loan Account - €3,000.00                        null                                 14                             2025-01-13T09:51:02.000+0000 14                       
 a0iaV000001fWY1QAM TREE GROVE CARAVAN & CAMPING PARK LTD - ​Ordinary Loan Account - €112,376.00     null                                 14                             2025-01-09T15:48:56.000+0000 14                       
 a0iaV000001fZ4TQAU URBANITY LTD - ​Ordinary Loan Account - €100,000.00                              null                                 13                             2025-01-09T16:13:50.000+0000 13                       
 a0iaV000001fai5QAA D KELLY & M KELLY - ​Ordinary Loan Account - €60,000.00                          null                                 7                              2025-01-17T17:54:52.000+0000 7                        
 a0iaV000001gEKXQA2 SEAN TREACY & CARRIE ANNE O'MALLEY - ​Ordinary Loan Account - €61,108.00         null                                 6                              2025-01-20T09:46:41.000+0000 6                        
 a0iaV000001gH0fQAE DEAN FOLEY & PATRICK FOLEY - ​Ordinary Loan Account - €34,000.00                 null                                 6                              2025-01-17T14:58:51.000+0000 6                        
 a0iaV000001gRKzQAM LINNANE CARPENTRY SERVICES LTD - ​Ordinary Loan Account - €120,000.00            null                                 13                             2025-01-13T09:48:21.000+0000 13                       
 a0iaV000001hYNdQAM BRADY FAMILY FARM - ​Ordinary Loan Account - €22,000.00                          null                                 6                              2025-01-20T07:38:08.000+0000 6                        
 a0iaV000001hYx7QAE BRADY FAMILY FARM - ​Ordinary Loan Account - €14,000.00                          null                                 6                              2025-01-20T06:59:40.000+0000 6                        
 a0iaV000001hdqLQAQ PC PERSONNEL LTD - ​Ordinary Loan Account - €54,152.00                           null                                 12                             2025-01-13T17:02:32.000+0000 12                       
 a0iaV000001hgjPQAQ F BOYLE & M BOYLE - ​Ordinary Loan Account - €30,644.00                          null                                 9                              2025-01-17T15:49:49.000+0000 9                        
 a0iaV000001hioPQAQ D O'LOUGHLIN & E O'LOUGHLIN - ​Ordinary Loan Account - €29,790.00                null                                 5                              2025-01-20T13:29:28.000+0000 5                        
 a0iaV000001hlfpQAA KENNEDY EQUI PRODUCTS LTD - ​Ordinary Loan Account - €6,000.00                   null                                 13                             2025-01-14T09:40:13.000+0000 13                       
 a0iaV000001iGA9QAM BLACKSMITH VENTURES LTD - ​Ordinary Loan Account - €44,629.00                    null                                 11                             2025-01-14T13:39:41.000+0000 11                       
 a0iaV000001iH6DQAU PARAIC QUINLISK - ​Ordinary Loan Account - €30,000.00                            null                                 11                             2025-01-14T10:58:12.000+0000 11                       
 a0iaV000001iHCfQAM ALHAMBRA MEDICAL LIMITED - ​Ordinary Loan Account - €29,000.00                   null                                 13                             2025-01-14T10:54:52.000+0000 13                       
 a0iaV000001iJrBQAU VAUGHAN PLANT HIRE LTD - ​Ordinary Loan Account - €102,123.00                    null                                 12                             2025-01-14T13:54:35.000+0000 12                       
 a0iaV000001iMaXQAU COLM BERGIN - ​Ordinary Loan Account - €38,000.00                                null                                 9                              2025-01-14T15:35:04.000+0000 9                        
 a0iaV000001iNErQAM DENIS TRANSPED LTD - Ordinary Current Account - €55,000.00                       null                                 12                             2025-01-14T12:34:04.000+0000 12                       
 a0iaV000001iNjVQAU ISTIMEWA LTD - ​Ordinary Loan Account - €39,350.00                               null                                 10                             2025-01-14T16:16:59.000+0000 10                       
 a0iaV000001iQFxQAM CELTIC COASTAL CREATIONS LIMITED - ​Ordinary Loan Account - €590.00              null                                 10                             2025-01-14T14:30:39.000+0000 10                       
 a0iaV000001iTXBQA2 ANDY MCGOVERN & MARY MCGOVERN - ​Ordinary Loan Account - €60,000.00              null                                 11                             2025-01-17T16:22:42.000+0000 11                       
 a0iaV000001iUQ1QAM IPRS LIMITED - ​Ordinary Loan Account - €51,071.00                               null                                 9                              2025-01-15T07:44:07.000+0000 9                        
 a0iaV000001iUg9QAE KALICO LTD - ​Ordinary Loan Account - €122,303.00                                null                                 9                              2025-01-14T15:31:04.000+0000 9                        
 a0iaV000001iUoEQAU MURPHY & ASSOCIATES - Solicitors etc. Office Loan Account - €25,000.00           null                                 13                             2025-01-14T16:38:29.000+0000 13                       
 a0iaV000001iVXNQA2 JOHN JOSEPH JULIAN - ​Ordinary Loan Account - €24,399.00                         null                                 8                              2025-01-15T07:17:42.000+0000 8                        
 a0iaV000001iVkHQAU JOHN JOSEPH JULIAN - ​Ordinary Loan Account - €35,591.00                         null                                 8                              2025-01-15T07:37:16.000+0000 8                        
 a0iaV000001iW0PQAU PAUL MCKENNA - ​Ordinary Loan Account - €82,989.00                               null                                 9                              2025-01-15T06:04:36.000+0000 9                        
 a0iaV000001icCHQAY GARRETT CUDDY & GREG CUDDY - ​Ordinary Loan Account - €50,000.00                 null                                 10                             2025-01-17T09:23:27.000+0000 10                       
 a0iaV000001id9xQAA DANIEL CALLAGHAN & ODHRAN CALLAGHAN - ​Ordinary Loan Account - €24,420.00        null                                 4                              2025-01-22T14:02:34.000+0000 4                        
 a0iaV000001idRhQAI DANIEL CALLAGHAN & ODHRAN CALLAGHAN - ​Ordinary Loan Account - €50,695.00        null                                 6                              2025-01-23T15:17:18.000+0000 6                        
 a0iaV000001j7cqQAA BERNARD BRENNAN & MARIA MCGUINESS - ​Ordinary Loan Account - €40,147.00          null                                 7                              2025-01-17T17:16:41.000+0000 7                        
 a0iaV000001j9wEQAQ BERNARD BRENNAN & MARIA MCGUINESS - ​Ordinary Loan Account - €20,400.00          null                                 6                              2025-01-17T10:24:59.000+0000 6                        
 a0iaV000001jBl7QAE VINCENT COUGHLAN - ​Ordinary Loan Account - €35,750.00                           null                                 9                              2025-01-15T13:53:47.000+0000 9                        
 a0iaV000001jBzdQAE CATHERINE CANTILLON & PADRAIG CANTILLON & - ​Ordinary Loan Account - €67,067.00  null                                 10                             2025-01-22T07:47:38.000+0000 10                       
 a0iaV000001jEKnQAM KENNETH POWER - ​Ordinary Loan Account - €122,009.00                             null                                 10                             2025-01-16T16:14:31.000+0000 10                       
 a0iaV000001jGKzQAM PAUL WESTON - ​Ordinary Loan Account - €40,857.00                                null                                 10                             2025-01-15T15:38:12.000+0000 10                       
 a0iaV000001jHXBQA2 C AND R CATERING LTD - Ordinary Current Account - €15,000.00                     null                                 8                              2025-01-15T15:41:23.000+0000 8                        
 a0iaV000001jHqXQAU JOHN KINGSTON - ​Ordinary Loan Account - €5,886.00                               null                                 7                              2025-01-18T10:32:27.000+0000 7                        
 a0iaV000001jLJ3QAM DOMINIC MURRAY & JOAN MURRAY - ​Ordinary Loan Account - €47,955.00               null                                 4                              2025-01-22T15:59:33.000+0000 4                        
 a0iaV000001k0akQAA ASSUMPTA MCLOUGHLIN & MICHAEL MCLOUGHLIN - Ordinary Current Account - €20,000.00 null                                 3                              2025-01-22T08:33:37.000+0000 3                        
 a0iaV000001k0inQAA GORDON O'BRIEN & VALERIE O'BRIEN - ​Ordinary Loan Account - €76,607.00           null                                 7                              2025-01-20T15:34:00.000+0000 7                        
 a0iaV000001k3vBQAQ INNILL DOITEAN TEO - Ordinary Current Account - €50,000.00                       null                                 8                              2025-01-16T13:14:22.000+0000 8                        
 a0iaV000001k6Y5QAI DEOR FINANCIAL SERVICES LIMITED - ​Ordinary Loan Account - €6,000.00             null                                 8                              2025-01-16T15:38:32.000+0000 8                        
 a0iaV000001k7dpQAA SCAFFTEX MANUFACTURING LTD - ​Ordinary Loan Account - €102,274.00                null                                 10                             2025-01-16T15:25:12.000+0000 10                       
 a0iaV000001k85FQAQ AP CAR SALES GALWAY LTD - ​Ordinary Loan Account - €122,592.00                   null                                 5                              2025-01-20T16:05:09.000+0000 5                        
 a0iaV000001kAwfQAE SM ELEC AND BUILDINGS LTD - ​Ordinary Loan Account - €11,413.00                  null                                 10                             2025-01-16T14:30:35.000+0000 10                       
 a0iaV000001kBhSQAU SAGE2GO LTD - ​Ordinary Loan Account - €40,000.00                                null                                 14                             2025-01-16T15:04:47.000+0000 14                       
 a0iaV000001kFTJQA2 JOHN RYAN & NUALA RYAN & PETER RYAN - ​Ordinary Loan Account - €66,296.00        null                                 2                              2025-02-05T15:57:37.000+0000 2                        
 a0iaV000001kGijQAE PATRICK HANRAHAN - ​Ordinary Loan Account - €47,248.00                           null                                 8                              2025-01-16T16:21:54.000+0000 8                        
 a0iaV000001kHDNQA2 PATRICK HANRAHAN - ​Ordinary Loan Account - €5,869.00                            null                                 8                              2025-01-16T16:33:35.000+0000 8                        
 a0iaV000001kIcTQAU DONAL GLENNON - ​Ordinary Loan Account - €18,446.00                              null                                 8                              2025-01-17T05:33:15.000+0000 8                        
 a0iaV000001kJ5VQAU TOM GOLDEN - ​Ordinary Loan Account - €15,091.00                                 null                                 10                             2025-01-16T17:50:05.000+0000 10                       
 a0iaV000001kKRNQA2 BRENDAN BUGGY STEEL FABRICATION LTD - Ordinary Current Account - €100,000.00     null                                 6                              2025-01-17T05:03:33.000+0000 6                        
 a0iaV000001kML7QAM C OWENS MECHANICAL MAINTENANCE LTD - ​Ordinary Loan Account - €3,535.00          null                                 6                              2025-01-17T06:03:15.000+0000 6                        
 a0iaV000001ktP7QAI MICHAEL LANE - ​Ordinary Loan Account - €40,850.00                               null                                 9                              2025-01-17T11:48:00.000+0000 9                        
 a0iaV000001kvtxQAA DAVID GLYNN & MARGARET GLYNN - ​Ordinary Loan Account - €25,503.00               null                                 7                              2025-01-20T14:53:33.000+0000 7                        
 a0iaV000001kx7lQAA MICHAEL O'CONNELL - ​Ordinary Loan Account - €5,020.00                           null                                 7                              2025-01-17T12:45:53.000+0000 7                        
 a0iaV000001ky2DQAQ RAHMAN AND CHOWDHURY ENTERPRISE LTD - ​Ordinary Loan Account - €100,000.00       null                                 13                             2025-01-17T19:39:05.000+0000 13                       
 a0iaV000001kzG1QAI EAMON & LIAM MURPHY - ​Ordinary Loan Account - €20,310.00                        null                                 1                              2025-02-07T09:41:45.000+0000 1                        
 a0iaV000001kzazQAA NINEYARDS DESIGN LTD - Ordinary Current Account - €80,000.00                     null                                 11                             2025-01-17T14:51:38.000+0000 11                       
 a0iaV000001l0GvQAI LIAM KENNEDY BUILDING SERVICES LTD - ​Ordinary Loan Account - €8,680.00          null                                 7                              2025-01-18T06:38:49.000+0000 7                        
 a0iaV000001l0K9QAI DIEGO CORREIA - ​Ordinary Loan Account - €40,000.00                              null                                 10                             2025-01-17T19:25:39.000+0000 10                       
 a0iaV000001l0LlQAI JEROME CROWLEY - ​Ordinary Loan Account - €70,000.00                             null                                 14                             2025-01-17T17:39:27.000+0000 14                       
 a0iaV000001l0YgQAI HENRY HENDY & LUDMILLA HENDY & PHILIP HE - Ordinary Current Account - €20,000.00 null                                 10                             2025-02-13T16:29:03.000+0000 10                       
 a0iaV000001l1jFQAQ AIDEEN FLEMING & JOHN FLEMING - ​Ordinary Loan Account - €50,000.00              null                                 2                              2025-01-28T15:50:51.000+0000 2                        
 a0iaV000001l20zQAA AIDEEN FLEMING & JOHN FLEMING - ​Ordinary Loan Account - €46,950.00              null                                 5                              2025-01-22T15:47:16.000+0000 5                        
 a0iaV000001l4h7QAA P BROWNE & S BROWNE - ​Ordinary Loan Account - €16,810.00                        null                                 1                              2025-01-28T14:47:02.000+0000 1                        
 a0iaV000001l5GbQAI QUANTEX LTD - ​Ordinary Loan Account - €110,000.00                               null                                 6                              2025-01-19T06:30:30.000+0000 6                        
 a0iaV000001l6NzQAI IULIAN DANILA - ​Ordinary Loan Account - €9,576.00                               null                                 7                              2025-01-18T08:38:56.000+0000 7                        
 a0iaV000001l7ofQAA GARY BLAINE - Ordinary Current Account - €6,000.00                               null                                 5                              2025-01-18T07:05:07.000+0000 5                        
 a0iaV000001l8kjQAA CARMEL SMYTH & THOMAS SMYTH - ​Ordinary Loan Account - €10,189.00                null                                 1                              2025-01-28T14:49:37.000+0000 1                        
 a0iaV000001l8uPQAQ GERARD PRENDERGAST - ​Ordinary Loan Account - €20,295.00                         null                                 6                              2025-01-18T08:32:57.000+0000 6                        
 a0iaV000001lB2fQAE JULIE O'NEILL & MICHAEL O'NEILL - ​Ordinary Loan Account - €50,773.00            null                                 7                              2025-01-28T16:19:40.000+0000 7                        
 a0iaV000001lBSTQA2 BATTLE CONTRACTS LTD - ​Ordinary Loan Account - €13,877.00                       null                                 6                              2025-01-18T05:13:34.000+0000 6                        
 a0iaV000001lIKHQA2 ELIZABETH HOARE & JERRY HOARE - ​Ordinary Loan Account - €12,256.00              null                                 1                              2025-01-29T08:18:41.000+0000 1                        
 a0iaV000001lNv3QAE EOIN DOWLING & FRANCIS DOWLING - ​Ordinary Loan Account - €65,000.00             null                                 3                              2025-01-24T13:40:47.000+0000 3                        
 a0iaV000001lvFBQAY JOHN FANEY - ​Ordinary Loan Account - €60,000.00                                 null                                 14                             2025-01-20T09:56:19.000+0000 14                       
 a0iaV000001mBgXQAU BRENDAN CONWAY & DECLAN CONWAY - ​Ordinary Loan Account - €23,939.00             null                                 2                              2025-01-30T10:47:17.000+0000 2                        
 a0iaV000001mC7xQAE DAMIAN MC CORMACK - ​Ordinary Loan Account - €10,000.00                          null                                 7                              2025-01-20T13:44:15.000+0000 7                        
 a0iaV000001mF5pQAE LORETO INVESTMENTS LTD - ​Ordinary Loan Account - €18,444.00                     null                                 5                              2025-01-20T14:34:45.000+0000 5                        
 a0iaV000001mFNaQAM JOHN PAUL COADY - Ordinary Current Account - €6,000.00                           null                                 7                              2025-01-20T15:20:54.000+0000 7                        
 a0iaV000001mFYrQAM BRENDAN NESTOR & CATHERINE NESTOR - ​Ordinary Loan Account - €30,000.00          null                                 3                              2025-01-31T08:38:36.000+0000 3                        
 a0iaV000001mHpBQAU ANN DELANEY & MICHAEL DELANEY - ​Ordinary Loan Account - €12,262.00              null                                 3                              2025-01-22T10:05:16.000+0000 3                        
 a0iaV000001mHvdQAE DAVID BREAKEY - ​Ordinary Loan Account - €30,604.00                              null                                 7                              2025-01-20T14:19:20.000+0000 7                        
 a0iaV000001mJRBQA2 EILEEN KEENAN & PADRAIC KEENAN - ​Ordinary Loan Account - €14,031.00             null                                 12                             2025-01-22T10:51:21.000+0000 12                       
 a0iaV000001mOU5QAM LIAM O'GRADY - ​Ordinary Loan Account - €20,000.00                               null                                 14                             2025-01-21T09:50:40.000+0000 14                       
 a0iaV000001mOtuQAE BRENDAN FORDE - ​Ordinary Loan Account - €96,792.00                              null                                 4                              2025-01-21T10:54:06.000+0000 4                        
 a0iaV000001mP0LQAU MARTHA COYNE & MICHEAL COYNE - ​Ordinary Loan Account - €13,500.00               null                                 14                             2025-01-23T16:19:54.000+0000 14                       
 a0iaV000001mPd5QAE DAVID MCGRATH & PAULINE MCGRATH - ​Ordinary Loan Account - €40,000.00            null                                 2                              2025-01-24T08:08:23.000+0000 2                        
 a0iaV000001mPzdQAE PIOTR SLIWA - ​Ordinary Loan Account - €32,272.00                                null                                 9                              2025-01-21T09:28:07.000+0000 9                        
 a0iaV000001mQ65QAE CUTTING EDGE CONSTRUCTION CEC LTD - ​Ordinary Loan Account - €102,030.00         null                                 11                             2025-01-21T11:30:15.000+0000 11                       
 a0iaV000001mQZ8QAM ROBERT WEDER & PEGGY WEDER - ​Ordinary Loan Account - €14,102.00                 null                                 13                             2025-01-28T15:22:06.000+0000 13                       
 a0iaV000001mQdxQAE KS CONTRACTS LTD - Ordinary Current Account - €10,000.00                         null                                 7                              2025-01-21T12:12:17.000+0000 7                        
 a0iaV000001mnM2QAI MILLVIEW ADVISORY LIMITED - Ordinary Current Account - €50,000.00                null                                 4                              2025-01-21T11:19:07.000+0000 4                        
 a0iaV000001mpyvQAA MICHAEL LYNCH - ​Ordinary Loan Account - €12,932.00                              null                                 4                              2025-01-21T11:19:08.000+0000 4                        
 a0iaV000001ms2LQAQ BOYLE PREMIER CLEANING LTD - Ordinary Current Account - €50,000.00               null                                 8                              2025-01-21T12:01:44.000+0000 8                        
 a0iaV000001msDdQAI DAVID SCOTT & CO SOLICITOR - Solicitors etc. Office Current Account - €60,000.00 null                                 6                              2025-01-21T11:41:34.000+0000 6                        
 a0iaV000001msLhQAI RONAN JOSEPH MCLAUGHLIN - ​Ordinary Loan Account - €40,000.00                    null                                 6                              2025-01-21T11:16:16.000+0000 6                        
 a0iaV000001msYbQAI WICKHAM PROPERTIES LTD - Ordinary Current Account - €60,000.00                   null                                 2                              2025-01-30T10:34:54.000+0000 2                        
 a0iaV000001msf3QAA CUISINE LTD - Ordinary Current Account - €10,000.00                              null                                 5                              2025-01-21T14:45:58.000+0000 5                        
 a0iaV000001mtJOQAY RONAN HARVEY - ​Ordinary Loan Account - €13,889.00                               null                                 4                              2025-01-21T12:48:00.000+0000 4                        
 a0iaV000001muH3QAI PATRICK FLYNN - ​Ordinary Loan Account - €33,000.00                              null                                 1                              2025-01-28T09:13:13.000+0000 1                        
 a0iaV000001mv0DQAQ DAVID KELLY & SEAN KELLY - ​Ordinary Loan Account - €25,508.00                   null                                 4                              2025-01-28T15:17:22.000+0000 4                        
 a0iaV000001mvGLQAY DEAN WYNNE - ​Ordinary Loan Account - €23,076.00                                 null                                 7                              2025-01-21T14:37:26.000+0000 7                        
 a0iaV000001mvzVQAQ SHS THE HOMESHARE CO LTD BY GUARANTEE - Ordinary Current Account - €15,000.00    null                                 8                              2025-01-28T08:49:51.000+0000 8                        
 a0iaV000001mw17QAA CAOIMHE BROWN & EDWARD BROWN - ​Ordinary Loan Account - €15,305.00               null                                 1                              2025-01-29T08:29:02.000+0000 1                        
 a0iaV000001mwFdQAI DEAN WYNNE - ​Ordinary Loan Account - €11,413.00                                 null                                 5                              2025-01-21T12:59:51.000+0000 5                        
 a0iaV000001mwqkQAA EUNAN MONGAN & MARIE MONGAN - ​Ordinary Loan Account - €15,316.00                null                                 1                              2025-01-29T03:35:37.000+0000 1                        
 a0iaV000001mx21QAA SHANE MCCLINTOCK - ​Ordinary Loan Account - €50,000.00                           null                                 10                             2025-01-22T09:37:21.000+0000 10                       
 a0iaV000001my4XQAQ COLM MOLLOY CONSTRUCTION LIMITED RATHEVE - ​Ordinary Loan Account - €30,000.00   null                                 3                              2025-01-31T15:45:30.000+0000 3                        
 a0iaV000001mye1QAA ALSTRONG LIMITED - ​Ordinary Loan Account - €96,790.00                           null                                 4                              2025-02-04T15:39:41.000+0000 4                        
 a0iaV000001mzi9QAA OLEARYS GARAGE ENNISCORTHY LTD - ​Ordinary Loan Account - €15,954.00             null                                 5                              2025-01-21T15:53:38.000+0000 5                        
 a0iaV000001mzn0QAA SHANE HICKEY - ​Ordinary Loan Account - €15,000.00                               null                                 4                              2025-01-21T14:55:41.000+0000 4                        
 a0iaV000001n0HdQAI BALLINAVOUGA FARMS LTD - Ordinary Current Account - €8,000.00                    null                                 11                             2025-01-21T13:49:13.000+0000 11                       
 a0iaV000001n205QAA DONAL T RYAN SOLICITORS LLP - Solicitors etc. Office Loan Account - €23,382.00   null                                 10                             2025-02-04T08:11:23.000+0000 10                       
 a0iaV000001n2phQAA JAMES O'SULLIVAN STRUCTURAL STEEL - ​Ordinary Loan Account - €21,667.00          null                                 10                             2025-01-22T04:27:14.000+0000 10                       
 a0iaV000001n3H7QAI JAMES O'SULLIVAN STRUCTURAL STEEL - ​Ordinary Loan Account - €26,724.00          null                                 6                              2025-01-21T14:37:28.000+0000 6                        
 a0iaV000001n457QAA LESLEY MCSWEENEY & DARREN MICHEAL SMITH - ​Ordinary Loan Account - €5,385.00     null                                 3                              2025-01-28T15:28:09.000+0000 3                        
 a0iaV000001n5PNQAY ROBERT CLARKE - Ordinary Current Account - €1,000.00                             null                                 3                              2025-01-23T09:07:57.000+0000 3                        
 a0iaV000001n6gPQAQ E & S DOCTORS LTD - ​Ordinary Loan Account - €47,062.00                          null                                 5                              2025-01-21T15:22:22.000+0000 5                        
 a0iaV000001n6i1QAA FELIX FINN SHUTTERS LTD - ​Ordinary Loan Account - €8,413.00                     null                                 11                             2025-01-21T16:02:16.000+0000 11                       
 a0iaV000001n6y9QAA B HARNEY & O HARNEY - ​Ordinary Loan Account - €9,223.00                         null                                 2                              2025-01-30T14:36:09.000+0000 2                        
 a0iaV000001n74bQAA GRAFFY DAIRYING LTD - ​Ordinary Loan Account - €18,185.00                        null                                 4                              2025-01-21T16:21:01.000+0000 4                        
 a0iaV000001n8dNQAQ PASCAL FLYNN - ​Ordinary Loan Account - €80,000.00                               null                                 4                              2025-01-22T08:29:20.000+0000 4                        
 a0iaV000001n9snQAA DEVLIN COURIERS LTD - ​Ordinary Loan Account - €40,000.00                        null                                 3                              2025-01-22T08:18:39.000+0000 3                        
 a0iaV000001nB9pQAE ROBERT CLARKE - ​Ordinary Loan Account - €2,000.00                               null                                 5                              2025-01-21T16:23:02.000+0000 5                        
 a0iaV000001nC7VQAU PEDRO PAULO BARROS DE OLIVEIRA - ​Ordinary Loan Account - €25,000.00             null                                 3                              2025-01-28T11:44:29.000+0000 3                        
 a0iaV000001nCcBQAU RENT A BOX SELF STORAGE LIMITED - ​Ordinary Loan Account - €118,217.00           null                                 5                              2025-01-22T08:29:22.000+0000 5                        
 a0iaV000001nCkDQAU MICHAEL COWELL TOURS LTD - ​Ordinary Loan Account - €4,123.00                    null                                 3                              2025-01-22T06:49:41.000+0000 3                        
 a0iaV000001nCx8QAE M DOHERTY TIMBER PRODUCTS LTD - ​Ordinary Loan Account - €34,738.00              null                                 3                              2025-01-22T07:38:52.000+0000 3                        
 a0iaV000001nDZpQAM PAUL DECLAN DOHERTY - ​Ordinary Loan Account - €20,000.00                        null                                 4                              2025-01-22T07:18:24.000+0000 4                        
 a0iaV000001nDbSQAU JOHN PATRICK GANLY & JOHN PETER GANLY - Ordinary Current Account - €27,000.00    null                                 8                              2025-01-28T16:31:27.000+0000 8                        
 a0iaV000001nG6HQAU GERARD QUINN - ​Ordinary Loan Account - €6,130.00                                null                                 4                              2025-01-22T06:29:07.000+0000 4                        
 a0iaV000001nG7uQAE J MCDERMOTT - ​Ordinary Loan Account - €11,971.00                                null                                 5                              2025-01-22T12:47:10.000+0000 5                        
 a0iaV000001nH8nQAE STUART FAIRTLOUGH - ​Ordinary Loan Account - €115,000.00                         null                                 5                              2025-01-22T08:18:40.000+0000 5                        
 a0iaV000001nMhxQAE PHILIP ROE - ​Ordinary Loan Account - €70,000.00                                 null                                 6                              2025-01-22T11:44:46.000+0000 6                        
 a0iaV000001nRHpQAM BATT BURKE - ​Ordinary Loan Account - €40,000.00                                 null                                 3                              2025-01-23T15:29:21.000+0000 3                        
 a0iaV000001niVaQAI CHEMTEK ENGINEERING LTD - Ordinary Current Account - €30,000.00                  null                                 5                              2025-01-22T13:06:54.000+0000 5                        
 a0iaV000001njJZQAY FLEXI FLEET SOLUTIONS LTD - ​Ordinary Loan Account - €84,620.00                  null                                 6                              2025-01-22T10:32:19.000+0000 6                        
 a0iaV000001njMnQAI C MIOTAL & H N R TEO - ​Ordinary Loan Account - €47,356.00                       null                                 2                              2025-01-23T11:03:33.000+0000 2                        
 a0iaV000001nk7ZQAQ BMCM MOTOR SERVICES LTD - ​Ordinary Loan Account - €91,460.00                    null                                 8                              2025-01-22T11:38:04.000+0000 8                        
 a0iaV000001nknVQAQ MARY MAHON & MOGUE MAHON - ​Ordinary Loan Account - €81,154.00                   null                                 9                              2025-01-29T14:28:26.000+0000 9                        
 a0iaV000001nnTeQAI THE HOWRAD STUDIO LTD - ​Ordinary Loan Account - €10,422.00                      null                                 3                              2025-01-22T13:31:27.000+0000 3                        
 a0iaV000001nnjlQAA JENMHCONSULTING LTD - Ordinary Current Account - €10,000.00                      null                                 7                              2025-01-22T12:02:18.000+0000 7                        
 a0iaV000001nnztQAA BRIDGE ATLANTA FINN LTD - ​Ordinary Loan Account - €17,647.00                    null                                 3                              2025-01-22T12:14:55.000+0000 3                        
 a0iaV000001no1VQAQ SOUTHPOLE ENGINEERING INTERNATIONAL LTD - Ordinary Current Account - €25,000.00  null                                 3                              2025-01-22T13:23:52.000+0000 3                        
 a0iaV000001noXmQAI J DORAN & P DORAN - ​Ordinary Loan Account - €22,161.00                          null                                 1                              2025-01-30T14:09:23.000+0000 1                        
 a0iaV000001npGvQAI PARTNERS AT LAW - Solicitors etc. Office Loan Account - €13,410.00               null                                 11                             2025-01-22T15:04:53.000+0000 11                       
 a0iaV000001npVRQAY JAMES MICHAEL O'SHEA - Ordinary Current Account - €20,000.00                     null                                 6                              2025-01-22T14:41:57.000+0000 6                        
 a0iaV000001nq4vQAA KEELAGO LTD - ​Ordinary Loan Account - €30,000.00                                null                                 5                              2025-01-22T13:17:43.000+0000 5                        
 a0iaV000001nq6XQAQ CIARAN WHITE - ​Ordinary Loan Account - €25,541.00                               null                                 4                              2025-01-22T14:58:37.000+0000 4                        
 a0iaV000001nqBNQAY DAVID PETTIGREW LTD - ​Ordinary Loan Account - €19,951.00                        null                                 3                              2025-01-23T10:02:59.000+0000 3                        
 a0iaV000001nqOHQAY THE HOUSE ARCHITECTS LTD - ​Ordinary Loan Account - €29,435.00                   null                                 3                              2025-01-22T15:03:48.000+0000 3                        
 a0iaV000001nqRVQAY LENA FITZPATRICK & SEAMUS FITZPATRICK - ​Ordinary Loan Account - €25,499.00      null                                 5                              2025-01-23T16:38:46.000+0000 5                        
 a0iaV000001nrLxQAI AMY KAVANAGH - ​Ordinary Loan Account - €7,016.00                                null                                 4                              2025-01-23T05:41:12.000+0000 4                        
 a0iaV000001nrSPQAY DDL ENGINEERING LTD - ​Ordinary Loan Account - €30,379.00                        null                                 3                              2025-01-23T15:11:45.000+0000 3                        
 a0iaV000001nrVdQAI SHANE CLYNE - ​Ordinary Loan Account - €76,687.00                                null                                 3                              2025-01-22T16:33:44.000+0000 3                        
 a0iaV000001nrllQAA KELLY DRAIN MAINTENANCE SERVICES L - ​Ordinary Loan Account - €12,944.00         null                                 3                              2025-01-22T15:55:51.000+0000 3                        
 a0iaV000001ns1tQAA GRIP COMMUNICATIONS LTD - ​Ordinary Loan Account - €43,396.00                    null                                 3                              2025-01-22T13:55:19.000+0000 3                        
 a0iaV000001ntVpQAI MARTIN KILKELLY - ​Ordinary Loan Account - €25,541.00                            null                                 3                              2025-01-22T14:41:31.000+0000 3                        
 a0iaV000001ntijQAA RETAIL SIGNS LIMITED - Ordinary Current Account - €3,500.00                      null                                 3                              2025-01-22T15:35:33.000+0000 3                        
 a0iaV000001nurhQAA FOUR SEASONS FUELS LTD - ​Ordinary Loan Account - €8,316.00                      null                                 3                              2025-01-22T14:59:15.000+0000 3                        
 a0iaV000001nvvpQAA MARK O'CONNELL - ​Ordinary Loan Account - €10,219.00                             null                                 3                              2025-01-22T16:30:59.000+0000 3                        
 a0iaV000001nwzxQAA JAMES FANNING - ​Ordinary Loan Account - €81,298.00                              null                                 6                              2025-01-22T16:56:48.000+0000 6                        
 a0iaV000001nxHhQAI NARZEM GLOBAL SERVICES LTD - ​Ordinary Loan Account - €6,000.00                  null                                 12                             2025-01-23T07:30:35.000+0000 12                       
 a0iaV000001nxO9QAI DESMOND DALY - ​Ordinary Loan Account - €40,865.00                               null                                 3                              2025-01-23T06:41:06.000+0000 3                        
 a0iaV000001nxeHQAQ ONE FUSSY BLOKE AND CO LIMITED - Ordinary Current Account - €5,000.00            null                                 3                              2025-01-22T17:49:07.000+0000 3                        
 a0iaV000001nyQfQAI COOLBAWN DAIRIES LTD - ​Ordinary Loan Account - €35,000.00                       null                                 3                              2025-01-23T06:28:16.000+0000 3                        
 a0iaV000001nyiPQAQ MJ O'CONNOR LLP SOLICITORS - Solicitors etc. Office Loan Account - €100,000.00   null                                 1                              2025-01-27T10:34:22.000+0000 1                        
 a0iaV000001nzzRQAQ THE CLOVELLY COFFEE CO LTD - ​Ordinary Loan Account - €48,600.00                 null                                 6                              2025-01-23T07:44:26.000+0000 6                        
 a0iaV000001o04HQAQ PATMAR HOTELS LIMITED - ​Ordinary Loan Account - €120,000.00                     null                                 4                              2025-01-23T08:10:32.000+0000 4                        
 a0iaV000001o1ErQAI DUMITRU APOSTOL - ​Ordinary Loan Account - €1,768.00                             null                                 3                              2025-01-22T18:10:25.000+0000 3                        
 a0iaV000001o1bRQAQ SEAN BOWENS - ​Ordinary Loan Account - €51,117.00                                null                                 3                              2025-01-22T17:57:31.000+0000 3                        
 a0iaV000001o2AvQAI ANTHONY GAHAN - ​Ordinary Loan Account - €12,258.00                              null                                 5                              2025-01-23T05:53:16.000+0000 5                        
 a0iaV000001o2E9QAI JOSEPH MCNULTY - ​Ordinary Loan Account - €10,217.00                             null                                 4                              2025-01-23T08:26:12.000+0000 4                        
 a0iaV000001o2ajQAA INTERACTIVE DISPLAYS IRELAND LTD - ​Ordinary Loan Account - €60,774.00           null                                 4                              2025-01-23T09:49:32.000+0000 4                        
 a0iaV000001o3dGQAQ SNUGZ PLAY LTD - ​Ordinary Loan Account - €25,128.00                             null                                 6                              2025-01-23T10:07:34.000+0000 6                        
 a0iaV000001o3rlQAA DONAL HAYES & GERARD HAYES - ​Ordinary Loan Account - €121,638.00                null                                 7                              2025-01-28T16:55:28.000+0000 7                        
 a0iaV000001o4flQAA DAMIEN MULLEN - ​Ordinary Loan Account - €17,368.00                              null                                 3                              2025-01-23T06:05:12.000+0000 3                        
 a0iaV000001o6uTQAQ STUDIO ML HAIR DESIGN LTD - ​Ordinary Loan Account - €6,937.00                   null                                 3                              2025-01-23T10:33:44.000+0000 3                        
 a0iaV000001o7KHQAY KIERAN ARNOLD - ​Ordinary Loan Account - €7,000.00                               null                                 3                              2025-01-23T10:30:18.000+0000 3                        
 a0iaV000001o7tlQAA REDHILLS ADVENTURE LTD - ​Ordinary Loan Account - €50,000.00                     null                                 4                              2025-01-23T08:23:03.000+0000 4                        
 a0iaV000001oBNtQAM IVAN RYNHART & MARY RYNHART - ​Ordinary Loan Account - €61,218.00                null                                 1                              2025-01-28T15:03:04.000+0000 1                        
 a0iaV000001oCOnQAM TOMAS BEIRNE - ​Ordinary Loan Account - €84,000.00                               null                                 6                              2025-01-23T08:31:42.000+0000 6                        
 a0iaV000001oDr7QAE ALAN DELANEY - ​Ordinary Loan Account - €40,872.00                               null                                 3                              2025-01-23T11:35:11.000+0000 3                        
 a0iaV000001oG5pQAE NIALL CONNEELY - ​Ordinary Loan Account - €4,207.00                              null                                 3                              2025-01-23T08:14:48.000+0000 3                        
 a0iaV000001oGVdQAM JETVAC SERVICES LTD - ​Ordinary Loan Account - €15,323.00                        null                                 3                              2025-01-23T09:23:47.000+0000 3                        
 a0iaV000001oGgvQAE P & P STEEL FABRICATIONS LTD - ​Ordinary Loan Account - €13,541.00               null                                 2                              2025-01-23T09:29:43.000+0000 2                        
 a0iaV000001oI61QAE JOSEPH KELLY - ​Ordinary Loan Account - €20,000.00                               null                                 3                              2025-01-23T08:43:04.000+0000 3                        
 a0iaV000001oVZVQA2 TERRYLAND WEDDING CENTRE LIMITED - ​Ordinary Loan Account - €85,866.00           null                                 4                              2025-01-23T10:56:32.000+0000 4                        
 a0iaV000001oVssQAE BLUE SPACE BUSINESS MANAGEMENT LTD - ​Ordinary Loan Account - €52,617.00         null                                 2                              2025-01-23T12:18:02.000+0000 2                        
 a0iaV000001oXg9QAE JOHN KENNY - Ordinary Current Account - €20,000.00                               null                                 2                              2025-01-23T11:16:39.000+0000 2                        
 a0iaV000001oaAzQAI BRENDAN MULLEN - ​Ordinary Loan Account - €6,131.00                              null                                 2                              2025-01-23T14:00:54.000+0000 2                        
 a0iaV000001obAHQAY P REDMOND CONTRACTORS & FEED LTD - ​Ordinary Loan Account - €15,681.00           null                                 3                              2025-01-23T11:24:58.000+0000 3                        
 a0iaV000001obBtQAI DUMITRU APOSTOL - ​Ordinary Loan Account - €1,770.00                             null                                 2                              2025-01-23T11:41:48.000+0000 2                        
 a0iaV000001obGjQAI DEIRDRE BRENNAN & JOHN BRENNAN - ​Ordinary Loan Account - €22,595.00             null                                 1                              2025-01-31T12:46:52.000+0000 1                        
 a0iaV000001objlQAA LUXOVOX LTD - Ordinary Current Account - €10,000.00                              null                                 2                              2025-01-23T11:29:45.000+0000 2                        
 a0iaV000001obqDQAQ PAULINE STANLEY & THOMAS MCHUGH - ​Ordinary Loan Account - €35,744.00            null                                 2                              2025-01-28T16:13:16.000+0000 2                        
 a0iaV000001obwfQAA MURPHY SHEEHY & CO LTD - Ordinary Current Account - €40,000.00                   null                                 2                              2025-01-23T11:53:23.000+0000 2                        
 a0iaV000001ocvxQAA EUGENE JENNINGS - ​Ordinary Loan Account - €27,695.00                            null                                 2                              2025-01-23T12:33:35.000+0000 2                        
 a0iaV000001oczBQAQ DENIS BERGIN & SEAN BERGIN - ​Ordinary Loan Account - €25,000.00                 null                                 2                              2025-01-30T11:26:10.000+0000 2                        
 a0iaV000001od0nQAA G P KILMORE FARM LTD - ​Ordinary Loan Account - €81,788.00                       null                                 2                              2025-01-23T11:56:19.000+0000 2                        
 a0iaV000001odOzQAI LOCKTREE LTD - ​Ordinary Loan Account - €102,012.00                              null                                 2                              2025-01-23T12:50:45.000+0000 2                        
 a0iaV000001odwrQAA BEM ELECTRICAL LTD - ​Ordinary Loan Account - €16,153.00                         null                                 3                              2025-01-23T13:03:56.000+0000 3                        
 a0iaV000001oeJRQAY DAVID FITZGERALD FARM LTD - ​Ordinary Loan Account - €100,000.00                 null                                 4                              2025-01-23T13:12:44.000+0000 4                        
 a0iaV000001oebBQAQ STUDIO LUDEN LTD - Ordinary Current Account - €20,000.00                         null                                 3                              2025-01-23T12:57:04.000+0000 3                        
 a0iaV000001oehdQAA MICHAEL MOLONEY - ​Ordinary Loan Account - €9,232.00                             null                                 4                              2025-01-24T07:47:12.000+0000 4                        
 a0iaV000001oekrQAA WILLIAM JOYCE - ​Ordinary Loan Account - €50,000.00                              null                                 4                              2025-01-30T11:09:25.000+0000 4                        
 a0iaV000001oeo5QAA BREENCORE LTD - ​Ordinary Loan Account - €80,000.00                              null                                 4                              2025-01-23T13:06:20.000+0000 4                        
 a0iaV000001ofdhQAA JOHNNY RYAN TRUCK REPAIRS LIMIRED - ​Ordinary Loan Account - €100,000.00         null                                 4                              2025-01-23T14:16:27.000+0000 4                        
 a0iaV000001ogGPQAY JOSEPH BOYLE - ​Ordinary Loan Account - €8,972.00                                null                                 5                              2025-01-23T14:00:54.000+0000 5                        
 a0iaV000001ogLFQAY CROWNTECH CONSULTING LTD - ​Ordinary Loan Account - €23,966.00                   null                                 2                              2025-01-23T13:53:30.000+0000 2                        
 a0iaV000001oieoQAA KIERAN RYAN - Ordinary Current Account - €10,000.00                              null                                 3                              2025-01-23T15:04:23.000+0000 3                        
 a0iaV000001oirhQAA EMO BUILDING SERVICES LIMITED - Ordinary Current Account - €20,000.00            null                                 5                              2025-01-23T14:26:27.000+0000 5                        
 a0iaV000001oitJQAQ AIDANS ISLAND LTD - Ordinary Current Account - €10,000.00                        null                                 2                              2025-01-23T13:39:37.000+0000 2                        
 a0iaV000001ojPZQAY LAND AIR AND SEA RECRUITMENT LIMITED - ​Ordinary Loan Account - €80,000.00       null                                 3                              2025-01-23T14:23:18.000+0000 3                        
 a0iaV000001ok3tQAA JOHN C NAUGHTON - ​Ordinary Loan Account - €51,062.00                            null                                 2                              2025-01-23T15:28:15.000+0000 2                        
 a0iaV000001om0rQAA EILEEN KEENAN & PADRAIC KEENAN - ​Ordinary Loan Account - €20,358.00             null                                 8                              2025-01-28T12:17:28.000+0000 8                        
 a0iaV000001oncrQAA BERNARD BURNS & SINEAD BURNS - ​Ordinary Loan Account - €25,000.00               null                                 7                              2025-01-23T16:12:30.000+0000 7                        
 a0iaV000001onjJQAQ ATB GROUNDSWORK LTD - Ordinary Current Account - €4,000.00                       null                                 4                              2025-01-23T15:57:58.000+0000 4                        
 a0iaV000001ooCLQAY ATB GROUNDSWORK LTD - ​Ordinary Loan Account - €4,561.00                         null                                 4                              2025-01-23T15:34:44.000+0000 4                        
 a0iaV000001orGfQAI CRAIG BAILEY - ​Ordinary Loan Account - €1,997.00                                null                                 3                              2025-01-23T15:50:08.000+0000 3                        
 a0iaV000001orN7QAI BELINDERE HOMES LTD - Ordinary Current Account - €80,000.00                      null                                 3                              2025-01-23T15:58:35.000+0000 3                        
 a0iaV000001osHZQAY ENDA MCHUGH & ITA MCHUGH - ​Ordinary Loan Account - €52,047.00                   null                                 3                              2025-01-28T15:57:11.000+0000 3                        
 a0iaV000001owg9QAA CFX CONTRACTS LTD - ​Ordinary Loan Account - €20,000.00                          null                                 14                             2025-01-23T17:22:49.000+0000 14                       
 a0iaV000001oy6rQAA MARTIN LEONARD - ​Ordinary Loan Account - €13,471.00                             null                                 5                              2025-01-27T15:51:14.000+0000 5                        
 a0iaV000001oy8TQAQ DAMIEN BURKE - ​Ordinary Loan Account - €7,378.00                                null                                 1                              2025-01-27T11:25:49.000+0000 1                        
 a0iaV000001p6kMQAQ AIDANS ISLAND LTD - ​Ordinary Loan Account - €7,979.00                           null                                 2                              2025-01-24T09:33:50.000+0000 2                        
 a0iaV000001p9IPQAY LIAM WALLACE - Ordinary Current Account - €10,000.00                             null                                 4                              2025-01-24T08:54:13.000+0000 4                        
 a0iaV000001pBgnQAE SECURE LOCK AUTOMATION LTD - ​Ordinary Loan Account - €17,049.00                 null                                 1                              2025-01-24T08:17:17.000+0000 1                        
 a0iaV000001pKwzQAE MAL BUSINESS SERVICES LTD - ​Ordinary Loan Account - €60,000.00                  null                                 2                              2025-01-24T09:14:31.000+0000 2                        
 a0iaV000001pOMIQA2 JOHN RICHARD MURPHY - ​Ordinary Loan Account - €36,922.00                        null                                 2                              2025-01-27T16:13:44.000+0000 2                        
 a0iaV000001pOfeQAE DAVID MOLLOY - ​Ordinary Loan Account - €23,089.00                               null                                 1                              2025-01-24T11:24:29.000+0000 1                        
 a0iaV000001pPbhQAE JOE LTD - ​Ordinary Loan Account - €10,000.00                                    null                                 1                              2025-01-24T10:10:37.000+0000 1                        
 a0iaV000001pTaTQAU GRAHAM-EUGENE PARKER - ​Ordinary Loan Account - €23,951.00                       null                                 2                              2025-01-24T13:10:48.000+0000 2                        
 a0iaV000001pUA0QAM WOODLAND FARMS LTD - ​Ordinary Loan Account - €70,261.00                         null                                 3                              2025-01-28T07:22:54.000+0000 3                        
 a0iaV000001pUJdQAM SEAN MOORE - ​Ordinary Loan Account - €17,043.00                                 null                                 4                              2025-01-24T12:51:49.000+0000 4                        
 a0iaV000001pUczQAE THOMAS MULCAHY - ​Ordinary Loan Account - €10,215.00                             null                                 1                              2025-01-24T13:36:44.000+0000 1                        
 a0iaV000001pVM9QAM LEASAND LTD - ​Ordinary Loan Account - €80,000.00                                null                                 3                              2025-01-28T15:22:23.000+0000 3                        
 a0iaV000001pVSbQAM SILK SCREEN MEDIA LTD - Ordinary Current Account - €120,000.00                   null                                 3                              2025-01-24T13:10:16.000+0000 3                        
 a0iaV000001pVdtQAE LEASAND LTD - Ordinary Current Account - €60,000.00                              null                                 2                              2025-01-28T15:43:31.000+0000 2                        
 a0iaV000001pWOfQAM DARRAN KEOGH - ​Ordinary Loan Account - €44,332.00                               null                                 2                              2025-01-24T14:50:36.000+0000 2                        
 a0iaV000001pXPZQA2 COMPASS LOGISTICS IRELAND LTD - ​Ordinary Loan Account - €30,000.00              null                                 5                              2025-01-24T13:19:59.000+0000 5                        
 a0iaV000001paFNQAY DAVID JONES - ​Ordinary Loan Account - €7,069.00                                 null                                 1                              2025-01-24T14:42:51.000+0000 1                        
 a0iaV000001pbTBQAY PAT CARROLL & CO - ​Ordinary Loan Account - €9,964.00                            null                                 2                              2025-01-24T15:00:36.000+0000 2                        
 a0iaV000001pcc9QAA GLIPP LTD - Ordinary Current Account - €14,000.00                                null                                 2                              2025-01-24T15:03:05.000+0000 2                        
 a0iaV000001pcttQAA JOHN CONNOLLY - ​Ordinary Loan Account - €8,677.00                               null                                 2                              2025-01-27T15:52:43.000+0000 2                        
 a0iaV000001pd6nQAA COMPUTEROLOGY CONSULTING LTD - Ordinary Current Account - €50,000.00             null                                 10                             2025-01-24T15:17:43.000+0000 10                       
 a0iaV000001pfdFQAQ GORDON MAXWELL - ​Ordinary Loan Account - €27,040.00                             null                                 2                              2025-01-24T16:29:07.000+0000 2                        
 a0iaV000001pflJQAQ YIZZER GOODS LTD - Ordinary Current Account - €10,000.00                         null                                 13                             2025-01-24T16:11:02.000+0000 13                       
 a0iaV000001phC1QAI BEYOND BEAUTY LASER AND SKINCARE LIMITED - ​Ordinary Loan Account - €4,489.00    null                                 10                             2025-01-24T16:22:11.000+0000 10                       
 a0iaV000001q8DpQAI TLR ENERGY SERVICES LTD - ​Ordinary Loan Account - €4,628.00                     null                                 2                              2025-01-27T10:24:15.000+0000 2                        
 a0iaV000001qRy1QAE RAPID FIRE SAFETY & SECURITY SERVICES LI - Ordinary Current Account - €20,000.00 null                                 1                              2025-01-27T08:34:55.000+0000 1                        
 a0iaV000001qtnpQAA DEAN TYRRELL - ​Ordinary Loan Account - €27,739.00                               null                                 6                              2025-01-30T09:02:24.000+0000 6                        
 a0iaV000001qtz8QAA SPRINGHILL STEEL LTD - Ordinary Current Account - €40,000.00                     null                                 1                              2025-01-28T07:08:29.000+0000 1                        
 a0iaV000001qwP7QAI BELTECH RENEWABLES LTD - Ordinary Current Account - €5,000.00                    null                                 1                              2025-01-27T11:19:51.000+0000 1                        
 a0iaV000001qxBVQAY RHYE LAND EQUIPMENT LTD - ​Ordinary Loan Account - €10,000.00                    null                                 2                              2025-01-28T09:48:21.000+0000 2                        
 a0iaV000001qxcwQAA ROBERT TALBOT & SHEILA TALBOT - ​Ordinary Loan Account - €61,274.00              null                                 4                              2025-01-27T14:10:03.000+0000 4                        
 a0iaV000001qyNhQAI B O'BRIEN - ​Ordinary Loan Account - €60,735.00                                  null                                 2                              2025-01-27T11:12:47.000+0000 2                        
 a0iaV000001qzV3QAI RIGHT LAWYER 4 YOU LTD - Ordinary Current Account - €1,000.00                    null                                 4                              2025-01-27T11:52:54.000+0000 4                        
 a0iaV000001r0FpQAI EIRE FORBAIRTI LAR NA TIRE TEO - ​Ordinary Loan Account - €50,000.00             null                                 1                              2025-01-31T07:25:55.000+0000 1                        
 a0iaV000001r0HRQAY LAURENCE HAYES - ​Ordinary Loan Account - €12,254.00                             null                                 4                              2025-01-27T16:31:22.000+0000 4                        
 a0iaV000001r15RQAQ HUGH CALLAGHAN & JOHN CALLAGHAN - ​Ordinary Loan Account - €31,653.00            null                                 1                              2025-01-30T14:52:20.000+0000 1                        
 a0iaV000001r1F7QAI G PHEASEY - Ordinary Current Account - €19,000.00                                null                                 2                              2025-01-27T11:54:31.000+0000 2                        
 a0iaV000001r2BBQAY JOHN RICHARD MURPHY - ​Ordinary Loan Account - €40,000.00                        null                                 1                              2025-01-28T10:01:45.000+0000 1                        
 a0iaV000001r2ntQAA CIARAN O'GRADY - Ordinary Current Account - €5,000.00                            null                                 2                              2025-01-27T17:18:47.000+0000 2                        
 a0iaV000001r3btQAA ALEX HILL - ​Ordinary Loan Account - €15,254.00                                  null                                 1                              2025-01-27T12:14:34.000+0000 1                        
 a0iaV000001r3lZQAQ PASCAL FLYNN - ​Ordinary Loan Account - €20,000.00                               null                                 5                              2025-01-27T12:06:28.000+0000 5                        
 a0iaV000001r4CzQAI ALDERWOOD CONFECTIONERY LIMITED - Ordinary Current Account - €30,000.00          null                                 1                              2025-01-27T12:37:03.000+0000 1                        
 a0iaV000001r4PtQAI FRANCIS SHANNON - ​Ordinary Loan Account - €13,171.00                            null                                 2                              2025-01-27T12:33:40.000+0000 2                        
 a0iaV000001r4T7QAI BRIAN LINDSAY - ​Ordinary Loan Account - €9,236.00                               null                                 1                              2025-01-27T12:28:30.000+0000 1                        
 a0iaV000001r5IjQAI GAVIN TULLY - ​Ordinary Loan Account - €32,860.00                                null                                 2                              2025-01-27T12:52:08.000+0000 2                        
 a0iaV000001r5x3QAA PATRICK HUGHES - ​Ordinary Loan Account - €40,345.00                             null                                 3                              2025-01-27T14:21:02.000+0000 3                        
 a0iaV000001r6l3QAA CURO DEVELOPMENTS LTD - ​Ordinary Loan Account - €120,000.00                     null                                 8                              2025-01-27T15:03:10.000+0000 8                        
 a0iaV000001r6mfQAA MURPHY AUTOMOTIVE LTD - ​Ordinary Loan Account - €7,981.00                       null                                 2                              2025-01-27T14:38:13.000+0000 2                        
 a0iaV000001r7FhQAI GREENCASTLE TAXIS LIMITED - ​Ordinary Loan Account - €41,517.00                  null                                 2                              2025-01-27T14:06:18.000+0000 2                        
 a0iaV000001r7SbQAI JOHNNY MULLALLY - ​Ordinary Loan Account - €4,065.00                             null                                 5                              2025-01-27T14:30:47.000+0000 5                        
 a0iaV000001r7VpQAI TMK ELECTRICAL LTD - ​Ordinary Loan Account - €17,662.00                         null                                 2                              2025-01-27T13:45:45.000+0000 2                        
 a0iaV000001r7XRQAY P K CLARKE PLANT HIRE LTD - ​Ordinary Loan Account - €17,870.00                  null                                 11                             2025-01-27T13:42:45.000+0000 11                       
 a0iaV000001r7Z3QAI JIMMY WALSH PROPELLOR & MARINE ENGINEERI - Ordinary Current Account - €15,000.00 null                                 2                              2025-01-27T15:17:06.000+0000 2                        
 a0iaV000001r7cHQAQ CORRATA LIMITED - Ordinary Current Account - €35,000.00                          null                                 9                              2025-01-27T13:55:53.000+0000 9                        
 a0iaV000001r7lxQAA D KELLY & M KELLY - ​Ordinary Loan Account - €22,600.00                          null                                 13                             2025-02-04T14:45:17.000+0000 13                       
 a0iaV000001r8QHQAY JG ELITE LTD - Ordinary Current Account - €8,000.00                              null                                 1                              2025-01-27T13:46:58.000+0000 1                        
 a0iaV000001r8oUQAQ G AND D INSULATION LIMITED - ​Ordinary Loan Account - €25,239.00                 null                                 3                              2025-01-31T15:52:14.000+0000 3                        
 a0iaV000001r8tJQAQ MANGO FURNITURE CREATIONS LTD - ​Ordinary Loan Account - €15,319.00              null                                 2                              2025-01-28T16:41:04.000+0000 2                        
 a0iaV000001r9B3QAI STEVEN  OSULLIVAN - Ordinary Current Account - €1,000.00                         null                                 2                              2025-01-27T16:14:24.000+0000 2                        
 a0iaV000001r9KjQAI ABACUS LEGAL LTD - ​Ordinary Loan Account - €25,000.00                           null                                 2                              2025-01-27T16:10:20.000+0000 2                        
 a0iaV000001rANFQA2 KOBBA LTD - Ordinary Current Account - €10,000.00                                null                                 7                              2025-01-30T14:53:50.000+0000 7                        
 a0iaV000001rCSHQA2 CHRISTOPHER GALLAGHER & ANNE GALLAGHER - ​Ordinary Loan Account - €24,222.00     null                                 1                              2025-02-04T09:54:12.000+0000 1                        
 a0iaV000001rCthQAE POWER CONSTRUCTION AND CIVIL LIMITED - ​Ordinary Loan Account - €21,694.00       null                                 2                              2025-01-27T14:44:46.000+0000 2                        
 a0iaV000001rCwvQAE KILRODANE FREERANGE FARM LTD - ​Ordinary Loan Account - €81,535.00               null                                 2                              2025-01-27T15:23:17.000+0000 2                        
 a0iaV000001rE4HQAU MIKE SAUNDERS - ​Ordinary Loan Account - €22,082.00                              null                                 5                              2025-01-27T15:03:50.000+0000 5                        
 a0iaV000001rENdQAM ACCORD MAINTENANCE LTD - ​Ordinary Loan Account - €94,558.00                     null                                 4                              2025-01-27T15:31:18.000+0000 4                        
 a0iaV000001rEgzQAE RORY STOKES - ​Ordinary Loan Account - €6,090.00                                 null                                 2                              2025-01-27T16:36:11.000+0000 2                        
 a0iaV000001rEnRQAU D HUTCHINSON AGRI CONSULTANCY LTD - ​Ordinary Loan Account - €15,985.00          null                                 8                              2025-01-27T15:41:44.000+0000 8                        
 a0iaV000001rEp4QAE ALAN DP BRADY - Ordinary Current Account - €30,000.00                            null                                 3                              2025-01-27T15:59:18.000+0000 3                        
 a0iaV000001rFZpQAM LIAM MURPHY - ​Ordinary Loan Account - €51,006.00                                null                                 7                              2025-01-27T15:56:34.000+0000 7                        
 a0iaV000001rFhtQAE DISCOVERY TRAILS LTD - ​Ordinary Loan Account - €67,231.00                       null                                 10                             2025-01-30T11:22:14.000+0000 10                       
 a0iaV000001rG1FQAU ANTHONY BREHONY - ​Ordinary Loan Account - €20,000.00                            null                                 2                              2025-01-27T15:46:52.000+0000 2                        
 a0iaV000001rGkPQAU OLIVER TYNAN - ​Ordinary Loan Account - €20,433.00                               null                                 2                              2025-01-27T16:06:47.000+0000 2                        
 a0iaV000001rGndQAE LIAM MURPHY - ​Ordinary Loan Account - €24,000.00                                null                                 3                              2025-01-27T16:11:36.000+0000 3                        
 a0iaV000001rH5OQAU MICHAEL LYONS - Ordinary Current Account - €30,000.00                            null                                 2                              2025-01-29T08:28:07.000+0000 2                        
 a0iaV000001rIW6QAM TCSTREETS TRAINERS LTD - Ordinary Current Account - €7,000.00                    null                                 2                              2025-01-28T07:17:11.000+0000 2                        
 a0iaV000001rIXhQAM EIMARK LTD - ​Ordinary Loan Account - €55,320.00                                 null                                 2                              2025-01-27T16:37:32.000+0000 2                        
 a0iaV000001rJLhQAM MOLLY IMPORTS LTD - ​Ordinary Loan Account - €50,960.00                          null                                 1                              2025-01-30T09:57:20.000+0000 1                        
 a0iaV000001rKCvQAM KEVIN MEANEY PLANT SALES LIMITED - ​Ordinary Loan Account - €75,548.00           null                                 7                              2025-01-28T10:15:40.000+0000 7                        
 a0iaV000001rKfxQAE M & R CODY FARM LTD - ​Ordinary Loan Account - €30,632.00                        null                                 4                              2025-01-28T07:59:32.000+0000 4                        
 a0iaV000001rKknQAE RFL ELECTRICS LTD - ​Ordinary Loan Account - €31,384.00                          null                                 4                              2025-01-28T07:53:15.000+0000 4                        
 a0iaV000001rL8zQAE MICHAEL MURPHY - ​Ordinary Loan Account - €13,842.00                             null                                 3                              2025-01-28T10:23:46.000+0000 3                        
 a0iaV000001rMcvQAE DADN CONSTRUCTION LTD - ​Ordinary Loan Account - €5,882.00                       null                                 1                              2025-01-28T08:11:48.000+0000 1                        
 a0iaV000001rOrdQAE VALERIE TIRMANT - ​Ordinary Loan Account - €47,333.00                            null                                 1                              2025-01-28T07:44:40.000+0000 1                        
 a0iaV000001rXQHQA2 IRISH PRISONS COMMUNITY INTEGRATION LIMI - ​Ordinary Loan Account - €3,000.00    null                                 3                              2025-01-28T07:42:09.000+0000 3                        
 a0iaV000001rlwIQAQ RUDDER TRANSPORT LIMITED - ​Ordinary Loan Account - €23,925.00                   null                                 2                              2025-01-30T10:28:58.000+0000 2                        
 a0iaV000001rmkHQAQ SHS THE HOMESHARE CO LTD BY GUARANTEE - ​Ordinary Loan Account - €5,000.00       null                                 9                              2025-01-30T11:54:38.000+0000 9                        
 a0iaV000001rnV3QAI BRENDAN PLUNKETT - ​Ordinary Loan Account - €17,368.00                           null                                 1                              2025-01-28T10:18:58.000+0000 1                        
 a0iaV000001roSkQAI SAO SCIENCE LTD - ​Ordinary Loan Account - €19,943.00                            null             