 ID                 NAME                                                                             CM_CREDITDECISIONTIMERVALUENUMBER__C CM_CREDITDECISIONTIMERVALUE__C CM_FIRSTERSDECISION__C       CM_CREDITDECISIONDAYS__C 
 ────────────────── ──────────────────────────────────────────────────────────────────────────────── ──────────────────────────────────── ────────────────────────────── ──────────────────────────── ──────────────────────── 
 a0iaV000001dhpJQAQ ERIC WOODLOCK - ​Ordinary Loan Account - €20,000.00                              null                                 1                              2025-03-05T15:35:20.000+0000 1                        
 a0iaV000001dm5qQAA THOMAS MCDONAGH - ​Ordinary Loan Account - €75,000.00                            null                                 14                             2025-01-08T11:07:47.000+0000 14                       
 a0iaV000001dmp0QAA THOMAS MCDONAGH - ​Ordinary Loan Account - €54,000.00                            null                                 13                             2025-01-09T05:05:46.000+0000 13                       
 a0iaV000001eX7yQAE CRAWFORD TILES AND MORE LIMITED - ​Ordinary Loan Account - €51,071.00            null                                 12                             2025-01-10T17:18:59.000+0000 12                       
 a0iaV000001efK1QAI LEESON WILLIAM TREACY - Ordinary Current Account - €30,000.00                    null                                 13                             2025-01-08T16:36:27.000+0000 13                       
 a0iaV000001efWvQAI JJ CLEARY POTATOES LTD - ​Ordinary Loan Account - €25,532.00                     null                                 12                             2025-01-09T11:22:17.000+0000 12                       
 a0iaV000001fJhFQAU MAIREAD MAGUIRE & NIALL MAGUIRE - ​Ordinary Loan Account - €20,339.00            null                                 5                              2025-01-21T10:13:35.000+0000 5                        
 a0iaV000001fQXRQA2 DUNCAN GREHAN & PARTNERS - Solicitors etc. Office Loan Account - €7,305.00       null                                 4                              2025-01-21T11:05:46.000+0000 4                        
 a0iaV000001fVwvQAE DEVTEC RESOURCES LTD - ​Ordinary Loan Account - €3,000.00                        null                                 14                             2025-01-13T09:51:02.000+0000 14                       
 a0iaV000001fWY1QAM TREE GROVE CARAVAN & CAMPING PARK LTD - ​Ordinary Loan Account - €112,376.00     null                                 14                             2025-01-09T15:48:56.000+0000 14                       
 a0iaV000001fZ4TQAU URBANITY LTD - ​Ordinary Loan Account - €100,000.00                              null                                 13                             2025-01-09T16:13:50.000+0000 13                       
 a0iaV000001fai5QAA D KELLY & M KELLY - ​Ordinary Loan Account - €60,000.00                          null                                 7                              2025-01-17T17:54:52.000+0000 7                        
 a0iaV000001gEKXQA2 SEAN TREACY & CARRIE ANNE O'MALLEY - ​Ordinary Loan Account - €61,108.00         null                                 6                              2025-01-20T09:46:41.000+0000 6                        
 a0iaV000001gH0fQAE DEAN FOLEY & PATRICK FOLEY - ​Ordinary Loan Account - €34,000.00                 null                                 6                              2025-01-17T14:58:51.000+0000 6                        
 a0iaV000001gRKzQAM LINNANE CARPENTRY SERVICES LTD - ​Ordinary Loan Account - €120,000.00            null                                 13                             2025-01-13T09:48:21.000+0000 13                       
 a0iaV000001hYNdQAM BRADY FAMILY FARM - ​Ordinary Loan Account - €22,000.00                          null                                 6                              2025-01-20T07:38:08.000+0000 6                        
 a0iaV000001hYx7QAE BRADY FAMILY FARM - ​Ordinary Loan Account - €14,000.00                          null                                 6                              2025-01-20T06:59:40.000+0000 6                        
 a0iaV000001hdqLQAQ PC PERSONNEL LTD - ​Ordinary Loan Account - €54,152.00                           null                                 12                             2025-01-13T17:02:32.000+0000 12                       
 a0iaV000001hgjPQAQ F BOYLE & M BOYLE - ​Ordinary Loan Account - €30,644.00                          null                                 9                              2025-01-17T15:49:49.000+0000 9                        
 a0iaV000001hioPQAQ D O'LOUGHLIN & E O'LOUGHLIN - ​Ordinary Loan Account - €29,790.00                null                                 5                              2025-01-20T13:29:28.000+0000 5                        
 a0iaV000001hlfpQAA KENNEDY EQUI PRODUCTS LTD - ​Ordinary Loan Account - €6,000.00                   null                                 13                             2025-01-14T09:40:13.000+0000 13                       
 a0iaV000001iGA9QAM BLACKSMITH VENTURES LTD - ​Ordinary Loan Account - €44,629.00                    null                                 11                             2025-01-14T13:39:41.000+0000 11                       
 a0iaV000001iH6DQAU PARAIC QUINLISK - ​Ordinary Loan Account - €30,000.00                            null                                 11                             2025-01-14T10:58:12.000+0000 11                       
 a0iaV000001iHCfQAM ALHAMBRA MEDICAL LIMITED - ​Ordinary Loan Account - €29,000.00                   null                                 13                             2025-01-14T10:54:52.000+0000 13                       
 a0iaV000001iJrBQAU VAUGHAN PLANT HIRE LTD - ​Ordinary Loan Account - €102,123.00                    null                                 12                             2025-01-14T13:54:35.000+0000 12                       
 a0iaV000001iMaXQAU COLM BERGIN - ​Ordinary Loan Account - €38,000.00                                null                                 9                              2025-01-14T15:35:04.000+0000 9                        
 a0iaV000001iNErQAM DENIS TRANSPED LTD - Ordinary Current Account - €55,000.00                       null                                 12                             2025-01-14T12:34:04.000+0000 12                       
 a0iaV000001iNjVQAU ISTIMEWA LTD - ​Ordinary Loan Account - €39,350.00                               null                                 10                             2025-01-14T16:16:59.000+0000 10                       
 a0iaV000001iQFxQAM CELTIC COASTAL CREATIONS LIMITED - ​Ordinary Loan Account - €590.00              null                                 10                             2025-01-14T14:30:39.000+0000 10                       
 a0iaV000001iTXBQA2 ANDY MCGOVERN & MARY MCGOVERN - ​Ordinary Loan Account - €60,000.00              null                                 11                             2025-01-17T16:22:42.000+0000 11                       
 a0iaV000001iUQ1QAM IPRS LIMITED - ​Ordinary Loan Account - €51,071.00                               null                                 9                              2025-01-15T07:44:07.000+0000 9                        
 a0iaV000001iUg9QAE KALICO LTD - ​Ordinary Loan Account - €122,303.00                                null                                 9                              2025-01-14T15:31:04.000+0000 9                        
 a0iaV000001iUoEQAU MURPHY & ASSOCIATES - Solicitors etc. Office Loan Account - €25,000.00           null                                 13                             2025-01-14T16:38:29.000+0000 13                       
 a0iaV000001iVXNQA2 JOHN JOSEPH JULIAN - ​Ordinary Loan Account - €24,399.00                         null                                 8                              2025-01-15T07:17:42.000+0000 8                        
 a0iaV000001iVkHQAU JOHN JOSEPH JULIAN - ​Ordinary Loan Account - €35,591.00                         null                                 8                              2025-01-15T07:37:16.000+0000 8                        
 a0iaV000001iW0PQAU PAUL MCKENNA - ​Ordinary Loan Account - €82,989.00                               null                                 9                              2025-01-15T06:04:36.000+0000 9                        
 a0iaV000001icCHQAY GARRETT CUDDY & GREG CUDDY - ​Ordinary Loan Account - €50,000.00                 null                                 10                             2025-01-17T09:23:27.000+0000 10                       
 a0iaV000001id9xQAA DANIEL CALLAGHAN & ODHRAN CALLAGHAN - ​Ordinary Loan Account - €24,420.00        null                                 4                              2025-01-22T14:02:34.000+0000 4                        
 a0iaV000001idRhQAI DANIEL CALLAGHAN & ODHRAN CALLAGHAN - ​Ordinary Loan Account - €50,695.00        null                                 6                              2025-01-23T15:17:18.000+0000 6                        
 a0iaV000001j7cqQAA BERNARD BRENNAN & MARIA MCGUINESS - ​Ordinary Loan Account - €40,147.00          null                                 7                              2025-01-17T17:16:41.000+0000 7                        
 a0iaV000001j9wEQAQ BERNARD BRENNAN & MARIA MCGUINESS - ​Ordinary Loan Account - €20,400.00          null                                 6                              2025-01-17T10:24:59.000+0000 6                        
 a0iaV000001jBl7QAE VINCENT COUGHLAN - ​Ordinary Loan Account - €35,750.00                           null                                 9                              2025-01-15T13:53:47.000+0000 9                        
 a0iaV000001jBzdQAE CATHERINE CANTILLON & PADRAIG CANTILLON & - ​Ordinary Loan Account - €67,067.00  null                                 10                             2025-01-22T07:47:38.000+0000 10                       
 a0iaV000001jEKnQAM KENNETH POWER - ​Ordinary Loan Account - €122,009.00                             null                                 10                             2025-01-16T16:14:31.000+0000 10                       
 a0iaV000001jGKzQAM PAUL WESTON - ​Ordinary Loan Account - €40,857.00                                null                                 10                             2025-01-15T15:38:12.000+0000 10                       
 a0iaV000001jHXBQA2 C AND R CATERING LTD - Ordinary Current Account - €15,000.00                     null                                 8                              2025-01-15T15:41:23.000+0000 8                        
 a0iaV000001jHqXQAU JOHN KINGSTON - ​Ordinary Loan Account - €5,886.00                               null                                 7                              2025-01-18T10:32:27.000+0000 7                        
 a0iaV000001jLJ3QAM DOMINIC MURRAY & JOAN MURRAY - ​Ordinary Loan Account - €47,955.00               null                                 4                              2025-01-22T15:59:33.000+0000 4                        
 a0iaV000001k0akQAA ASSUMPTA MCLOUGHLIN & MICHAEL MCLOUGHLIN - Ordinary Current Account - €20,000.00 null                                 3                              2025-01-22T08:33:37.000+0000 3                        
 a0iaV000001k0inQAA GORDON O'BRIEN & VALERIE O'BRIEN - ​Ordinary Loan Account - €76,607.00           null                                 7                              2025-01-20T15:34:00.000+0000 7                        
Total number of records retrieved: 50.
 ID                 NAME                                                                         CM_CREDITDECISIONTIMERVALUENUMBER__C CM_CREDITDECISIONTIMERVALUE__C CM_FIRSTERSDECISION__C       CM_CREDITDECISIONDAYS__C 
 ────────────────── ──────────────────────────────────────────────────────────────────────────── ──────────────────────────────────── ────────────────────────────── ──────────────────────────── ──────────────────────── 
 a0iaV000001dhpJQAQ ERIC WOODLOCK - ​Ordinary Loan Account - €20,000.00                          null                                 1                              2025-03-05T15:35:20.000+0000 1                        
 a0iaV000001dm5qQAA THOMAS MCDONAGH - ​Ordinary Loan Account - €75,000.00                        null                                 14                             2025-01-08T11:07:47.000+0000 14                       
 a0iaV000001dmp0QAA THOMAS MCDONAGH - ​Ordinary Loan Account - €54,000.00                        null                                 13                             2025-01-09T05:05:46.000+0000 13                       
 a0iaV000001eX7yQAE CRAWFORD TILES AND MORE LIMITED - ​Ordinary Loan Account - €51,071.00        null                                 12                             2025-01-10T17:18:59.000+0000 12                       
 a0iaV000001efK1QAI LEESON WILLIAM TREACY - Ordinary Current Account - €30,000.00                null                                 13                             2025-01-08T16:36:27.000+0000 13                       
 a0iaV000001efWvQAI JJ CLEARY POTATOES LTD - ​Ordinary Loan Account - €25,532.00                 null                                 12                             2025-01-09T11:22:17.000+0000 12                       
 a0iaV000001fJhFQAU MAIREAD MAGUIRE & NIALL MAGUIRE - ​Ordinary Loan Account - €20,339.00        null                                 5                              2025-01-21T10:13:35.000+0000 5                        
 a0iaV000001fQXRQA2 DUNCAN GREHAN & PARTNERS - Solicitors etc. Office Loan Account - €7,305.00   null                                 4                              2025-01-21T11:05:46.000+0000 4                        
 a0iaV000001fVwvQAE DEVTEC RESOURCES LTD - ​Ordinary Loan Account - €3,000.00                    null                                 14                             2025-01-13T09:51:02.000+0000 14                       
 a0iaV000001fWY1QAM TREE GROVE CARAVAN & CAMPING PARK LTD - ​Ordinary Loan Account - €112,376.00 null                                 14                             2025-01-09T15:48:56.000+0000 14                       
 a0iaV000001fZ4TQAU URBANITY LTD - ​Ordinary Loan Account - €100,000.00                          null                                 13                             2025-01-09T16:13:50.000+0000 13                       
 a0iaV000001fai5QAA D KELLY & M KELLY - ​Ordinary Loan Account - €60,000.00                      null                                 7                              2025-01-17T17:54:52.000+0000 7                        
 a0iaV000001gEKXQA2 SEAN TREACY & CARRIE ANNE O'MALLEY - ​Ordinary Loan Account - €61,108.00     null                                 6                              2025-01-20T09:46:41.000+0000 6                        
 a0iaV000001gH0fQAE DEAN FOLEY & PATRICK FOLEY - ​Ordinary Loan Account - €34,000.00             null                                 6                              2025-01-17T14:58:51.000+0000 6                        
 a0iaV000001gRKzQAM LINNANE CARPENTRY SERVICES LTD - ​Ordinary Loan Account - €120,000.00        null                                 13                             2025-01-13T09:48:21.000+0000 13                       
 a0iaV000001hYNdQAM BRADY FAMILY FARM - ​Ordinary Loan Account - €22,000.00                      null                                 6                              2025-01-20T07:38:08.000+0000 6                        
 a0iaV000001hYx7QAE BRADY FAMILY FARM - ​Ordinary Loan Account - €14,000.00                      null                                 6                              2025-01-20T06:59:40.000+0000 6                        
 a0iaV000001hdqLQAQ PC PERSONNEL LTD - ​Ordinary Loan Account - €54,152.00                       null                                 12                             2025-01-13T17:02:32.000+0000 12                       
 a0iaV000001hgjPQAQ F BOYLE & M BOYLE - ​Ordinary Loan Account - €30,644.00                      null                                 9                              2025-01-17T15:49:49.000+0000 9                        
 a0iaV000001hioPQAQ D O'LOUGHLIN & E O'LOUGHLIN - ​Ordinary Loan Account - €29,790.00            null                                 5                              2025-01-20T13:29:28.000+0000 5                        
 a0iaV000001hlfpQAA KENNEDY EQUI PRODUCTS LTD - ​Ordinary Loan Account - €6,000.00               null                                 13                             2025-01-14T09:40:13.000+0000 13                       
 a0iaV000001iGA9QAM BLACKSMITH VENTURES LTD - ​Ordinary Loan Account - €44,629.00                null                                 11                             2025-01-14T13:39:41.000+0000 11                       
 a0iaV000001iH6DQAU PARAIC QUINLISK - ​Ordinary Loan Account - €30,000.00                        null                                 11                             2025-01-14T10:58:12.000+0000 11                       
 a0iaV000001iHCfQAM ALHAMBRA MEDICAL LIMITED - ​Ordinary Loan Account - €29,000.00               null                                 13                             2025-01-14T10:54:52.000+0000 13                       
 a0iaV000001iJrBQAU VAUGHAN PLANT HIRE LTD - ​Ordinary Loan Account - €102,123.00                null                                 12                             2025-01-14T13:54:35.000+0000 12                       
 a0iaV000001iMaXQAU COLM BERGIN - ​Ordinary Loan Account - €38,000.00                            null                                 9                              2025-01-14T15:35:04.000+0000 9                        
 a0iaV000001iNErQAM DENIS TRANSPED LTD - Ordinary Current Account - €55,000.00                   null                                 12                             2025-01-14T12:34:04.000+0000 12                       
 a0iaV000001iNjVQAU ISTIMEWA LTD - ​Ordinary Loan Account - €39,350.00                           null                                 10                             2025-01-14T16:16:59.000+0000 10                       
 a0iaV000001iQFxQAM CELTIC COASTAL CREATIONS LIMITED - ​Ordinary Loan Account - €590.00          null                                 10                             2025-01-14T14:30:39.000+0000 10                       
 a0iaV000001iTXBQA2 ANDY MCGOVERN & MARY MCGOVERN - ​Ordinary Loan Account - €60,000.00          null                                 11                             2025-01-17T16:22:42.000+0000 11                       
 a0iaV000001iUQ1QAM IPRS LIMITED - ​Ordinary Loan Account - €51,071.00                           null                                 9                              2025-01-15T07:44:07.000+0000 9                        
 a0iaV000001iUg9QAE KALICO LTD - ​Ordinary Loan Account - €122,303.00                            null                                 9                              2025-01-14T15:31:04.000+0000 9                        
 a0iaV000001iUoEQAU MURPHY & ASSOCIATES - Solicitors etc. Office Loan Account - €25,000.00       null                                 13                             2025-01-14T16:38:29.000+0000 13                       
 a0iaV000001iVXNQA2 JOHN JOSEPH JULIAN - ​Ordinary Loan Account - €24,399.00                     null                                 8                              2025-01-15T07:17:42.000+0000 8                        
 a0iaV000001iVkHQAU JOHN JOSEPH JULIAN - ​Ordinary Loan Account - €35,591.00                     null                                 8                              2025-01-15T07:37:16.000+0000 8                        
 a0iaV000001iW0PQAU PAUL MCKENNA - ​Ordinary Loan Account - €82,989.00                           null                                 9                              2025-01-15T06:04:36.000+0000 9                        
 a0iaV000001icCHQAY GARRETT CUDDY & GREG CUDDY - ​Ordinary Loan Account - €50,000.00             null                                 10                             2025-01-17T09:23:27.000+0000 10                       
 a0iaV000001id9xQAA DANIEL CALLAGHAN & ODHRAN CALLAGHAN - ​Ordinary Loan Account - €24,420.00    null                                 4                              2025-01-22T14:02:34.000+0000 4                        
 a0iaV000001idRhQAI DANIEL CALLAGHAN & ODHRAN CALLAGHAN - ​Ordinary Loan Account - €50,695.00    null                                 6                              2025-01-23T15:17:18.000+0000 6                        
 a0iaV000001j7cqQAA BERNARD BRENNAN & MARIA MCGUINESS - ​Ordinary Loan Account - €40,147.00      null                                 7                              2025-01-17T17:16:41.000+0000 7                        
Total number of records retrieved: 40.
