HEAD is now at ea9b889 Org sync for ncino-15009
Removing force-app/main/default/customPermissions/
Removing force-app/main/default/flexipages/Business_Relationship_Layout.flexipage-meta.xml
Removing force-app/main/default/flexipages/Business_Relationship_Layout_Read_Only.flexipage-meta.xml
Removing force-app/main/default/flexipages/PersonsonAccount_Layout.flexipage-meta.xml
Removing force-app/main/default/flexipages/Relationship_Layout.flexipage-meta.xml
Removing force-app/main/default/flexipages/Relationship_Layout_Read_Only.flexipage-meta.xml
Removing force-app/main/default/flows/nCino_CM_Screen_Flow_Prospect_Record_Creation.flow-meta.xml
Removing force-app/main/default/objects/Account/compactLayouts/
Removing force-app/main/default/objects/Account/fields/cm_Collate_Borrowing_Entity_ID__c.field-meta.xml
Removing force-app/main/default/objects/Account/fields/cm_Collate_Legal_Entity_ID__c.field-meta.xml
Removing force-app/main/default/objects/Account/fields/cm_Is_Collateral_Prospect__c.field-meta.xml
Removing force-app/main/default/objects/Account/validationRules/
Removing force-app/main/default/objects/LLC_BI__Account_Collateral__c/
Removing force-app/main/default/objects/PersonAccount/
Removing force-app/main/default/permissionsets/
On branch product
nothing to commit, working tree clean
test_package /c/devops/wkr2/vsc1/sfdx1
/c/Users/c139079/Onedri~1/EXT_package_xml/ncino-15221_enri8g_package.xml
Switched to branch 'rob1'
On branch rob1
nothing to commit, working tree clean
Preparing retrieve request...
[G[1A[JRetrieving v62.0 metadata from rob.mockler@boi.com.preprod using the v64.0 SOAP API
Preparing retrieve request... [38;5;104m-[0m Sending request to org
[G[1A[JPreparing retrieve request... [38;5;104m\[0m Waiting for the org to respond
[G[1A[JPreparing retrieve request... [38;5;104m|[0m Pending
[G[1A[JPreparing retrieve request... [38;5;104m/[0m Pending
[G[1A[JPreparing retrieve request... [38;5;104m-[0m Pending
[G[1A[JPreparing retrieve request... [38;5;104m\[0m Pending
[G[1A[JPreparing retrieve request... [38;5;104m|[0m Pending
[G[1A[JPreparing retrieve request... [38;5;104m/[0m In Progress
[G[1A[JPreparing retrieve request... [38;5;104m-[0m In Progress
[G[1A[JPreparing retrieve request... [38;5;104m\[0m In Progress
[G[1A[JPreparing retrieve request... [38;5;104m|[0m In Progress
[G[1A[JPreparing retrieve request... [38;5;104m/[0m In Progress
[G[1A[JPreparing retrieve request... [38;5;104m-[0m In Progress
[G[1A[JPreparing retrieve request... [38;5;104m\[0m In Progress
[G[1A[JPreparing retrieve request... [38;5;104m|[0m In Progress
[G[1A[JPreparing retrieve request... [38;5;104m/[0m In Progress
[G[1A[JPreparing retrieve request... [38;5;104m-[0m In Progress
[G[1A[JPreparing retrieve request... [38;5;104m\[0m In Progress
[G[1A[JPreparing retrieve request... [38;5;104m|[0m In Progress
[G[1A[JPreparing retrieve request... [38;5;104m/[0m In Progress
[G[1A[JPreparing retrieve request... [38;5;104m-[0m In Progress
[G[1A[JPreparing retrieve request... [38;5;104m\[0m In Progress
[G[1A[JPreparing retrieve request... [38;5;104m|[0m In Progress
[G[1A[JPreparing retrieve request... [38;5;104m/[0m In Progress
[G[1A[JPreparing retrieve request... [38;5;104m-[0m In Progress
[G[1A[JPreparing retrieve request... [38;5;104m\[0m In Progress
[G[1A[JPreparing retrieve request... [38;5;104m|[0m In Progress
[G[1A[JPreparing retrieve request... [38;5;104m/[0m In Progress
[G[1A[JPreparing retrieve request... [38;5;104m-[0m In Progress
[G[1A[JPreparing retrieve request... [38;5;104m\[0m In Progress
[G[1A[JPreparing retrieve request... [38;5;104m|[0m In Progress
[G[1A[JPreparing retrieve request... [38;5;104m/[0m In Progress
[G[1A[JPreparing retrieve request... [38;5;104m-[0m In Progress
[G[1A[JPreparing retrieve request... [38;5;104m\[0m In Progress
[G[1A[JPreparing retrieve request... [38;5;104m|[0m In Progress
[G[1A[JPreparing retrieve request... [38;5;104m/[0m In Progress
[G[1A[JPreparing retrieve request... [38;5;104m-[0m In Progress
[G[1A[JPreparing retrieve request... [38;5;104m\[0m In Progress
[G[1A[JPreparing retrieve request... [38;5;104m|[0m In Progress
[G[1A[JPreparing retrieve request... [38;5;104m/[0m In Progress
[G[1A[JPreparing retrieve request... [38;5;104m-[0m In Progress
[G[1A[JPreparing retrieve request... [38;5;104m\[0m In Progress
[G[1A[JPreparing retrieve request... [38;5;104m|[0m In Progress
[G[1A[JPreparing retrieve request... [38;5;104m/[0m In Progress
[G[1A[JPreparing retrieve request... [38;5;104m-[0m In Progress
[G[1A[JPreparing retrieve request... [38;5;104m\[0m In Progress
[G[1A[JPreparing retrieve request... Succeeded

Retrieved Source
===================================================================================================================================================================================
| State   Name                                          Type             Path                                                                                                       
| ─────── ───────────────────────────────────────────── ──────────────── ────────────────────────────────────────────────────────────────────────────────────────────────────────── 
| Created Account.Relationship_Layout                   CompactLayout    force-app\main\default\objects\Account\compactLayouts\Relationship_Layout.compactLayout-meta.xml           
| Created PersonAccount.Person_Account_BOI              CompactLayout    force-app\main\default\objects\PersonAccount\compactLayouts\Person_Account_BOI.compactLayout-meta.xml      
| Created PersonAccount.Prospect_Individual             CompactLayout    force-app\main\default\objects\PersonAccount\compactLayouts\Prospect_Individual.compactLayout-meta.xml     
| Created Account.cm_Collate_Borrowing_Entity_ID__c     CustomField      force-app\main\default\objects\Account\fields\cm_Collate_Borrowing_Entity_ID__c.field-meta.xml             
| Created Account.cm_Collate_Legal_Entity_ID__c         CustomField      force-app\main\default\objects\Account\fields\cm_Collate_Legal_Entity_ID__c.field-meta.xml                 
| Created Account.cm_Is_Collateral_Prospect__c          CustomField      force-app\main\default\objects\Account\fields\cm_Is_Collateral_Prospect__c.field-meta.xml                  
| Created Create_Collateral_Prospect                    CustomPermission force-app\main\default\customPermissions\Create_Collateral_Prospect.customPermission-meta.xml              
| Created Business_Relationship_Layout                  FlexiPage        force-app\main\default\flexipages\Business_Relationship_Layout.flexipage-meta.xml                          
| Created Business_Relationship_Layout_Read_Only        FlexiPage        force-app\main\default\flexipages\Business_Relationship_Layout_Read_Only.flexipage-meta.xml                
| Created PersonsonAccount_Layout                       FlexiPage        force-app\main\default\flexipages\PersonsonAccount_Layout.flexipage-meta.xml                               
| Created Relationship_Layout                           FlexiPage        force-app\main\default\flexipages\Relationship_Layout.flexipage-meta.xml                                   
| Created Relationship_Layout_Read_Only                 FlexiPage        force-app\main\default\flexipages\Relationship_Layout_Read_Only.flexipage-meta.xml                         
| Created nCino_CM_Screen_Flow_Prospect_Record_Creation Flow             force-app\main\default\flows\nCino_CM_Screen_Flow_Prospect_Record_Creation.flow-meta.xml                   
| Created HCL_Resource                                  PermissionSet    force-app\main\default\permissionsets\HCL_Resource.permissionset-meta.xml                                  
| Changed SB%26A Branch                                 Profile          force-app\main\default\profiles\SB%26A Branch.profile-meta.xml                                             
| Changed SB%26A CCR Compliance                         Profile          force-app\main\default\profiles\SB%26A CCR Compliance.profile-meta.xml                                     
| Changed SB%26A Fulfillment                            Profile          force-app\main\default\profiles\SB%26A Fulfillment.profile-meta.xml                                        
| Changed SB%26A Lending Support                        Profile          force-app\main\default\profiles\SB%26A Lending Support.profile-meta.xml                                    
| Changed SB%26A Readonly                               Profile          force-app\main\default\profiles\SB%26A Readonly.profile-meta.xml                                           
| Changed SB%26A Registration Team                      Profile          force-app\main\default\profiles\SB%26A Registration Team.profile-meta.xml                                  
| Changed SB%26A Sales                                  Profile          force-app\main\default\profiles\SB%26A Sales.profile-meta.xml                                              
| Changed SB%26A Sec Ops                                Profile          force-app\main\default\profiles\SB%26A Sec Ops.profile-meta.xml                                            
| Changed SB%26A Underwriting                           Profile          force-app\main\default\profiles\SB%26A Underwriting.profile-meta.xml                                       
| Changed Super User                                    Profile          force-app\main\default\profiles\Super User.profile-meta.xml                                                
| Created Account.Collate_Borrowing_Entity_Id           ValidationRule   force-app\main\default\objects\Account\validationRules\Collate_Borrowing_Entity_Id.validationRule-meta.xml 
| Created Account.Collate_Legal_Entity_Id               ValidationRule   force-app\main\default\objects\Account\validationRules\Collate_Legal_Entity_Id.validationRule-meta.xml     
| Created Account.Date_of_birth_mandatory               ValidationRule   force-app\main\default\objects\Account\validationRules\Date_of_birth_mandatory.validationRule-meta.xml     
| Created Account.nCino_Email_mandatory                 ValidationRule   force-app\main\default\objects\Account\validationRules\nCino_Email_mandatory.validationRule-meta.xml       
Validating Deployment of v62.0 metadata to rob.mockler@boi.com.rob1 using the v64.0 SOAP API.
Deploy ID: 0Af9Q00000mgPeISAU

Test Failures [32]
• cm_BookingBatchTest.devCustomerType
  message: System.DmlException: Insert failed. First exception on row 0; first error: REQUIRED_FIELD_MISSING, Required fields are missing: [LLC_BI__Account__c]: [LLC_BI__Account__c]
  stacktrace: 
    Class.cm_TestDataFactory.createLegalEntity: line 256, column 1
    Class.cm_BookingBatchTest.Setup: line 178, column 1

• cm_BookingBatchTest.fieldNameNotLedger
  message: System.DmlException: Insert failed. First exception on row 0; first error: REQUIRED_FIELD_MISSING, Required fields are missing: [LLC_BI__Account__c]: [LLC_BI__Account__c]
  stacktrace: 
    Class.cm_TestDataFactory.createLegalEntity: line 256, column 1
    Class.cm_BookingBatchTest.Setup: line 178, column 1

• cm_BookingBatchTest.getLendingOfficerCodeLocNumberTest
  message: System.DmlException: Insert failed. First exception on row 0; first error: REQUIRED_FIELD_MISSING, Required fields are missing: [LLC_BI__Account__c]: [LLC_BI__Account__c]
  stacktrace: 
    Class.cm_TestDataFactory.createLegalEntity: line 256, column 1
    Class.cm_BookingBatchTest.Setup: line 178, column 1

• cm_BookingBatchTest.LendingAmount1M
  message: System.DmlException: Insert failed. First exception on row 0; first error: REQUIRED_FIELD_MISSING, Required fields are missing: [LLC_BI__Account__c]: [LLC_BI__Account__c]
  stacktrace: 
    Class.cm_TestDataFactory.createLegalEntity: line 256, column 1
    Class.cm_BookingBatchTest.Setup: line 178, column 1

• cm_BookingBatchTest.LendingAmount800k
  message: System.DmlException: Insert failed. First exception on row 0; first error: REQUIRED_FIELD_MISSING, Required fields are missing: [LLC_BI__Account__c]: [LLC_BI__Account__c]
  stacktrace: 
    Class.cm_TestDataFactory.createLegalEntity: line 256, column 1
    Class.cm_BookingBatchTest.Setup: line 178, column 1

• cm_BookingBatchTest.LendingAmountBelow120k
  message: System.DmlException: Insert failed. First exception on row 0; first error: REQUIRED_FIELD_MISSING, Required fields are missing: [LLC_BI__Account__c]: [LLC_BI__Account__c]
  stacktrace: 
    Class.cm_TestDataFactory.createLegalEntity: line 256, column 1
    Class.cm_BookingBatchTest.Setup: line 178, column 1

• cm_BookingBatchTest.LendingAmountZero
  message: System.DmlException: Insert failed. First exception on row 0; first error: REQUIRED_FIELD_MISSING, Required fields are missing: [LLC_BI__Account__c]: [LLC_BI__Account__c]
  stacktrace: 
    Class.cm_TestDataFactory.createLegalEntity: line 256, column 1
    Class.cm_BookingBatchTest.Setup: line 178, column 1

• cm_BookingBatchTest.mdtChildObjAndChildFieldNotNull
  message: System.DmlException: Insert failed. First exception on row 0; first error: REQUIRED_FIELD_MISSING, Required fields are missing: [LLC_BI__Account__c]: [LLC_BI__Account__c]
  stacktrace: 
    Class.cm_TestDataFactory.createLegalEntity: line 256, column 1
    Class.cm_BookingBatchTest.Setup: line 178, column 1

• cm_BookingBatchTest.mdtParentObjAndFieldNotNull
  message: System.DmlException: Insert failed. First exception on row 0; first error: REQUIRED_FIELD_MISSING, Required fields are missing: [LLC_BI__Account__c]: [LLC_BI__Account__c]
  stacktrace: 
    Class.cm_TestDataFactory.createLegalEntity: line 256, column 1
    Class.cm_BookingBatchTest.Setup: line 178, column 1

• cm_BookingBatchTest.mdtSourceFieldNotNull
  message: System.DmlException: Insert failed. First exception on row 0; first error: REQUIRED_FIELD_MISSING, Required fields are missing: [LLC_BI__Account__c]: [LLC_BI__Account__c]
  stacktrace: 
    Class.cm_TestDataFactory.createLegalEntity: line 256, column 1
    Class.cm_BookingBatchTest.Setup: line 178, column 1

• cm_BookingBatchTest.mdtSourceParentChildDateTypeIsNull
  message: System.DmlException: Insert failed. First exception on row 0; first error: REQUIRED_FIELD_MISSING, Required fields are missing: [LLC_BI__Account__c]: [LLC_BI__Account__c]
  stacktrace: 
    Class.cm_TestDataFactory.createLegalEntity: line 256, column 1
    Class.cm_BookingBatchTest.Setup: line 178, column 1

• cm_BookingBatchTest.parentObjectContainsDot
  message: System.DmlException: Insert failed. First exception on row 0; first error: REQUIRED_FIELD_MISSING, Required fields are missing: [LLC_BI__Account__c]: [LLC_BI__Account__c]
  stacktrace: 
    Class.cm_TestDataFactory.createLegalEntity: line 256, column 1
    Class.cm_BookingBatchTest.Setup: line 178, column 1

• cm_BookingBatchTest.sourceFieldContainMonths
  message: System.DmlException: Insert failed. First exception on row 0; first error: REQUIRED_FIELD_MISSING, Required fields are missing: [LLC_BI__Account__c]: [LLC_BI__Account__c]
  stacktrace: 
    Class.cm_TestDataFactory.createLegalEntity: line 256, column 1
    Class.cm_BookingBatchTest.Setup: line 178, column 1

• cm_BookingBatchTest.testCalculateAge
  message: System.DmlException: Insert failed. First exception on row 0; first error: REQUIRED_FIELD_MISSING, Required fields are missing: [LLC_BI__Account__c]: [LLC_BI__Account__c]
  stacktrace: 
    Class.cm_TestDataFactory.createLegalEntity: line 256, column 1
    Class.cm_BookingBatchTest.Setup: line 178, column 1

• CM_CRIFGatewayCCRInvokeServiceTest.testCCRForSoleTrader
  message: System.DmlException: Insert failed. First exception on row 0; first error: REQUIRED_FIELD_MISSING, Required fields are missing: [LLC_BI__Account__c]: [LLC_BI__Account__c]
  stacktrace: 
    Class.cm_TestDataFactory.createLegalEntity: line 256, column 1
    Class.CM_CRIFGatewayCCRInvokeServiceTest.Setup: line 91, column 1

• CM_CRIFGatewayCCRInvokeServiceTest.testCCRForUnregPartnership
  message: System.DmlException: Insert failed. First exception on row 0; first error: REQUIRED_FIELD_MISSING, Required fields are missing: [LLC_BI__Account__c]: [LLC_BI__Account__c]
  stacktrace: 
    Class.cm_TestDataFactory.createLegalEntity: line 256, column 1
    Class.CM_CRIFGatewayCCRInvokeServiceTest.Setup: line 91, column 1

• cm_BookingBatchTest.testChildFieldContainsDot
  message: System.DmlException: Insert failed. First exception on row 0; first error: REQUIRED_FIELD_MISSING, Required fields are missing: [LLC_BI__Account__c]: [LLC_BI__Account__c]
  stacktrace: 
    Class.cm_TestDataFactory.createLegalEntity: line 256, column 1
    Class.cm_BookingBatchTest.Setup: line 178, column 1

• cm_BookingBatchTest.testChildFieldNotContainsDot
  message: System.DmlException: Insert failed. First exception on row 0; first error: REQUIRED_FIELD_MISSING, Required fields are missing: [LLC_BI__Account__c]: [LLC_BI__Account__c]
  stacktrace: 
    Class.cm_TestDataFactory.createLegalEntity: line 256, column 1
    Class.cm_BookingBatchTest.Setup: line 178, column 1

• cm_BookingBatchTest.testCreateAttachment
  message: System.DmlException: Insert failed. First exception on row 0; first error: REQUIRED_FIELD_MISSING, Required fields are missing: [LLC_BI__Account__c]: [LLC_BI__Account__c]
  stacktrace: 
    Class.cm_TestDataFactory.createLegalEntity: line 256, column 1
    Class.cm_BookingBatchTest.Setup: line 178, column 1

• cm_BookingBatchTest.testDebitInterestRate
  message: System.DmlException: Insert failed. First exception on row 0; first error: REQUIRED_FIELD_MISSING, Required fields are missing: [LLC_BI__Account__c]: [LLC_BI__Account__c]
  stacktrace: 
    Class.cm_TestDataFactory.createLegalEntity: line 256, column 1
    Class.cm_BookingBatchTest.Setup: line 178, column 1

• cm_BookingBatchTest.testDebitRateCode
  message: System.DmlException: Insert failed. First exception on row 0; first error: REQUIRED_FIELD_MISSING, Required fields are missing: [LLC_BI__Account__c]: [LLC_BI__Account__c]
  stacktrace: 
    Class.cm_TestDataFactory.createLegalEntity: line 256, column 1
    Class.cm_BookingBatchTest.Setup: line 178, column 1

• cm_BookingBatchTest.testDropDoubleQoutes
  message: System.DmlException: Insert failed. First exception on row 0; first error: REQUIRED_FIELD_MISSING, Required fields are missing: [LLC_BI__Account__c]: [LLC_BI__Account__c]
  stacktrace: 
    Class.cm_TestDataFactory.createLegalEntity: line 256, column 1
    Class.cm_BookingBatchTest.Setup: line 178, column 1

• cm_BookingBatchTest.testFarmLoanAgri
  message: System.DmlException: Insert failed. First exception on row 0; first error: REQUIRED_FIELD_MISSING, Required fields are missing: [LLC_BI__Account__c]: [LLC_BI__Account__c]
  stacktrace: 
    Class.cm_TestDataFactory.createLegalEntity: line 256, column 1
    Class.cm_BookingBatchTest.Setup: line 178, column 1

• cm_BookingBatchTest.testFarmLoanNotAgri
  message: System.DmlException: Insert failed. First exception on row 0; first error: REQUIRED_FIELD_MISSING, Required fields are missing: [LLC_BI__Account__c]: [LLC_BI__Account__c]
  stacktrace: 
    Class.cm_TestDataFactory.createLegalEntity: line 256, column 1
    Class.cm_BookingBatchTest.Setup: line 178, column 1

• cm_BookingBatchTest.testLegalPrimaryFalse
  message: System.DmlException: Insert failed. First exception on row 0; first error: REQUIRED_FIELD_MISSING, Required fields are missing: [LLC_BI__Account__c]: [LLC_BI__Account__c]
  stacktrace: 
    Class.cm_TestDataFactory.createLegalEntity: line 256, column 1
    Class.cm_BookingBatchTest.Setup: line 178, column 1

• cm_BookingBatchTest.testMarketClass
  message: System.DmlException: Insert failed. First exception on row 0; first error: REQUIRED_FIELD_MISSING, Required fields are missing: [LLC_BI__Account__c]: [LLC_BI__Account__c]
  stacktrace: 
    Class.cm_TestDataFactory.createLegalEntity: line 256, column 1
    Class.cm_BookingBatchTest.Setup: line 178, column 1

• cm_BookingBatchTest.testMdtDefaultValueNotNull
  message: System.DmlException: Insert failed. First exception on row 0; first error: REQUIRED_FIELD_MISSING, Required fields are missing: [LLC_BI__Account__c]: [LLC_BI__Account__c]
  stacktrace: 
    Class.cm_TestDataFactory.createLegalEntity: line 256, column 1
    Class.cm_BookingBatchTest.Setup: line 178, column 1

• cm_BookingBatchTest.testMultiLvlImplementation
  message: System.DmlException: Insert failed. First exception on row 0; first error: REQUIRED_FIELD_MISSING, Required fields are missing: [LLC_BI__Account__c]: [LLC_BI__Account__c]
  stacktrace: 
    Class.cm_TestDataFactory.createLegalEntity: line 256, column 1
    Class.cm_BookingBatchTest.Setup: line 178, column 1

• cm_BookingBatchTest.testPopulateLedger
  message: System.DmlException: Insert failed. First exception on row 0; first error: REQUIRED_FIELD_MISSING, Required fields are missing: [LLC_BI__Account__c]: [LLC_BI__Account__c]
  stacktrace: 
    Class.cm_TestDataFactory.createLegalEntity: line 256, column 1
    Class.cm_BookingBatchTest.Setup: line 178, column 1

• cm_BookingBatchTest.testSetColumnHeader
  message: System.DmlException: Insert failed. First exception on row 0; first error: REQUIRED_FIELD_MISSING, Required fields are missing: [LLC_BI__Account__c]: [LLC_BI__Account__c]
  stacktrace: 
    Class.cm_TestDataFactory.createLegalEntity: line 256, column 1
    Class.cm_BookingBatchTest.Setup: line 178, column 1

• cm_BookingBatchTest.testSuccessBKKBatch
  message: System.DmlException: Insert failed. First exception on row 0; first error: REQUIRED_FIELD_MISSING, Required fields are missing: [LLC_BI__Account__c]: [LLC_BI__Account__c]
  stacktrace: 
    Class.cm_TestDataFactory.createLegalEntity: line 256, column 1
    Class.cm_BookingBatchTest.Setup: line 178, column 1

• cm_BookingBatchTest.testUpdateLoanFields
  message: System.DmlException: Insert failed. First exception on row 0; first error: REQUIRED_FIELD_MISSING, Required fields are missing: [LLC_BI__Account__c]: [LLC_BI__Account__c]
  stacktrace: 
    Class.cm_TestDataFactory.createLegalEntity: line 256, column 1
    Class.cm_BookingBatchTest.Setup: line 178, column 1


Test Results Summary
Passing: 134
Failing: 32
Total: 166
Time: 230565
 »   Warning: Average test coverage across all Apex Classes and Triggers is 
 »   59%, at least 75% test coverage is required.
Error (1): Failed to validate the deployment (0Af9Q00000mgPeISAU). Due To:
Average test coverage across all Apex Classes and Triggers is 59%, at least 75% test coverage is required.
