Retrieving v64.0 metadata from rob.mockler@boi.com.r1sit using the v64.0 SOAP API

Retrieved Source
===================================================================================================================================================
| State   Name                                         Type Path                                                                                    
| ─────── ──────────────────────────────────────────── ──── ─────────────────────────────────────────────────────────────────────────────────────── 
| Created BOI_Record_Trigger_Application_After_Save-10 Flow force-app\main\default\flows\BOI_Record_Trigger_Application_After_Save-10.flow-meta.xml 
Validating Deployment of v64.0 metadata to rob.mockler@boi.com.r1sit using the v64.0 SOAP API.
Deploy ID: 0Af9b00000lTfccCAC

Validated Source
===============================================================================================================================================
| State     Name                                      Type Path                                                                                 
| ───────── ───────────────────────────────────────── ──── ──────────────────────────────────────────────────────────────────────────────────── 
| Unchanged BOI_Record_Trigger_Application_After_Save Flow force-app\main\default\flows\BOI_Record_Trigger_Application_After_Save.flow-meta.xml 

Test Results Summary
Passing: 6
Failing: 0
Total: 6
Time: 1730

Successfully validated the deployment (0Af9b00000lTfccCAC).
Run "sf project deploy quick --job-id 0Af9b00000lTfccCAC" to execute this deploy
r1sit
