HEAD is now at ffbd292 recent packages
On branch rob1
nothing to commit, working tree clean
test_package /c/devops/wkr2/vsc1/sfdx2
/c/Users/c139079/Onedri~1/EXT_package_xml/ncino-15102_collatepackage_rob_package.xml
Switched to branch 'luke'
On branch luke
nothing to commit, working tree clean
Preparing retrieve request...
[G[1A[JRetrieving v62.0 metadata from rob.mockler@boi.com.r1sit using the v64.0 SOAP API
Preparing retrieve request... [38;5;104m-[0m Sending request to org
[G[1A[JPreparing retrieve request... [38;5;104m\[0m Sending request to org
[G[1A[JPreparing retrieve request... [38;5;104m|[0m Waiting for the org to respond
[G[1A[JPreparing retrieve request... [38;5;104m/[0m Pending
[G[1A[JPreparing retrieve request... [38;5;104m-[0m Pending
[G[1A[JPreparing retrieve request... [38;5;104m\[0m Pending
[G[1A[JPreparing retrieve request... [38;5;104m|[0m Pending
[G[1A[JPreparing retrieve request... [38;5;104m/[0m Pending
[G[1A[JPreparing retrieve request... [38;5;104m-[0m Pending
[G[1A[JPreparing retrieve request... [38;5;104m\[0m Pending
[G[1A[JPreparing retrieve request... [38;5;104m|[0m Pending
[G[1A[JPreparing retrieve request... [38;5;104m/[0m Pending
[G[1A[JPreparing retrieve request... [38;5;104m-[0m Pending
[G[1A[JPreparing retrieve request... [38;5;104m\[0m Pending
[G[1A[JPreparing retrieve request... [38;5;104m|[0m Pending
[G[1A[JPreparing retrieve request... [38;5;104m/[0m Pending
[G[1A[JPreparing retrieve request... [38;5;104m-[0m Pending
[G[1A[JPreparing retrieve request... [38;5;104m\[0m Pending
[G[1A[JPreparing retrieve request... [38;5;104m|[0m Pending
[G[1A[JPreparing retrieve request... [38;5;104m/[0m Pending
[G[1A[JPreparing retrieve request... [38;5;104m-[0m Pending
[G[1A[JPreparing retrieve request... [38;5;104m\[0m Pending
[G[1A[JPreparing retrieve request... [38;5;104m|[0m Pending
[G[1A[JPreparing retrieve request... [38;5;104m/[0m Pending
[G[1A[JPreparing retrieve request... [38;5;104m-[0m Pending
[G[1A[JPreparing retrieve request... [38;5;104m\[0m Pending
[G[1A[JPreparing retrieve request... [38;5;104m|[0m Pending
[G[1A[JPreparing retrieve request... [38;5;104m/[0m Pending
[G[1A[JPreparing retrieve request... [38;5;104m-[0m Pending
[G[1A[JPreparing retrieve request... [38;5;104m\[0m Pending
[G[1A[JPreparing retrieve request... [38;5;104m|[0m Pending
[G[1A[JPreparing retrieve request... [38;5;104m/[0m Pending
[G[1A[JPreparing retrieve request... [38;5;104m-[0m Pending
[G[1A[JPreparing retrieve request... [38;5;104m\[0m Pending
[G[1A[JPreparing retrieve request... [38;5;104m|[0m Pending
[G[1A[JPreparing retrieve request... [38;5;104m/[0m Pending
[G[1A[JPreparing retrieve request... [38;5;104m-[0m Pending
[G[1A[JPreparing retrieve request... [38;5;104m\[0m Pending
[G[1A[JPreparing retrieve request... [38;5;104m|[0m Pending
[G[1A[JPreparing retrieve request... [38;5;104m/[0m Pending
[G[1A[JPreparing retrieve request... [38;5;104m-[0m Pending
[G[1A[JPreparing retrieve request... [38;5;104m\[0m In Progress
[G[1A[JPreparing retrieve request... [38;5;104m|[0m In Progress
[G[1A[JPreparing retrieve request... [38;5;104m/[0m In Progress
[G[1A[JPreparing retrieve request... [38;5;104m-[0m In Progress
[G[1A[JPreparing retrieve request... [38;5;104m\[0m In Progress
[G[1A[JPreparing retrieve request... [38;5;104m|[0m In Progress
[G[1A[JPreparing retrieve request... [38;5;104m/[0m In Progress
[G[1A[JPreparing retrieve request... [38;5;104m-[0m In Progress
[G[1A[JPreparing retrieve request... [38;5;104m\[0m In Progress
[G[1A[JPreparing retrieve request... [38;5;104m|[0m In Progress
[G[1A[JPreparing retrieve request... [38;5;104m/[0m In Progress
[G[1A[JPreparing retrieve request... [38;5;104m-[0m In Progress
[G[1A[JPreparing retrieve request... [38;5;104m\[0m In Progress
[G[1A[JPreparing retrieve request... [38;5;104m|[0m In Progress
[G[1A[JPreparing retrieve request... [38;5;104m/[0m In Progress
[G[1A[JPreparing retrieve request... [38;5;104m-[0m In Progress
[G[1A[JPreparing retrieve request... [38;5;104m\[0m In Progress
[G[1A[JPreparing retrieve request... [38;5;104m|[0m In Progress
[G[1A[JPreparing retrieve request... [38;5;104m/[0m In Progress
[G[1A[JPreparing retrieve request... [38;5;104m-[0m In Progress
[G[1A[JPreparing retrieve request... [38;5;104m\[0m In Progress
[G[1A[JPreparing retrieve request... [38;5;104m|[0m In Progress
[G[1A[JPreparing retrieve request... [38;5;104m/[0m In Progress
[G[1A[JPreparing retrieve request... [38;5;104m-[0m In Progress
[G[1A[JPreparing retrieve request... [38;5;104m\[0m In Progress
[G[1A[JPreparing retrieve request... [38;5;104m|[0m In Progress
[G[1A[JPreparing retrieve request... [38;5;104m/[0m In Progress
[G[1A[JPreparing retrieve request... [38;5;104m-[0m In Progress
[G[1A[JPreparing retrieve request... [38;5;104m\[0m In Progress
[G[1A[JPreparing retrieve request... [38;5;104m|[0m In Progress
[G[1A[JPreparing retrieve request... [38;5;104m/[0m In Progress
[G[1A[JPreparing retrieve request... [38;5;104m-[0m In Progress
[G[1A[JPreparing retrieve request... [38;5;104m\[0m In Progress
[G[1A[JPreparing retrieve request... [38;5;104m|[0m In Progress
[G[1A[JPreparing retrieve request... [38;5;104m/[0m In Progress
[G[1A[JPreparing retrieve request... [38;5;104m-[0m In Progress
[G[1A[JPreparing retrieve request... [38;5;104m\[0m In Progress
[G[1A[JPreparing retrieve request... [38;5;104m|[0m In Progress
[G[1A[JPreparing retrieve request... [38;5;104m/[0m In Progress
[G[1A[JPreparing retrieve request... [38;5;104m-[0m In Progress
[G[1A[JPreparing retrieve request... [38;5;104m\[0m In Progress
[G[1A[JPreparing retrieve request... [38;5;104m|[0m In Progress
[G[1A[JPreparing retrieve request... [38;5;104m/[0m In Progress
[G[1A[JPreparing retrieve request... [38;5;104m-[0m In Progress
[G[1A[JPreparing retrieve request... [38;5;104m\[0m In Progress
[G[1A[JPreparing retrieve request... [38;5;104m|[0m In Progress
[G[1A[JPreparing retrieve request... Succeeded

Retrieved Source
================================================================================================================================================================================================================================
| State   Name                                                                   Type          Path                                                                                                                              
| ─────── ────────────────────────────────────────────────────────────────────── ───────────── ───────────────────────────────────────────────────────────────────────────────────────────────────────────────────────────────── 
| Created LLC_BI__Collateral__c.Collateral_Group_Layout                          CompactLayout force-app\main\default\objects\LLC_BI__Collateral__c\compactLayouts\Collateral_Group_Layout.compactLayout-meta.xml                
| Created LLC_BI__Collateral__c.Collateral_Management_Layout                     CompactLayout force-app\main\default\objects\LLC_BI__Collateral__c\compactLayouts\Collateral_Management_Layout.compactLayout-meta.xml           
| Created Account.cm_Portfolio_Loan_to_Value__c                                  CustomField   force-app\main\default\objects\Account\fields\cm_Portfolio_Loan_to_Value__c.field-meta.xml                                        
| Created Account.cm_TotalCollaterallendableValue__c                             CustomField   force-app\main\default\objects\Account\fields\cm_TotalCollaterallendableValue__c.field-meta.xml                                   
| Created BOI_LinkedDebt__c.cm_ChildLoan__c                                      CustomField   force-app\main\default\objects\BOI_LinkedDebt__c\fields\cm_ChildLoan__c.field-meta.xml                                            
| Created BOI_LinkedDebt__c.cm_LinkedDebtName__c                                 CustomField   force-app\main\default\objects\BOI_LinkedDebt__c\fields\cm_LinkedDebtName__c.field-meta.xml                                       
| Created BOI_LinkedDebt__c.cm_ParentLoan__c                                     CustomField   force-app\main\default\objects\BOI_LinkedDebt__c\fields\cm_ParentLoan__c.field-meta.xml                                           
| Created LLC_BI__Collateral_Group__c.cm_AssociatedCollateralAddress__c          CustomField   force-app\main\default\objects\LLC_BI__Collateral_Group__c\fields\cm_AssociatedCollateralAddress__c.field-meta.xml                
| Created LLC_BI__Collateral_Group__c.cm_AssociatedCollateralType__c             CustomField   force-app\main\default\objects\LLC_BI__Collateral_Group__c\fields\cm_AssociatedCollateralType__c.field-meta.xml                   
| Created LLC_BI__Collateral_Group__c.cm_AssociatedCollateralValue__c            CustomField   force-app\main\default\objects\LLC_BI__Collateral_Group__c\fields\cm_AssociatedCollateralValue__c.field-meta.xml                  
| Created LLC_BI__Collateral_Type__c.LLC_BI__Subtype__c                          CustomField   force-app\main\default\objects\LLC_BI__Collateral_Type__c\fields\LLC_BI__Subtype__c.field-meta.xml                                
| Created LLC_BI__Collateral_Valuation__c.cm_OtherCurrencyValuationAmount__c     CustomField   force-app\main\default\objects\LLC_BI__Collateral_Valuation__c\fields\cm_OtherCurrencyValuationAmount__c.field-meta.xml           
| Created LLC_BI__Collateral_Valuation__c.cm_ValuationCurrency__c                CustomField   force-app\main\default\objects\LLC_BI__Collateral_Valuation__c\fields\cm_ValuationCurrency__c.field-meta.xml                      
| Created LLC_BI__Collateral__c.Energy_Rating_Score__c                           CustomField   force-app\main\default\objects\LLC_BI__Collateral__c\fields\Energy_Rating_Score__c.field-meta.xml                                 
| Created LLC_BI__Collateral__c.LLC_BI__Status__c                                CustomField   force-app\main\default\objects\LLC_BI__Collateral__c\fields\LLC_BI__Status__c.field-meta.xml                                      
| Created LLC_BI__Collateral__c.cm_BaselEligibleFlag__c                          CustomField   force-app\main\default\objects\LLC_BI__Collateral__c\fields\cm_BaselEligibleFlag__c.field-meta.xml                                
| Created LLC_BI__Collateral__c.cm_BuildingQuality__c                            CustomField   force-app\main\default\objects\LLC_BI__Collateral__c\fields\cm_BuildingQuality__c.field-meta.xml                                  
| Created LLC_BI__Collateral__c.cm_CollateAssetID__c                             CustomField   force-app\main\default\objects\LLC_BI__Collateral__c\fields\cm_CollateAssetID__c.field-meta.xml                                   
| Created LLC_BI__Collateral__c.cm_Collateral_Address__c                         CustomField   force-app\main\default\objects\LLC_BI__Collateral__c\fields\cm_Collateral_Address__c.field-meta.xml                               
| Created LLC_BI__Collateral__c.cm_DisplayInformation__c                         CustomField   force-app\main\default\objects\LLC_BI__Collateral__c\fields\cm_DisplayInformation__c.field-meta.xml                               
| Created LLC_BI__Collateral__c.cm_FamilyHome__c                                 CustomField   force-app\main\default\objects\LLC_BI__Collateral__c\fields\cm_FamilyHome__c.field-meta.xml                                       
| Created LLC_BI__Collateral__c.cm_FolioNumber__c                                CustomField   force-app\main\default\objects\LLC_BI__Collateral__c\fields\cm_FolioNumber__c.field-meta.xml                                      
| Created LLC_BI__Collateral__c.cm_FreeholdorLease__c                            CustomField   force-app\main\default\objects\LLC_BI__Collateral__c\fields\cm_FreeholdorLease__c.field-meta.xml                                  
| Created LLC_BI__Collateral__c.cm_Guarantee_Recourse_Code__c                    CustomField   force-app\main\default\objects\LLC_BI__Collateral__c\fields\cm_Guarantee_Recourse_Code__c.field-meta.xml                          
| Created LLC_BI__Collateral__c.cm_IPRE__c                                       CustomField   force-app\main\default\objects\LLC_BI__Collateral__c\fields\cm_IPRE__c.field-meta.xml                                             
| Created LLC_BI__Collateral__c.cm_IndexType__c                                  CustomField   force-app\main\default\objects\LLC_BI__Collateral__c\fields\cm_IndexType__c.field-meta.xml                                        
| Created LLC_BI__Collateral__c.cm_LEDID__c                                      CustomField   force-app\main\default\objects\LLC_BI__Collateral__c\fields\cm_LEDID__c.field-meta.xml                                            
| Created LLC_BI__Collateral__c.cm_LandAreaCode__c                               CustomField   force-app\main\default\objects\LLC_BI__Collateral__c\fields\cm_LandAreaCode__c.field-meta.xml                                     
| Created LLC_BI__Collateral__c.cm_LandArea__c                                   CustomField   force-app\main\default\objects\LLC_BI__Collateral__c\fields\cm_LandArea__c.field-meta.xml                                         
| Created LLC_BI__Collateral__c.cm_LocationQuality__c                            CustomField   force-app\main\default\objects\LLC_BI__Collateral__c\fields\cm_LocationQuality__c.field-meta.xml                                  
| Created LLC_BI__Collateral__c.cm_MapImage__c                                   CustomField   force-app\main\default\objects\LLC_BI__Collateral__c\fields\cm_MapImage__c.field-meta.xml                                         
| Created LLC_BI__Collateral__c.cm_Morethan1BorrowingEntity__c                   CustomField   force-app\main\default\objects\LLC_BI__Collateral__c\fields\cm_Morethan1BorrowingEntity__c.field-meta.xml                         
| Created LLC_BI__Collateral__c.cm_RegionCode__c                                 CustomField   force-app\main\default\objects\LLC_BI__Collateral__c\fields\cm_RegionCode__c.field-meta.xml                                       
| Created LLC_BI__Collateral__c.cm_Ringfenced__c                                 CustomField   force-app\main\default\objects\LLC_BI__Collateral__c\fields\cm_Ringfenced__c.field-meta.xml                                       
| Created LLC_BI__Collateral__c.cm_Status__c                                     CustomField   force-app\main\default\objects\LLC_BI__Collateral__c\fields\cm_Status__c.field-meta.xml                                           
| Created LLC_BI__Collateral__c.cm_TenantQuality__c                              CustomField   force-app\main\default\objects\LLC_BI__Collateral__c\fields\cm_TenantQuality__c.field-meta.xml                                    
| Created LLC_BI__Loan__c.cm_OtherLoanforLinkedDebtotLTV__c                      CustomField   force-app\main\default\objects\LLC_BI__Loan__c\fields\cm_OtherLoanforLinkedDebtotLTV__c.field-meta.xml                            
| Created LLC_BI__Loan__c.cm_ProductExposureFilter__c                            CustomField   force-app\main\default\objects\LLC_BI__Loan__c\fields\cm_ProductExposureFilter__c.field-meta.xml                                  
| Created LLC_BI__Loan__c.cm_SumofLinkedDebtsAmount__c                           CustomField   force-app\main\default\objects\LLC_BI__Loan__c\fields\cm_SumofLinkedDebtsAmount__c.field-meta.xml                                 
| Created LLC_BI__Loan__c.cm_TotalExposureforTransactionalLTV__c                 CustomField   force-app\main\default\objects\LLC_BI__Loan__c\fields\cm_TotalExposureforTransactionalLTV__c.field-meta.xml                       
| Created LLC_BI__Loan__c.cm_TransactionalLTV__c                                 CustomField   force-app\main\default\objects\LLC_BI__Loan__c\fields\cm_TransactionalLTV__c.field-meta.xml                                       
| Created cm_ConnectedLED__c.cm_Collateral_Mgmt__c                               CustomField   force-app\main\default\objects\cm_ConnectedLED__c\fields\cm_Collateral_Mgmt__c.field-meta.xml                                     
| Created cm_ConnectedLED__c.cm_LED__c                                           CustomField   force-app\main\default\objects\cm_ConnectedLED__c\fields\cm_LED__c.field-meta.xml                                                 
| Created cm_LED__c.cm_Amount__c                                                 CustomField   force-app\main\default\objects\cm_LED__c\fields\cm_Amount__c.field-meta.xml                                                       
| Created cm_LED__c.cm_DisplayInformation__c                                     CustomField   force-app\main\default\objects\cm_LED__c\fields\cm_DisplayInformation__c.field-meta.xml                                           
| Created cm_LED__c.cm_GuaranteeRecourseCode__c                                  CustomField   force-app\main\default\objects\cm_LED__c\fields\cm_GuaranteeRecourseCode__c.field-meta.xml                                        
| Created cm_LED__c.cm_GuaranteeType__c                                          CustomField   force-app\main\default\objects\cm_LED__c\fields\cm_GuaranteeType__c.field-meta.xml                                                
| Created cm_LED__c.cm_LEDID__c                                                  CustomField   force-app\main\default\objects\cm_LED__c\fields\cm_LEDID__c.field-meta.xml                                                        
| Created cm_LED__c.cm_Relationship__c                                           CustomField   force-app\main\default\objects\cm_LED__c\fields\cm_Relationship__c.field-meta.xml                                                 
| Created cm_LED__c.cm_SecurityType__c                                           CustomField   force-app\main\default\objects\cm_LED__c\fields\cm_SecurityType__c.field-meta.xml                                                 
| Created cm_LED__c.cm_Status__c                                                 CustomField   force-app\main\default\objects\cm_LED__c\fields\cm_Status__c.field-meta.xml                                                       
| Created BOI_LinkedDebt__c                                                      CustomObject  force-app\main\default\objects\BOI_LinkedDebt__c\BOI_LinkedDebt__c.object-meta.xml                                                
| Created cm_ConnectedLED__c                                                     CustomObject  force-app\main\default\objects\cm_ConnectedLED__c\cm_ConnectedLED__c.object-meta.xml                                              
| Created cm_LED__c                                                              CustomObject  force-app\main\default\objects\cm_LED__c\cm_LED__c.object-meta.xml                                                                
| Created BOI_LinkedDebt__c.cm_LinkedDebtinLoanUI                                FieldSet      force-app\main\default\objects\BOI_LinkedDebt__c\fieldSets\cm_LinkedDebtinLoanUI.fieldSet-meta.xml                                
| Created LLC_BI__Collateral_Valuation__c.LLC_BI__Collateral_Valuation_Default   FieldSet      force-app\main\default\objects\LLC_BI__Collateral_Valuation__c\fieldSets\LLC_BI__Collateral_Valuation_Default.fieldSet-meta.xml   
| Created LLC_BI__Collateral__c.LLC_BI__Collateral_Creation_Display_List         FieldSet      force-app\main\default\objects\LLC_BI__Collateral__c\fieldSets\LLC_BI__Collateral_Creation_Display_List.fieldSet-meta.xml         
| Created LLC_BI__Collateral__c.LLC_BI__Collateral_Creation_Screen_Configuration FieldSet      force-app\main\default\objects\LLC_BI__Collateral__c\fieldSets\LLC_BI__Collateral_Creation_Screen_Configuration.fieldSet-meta.xml 
| Created LLC_BI__Collateral__c.LLC_BI__Pledge_Card_Details                      FieldSet      force-app\main\default\objects\LLC_BI__Collateral__c\fieldSets\LLC_BI__Pledge_Card_Details.fieldSet-meta.xml                      
| Created LLC_BI__Loan_Collateral2__c.LLC_BI__UI_Collateral_Record_Schedule      FieldSet      force-app\main\default\objects\LLC_BI__Loan_Collateral2__c\fieldSets\LLC_BI__UI_Collateral_Record_Schedule.fieldSet-meta.xml      
| Created LLC_BI__Loan__c.LLC_BI__UI_Collateral_Summary                          FieldSet      force-app\main\default\objects\LLC_BI__Loan__c\fieldSets\LLC_BI__UI_Collateral_Summary.fieldSet-meta.xml                          
| Changed Business_Relationship_Layout                                           FlexiPage     force-app\main\default\flexipages\Business_Relationship_Layout.flexipage-meta.xml                                                 
| Created Coll_Mgmt_Real_Estate_ecb                                              FlexiPage     force-app\main\default\flexipages\Coll_Mgmt_Real_Estate_ecb.flexipage-meta.xml                                                    
| Created Coll_Mgmt_Standard                                                     FlexiPage     force-app\main\default\flexipages\Coll_Mgmt_Standard.flexipage-meta.xml                                                           
| Created Collateral_Valuation_Layout                                            FlexiPage     force-app\main\default\flexipages\Collateral_Valuation_Layout.flexipage-meta.xml                                                  
| Created LED_Record_Page                                                        FlexiPage     force-app\main\default\flexipages\LED_Record_Page.flexipage-meta.xml                                                              
| Created Linked_Debt_Record_Page                                                FlexiPage     force-app\main\default\flexipages\Linked_Debt_Record_Page.flexipage-meta.xml                                                      
| Created BOI_Autolaunched_Auto_Collateral_Pledged                               Flow          force-app\main\default\flows\BOI_Autolaunched_Auto_Collateral_Pledged.flow-meta.xml                                               
| Created BOI_Autolaunched_Summary_of_Linked_Debts_Amount                        Flow          force-app\main\default\flows\BOI_Autolaunched_Summary_of_Linked_Debts_Amount.flow-meta.xml                                        
| Created BOI_Record_Trigger_Application_After_Save                              Flow          force-app\main\default\flows\BOI_Record_Trigger_Application_After_Save.flow-meta.xml                                              
| Changed BOI_Record_Trigger_Loan_After_Save                                     Flow          force-app\main\default\flows\BOI_Record_Trigger_Loan_After_Save.flow-meta.xml                                                     
| Created BOI_Record_Trigger_Loan_Update_Mandatory_Flow                          Flow          force-app\main\default\flows\BOI_Record_Trigger_Loan_Update_Mandatory_Flow.flow-meta.xml                                          
| Created BOI_Screen_Flow_Linked_Debts_to_LTV                                    Flow          force-app\main\default\flows\BOI_Screen_Flow_Linked_Debts_to_LTV.flow-meta.xml                                                    
| Created BOI_LinkedDebt__c.All                                                  ListView      force-app\main\default\objects\BOI_LinkedDebt__c\listViews\All.listView-meta.xml                                                  
| Created cm_LED__c.All                                                          ListView      force-app\main\default\objects\cm_LED__c\listViews\All.listView-meta.xml                                                          
| Created LLC_BI__Loan__c.cm_LinkDebtstoLTV                                      QuickAction   force-app\main\default\quickActions\LLC_BI__Loan__c.cm_LinkDebtstoLTV.quickAction-meta.xml                                        
| Created LLC_BI__Collateral__c.LLC_BI__Real_Estate                              RecordType    force-app\main\default\objects\LLC_BI__Collateral__c\recordTypes\LLC_BI__Real_Estate.recordType-meta.xml                          
Validating Deployment of v62.0 metadata to rob.mockler@boi.com.luke using the v65.0 SOAP API.
Deploy ID: 0AfFg00000VaJK1KAN

Component Failures [2]
====================================================================================================================================================================
| Type  Name                         Problem                                                                                                                         
| ───── ──────────────────────────── ─────────────────────────────────────────────────────────────────────────────────────────────────────────────────────────────── 
| Error Business_Relationship_Layout Something went wrong. We couldn't retrieve or load the information on the field: Record.cm_Collate_Legal_Entity_ID__c. (807:28) 
| Error Business_Relationship_Layout Something went wrong. We couldn't retrieve or load the information on the field: Record.cm_Collate_Legal_Entity_ID__c.          

Test Results Summary
Passing: 0
Failing: 0
Total: 0
Error (1): Failed to validate the deployment (0AfFg00000VaJK1KAN). Due To:
1 component error(s)
