HEAD is now at 266eb31 Fixed tests apex1
On branch spreads1
nothing to commit, working tree clean
test_package /c/devops/wkr2/vsc1/sfdx2
/c/Users/c139079/Onedri~1/package_xml/ncino-15009_atest4_package.xml
Switched to branch 'r1sit'
On branch r1sit
nothing to commit, working tree clean
Preparing retrieve request...
[G[1A[JRetrieving v62.0 metadata from rob.mockler@boi.com.r1sit using the v64.0 SOAP API
Preparing retrieve request... [38;5;104m-[0m Sending request to org
[G[1A[JPreparing retrieve request... [38;5;104m\[0m Sending request to org
[G[1A[JPreparing retrieve request... [38;5;104m|[0m Sending request to org
[G[1A[JPreparing retrieve request... [38;5;104m/[0m Sending request to org
[G[1A[JPreparing retrieve request... [38;5;104m-[0m Sending request to org
[G[1A[JPreparing retrieve request... [38;5;104m\[0m Sending request to org
[G[1A[JPreparing retrieve request... [38;5;104m|[0m Sending request to org
[G[1A[JPreparing retrieve request... [38;5;104m/[0m Sending request to org
[G[1A[JPreparing retrieve request... [38;5;104m-[0m Waiting for the org to respond
[G[1A[JPreparing retrieve request... [38;5;104m\[0m Waiting for the org to respond
[G[1A[JPreparing retrieve request... Succeeded

Retrieved Source
=======================================================================================================================================
| State   Name                                Type      Path                                                                            
| ─────── ─────────────────────────────────── ───────── ─────────────────────────────────────────────────────────────────────────────── 
| Created CM_CRIFCRDocumentUpload             ApexClass force-app\main\default\classes\CM_CRIFCRDocumentUpload.cls                      
| Created CM_CRIFCRDocumentUpload             ApexClass force-app\main\default\classes\CM_CRIFCRDocumentUpload.cls-meta.xml             
| Created CM_CRIFCRDocumentUploadTest         ApexClass force-app\main\default\classes\CM_CRIFCRDocumentUploadTest.cls                  
| Created CM_CRIFCRDocumentUploadTest         ApexClass force-app\main\default\classes\CM_CRIFCRDocumentUploadTest.cls-meta.xml         
| Created LightningLoginFormController        ApexClass force-app\main\default\classes\LightningLoginFormController.cls                 
| Created LightningLoginFormController        ApexClass force-app\main\default\classes\LightningLoginFormController.cls-meta.xml        
| Created LightningLoginFormControllerTest    ApexClass force-app\main\default\classes\LightningLoginFormControllerTest.cls             
| Created LightningLoginFormControllerTest    ApexClass force-app\main\default\classes\LightningLoginFormControllerTest.cls-meta.xml    
| Created RecalculateRelationshipStats        ApexClass force-app\main\default\classes\RecalculateRelationshipStats.cls                 
| Created RecalculateRelationshipStats        ApexClass force-app\main\default\classes\RecalculateRelationshipStats.cls-meta.xml        
| Created RecalculateRelationshipStatsTest    ApexClass force-app\main\default\classes\RecalculateRelationshipStatsTest.cls             
| Created RecalculateRelationshipStatsTest    ApexClass force-app\main\default\classes\RecalculateRelationshipStatsTest.cls-meta.xml    
| Created UserInterfaceRecordOwnerUtility     ApexClass force-app\main\default\classes\UserInterfaceRecordOwnerUtility.cls              
| Created UserInterfaceRecordOwnerUtility     ApexClass force-app\main\default\classes\UserInterfaceRecordOwnerUtility.cls-meta.xml     
| Created UserInterfaceRecordOwnerUtilityTest ApexClass force-app\main\default\classes\UserInterfaceRecordOwnerUtilityTest.cls          
| Created UserInterfaceRecordOwnerUtilityTest ApexClass force-app\main\default\classes\UserInterfaceRecordOwnerUtilityTest.cls-meta.xml 
Validating Deployment of v62.0 metadata to rob.mockler@boi.com.r1sit using the v64.0 SOAP API.
Deploy ID: 0Af9b00000ktsIDCAY

Test Failures [2]
• RecalculateRelationshipStatsTest.driver
  message: System.AsyncException: Based on configured schedule, the given trigger 'SCHEDULED_APEX_JOB_TYPE.000000000000000' will never fire.
  stacktrace: 
    Class.RecalculateRelationshipStatsTest.driver: line 11, column 1

• LightningLoginFormControllerTest.testLoginWithInvalidCredentials
  message: System.AssertException: Assertion Failed: Expected: Argument 1 cannot be null, Actual: null
  stacktrace: 
    Class.LightningLoginFormControllerTest.testLoginWithInvalidCredentials: line 6, column 1


Test Results Summary
Passing: 169
Failing: 2
Total: 171
Time: 224966
Error (1): Failed to validate the deployment (0Af9b00000ktsIDCAY). Due To:

