Retrieving v64.0 metadata from rob.mockler@boi.com using the v64.0 SOAP API

Retrieved Source
=============================================================================================================================
| State   Name                              Type Path                                                                         
| ─────── ───────────────────────────────── ──── ──────────────────────────────────────────────────────────────────────────── 
| Created BOI_Screen_Flow_Master_Controller Flow force-app\main\default\flows\BOI_Screen_Flow_Master_Controller.flow-meta.xml 
Validating Deployment of v64.0 metadata to rob.mockler@boi.com.rob1 using the v64.0 SOAP API.
Deploy ID: 0Af9Q00000mSis6SAC

Validated Source
===============================================================================================================================
| State     Name                              Type Path                                                                         
| ───────── ───────────────────────────────── ──── ──────────────────────────────────────────────────────────────────────────── 
| Unchanged BOI_Screen_Flow_Master_Controller Flow force-app\main\default\flows\BOI_Screen_Flow_Master_Controller.flow-meta.xml 

Test Results Summary
Passing: 6
Failing: 0
Total: 6
Time: 4998

Successfully validated the deployment (0Af9Q00000mSis6SAC).
Run "sf project deploy quick --job-id 0Af9Q00000mSis6SAC" to execute this deploy
