error: The following untracked working tree files would be overwritten by checkout:
	force-app/main/default/classes/CM_CRIFCRDocumentUpload.cls
	force-app/main/default/classes/CM_CRIFCRDocumentUpload.cls-meta.xml
	force-app/main/default/classes/CM_CRIFCRDocumentUploadTest.cls
	force-app/main/default/classes/CM_CRIFCRDocumentUploadTest.cls-meta.xml
	force-app/main/default/classes/LightningLoginFormControllerTest.cls
	force-app/main/default/classes/LightningLoginFormControllerTest.cls-meta.xml
	force-app/main/default/classes/RecalculateRelationshipStatsTest.cls
	force-app/main/default/classes/RecalculateRelationshipStatsTest.cls-meta.xml
	force-app/main/default/classes/UserInterfaceRecordOwnerUtilityTest.cls
	force-app/main/default/classes/UserInterfaceRecordOwnerUtilityTest.cls-meta.xml
Please move or remove them before you switch branches.
Aborting
HEAD is now at 2951f11 recent packages
Removing force-app/main/default/classes/
On branch rob1
nothing to commit, working tree clean
test_package /c/devops/wkr2/vsc1/sfdx2
/c/Users/c139079/Onedri~1/package_xml/ncino-15009_atests4_package.xml
Switched to branch 'r1qa'
On branch r1qa
nothing to commit, working tree clean
Preparing retrieve request...
[G[1A[JRetrieving v62.0 metadata from rob.mockler@boi.com.r1qa using the v64.0 SOAP API
Preparing retrieve request... [38;5;104m-[0m Sending request to org
[G[1A[JPreparing retrieve request... [38;5;104m\[0m Sending request to org
[G[1A[JPreparing retrieve request... [38;5;104m|[0m Sending request to org
[G[1A[JPreparing retrieve request... [38;5;104m/[0m Sending request to org
[G[1A[JPreparing retrieve request... [38;5;104m-[0m Sending request to org
[G[1A[JPreparing retrieve request... [38;5;104m\[0m Sending request to org
[G[1A[JPreparing retrieve request... [38;5;104m|[0m Sending request to org
[G[1A[JPreparing retrieve request... [38;5;104m/[0m Sending request to org
[G[1A[JPreparing retrieve request... [38;5;104m-[0m Waiting for the org to respond
[G[1A[JPreparing retrieve request... Succeeded

Retrieved Source
=======================================================================================================================================
| State   Name                                Type      Path                                                                            
| ─────── ─────────────────────────────────── ───────── ─────────────────────────────────────────────────────────────────────────────── 
| Changed CM_CRIFCRDocumentUpload             ApexClass force-app\main\default\classes\CM_CRIFCRDocumentUpload.cls                      
| Changed CM_CRIFCRDocumentUpload             ApexClass force-app\main\default\classes\CM_CRIFCRDocumentUpload.cls-meta.xml             
| Changed CM_CRIFCRDocumentUploadTest         ApexClass force-app\main\default\classes\CM_CRIFCRDocumentUploadTest.cls                  
| Changed CM_CRIFCRDocumentUploadTest         ApexClass force-app\main\default\classes\CM_CRIFCRDocumentUploadTest.cls-meta.xml         
| Created LightningLoginFormController        ApexClass force-app\main\default\classes\LightningLoginFormController.cls                 
| Created LightningLoginFormController        ApexClass force-app\main\default\classes\LightningLoginFormController.cls-meta.xml        
| Changed LightningLoginFormControllerTest    ApexClass force-app\main\default\classes\LightningLoginFormControllerTest.cls             
| Changed LightningLoginFormControllerTest    ApexClass force-app\main\default\classes\LightningLoginFormControllerTest.cls-meta.xml    
| Created RecalculateRelationshipStats        ApexClass force-app\main\default\classes\RecalculateRelationshipStats.cls                 
| Created RecalculateRelationshipStats        ApexClass force-app\main\default\classes\RecalculateRelationshipStats.cls-meta.xml        
| Changed RecalculateRelationshipStatsTest    ApexClass force-app\main\default\classes\RecalculateRelationshipStatsTest.cls             
| Changed RecalculateRelationshipStatsTest    ApexClass force-app\main\default\classes\RecalculateRelationshipStatsTest.cls-meta.xml    
| Created UserInterfaceRecordOwnerUtility     ApexClass force-app\main\default\classes\UserInterfaceRecordOwnerUtility.cls              
| Created UserInterfaceRecordOwnerUtility     ApexClass force-app\main\default\classes\UserInterfaceRecordOwnerUtility.cls-meta.xml     
| Changed UserInterfaceRecordOwnerUtilityTest ApexClass force-app\main\default\classes\UserInterfaceRecordOwnerUtilityTest.cls          
| Changed UserInterfaceRecordOwnerUtilityTest ApexClass force-app\main\default\classes\UserInterfaceRecordOwnerUtilityTest.cls-meta.xml 
Validating Deployment of v62.0 metadata to rob.mockler@boi.com.r1qa using the v64.0 SOAP API.
Deploy ID: 0Af9b00000l2uZJCAY

Validated Source
=========================================================================================================================================
| State     Name                                Type      Path                                                                            
| ───────── ─────────────────────────────────── ───────── ─────────────────────────────────────────────────────────────────────────────── 
| Unchanged CM_CRIFCRDocumentUpload             ApexClass force-app\main\default\classes\CM_CRIFCRDocumentUpload.cls                      
| Unchanged CM_CRIFCRDocumentUpload             ApexClass force-app\main\default\classes\CM_CRIFCRDocumentUpload.cls-meta.xml             
| Unchanged CM_CRIFCRDocumentUploadTest         ApexClass force-app\main\default\classes\CM_CRIFCRDocumentUploadTest.cls                  
| Unchanged CM_CRIFCRDocumentUploadTest         ApexClass force-app\main\default\classes\CM_CRIFCRDocumentUploadTest.cls-meta.xml         
| Unchanged LightningLoginFormController        ApexClass force-app\main\default\classes\LightningLoginFormController.cls                 
| Unchanged LightningLoginFormController        ApexClass force-app\main\default\classes\LightningLoginFormController.cls-meta.xml        
| Unchanged LightningLoginFormControllerTest    ApexClass force-app\main\default\classes\LightningLoginFormControllerTest.cls             
| Unchanged LightningLoginFormControllerTest    ApexClass force-app\main\default\classes\LightningLoginFormControllerTest.cls-meta.xml    
| Unchanged RecalculateRelationshipStats        ApexClass force-app\main\default\classes\RecalculateRelationshipStats.cls                 
| Unchanged RecalculateRelationshipStats        ApexClass force-app\main\default\classes\RecalculateRelationshipStats.cls-meta.xml        
| Unchanged RecalculateRelationshipStatsTest    ApexClass force-app\main\default\classes\RecalculateRelationshipStatsTest.cls             
| Unchanged RecalculateRelationshipStatsTest    ApexClass force-app\main\default\classes\RecalculateRelationshipStatsTest.cls-meta.xml    
| Unchanged UserInterfaceRecordOwnerUtility     ApexClass force-app\main\default\classes\UserInterfaceRecordOwnerUtility.cls              
| Unchanged UserInterfaceRecordOwnerUtility     ApexClass force-app\main\default\classes\UserInterfaceRecordOwnerUtility.cls-meta.xml     
| Unchanged UserInterfaceRecordOwnerUtilityTest ApexClass force-app\main\default\classes\UserInterfaceRecordOwnerUtilityTest.cls          
| Unchanged UserInterfaceRecordOwnerUtilityTest ApexClass force-app\main\default\classes\UserInterfaceRecordOwnerUtilityTest.cls-meta.xml 

Test Results Summary
Passing: 171
Failing: 0
Total: 171
Time: 178667

Successfully validated the deployment (0Af9b00000l2uZJCAY).
Run "sf project deploy quick --job-id 0Af9b00000l2uZJCAY" to execute this deploy
[r1qa 4acd1c7] recent packages
 8 files changed, 569 insertions(+), 14 deletions(-)
 create mode 100644 force-app/main/default/classes/LightningLoginFormController.cls
 create mode 100644 force-app/main/default/classes/LightningLoginFormController.cls-meta.xml
 create mode 100644 force-app/main/default/classes/RecalculateRelationshipStats.cls
 create mode 100644 force-app/main/default/classes/RecalculateRelationshipStats.cls-meta.xml
 create mode 100644 force-app/main/default/classes/UserInterfaceRecordOwnerUtility.cls
 create mode 100644 force-app/main/default/classes/UserInterfaceRecordOwnerUtility.cls-meta.xml
On branch r1qa
nothing to commit, working tree clean
Printing the return value successfull 0 \n/c/Users/c139079/Onedri~1/package_xml/ncino-15009_atests4_package.xml
