HEAD is now at 671ee84 Update trests org
Removing force-app/main/default/flows/nCino_CM_Screen_Flow_Loan_Creation_2.flow-meta.xml
Removing force-app/main/default/objects/LLC_BI__Loan__c/fields/cm_ESGBusinessSector__c.field-meta.xml
Removing force-app/main/default/objects/LLC_BI__Loan__c/fields/cm_ESGEnhancedReviewActivities__c.field-meta.xml
Removing force-app/main/default/objects/LLC_BI__Loan__c/fields/cm_ESGExcludedActivities__c.field-meta.xml
Removing force-app/main/default/objects/LLC_BI__Loan__c/fields/cm_ESGGeneralScreeningActivities__c.field-meta.xml
Removing force-app/main/default/objects/LLC_BI__Loan__c/fields/cm_Multiple_Facillities__c.field-meta.xml
Removing force-app/main/default/objects/LLC_BI__Loan__c/fields/cm_Number_Of_Employees__c.field-meta.xml
Removing force-app/main/default/objects/LLC_BI__Loan__c/fields/cm_OffFarmIncome__c.field-meta.xml
Removing force-app/main/default/objects/LLC_BI__Loan__c/fields/cm_OperatingBusinessSector__c.field-meta.xml
On branch stephen
nothing to commit, working tree clean
test_package /c/devops/wkr2/vsc1/sfdx1
/c/Users/c139079/Onedri~1/package_xml/ncino-15170_test2_package.xml
Already on 'stephen'
On branch stephen
nothing to commit, working tree clean
Preparing retrieve request...
[G[1A[JRetrieving v62.0 metadata from rob.mockler@boi.com.spreads1 using the v64.0 SOAP API
Preparing retrieve request... [38;5;104m-[0m Sending request to org
[G[1A[JPreparing retrieve request... [38;5;104m\[0m Sending request to org
[G[1A[JPreparing retrieve request... [38;5;104m|[0m Waiting for the org to respond
[G[1A[JPreparing retrieve request... [38;5;104m/[0m Waiting for the org to respond
[G[1A[JPreparing retrieve request... [38;5;104m-[0m In Progress
[G[1A[JPreparing retrieve request... [38;5;104m\[0m In Progress
[G[1A[JPreparing retrieve request... [38;5;104m|[0m In Progress
[G[1A[JPreparing retrieve request... [38;5;104m/[0m In Progress
[G[1A[JPreparing retrieve request... [38;5;104m-[0m In Progress
[G[1A[JPreparing retrieve request... [38;5;104m\[0m In Progress
[G[1A[JPreparing retrieve request... [38;5;104m|[0m In Progress
[G[1A[JPreparing retrieve request... [38;5;104m/[0m In Progress
[G[1A[JPreparing retrieve request... [38;5;104m-[0m In Progress
[G[1A[JPreparing retrieve request... [38;5;104m\[0m In Progress
[G[1A[JPreparing retrieve request... [38;5;104m|[0m In Progress
[G[1A[JPreparing retrieve request... [38;5;104m/[0m In Progress
[G[1A[JPreparing retrieve request... [38;5;104m-[0m In Progress
[G[1A[JPreparing retrieve request... [38;5;104m\[0m In Progress
[G[1A[JPreparing retrieve request... [38;5;104m|[0m In Progress
[G[1A[JPreparing retrieve request... [38;5;104m/[0m In Progress
[G[1A[JPreparing retrieve request... [38;5;104m-[0m In Progress
[G[1A[JPreparing retrieve request... [38;5;104m\[0m In Progress
[G[1A[JPreparing retrieve request... [38;5;104m|[0m In Progress
[G[1A[JPreparing retrieve request... [38;5;104m/[0m In Progress
[G[1A[JPreparing retrieve request... [38;5;104m-[0m In Progress
[G[1A[JPreparing retrieve request... [38;5;104m\[0m In Progress
[G[1A[JPreparing retrieve request... [38;5;104m|[0m In Progress
[G[1A[JPreparing retrieve request... [38;5;104m/[0m In Progress
[G[1A[JPreparing retrieve request... [38;5;104m-[0m In Progress
[G[1A[JPreparing retrieve request... [38;5;104m\[0m In Progress
[G[1A[JPreparing retrieve request... Succeeded

Retrieved Source
==================================================================================================================================================================================
| State   Name                                                Type        Path                                                                                                     
| ─────── ─────────────────────────────────────────────────── ─────────── ──────────────────────────────────────────────────────────────────────────────────────────────────────── 
| Created CM_CRIFCRDocumentUpload                             ApexClass   force-app\main\default\classes\CM_CRIFCRDocumentUpload.cls                                               
| Created CM_CRIFCRDocumentUpload                             ApexClass   force-app\main\default\classes\CM_CRIFCRDocumentUpload.cls-meta.xml                                      
| Created CM_CRIFCRDocumentUploadTest                         ApexClass   force-app\main\default\classes\CM_CRIFCRDocumentUploadTest.cls                                           
| Created CM_CRIFCRDocumentUploadTest                         ApexClass   force-app\main\default\classes\CM_CRIFCRDocumentUploadTest.cls-meta.xml                                  
| Created LightningLoginFormController                        ApexClass   force-app\main\default\classes\LightningLoginFormController.cls                                          
| Created LightningLoginFormController                        ApexClass   force-app\main\default\classes\LightningLoginFormController.cls-meta.xml                                 
| Changed LightningLoginFormControllerTest                    ApexClass   force-app\main\default\classes\LightningLoginFormControllerTest.cls                                      
| Changed LightningLoginFormControllerTest                    ApexClass   force-app\main\default\classes\LightningLoginFormControllerTest.cls-meta.xml                             
| Created RecalculateRelationshipStats                        ApexClass   force-app\main\default\classes\RecalculateRelationshipStats.cls                                          
| Created RecalculateRelationshipStats                        ApexClass   force-app\main\default\classes\RecalculateRelationshipStats.cls-meta.xml                                 
| Changed RecalculateRelationshipStatsTest                    ApexClass   force-app\main\default\classes\RecalculateRelationshipStatsTest.cls                                      
| Changed RecalculateRelationshipStatsTest                    ApexClass   force-app\main\default\classes\RecalculateRelationshipStatsTest.cls-meta.xml                             
| Created UserInterfaceRecordOwnerUtility                     ApexClass   force-app\main\default\classes\UserInterfaceRecordOwnerUtility.cls                                       
| Created UserInterfaceRecordOwnerUtility                     ApexClass   force-app\main\default\classes\UserInterfaceRecordOwnerUtility.cls-meta.xml                              
| Changed UserInterfaceRecordOwnerUtilityTest                 ApexClass   force-app\main\default\classes\UserInterfaceRecordOwnerUtilityTest.cls                                   
| Changed UserInterfaceRecordOwnerUtilityTest                 ApexClass   force-app\main\default\classes\UserInterfaceRecordOwnerUtilityTest.cls-meta.xml                          
| Created LLC_BI__Loan__c.cm_DairyFarming__c                  CustomField force-app\main\default\objects\LLC_BI__Loan__c\fields\cm_DairyFarming__c.field-meta.xml                  
| Created LLC_BI__Loan__c.cm_ESGBusinessSector__c             CustomField force-app\main\default\objects\LLC_BI__Loan__c\fields\cm_ESGBusinessSector__c.field-meta.xml             
| Created LLC_BI__Loan__c.cm_ESGEnhancedReviewActivities__c   CustomField force-app\main\default\objects\LLC_BI__Loan__c\fields\cm_ESGEnhancedReviewActivities__c.field-meta.xml   
| Created LLC_BI__Loan__c.cm_ESGExcludedActivities__c         CustomField force-app\main\default\objects\LLC_BI__Loan__c\fields\cm_ESGExcludedActivities__c.field-meta.xml         
| Created LLC_BI__Loan__c.cm_ESGGeneralScreeningActivities__c CustomField force-app\main\default\objects\LLC_BI__Loan__c\fields\cm_ESGGeneralScreeningActivities__c.field-meta.xml 
| Created LLC_BI__Loan__c.cm_Multiple_Facillities__c          CustomField force-app\main\default\objects\LLC_BI__Loan__c\fields\cm_Multiple_Facillities__c.field-meta.xml          
| Created LLC_BI__Loan__c.cm_Number_Of_Employees__c           CustomField force-app\main\default\objects\LLC_BI__Loan__c\fields\cm_Number_Of_Employees__c.field-meta.xml           
| Created LLC_BI__Loan__c.cm_OffFarmIncome__c                 CustomField force-app\main\default\objects\LLC_BI__Loan__c\fields\cm_OffFarmIncome__c.field-meta.xml                 
| Created LLC_BI__Loan__c.cm_OperatingBusinessSector__c       CustomField force-app\main\default\objects\LLC_BI__Loan__c\fields\cm_OperatingBusinessSector__c.field-meta.xml       
| Created nCino_CM_Screen_Flow_Loan_Creation_2                Flow        force-app\main\default\flows\nCino_CM_Screen_Flow_Loan_Creation_2.flow-meta.xml                          
Validating Deployment of v62.0 metadata to rob.mockler@boi.com.stephen using the v65.0 SOAP API.
Deploy ID: 0AfFg00000VdYHhKAN

Validated Source
====================================================================================================================================================================================
| State     Name                                                Type        Path                                                                                                     
| ───────── ─────────────────────────────────────────────────── ─────────── ──────────────────────────────────────────────────────────────────────────────────────────────────────── 
| Unchanged CM_CRIFCRDocumentUpload                             ApexClass   force-app\main\default\classes\CM_CRIFCRDocumentUpload.cls                                               
| Unchanged CM_CRIFCRDocumentUpload                             ApexClass   force-app\main\default\classes\CM_CRIFCRDocumentUpload.cls-meta.xml                                      
| Unchanged CM_CRIFCRDocumentUploadTest                         ApexClass   force-app\main\default\classes\CM_CRIFCRDocumentUploadTest.cls                                           
| Unchanged CM_CRIFCRDocumentUploadTest                         ApexClass   force-app\main\default\classes\CM_CRIFCRDocumentUploadTest.cls-meta.xml                                  
| Unchanged LightningLoginFormController                        ApexClass   force-app\main\default\classes\LightningLoginFormController.cls                                          
| Unchanged LightningLoginFormController                        ApexClass   force-app\main\default\classes\LightningLoginFormController.cls-meta.xml                                 
| Changed   LightningLoginFormControllerTest                    ApexClass   force-app\main\default\classes\LightningLoginFormControllerTest.cls                                      
| Changed   LightningLoginFormControllerTest                    ApexClass   force-app\main\default\classes\LightningLoginFormControllerTest.cls-meta.xml                             
| Unchanged RecalculateRelationshipStats                        ApexClass   force-app\main\default\classes\RecalculateRelationshipStats.cls                                          
| Unchanged RecalculateRelationshipStats                        ApexClass   force-app\main\default\classes\RecalculateRelationshipStats.cls-meta.xml                                 
| Changed   RecalculateRelationshipStatsTest                    ApexClass   force-app\main\default\classes\RecalculateRelationshipStatsTest.cls                                      
| Changed   RecalculateRelationshipStatsTest                    ApexClass   force-app\main\default\classes\RecalculateRelationshipStatsTest.cls-meta.xml                             
| Unchanged UserInterfaceRecordOwnerUtility                     ApexClass   force-app\main\default\classes\UserInterfaceRecordOwnerUtility.cls                                       
| Unchanged UserInterfaceRecordOwnerUtility                     ApexClass   force-app\main\default\classes\UserInterfaceRecordOwnerUtility.cls-meta.xml                              
| Changed   UserInterfaceRecordOwnerUtilityTest                 ApexClass   force-app\main\default\classes\UserInterfaceRecordOwnerUtilityTest.cls                                   
| Changed   UserInterfaceRecordOwnerUtilityTest                 ApexClass   force-app\main\default\classes\UserInterfaceRecordOwnerUtilityTest.cls-meta.xml                          
| Unchanged LLC_BI__Loan__c.cm_DairyFarming__c                  CustomField force-app\main\default\objects\LLC_BI__Loan__c\fields\cm_DairyFarming__c.field-meta.xml                  
| Created   LLC_BI__Loan__c.cm_ESGBusinessSector__c             CustomField force-app\main\default\objects\LLC_BI__Loan__c\fields\cm_ESGBusinessSector__c.field-meta.xml             
| Created   LLC_BI__Loan__c.cm_ESGEnhancedReviewActivities__c   CustomField force-app\main\default\objects\LLC_BI__Loan__c\fields\cm_ESGEnhancedReviewActivities__c.field-meta.xml   
| Created   LLC_BI__Loan__c.cm_ESGExcludedActivities__c         CustomField force-app\main\default\objects\LLC_BI__Loan__c\fields\cm_ESGExcludedActivities__c.field-meta.xml         
| Created   LLC_BI__Loan__c.cm_ESGGeneralScreeningActivities__c CustomField force-app\main\default\objects\LLC_BI__Loan__c\fields\cm_ESGGeneralScreeningActivities__c.field-meta.xml 
| Created   LLC_BI__Loan__c.cm_Multiple_Facillities__c          CustomField force-app\main\default\objects\LLC_BI__Loan__c\fields\cm_Multiple_Facillities__c.field-meta.xml          
| Created   LLC_BI__Loan__c.cm_Number_Of_Employees__c           CustomField force-app\main\default\objects\LLC_BI__Loan__c\fields\cm_Number_Of_Employees__c.field-meta.xml           
| Created   LLC_BI__Loan__c.cm_OffFarmIncome__c                 CustomField force-app\main\default\objects\LLC_BI__Loan__c\fields\cm_OffFarmIncome__c.field-meta.xml                 
| Created   LLC_BI__Loan__c.cm_OperatingBusinessSector__c       CustomField force-app\main\default\objects\LLC_BI__Loan__c\fields\cm_OperatingBusinessSector__c.field-meta.xml       
| Changed   nCino_CM_Screen_Flow_Loan_Creation_2                Flow        force-app\main\default\flows\nCino_CM_Screen_Flow_Loan_Creation_2.flow-meta.xml                          

Test Results Summary
Passing: 166
Failing: 0
Total: 166
Time: 200495

Successfully validated the deployment (0AfFg00000VdYHhKAN).
Run "sf project deploy quick --job-id 0AfFg00000VdYHhKAN" to execute this deploy
Printing the return value successfull 0 \n/c/Users/c139079/Onedri~1/package_xml/ncino-15170_test2_package.xml
