HEAD is now at 42e4414 recent packages
Removing force-app/main/default/classes/LightningLoginFormController.cls
Removing force-app/main/default/classes/LightningLoginFormController.cls-meta.xml
Removing force-app/main/default/classes/RecalculateRelationshipStats.cls
Removing force-app/main/default/classes/RecalculateRelationshipStats.cls-meta.xml
Removing force-app/main/default/classes/UserInterfaceRecordOwnerUtility.cls
Removing force-app/main/default/classes/UserInterfaceRecordOwnerUtility.cls-meta.xml
On branch product
nothing to commit, working tree clean
test_package /c/devops/wkr2/vsc1/sfdx2
/c/Users/c139079/Onedri~1/package_xml/ncino-15009_atests4_package.xml
Already on 'product'
On branch product
nothing to commit, working tree clean
Preparing retrieve request...
[G[1A[JRetrieving v62.0 metadata from rob.mockler@boi.com using the v64.0 SOAP API
Error (1): request to https://bankofireland.my.salesforce.com/services/Soap/m/64.0 failed, reason: connect EACCES 192.168.170.140:8080
Preparing retrieve request... done
Validating Deployment of v62.0 metadata to rob.mockler@boi.com using the v64.0 SOAP API.
Error (1): request to https://bankofireland.my.salesforce.com/services/Soap/m/64.0 failed, reason: connect EACCES 192.168.170.140:8080
