HEAD is now at cd0298b Org sync for /c/Users/c139079/package_xml/ncino-13114_full_package.xml
Removing force-app/main/default/classes/LightningLoginFormControllerTest.cls
Removing force-app/main/default/classes/LightningLoginFormControllerTest.cls-meta.xml
Removing force-app/main/default/classes/RecalculateRelationshipStatsTest.cls
Removing force-app/main/default/classes/RecalculateRelationshipStatsTest.cls-meta.xml
Removing force-app/main/default/classes/UserInterfaceRecordOwnerUtilityTest.cls
Removing force-app/main/default/classes/UserInterfaceRecordOwnerUtilityTest.cls-meta.xml
On branch spreads1
nothing to commit, working tree clean
test_package /c/devops/wkr2/vsc1/sfdx1
/c/Users/c139079/Onedri~1/EXT_package_xml/ncino-15610_busrel1_package.xml
error: pathspec 'product' did not match any file(s) known to git
On branch spreads1
nothing to commit, working tree clean
Preparing retrieve request...
[G[1A[JRetrieving v62.0 metadata from rob.mockler@boi.com using the v64.0 SOAP API
Preparing retrieve request... [38;5;104m-[0m Sending request to org
[G[1A[JPreparing retrieve request... [38;5;104m\[0m Sending request to org
[G[1A[JPreparing retrieve request... [38;5;104m|[0m Waiting for the org to respond
[G[1A[JPreparing retrieve request... [38;5;104m/[0m In Progress
[G[1A[JPreparing retrieve request... [38;5;104m-[0m In Progress
[G[1A[JPreparing retrieve request... [38;5;104m\[0m In Progress
[G[1A[JPreparing retrieve request... [38;5;104m|[0m In Progress
[G[1A[JPreparing retrieve request... [38;5;104m/[0m In Progress
[G[1A[JPreparing retrieve request... [38;5;104m-[0m In Progress
[G[1A[JPreparing retrieve request... [38;5;104m\[0m In Progress
[G[1A[JPreparing retrieve request... [38;5;104m|[0m In Progress
[G[1A[JPreparing retrieve request... [38;5;104m/[0m In Progress
[G[1A[JPreparing retrieve request... [38;5;104m-[0m In Progress
[G[1A[JPreparing retrieve request... [38;5;104m\[0m In Progress
[G[1A[JPreparing retrieve request... [38;5;104m|[0m In Progress
[G[1A[JPreparing retrieve request... [38;5;104m/[0m In Progress
[G[1A[JPreparing retrieve request... [38;5;104m-[0m In Progress
[G[1A[JPreparing retrieve request... [38;5;104m\[0m In Progress
[G[1A[JPreparing retrieve request... [38;5;104m|[0m In Progress
[G[1A[JPreparing retrieve request... [38;5;104m/[0m In Progress
[G[1A[JPreparing retrieve request... [38;5;104m-[0m In Progress
[G[1A[JPreparing retrieve request... [38;5;104m\[0m In Progress
[G[1A[JPreparing retrieve request... [38;5;104m|[0m In Progress
[G[1A[JPreparing retrieve request... [38;5;104m/[0m In Progress
[G[1A[JPreparing retrieve request... [38;5;104m-[0m In Progress
[G[1A[JPreparing retrieve request... [38;5;104m\[0m In Progress
[G[1A[JPreparing retrieve request... [38;5;104m|[0m In Progress
[G[1A[JPreparing retrieve request... [38;5;104m/[0m In Progress
[G[1A[JPreparing retrieve request... [38;5;104m-[0m In Progress
[G[1A[JPreparing retrieve request... [38;5;104m\[0m In Progress
[G[1A[JPreparing retrieve request... [38;5;104m|[0m In Progress
[G[1A[JPreparing retrieve request... [38;5;104m/[0m In Progress
[G[1A[JPreparing retrieve request... [38;5;104m-[0m In Progress
[G[1A[JPreparing retrieve request... [38;5;104m\[0m In Progress
[G[1A[JPreparing retrieve request... [38;5;104m|[0m In Progress
[G[1A[JPreparing retrieve request... [38;5;104m/[0m In Progress
[G[1A[JPreparing retrieve request... [38;5;104m-[0m In Progress
[G[1A[JPreparing retrieve request... [38;5;104m\[0m In Progress
[G[1A[JPreparing retrieve request... [38;5;104m|[0m In Progress
[G[1A[JPreparing retrieve request... [38;5;104m/[0m In Progress
[G[1A[JPreparing retrieve request... [38;5;104m-[0m In Progress
[G[1A[JPreparing retrieve request... [38;5;104m\[0m In Progress
[G[1A[JPreparing retrieve request... [38;5;104m|[0m In Progress
[G[1A[JPreparing retrieve request... [38;5;104m/[0m In Progress
[G[1A[JPreparing retrieve request... Succeeded

Retrieved Source
==============================================================================================================================================================================================
| State   Name                                                     Type        Path                                                                                                            
| ─────── ──────────────────────────────────────────────────────── ─────────── ─────────────────────────────────────────────────────────────────────────────────────────────────────────────── 
| Created Account.cm_CorrectCorrespondenceAddress__c               CustomField force-app\main\default\objects\Account\fields\cm_CorrectCorrespondenceAddress__c.field-meta.xml                 
| Changed Account.cm_HasInProgressRemediation__c                   CustomField force-app\main\default\objects\Account\fields\cm_HasInProgressRemediation__c.field-meta.xml                     
| Created Contact.cm_Incorrect_Personal_Details__c                 CustomField force-app\main\default\objects\Contact\fields\cm_Incorrect_Personal_Details__c.field-meta.xml                   
| Created LLC_BI__Loan__c.cm_HasBorrowerRemediation__c             CustomField force-app\main\default\objects\LLC_BI__Loan__c\fields\cm_HasBorrowerRemediation__c.field-meta.xml               
| Created LLC_BI__Loan__c.cm_HasEntityRemediation__c               CustomField force-app\main\default\objects\LLC_BI__Loan__c\fields\cm_HasEntityRemediation__c.field-meta.xml                 
| Created BOISBALendingSupport/HMGWzjrbRoEoKiwQZjIRcpXYdmFLmZ      Dashboard   force-app\main\default\dashboards\BOISBALendingSupport\HMGWzjrbRoEoKiwQZjIRcpXYdmFLmZ.dashboard-meta.xml        
| Created Contact.cm_Personal_Info_Update                          FieldSet    force-app\main\default\objects\Contact\fieldSets\cm_Personal_Info_Update.fieldSet-meta.xml                      
| Created Contact.cm_Personal_Info_Update_LTD                      FieldSet    force-app\main\default\objects\Contact\fieldSets\cm_Personal_Info_Update_LTD.fieldSet-meta.xml                  
| Created Business_Relationship_Layout                             FlexiPage   force-app\main\default\flexipages\Business_Relationship_Layout.flexipage-meta.xml                               
| Created Business_Relationship_Layout_Read_Only                   FlexiPage   force-app\main\default\flexipages\Business_Relationship_Layout_Read_Only.flexipage-meta.xml                     
| Created PersonsonAccount_Layout                                  FlexiPage   force-app\main\default\flexipages\PersonsonAccount_Layout.flexipage-meta.xml                                    
| Changed SB_A_Lending_Support_Home_Page                           FlexiPage   force-app\main\default\flexipages\SB_A_Lending_Support_Home_Page.flexipage-meta.xml                             
| Changed LLC_BI__Loan__c.cm_Lending_Support_Queue_Application     ListView    force-app\main\default\objects\LLC_BI__Loan__c\listViews\cm_Lending_Support_Queue_Application.listView-meta.xml 
| Created -D nCino Community User                                  Profile     force-app\main\default\profiles\-D nCino Community User.profile-meta.xml                                        
| Changed SB%26A Branch                                            Profile     force-app\main\default\profiles\SB%26A Branch.profile-meta.xml                                                  
| Changed SB%26A CCR Compliance                                    Profile     force-app\main\default\profiles\SB%26A CCR Compliance.profile-meta.xml                                          
| Changed SB%26A Fulfillment                                       Profile     force-app\main\default\profiles\SB%26A Fulfillment.profile-meta.xml                                             
| Changed SB%26A Lending Support                                   Profile     force-app\main\default\profiles\SB%26A Lending Support.profile-meta.xml                                         
| Changed SB%26A Readonly                                          Profile     force-app\main\default\profiles\SB%26A Readonly.profile-meta.xml                                                
| Changed SB%26A Registration Team                                 Profile     force-app\main\default\profiles\SB%26A Registration Team.profile-meta.xml                                       
| Changed SB%26A Sales                                             Profile     force-app\main\default\profiles\SB%26A Sales.profile-meta.xml                                                   
| Changed SB%26A Sec Ops                                           Profile     force-app\main\default\profiles\SB%26A Sec Ops.profile-meta.xml                                                 
| Changed SB%26A Underwriting                                      Profile     force-app\main\default\profiles\SB%26A Underwriting.profile-meta.xml                                            
| Changed Super User                                               Profile     force-app\main\default\profiles\Super User.profile-meta.xml                                                     
| Created BOISBALendingSupportOps/Cases_Unable_to_work_Bbv         Report      force-app\main\default\reports\BOISBALendingSupportOps\Cases_Unable_to_work_Bbv.report-meta.xml                 
| Created Loans_with_Checklist_and_Requirements_and_Loan_Documents ReportType  force-app\main\default\reportTypes\Loans_with_Checklist_and_Requirements_and_Loan_Documents.reportType-meta.xml 
| Created Loans_with_Requirements                                  ReportType  force-app\main\default\reportTypes\Loans_with_Requirements.reportType-meta.xml                                  
Validating Deployment of v62.0 metadata to rob.mockler@boi.com using the v64.0 SOAP API.
Deploy ID: 0AfaV000000prdNSAQ
Terminate batch job (Y/N)? On branch spreads1
Changes not staged for commit:
  (use "git add <file>..." to update what will be committed)
  (use "git restore <file>..." to discard changes in working directory)
	modified:   force-app/main/default/flexipages/SB_A_Lending_Support_Home_Page.flexipage-meta.xml
	modified:   force-app/main/default/objects/LLC_BI__Loan__c/listViews/cm_Lending_Support_Queue_Application.listView-meta.xml
	modified:   force-app/main/default/profiles/SB%26A Branch.profile-meta.xml
	modified:   force-app/main/default/profiles/SB%26A CCR Compliance.profile-meta.xml
	modified:   force-app/main/default/profiles/SB%26A Fulfillment.profile-meta.xml
	modified:   force-app/main/default/profiles/SB%26A Lending Support.profile-meta.xml
	modified:   force-app/main/default/profiles/SB%26A Readonly.profile-meta.xml
	modified:   force-app/main/default/profiles/SB%26A Registration Team.profile-meta.xml
	modified:   force-app/main/default/profiles/SB%26A Sales.profile-meta.xml
	modified:   force-app/main/default/profiles/SB%26A Sec Ops.profile-meta.xml
	modified:   force-app/main/default/profiles/SB%26A Underwriting.profile-meta.xml
	modified:   force-app/main/default/profiles/Super User.profile-meta.xml

Untracked files:
  (use "git add <file>..." to include in what will be committed)
	force-app/main/default/dashboards/
	force-app/main/default/flexipages/Business_Relationship_Layout.flexipage-meta.xml
	force-app/main/default/flexipages/Business_Relationship_Layout_Read_Only.flexipage-meta.xml
	force-app/main/default/flexipages/PersonsonAccount_Layout.flexipage-meta.xml
	force-app/main/default/objects/Account/fields/cm_CorrectCorrespondenceAddress__c.field-meta.xml
	force-app/main/default/objects/Contact/
	force-app/main/default/objects/LLC_BI__Loan__c/fields/cm_HasBorrowerRemediation__c.field-meta.xml
	force-app/main/default/objects/LLC_BI__Loan__c/fields/cm_HasEntityRemediation__c.field-meta.xml
	force-app/main/default/profiles/-D nCino Community User.profile-meta.xml
	force-app/main/default/reportTypes/
	force-app/main/default/reports/

no changes added to commit (use "git add" and/or "git commit -a")
On branch spreads1
Changes not staged for commit:
  (use "git add <file>..." to update what will be committed)
  (use "git restore <file>..." to discard changes in working directory)
	modified:   force-app/main/default/flexipages/SB_A_Lending_Support_Home_Page.flexipage-meta.xml
	modified:   force-app/main/default/objects/LLC_BI__Loan__c/listViews/cm_Lending_Support_Queue_Application.listView-meta.xml
	modified:   force-app/main/default/profiles/SB%26A Branch.profile-meta.xml
	modified:   force-app/main/default/profiles/SB%26A CCR Compliance.profile-meta.xml
	modified:   force-app/main/default/profiles/SB%26A Fulfillment.profile-meta.xml
	modified:   force-app/main/default/profiles/SB%26A Lending Support.profile-meta.xml
	modified:   force-app/main/default/profiles/SB%26A Readonly.profile-meta.xml
	modified:   force-app/main/default/profiles/SB%26A Registration Team.profile-meta.xml
	modified:   force-app/main/default/profiles/SB%26A Sales.profile-meta.xml
	modified:   force-app/main/default/profiles/SB%26A Sec Ops.profile-meta.xml
	modified:   force-app/main/default/profiles/SB%26A Underwriting.profile-meta.xml
	modified:   force-app/main/default/profiles/Super User.profile-meta.xml

Untracked files:
  (use "git add <file>..." to include in what will be committed)
	force-app/main/default/dashboards/
	force-app/main/default/flexipages/Business_Relationship_Layout.flexipage-meta.xml
	force-app/main/default/flexipages/Business_Relationship_Layout_Read_Only.flexipage-meta.xml
	force-app/main/default/flexipages/PersonsonAccount_Layout.flexipage-meta.xml
	force-app/main/default/objects/Account/fields/cm_CorrectCorrespondenceAddress__c.field-meta.xml
	force-app/main/default/objects/Contact/
	force-app/main/default/objects/LLC_BI__Loan__c/fields/cm_HasBorrowerRemediation__c.field-meta.xml
	force-app/main/default/objects/LLC_BI__Loan__c/fields/cm_HasEntityRemediation__c.field-meta.xml
	force-app/main/default/profiles/-D nCino Community User.profile-meta.xml
	force-app/main/default/reportTypes/
	force-app/main/default/reports/

no changes added to commit (use "git add" and/or "git commit -a")
Printing the return value successfull 0 \n/c/Users/c139079/Onedri~1/EXT_package_xml/ncino-15610_busrel1_package.xml
