test_package
Already on 'r1sit'
On branch r1sit
Untracked files:
  (use "git add <file>..." to include in what will be committed)
	force-app/main/default/classes/CM_CRIFCRDocumentUpload.cls
	force-app/main/default/classes/CM_CRIFCRDocumentUpload.cls-meta.xml
	force-app/main/default/classes/CM_CRIFCRDocumentUploadTest.cls
	force-app/main/default/classes/CM_CRIFCRDocumentUploadTest.cls-meta.xml
	force-app/main/default/classes/CM_CRIFCompanyReportPDFController.cls
	force-app/main/default/classes/CM_CRIFCompanyReportPDFController.cls-meta.xml
	force-app/main/default/classes/CM_CRIFCompanyReportPDFControllerTest.cls
	force-app/main/default/classes/CM_CRIFCompanyReportPDFControllerTest.cls-meta.xml
	force-app/main/default/classes/CM_CRIFDirectorNIndividualWrapper.cls
	force-app/main/default/classes/CM_CRIFDirectorNIndividualWrapper.cls-meta.xml
	force-app/main/default/classes/CM_CRIFDirectorNIndividualWrapperTest.cls
	force-app/main/default/classes/CM_CRIFDirectorNIndividualWrapperTest.cls-meta.xml
	force-app/main/default/classes/LightningLoginFormControllerTest.cls
	force-app/main/default/classes/LightningLoginFormControllerTest.cls-meta.xml
	force-app/main/default/classes/RecalculateRelationshipStatsTest.cls
	force-app/main/default/classes/RecalculateRelationshipStatsTest.cls-meta.xml
	force-app/main/default/classes/UserInterfaceRecordOwnerUtilityTest.cls
	force-app/main/default/classes/UserInterfaceRecordOwnerUtilityTest.cls-meta.xml
	force-app/main/default/customMetadata/
	force-app/main/default/externalCredentials/
	force-app/main/default/externalServiceRegistrations/
	force-app/main/default/flexipages/Business_Relationship_Layout.flexipage-meta.xml
	force-app/main/default/flexipages/People_Record_Page2.flexipage-meta.xml
	force-app/main/default/flows/BOI_Autolaunched_Flow_CRIF.flow-meta.xml
	force-app/main/default/flows/BOI_Autolaunched_Flow_CRIF_Report.flow-meta.xml
	force-app/main/default/flows/BOI_Record_Trigger_Relationship_After_Save.flow-meta.xml
	force-app/main/default/flows/BOI_Record_Trigger_Relationship_Before_Insert.flow-meta.xml
	force-app/main/default/flows/BOI_Record_Triggered_LoanDocument_After_Save.flow-meta.xml
	force-app/main/default/flows/BOI_Screen_Flow_CRIF_Company_Report_on_Loan.flow-meta.xml
	force-app/main/default/flows/cm_BOI_Autolaunched_Flow_CRIF_CompanyReport.flow-meta.xml
	force-app/main/default/flows/cm_BOI_Autolaunched_Flow_Delete_Document_Store_Index.flow-meta.xml
	force-app/main/default/flows/cm_BOI_Screen_Flow_CRO_Main.flow-meta.xml
	force-app/main/default/flows/cm_BOI_Screen_Flow_Import_Directors.flow-meta.xml
	force-app/main/default/labels/
	force-app/main/default/lwc/
	force-app/main/default/namedCredentials/
	force-app/main/default/objectTranslations/
	force-app/main/default/objects/Account/fields/cm_Company_Basic_Report_Flag__c.field-meta.xml
	force-app/main/default/objects/Account/fields/cm_Company_Full_Report_Flag__c.field-meta.xml
	force-app/main/default/objects/Account/fields/cm_Company_Report_Available__c.field-meta.xml
	force-app/main/default/objects/Account/fields/cm_Company_Report_Result__c.field-meta.xml
	force-app/main/default/objects/Account/fields/cm_Company_Status__c.field-meta.xml
	force-app/main/default/objects/Account/fields/cm_Credit_Report_Available__c.field-meta.xml
	force-app/main/default/objects/Account/fields/cm_Shareholder_Report_Available__c.field-meta.xml
	force-app/main/default/objects/LLC_BI__Loan__c/fields/cm_IsFlow__c.field-meta.xml
	force-app/main/default/objects/cm_Company_Report_Result__c/
	force-app/main/default/objects/cm_Mortgages_and_Charges__c/
	force-app/main/default/objects/cm_People__c/
	force-app/main/default/quickActions/
	force-app/main/default/topicsForObjects/

nothing added to commit but untracked files present (use "git add" to track)
Preparing retrieve request...
[G[1A[JRetrieving v62.0 metadata from rob.mockler@boi.com.r1sit using the v64.0 SOAP API
Preparing retrieve request... [38;5;104m-[0m Sending request to org
[G[1A[JPreparing retrieve request... [38;5;104m\[0m Waiting for the org to respond
[G[1A[JPreparing retrieve request... [38;5;104m|[0m Waiting for the org to respond
[G[1A[JPreparing retrieve request... Succeeded

Retrieved Source
=======================================================================================================================================
| State   Name                                Type      Path                                                                            
| ─────── ─────────────────────────────────── ───────── ─────────────────────────────────────────────────────────────────────────────── 
| Changed LightningLoginFormControllerTest    ApexClass force-app\main\default\classes\LightningLoginFormControllerTest.cls             
| Changed LightningLoginFormControllerTest    ApexClass force-app\main\default\classes\LightningLoginFormControllerTest.cls-meta.xml    
| Changed RecalculateRelationshipStatsTest    ApexClass force-app\main\default\classes\RecalculateRelationshipStatsTest.cls             
| Changed RecalculateRelationshipStatsTest    ApexClass force-app\main\default\classes\RecalculateRelationshipStatsTest.cls-meta.xml    
| Changed UserInterfaceRecordOwnerUtilityTest ApexClass force-app\main\default\classes\UserInterfaceRecordOwnerUtilityTest.cls          
| Changed UserInterfaceRecordOwnerUtilityTest ApexClass force-app\main\default\classes\UserInterfaceRecordOwnerUtilityTest.cls-meta.xml 
Validating Deployment of v62.0 metadata to rob.mockler@boi.com.r1sit using the v64.0 SOAP API.
Deploy ID: 0Af9b00000kfsQECAY

Test Failures [2]
• RecalculateRelationshipStatsTest.driver
  message: System.AsyncException: Based on configured schedule, the given trigger 'SCHEDULED_APEX_JOB_TYPE.000000000000000' will never fire.
  stacktrace: 
    Class.RecalculateRelationshipStatsTest.driver: line 11, column 1

• LightningLoginFormControllerTest.testLoginWithInvalidCredentials
  message: System.AssertException: Assertion Failed: Expected: Argument 1 cannot be null, Actual: null
  stacktrace: 
    Class.LightningLoginFormControllerTest.testLoginWithInvalidCredentials: line 6, column 1


Test Results Summary
Passing: 9
Failing: 2
Total: 11
Time: 22375
Error (1): Failed to validate the deployment (0Af9b00000kfsQECAY). Due To:

