test_package /c/devops/wkr2/vsc1/sfdx1
/c/Users/c139079/Onedri~1/EXT_package_xml/ncino-15009_tests_package.xml
Already on 'r1qa'
On branch r1qa
nothing to commit, working tree clean
Preparing retrieve request...
[G[1A[JRetrieving v62.0 metadata from rob.mockler@boi.com.r1qa using the v64.0 SOAP API
Preparing retrieve request... [38;5;104m-[0m Sending request to org
[G[1A[JPreparing retrieve request... [38;5;104m\[0m Waiting for the org to respond
[G[1A[JPreparing retrieve request... [38;5;104m|[0m Waiting for the org to respond
[G[1A[JPreparing retrieve request... Succeeded

Retrieved Source
=======================================================================================================================================
| State   Name                                Type      Path                                                                            
| ─────── ─────────────────────────────────── ───────── ─────────────────────────────────────────────────────────────────────────────── 
| Changed LightningLoginFormControllerTest    ApexClass force-app\main\default\classes\LightningLoginFormControllerTest.cls             
| Changed LightningLoginFormControllerTest    ApexClass force-app\main\default\classes\LightningLoginFormControllerTest.cls-meta.xml    
| Changed RecalculateRelationshipStatsTest    ApexClass force-app\main\default\classes\RecalculateRelationshipStatsTest.cls             
| Changed RecalculateRelationshipStatsTest    ApexClass force-app\main\default\classes\RecalculateRelationshipStatsTest.cls-meta.xml    
| Changed UserInterfaceRecordOwnerUtilityTest ApexClass force-app\main\default\classes\UserInterfaceRecordOwnerUtilityTest.cls          
| Changed UserInterfaceRecordOwnerUtilityTest ApexClass force-app\main\default\classes\UserInterfaceRecordOwnerUtilityTest.cls-meta.xml 
Validating Deployment of v62.0 metadata to rob.mockler@boi.com.r1qa using the v64.0 SOAP API.
Deploy ID: 0Af9b00000kgCa9CAE

Test Failures [2]
• CM_CRIFCRDocumentUploadTest.testUpldCROndocWithEx
  message: System.NullPointerException: Attempt to de-reference a null object
  stacktrace: 
    Class.CM_CRIFCRDocumentUpload.uploadCompanyReportOndoc: line 23, column 1
    Class.CM_CRIFCRDocumentUploadTest.testUpldCROndocWithEx: line 133, column 1

• CM_CRIFCRDocumentUploadTest.testUpldCROnDocWithNoPH
  message: System.QueryException: List has no rows for assignment to SObject
  stacktrace: 
    Class.CM_CRIFCRDocumentUpload.uploadCompanyReportOndoc: line 20, column 1
    Class.CM_CRIFCRDocumentUploadTest.testUpldCROnDocWithNoPH: line 111, column 1


Test Results Summary
Passing: 164
Failing: 2
Total: 166
Time: 157632
Error (1): Failed to validate the deployment (0Af9b00000kgCa9CAE). Due To:

