Retrieving v64.0 metadata from rob.mockler@boi.com using the v64.0 SOAP API

Retrieved Source
=============================================================================================================================
| State   Name                              Type Path                                                                         
| ─────── ───────────────────────────────── ──── ──────────────────────────────────────────────────────────────────────────── 
| Changed BOI_Screen_Flow_Master_Controller Flow force-app\main\default\flows\BOI_Screen_Flow_Master_Controller.flow-meta.xml 
Validating Deployment of v64.0 metadata to rob.mockler@boi.com.preprod using the v64.0 SOAP API.
Deploy ID: 0Af9b00000lMs9xCAC

Validated Source
=============================================================================================================================
| State   Name                              Type Path                                                                         
| ─────── ───────────────────────────────── ──── ──────────────────────────────────────────────────────────────────────────── 
| Changed BOI_Screen_Flow_Master_Controller Flow force-app\main\default\flows\BOI_Screen_Flow_Master_Controller.flow-meta.xml 

Test Results Summary
Passing: 6
Failing: 0
Total: 6
Time: 2340

Successfully validated the deployment (0Af9b00000lMs9xCAC).
Run "sf project deploy quick --job-id 0Af9b00000lMs9xCAC" to execute this deploy
