missing metadata /c/devops/wkr2/vsc1/sfdx1
flow:BOI_Autolaunched_ERS_Validation
On branch rob1
Untracked files:
  (use "git add <file>..." to include in what will be committed)
	force-app/main/default/classes/nCino_ColleagueActivityHelper.cls
	force-app/main/default/classes/nCino_ColleagueActivityHelper.cls-meta.xml
	force-app/main/default/classes/nCino_ColleagueActivityHelperTest.cls
	force-app/main/default/classes/nCino_ColleagueActivityHelperTest.cls-meta.xml
	force-app/main/default/dashboards/ColleagueActivityDashboard.dashboardFolder-meta.xml
	force-app/main/default/dashboards/ColleagueActivityDashboard/
	force-app/main/default/flexipages/Colleague_Activity.flexipage-meta.xml
	force-app/main/default/flows/nCino_Colleague_Activity_Tracker_update_from_Loan_Stage_Change.flow-meta.xml
	force-app/main/default/flows/nCino_Loan_Page_Colleague_Activity_Tracker.flow-meta.xml
	force-app/main/default/groups/
	force-app/main/default/layouts/
	force-app/main/default/lwc/
	force-app/main/default/objects/Colleague_Activity__c/
	force-app/main/default/objects/User/
	force-app/main/default/permissionsets/
	force-app/main/default/reports/ColleagueActivityReports.reportFolder-meta.xml
	force-app/main/default/reports/ColleagueActivityReports/
	force-app/main/default/tabs/

nothing added to commit but untracked files present (use "git add" to track)
