Retrieving v62.0 metadata from rob.mockler@boi.com.apex2 using the v64.0 SOAP API

Retrieved Source
=========================================================================================================================================================================================
| State   Name                                                  Type     Path                                                                                                             
| ─────── ───────────────────────────────────────────────────── ──────── ──────────────────────────────────────────────────────────────────────────────────────────────────────────────── 
| Changed LLC_BI__Loan__c.Custom_Your_Products_Loan_Information FieldSet force-app\main\default\objects\LLC_BI__Loan__c\fieldSets\Custom_Your_Products_Loan_Information.fieldSet-meta.xml 
| Changed LLC_BI__Loan__c.nPortal__Your_Products_Loan           FieldSet force-app\main\default\objects\LLC_BI__Loan__c\fieldSets\nPortal__Your_Products_Loan.fieldSet-meta.xml           
On branch apex1
Changes not staged for commit:
  (use "git add <file>..." to update what will be committed)
  (use "git restore <file>..." to discard changes in working directory)
	modified:   force-app/main/default/objects/LLC_BI__Loan__c/fieldSets/Custom_Your_Products_Loan_Information.fieldSet-meta.xml
	modified:   force-app/main/default/objects/LLC_BI__Loan__c/fieldSets/nPortal__Your_Products_Loan.fieldSet-meta.xml

Untracked files:
  (use "git add <file>..." to include in what will be committed)
	src1

no changes added to commit (use "git add" and/or "git commit -a")
Retrieving v62.0 metadata from rob.mockler@boi.com.cro1 using the v64.0 SOAP API

Retrieved Source
=========================================================================================================================================================================================
| State   Name                                                  Type     Path                                                                                                             
| ─────── ───────────────────────────────────────────────────── ──────── ──────────────────────────────────────────────────────────────────────────────────────────────────────────────── 
| Changed LLC_BI__Loan__c.Custom_Your_Products_Loan_Information FieldSet force-app\main\default\objects\LLC_BI__Loan__c\fieldSets\Custom_Your_Products_Loan_Information.fieldSet-meta.xml 
| Changed LLC_BI__Loan__c.nPortal__Your_Products_Loan           FieldSet force-app\main\default\objects\LLC_BI__Loan__c\fieldSets\nPortal__Your_Products_Loan.fieldSet-meta.xml           
On branch apex1
Changes not staged for commit:
  (use "git add <file>..." to update what will be committed)
  (use "git restore <file>..." to discard changes in working directory)
	modified:   force-app/main/default/objects/LLC_BI__Loan__c/fieldSets/Custom_Your_Products_Loan_Information.fieldSet-meta.xml
	modified:   force-app/main/default/objects/LLC_BI__Loan__c/fieldSets/nPortal__Your_Products_Loan.fieldSet-meta.xml

Untracked files:
  (use "git add <file>..." to include in what will be committed)
	src1

no changes added to commit (use "git add" and/or "git commit -a")
Retrieving v62.0 metadata from rob.mockler@boi.com.r1dev using the v64.0 SOAP API

Retrieved Source
=========================================================================================================================================================================================
| State   Name                                                  Type     Path                                                                                                             
| ─────── ───────────────────────────────────────────────────── ──────── ──────────────────────────────────────────────────────────────────────────────────────────────────────────────── 
| Changed LLC_BI__Loan__c.Custom_Your_Products_Loan_Information FieldSet force-app\main\default\objects\LLC_BI__Loan__c\fieldSets\Custom_Your_Products_Loan_Information.fieldSet-meta.xml 
| Changed LLC_BI__Loan__c.nPortal__Your_Products_Loan           FieldSet force-app\main\default\objects\LLC_BI__Loan__c\fieldSets\nPortal__Your_Products_Loan.fieldSet-meta.xml           
On branch apex1
Changes not staged for commit:
  (use "git add <file>..." to update what will be committed)
  (use "git restore <file>..." to discard changes in working directory)
	modified:   force-app/main/default/objects/LLC_BI__Loan__c/fieldSets/Custom_Your_Products_Loan_Information.fieldSet-meta.xml
	modified:   force-app/main/default/objects/LLC_BI__Loan__c/fieldSets/nPortal__Your_Products_Loan.fieldSet-meta.xml

Untracked files:
  (use "git add <file>..." to include in what will be committed)
	src1

no changes added to commit (use "git add" and/or "git commit -a")
Retrieving v62.0 metadata from rob.mockler@boi.com.r1qa using the v64.0 SOAP API

Retrieved Source
=========================================================================================================================================================================================
| State   Name                                                  Type     Path                                                                                                             
| ─────── ───────────────────────────────────────────────────── ──────── ──────────────────────────────────────────────────────────────────────────────────────────────────────────────── 
| Changed LLC_BI__Loan__c.Custom_Your_Products_Loan_Information FieldSet force-app\main\default\objects\LLC_BI__Loan__c\fieldSets\Custom_Your_Products_Loan_Information.fieldSet-meta.xml 
| Changed LLC_BI__Loan__c.nPortal__Your_Products_Loan           FieldSet force-app\main\default\objects\LLC_BI__Loan__c\fieldSets\nPortal__Your_Products_Loan.fieldSet-meta.xml           
On branch apex1
Untracked files:
  (use "git add <file>..." to include in what will be committed)
	src1

nothing added to commit but untracked files present (use "git add" to track)
Retrieving v62.0 metadata from rob.mockler@boi.com.r1sit using the v64.0 SOAP API

Retrieved Source
=========================================================================================================================================================================================
| State   Name                                                  Type     Path                                                                                                             
| ─────── ───────────────────────────────────────────────────── ──────── ──────────────────────────────────────────────────────────────────────────────────────────────────────────────── 
| Changed LLC_BI__Loan__c.Custom_Your_Products_Loan_Information FieldSet force-app\main\default\objects\LLC_BI__Loan__c\fieldSets\Custom_Your_Products_Loan_Information.fieldSet-meta.xml 
| Changed LLC_BI__Loan__c.nPortal__Your_Products_Loan           FieldSet force-app\main\default\objects\LLC_BI__Loan__c\fieldSets\nPortal__Your_Products_Loan.fieldSet-meta.xml           
On branch apex1
Untracked files:
  (use "git add <file>..." to include in what will be committed)
	src1

nothing added to commit but untracked files present (use "git add" to track)
Retrieving v62.0 metadata from rob.mockler@boi.com.r2dev using the v64.0 SOAP API

Retrieved Source
=========================================================================================================================================================================================
| State   Name                                                  Type     Path                                                                                                             
| ─────── ───────────────────────────────────────────────────── ──────── ──────────────────────────────────────────────────────────────────────────────────────────────────────────────── 
| Changed LLC_BI__Loan__c.Custom_Your_Products_Loan_Information FieldSet force-app\main\default\objects\LLC_BI__Loan__c\fieldSets\Custom_Your_Products_Loan_Information.fieldSet-meta.xml 
| Changed LLC_BI__Loan__c.nPortal__Your_Products_Loan           FieldSet force-app\main\default\objects\LLC_BI__Loan__c\fieldSets\nPortal__Your_Products_Loan.fieldSet-meta.xml           
On branch apex1
Untracked files:
  (use "git add <file>..." to include in what will be committed)
	src1

nothing added to commit but untracked files present (use "git add" to track)
Retrieving v62.0 metadata from rob.mockler@boi.com.spreads1 using the v64.0 SOAP API

Retrieved Source
=========================================================================================================================================================================================
| State   Name                                                  Type     Path                                                                                                             
| ─────── ───────────────────────────────────────────────────── ──────── ──────────────────────────────────────────────────────────────────────────────────────────────────────────────── 
| Changed LLC_BI__Loan__c.Custom_Your_Products_Loan_Information FieldSet force-app\main\default\objects\LLC_BI__Loan__c\fieldSets\Custom_Your_Products_Loan_Information.fieldSet-meta.xml 
| Changed LLC_BI__Loan__c.nPortal__Your_Products_Loan           FieldSet force-app\main\default\objects\LLC_BI__Loan__c\fieldSets\nPortal__Your_Products_Loan.fieldSet-meta.xml           
On branch apex1
Changes not staged for commit:
  (use "git add <file>..." to update what will be committed)
  (use "git restore <file>..." to discard changes in working directory)
	modified:   force-app/main/default/objects/LLC_BI__Loan__c/fieldSets/Custom_Your_Products_Loan_Information.fieldSet-meta.xml
	modified:   force-app/main/default/objects/LLC_BI__Loan__c/fieldSets/nPortal__Your_Products_Loan.fieldSet-meta.xml

Untracked files:
  (use "git add <file>..." to include in what will be committed)
	src1

no changes added to commit (use "git add" and/or "git commit -a")
Retrieving v62.0 metadata from rob.mockler@boi.com using the v64.0 SOAP API

Retrieved Source
=========================================================================================================================================================================================
| State   Name                                                  Type     Path                                                                                                             
| ─────── ───────────────────────────────────────────────────── ──────── ──────────────────────────────────────────────────────────────────────────────────────────────────────────────── 
| Changed LLC_BI__Loan__c.Custom_Your_Products_Loan_Information FieldSet force-app\main\default\objects\LLC_BI__Loan__c\fieldSets\Custom_Your_Products_Loan_Information.fieldSet-meta.xml 
| Changed LLC_BI__Loan__c.nPortal__Your_Products_Loan           FieldSet force-app\main\default\objects\LLC_BI__Loan__c\fieldSets\nPortal__Your_Products_Loan.fieldSet-meta.xml           
On branch apex1
Untracked files:
  (use "git add <file>..." to include in what will be committed)
	src1

nothing added to commit but untracked files present (use "git add" to track)
