HEAD is now at c8b6791 recent packages
Removing force-app/main/default/classes/LightningLoginFormControllerTest.cls
Removing force-app/main/default/classes/LightningLoginFormControllerTest.cls-meta.xml
Removing force-app/main/default/classes/RecalculateRelationshipStatsTest.cls
Removing force-app/main/default/classes/RecalculateRelationshipStatsTest.cls-meta.xml
Removing force-app/main/default/classes/UserInterfaceRecordOwnerUtilityTest.cls
Removing force-app/main/default/classes/UserInterfaceRecordOwnerUtilityTest.cls-meta.xml
On branch r1sit
nothing to commit, working tree clean
test_package /c/devops/wkr2/vsc1/sfdx2
/c/Users/c139079/Onedri~1/package_xml/ncino-15136_prd_verify1_package.xml
Switched to branch 'preprod'
On branch preprod
nothing to commit, working tree clean
Preparing retrieve request...
[G[1A[JRetrieving v62.0 metadata from rob.mockler@boi.com.r1sit using the v64.0 SOAP API
Preparing retrieve request... [38;5;104m-[0m Sending request to org
[G[1A[JPreparing retrieve request... [38;5;104m\[0m Waiting for the org to respond
[G[1A[JPreparing retrieve request... [38;5;104m|[0m Pending
[G[1A[JPreparing retrieve request... [38;5;104m/[0m Pending
[G[1A[JPreparing retrieve request... [38;5;104m-[0m Pending
[G[1A[JPreparing retrieve request... [38;5;104m\[0m Pending
[G[1A[JPreparing retrieve request... [38;5;104m|[0m Pending
[G[1A[JPreparing retrieve request... [38;5;104m/[0m Pending
[G[1A[JPreparing retrieve request... [38;5;104m-[0m Pending
[G[1A[JPreparing retrieve request... [38;5;104m\[0m Pending
[G[1A[JPreparing retrieve request... [38;5;104m|[0m In Progress
[G[1A[JPreparing retrieve request... [38;5;104m/[0m In Progress
[G[1A[JPreparing retrieve request... [38;5;104m-[0m In Progress
[G[1A[JPreparing retrieve request... [38;5;104m\[0m In Progress
[G[1A[JPreparing retrieve request... [38;5;104m|[0m In Progress
[G[1A[JPreparing retrieve request... [38;5;104m/[0m In Progress
[G[1A[JPreparing retrieve request... [38;5;104m-[0m In Progress
[G[1A[JPreparing retrieve request... [38;5;104m\[0m In Progress
[G[1A[JPreparing retrieve request... [38;5;104m|[0m In Progress
[G[1A[JPreparing retrieve request... [38;5;104m/[0m In Progress
[G[1A[JPreparing retrieve request... [38;5;104m-[0m In Progress
[G[1A[JPreparing retrieve request... Succeeded

Retrieved Source
====================================================================================================================================================================================================================
| State   Name                                                           Type                     Path                                                                                                               
| ─────── ────────────────────────────────────────────────────────────── ──────────────────────── ────────────────────────────────────────────────────────────────────────────────────────────────────────────────── 
| Created nCino_ColleagueActivityHelper                                  ApexClass                force-app\main\default\classes\nCino_ColleagueActivityHelper.cls                                                   
| Created nCino_ColleagueActivityHelper                                  ApexClass                force-app\main\default\classes\nCino_ColleagueActivityHelper.cls-meta.xml                                          
| Created nCino_ColleagueActivityHelperTest                              ApexClass                force-app\main\default\classes\nCino_ColleagueActivityHelperTest.cls                                               
| Created nCino_ColleagueActivityHelperTest                              ApexClass                force-app\main\default\classes\nCino_ColleagueActivityHelperTest.cls-meta.xml                                      
| Created Colleague_Activity__c.Colleague__c                             CustomField              force-app\main\default\objects\Colleague_Activity__c\fields\Colleague__c.field-meta.xml                            
| Created Colleague_Activity__c.End_DateTime__c                          CustomField              force-app\main\default\objects\Colleague_Activity__c\fields\End_DateTime__c.field-meta.xml                         
| Created Colleague_Activity__c.Loan__c                                  CustomField              force-app\main\default\objects\Colleague_Activity__c\fields\Loan__c.field-meta.xml                                 
| Created Colleague_Activity__c.Profile__c                               CustomField              force-app\main\default\objects\Colleague_Activity__c\fields\Profile__c.field-meta.xml                              
| Created Colleague_Activity__c.Stage__c                                 CustomField              force-app\main\default\objects\Colleague_Activity__c\fields\Stage__c.field-meta.xml                                
| Created Colleague_Activity__c.Start_DateTime__c                        CustomField              force-app\main\default\objects\Colleague_Activity__c\fields\Start_DateTime__c.field-meta.xml                       
| Created Colleague_Activity__c.Time__c                                  CustomField              force-app\main\default\objects\Colleague_Activity__c\fields\Time__c.field-meta.xml                                 
| Created User.Ongoing_Colleague_Activity_Tracker__c                     CustomField              force-app\main\default\objects\User\fields\Ongoing_Colleague_Activity_Tracker__c.field-meta.xml                    
| Created Colleague_Activity__c                                          CustomObject             force-app\main\default\objects\Colleague_Activity__c\Colleague_Activity__c.object-meta.xml                         
| Created Colleague_Activity__c                                          CustomTab                force-app\main\default\tabs\Colleague_Activity__c.tab-meta.xml                                                     
| Created ColleagueActivityDashboard/POhhYpciCCElDzowAlamqKSUORWAOd      Dashboard                force-app\main\default\dashboards\ColleagueActivityDashboard\POhhYpciCCElDzowAlamqKSUORWAOd.dashboard-meta.xml     
| Created Colleague_Activity                                             FlexiPage                force-app\main\default\flexipages\Colleague_Activity.flexipage-meta.xml                                            
| Created nCino_Colleague_Activity_Tracker_update_from_Loan_Stage_Change Flow                     force-app\main\default\flows\nCino_Colleague_Activity_Tracker_update_from_Loan_Stage_Change.flow-meta.xml          
| Created nCino_Loan_Page_Colleague_Activity_Tracker                     Flow                     force-app\main\default\flows\nCino_Loan_Page_Colleague_Activity_Tracker.flow-meta.xml                              
| Created nCino_Tracker_Dashboards                                       Group                    force-app\main\default\groups\nCino_Tracker_Dashboards.group-meta.xml                                              
| Created Colleague_Activity__c-Colleague Activity Layout                Layout                   force-app\main\default\layouts\Colleague_Activity__c-Colleague Activity Layout.layout-meta.xml                     
| Created nCino_ColleagueActivityTrackerUtility                          LightningComponentBundle force-app\main\default\lwc\nCino_ColleagueActivityTrackerUtility\nCino_ColleagueActivityTrackerUtility.html        
| Created nCino_ColleagueActivityTrackerUtility                          LightningComponentBundle force-app\main\default\lwc\nCino_ColleagueActivityTrackerUtility\nCino_ColleagueActivityTrackerUtility.js          
| Created nCino_ColleagueActivityTrackerUtility                          LightningComponentBundle force-app\main\default\lwc\nCino_ColleagueActivityTrackerUtility\nCino_ColleagueActivityTrackerUtility.js-meta.xml 
| Created Colleague_Activity__c.All                                      ListView                 force-app\main\default\objects\Colleague_Activity__c\listViews\All.listView-meta.xml                               
| Created nCino_Tracker_Admin                                            PermissionSet            force-app\main\default\permissionsets\nCino_Tracker_Admin.permissionset-meta.xml                                   
| Created nCino_Tracker_User                                             PermissionSet            force-app\main\default\permissionsets\nCino_Tracker_User.permissionset-meta.xml                                    
| Created ColleagueActivityReports/Average_Time_Per_Loan_eET             Report                   force-app\main\default\reports\ColleagueActivityReports\Average_Time_Per_Loan_eET.report-meta.xml                  
| Created ColleagueActivityReports/Average_Time_per_Role_OA6             Report                   force-app\main\default\reports\ColleagueActivityReports\Average_Time_per_Role_OA6.report-meta.xml                  
| Created ColleagueActivityReports/Average_Time_per_Stage_FR1            Report                   force-app\main\default\reports\ColleagueActivityReports\Average_Time_per_Stage_FR1.report-meta.xml                 
Validating Deployment of v62.0 metadata to rob.mockler@boi.com.preprod using the v64.0 SOAP API.
Deploy ID: 0Af9b00000l2GIZCA2

Test Failures [3]
• cm_CreditDecisionTimerBatchTest.testBatchExecution
  message: System.QueryException: List has more than 1 row for assignment to SObject
  stacktrace: 
    Class.cm_CreditDecisionTimerBatchTest.setupTestData: line 9, column 1

• cm_CreditDecisionTimerBatchTest.testSchedulableExecution
  message: System.QueryException: List has more than 1 row for assignment to SObject
  stacktrace: 
    Class.cm_CreditDecisionTimerBatchTest.setupTestData: line 9, column 1

• cm_CreditDecisionTimerBatchTest.testWithNoEligibleLoans
  message: System.QueryException: List has more than 1 row for assignment to SObject
  stacktrace: 
    Class.cm_CreditDecisionTimerBatchTest.setupTestData: line 9, column 1


Test Results Summary
Passing: 168
Failing: 3
Total: 171
Time: 209003
Error (1): Failed to validate the deployment (0Af9b00000l2GIZCA2). Due To:

