test_package
error: pathspec 'preprod' did not match any file(s) known to git
On branch r1dev
Untracked files:
  (use "git add <file>..." to include in what will be committed)
	force-app/main/default/classes/nCino_ColleagueActivityHelper.cls
	force-app/main/default/classes/nCino_ColleagueActivityHelper.cls-meta.xml
	force-app/main/default/classes/nCino_ColleagueActivityHelperTest.cls
	force-app/main/default/classes/nCino_ColleagueActivityHelperTest.cls-meta.xml
	force-app/main/default/dashboards/
	force-app/main/default/flexipages/Colleague_Activity.flexipage-meta.xml
	force-app/main/default/flows/nCino_Colleague_Activity_Tracker_update_from_Loan_Stage_Change.flow-meta.xml
	force-app/main/default/flows/nCino_Loan_Page_Colleague_Activity_Tracker.flow-meta.xml
	force-app/main/default/groups/
	force-app/main/default/layouts/
	force-app/main/default/lwc/
	force-app/main/default/objects/Colleague_Activity__c/
	force-app/main/default/objects/User/
	force-app/main/default/permissionsets/
	force-app/main/default/profiles/Admin.profile-meta.xml
	force-app/main/default/reports/

nothing added to commit but untracked files present (use "git add" to track)
Error (1): Parsing --manifest 
	No file found at Ireland/EXT_package_xml/ncino-11719t2_cro1_package.xml
See more help with --help
Error (1): Ireland/EXT_package_xml/ncino-11719t2_cro1_package.xml: File or folder not found
