HEAD is now at ea9b889 Org sync for ncino-15009
Removing force-app/main/default/classes/CM_CreditActionRequest.cls
Removing force-app/main/default/classes/CM_CreditActionRequest.cls-meta.xml
Removing force-app/main/default/classes/CM_CreditActionRequestTest.cls
Removing force-app/main/default/classes/CM_CreditActionRequestTest.cls-meta.xml
Removing force-app/main/default/classes/cm_AutomaticExposureCalculation.cls
Removing force-app/main/default/classes/cm_AutomaticExposureCalculation.cls-meta.xml
Removing force-app/main/default/classes/cm_AutomaticExposureCalculationtTest.cls
Removing force-app/main/default/classes/cm_AutomaticExposureCalculationtTest.cls-meta.xml
Removing force-app/main/default/classes/cm_BookingBatch.cls
Removing force-app/main/default/classes/cm_BookingBatch.cls-meta.xml
Removing force-app/main/default/classes/cm_BookingBatchTest.cls
Removing force-app/main/default/classes/cm_BookingBatchTest.cls-meta.xml
Removing force-app/main/default/classes/cm_PortalLoginScreenController.cls
Removing force-app/main/default/classes/cm_PortalLoginScreenController.cls-meta.xml
Removing force-app/main/default/classes/cm_PortalLoginScreenControllerTest.cls
Removing force-app/main/default/classes/cm_PortalLoginScreenControllerTest.cls-meta.xml
Removing force-app/main/default/customPermissions/
Removing force-app/main/default/flexipages/Business_Relationship_Layout.flexipage-meta.xml
Removing force-app/main/default/flexipages/Business_Relationship_Layout_Read_Only.flexipage-meta.xml
Removing force-app/main/default/flexipages/PersonsonAccount_Layout.flexipage-meta.xml
Removing force-app/main/default/flexipages/Relationship_Layout.flexipage-meta.xml
Removing force-app/main/default/flexipages/Relationship_Layout_Read_Only.flexipage-meta.xml
Removing force-app/main/default/flows/nCino_CM_Screen_Flow_Prospect_Record_Creation.flow-meta.xml
Removing force-app/main/default/objects/Account/compactLayouts/
Removing force-app/main/default/objects/Account/fields/cm_Collate_Borrowing_Entity_ID__c.field-meta.xml
Removing force-app/main/default/objects/Account/fields/cm_Collate_Legal_Entity_ID__c.field-meta.xml
Removing force-app/main/default/objects/Account/fields/cm_Is_Collateral_Prospect__c.field-meta.xml
Removing force-app/main/default/objects/Account/fields/cm_TotalCollaterallendableValue__c.field-meta.xml
Removing force-app/main/default/objects/Account/fields/cm_Total_Exposure_for_LTV__c.field-meta.xml
Removing force-app/main/default/objects/Account/validationRules/
Removing force-app/main/default/objects/LLC_BI__Account_Collateral__c/
Removing force-app/main/default/objects/PersonAccount/
Removing force-app/main/default/permissionsets/
On branch preprod
nothing to commit, working tree clean
test_package /c/devops/wkr2/vsc1/sfdx1
/c/Users/c139079/Onedri~1/EXT_package_xml/ncino-15221_enri8h_package.xml
Switched to branch 'product'
On branch product
nothing to commit, working tree clean
Preparing retrieve request...
[G[1A[JRetrieving v62.0 metadata from rob.mockler@boi.com.preprod using the v64.0 SOAP API
Preparing retrieve request... [38;5;104m-[0m Sending request to org
[G[1A[JPreparing retrieve request... [38;5;104m\[0m Sending request to org
[G[1A[JPreparing retrieve request... [38;5;104m|[0m Waiting for the org to respond
[G[1A[JPreparing retrieve request... [38;5;104m/[0m Pending
[G[1A[JPreparing retrieve request... [38;5;104m-[0m Pending
[G[1A[JPreparing retrieve request... [38;5;104m\[0m Pending
[G[1A[JPreparing retrieve request... [38;5;104m|[0m Pending
[G[1A[JPreparing retrieve request... [38;5;104m/[0m Pending
[G[1A[JPreparing retrieve request... [38;5;104m-[0m Pending
[G[1A[JPreparing retrieve request... [38;5;104m\[0m Pending
[G[1A[JPreparing retrieve request... [38;5;104m|[0m Pending
[G[1A[JPreparing retrieve request... [38;5;104m/[0m Pending
[G[1A[JPreparing retrieve request... [38;5;104m-[0m Pending
[G[1A[JPreparing retrieve request... [38;5;104m\[0m Pending
[G[1A[JPreparing retrieve request... [38;5;104m|[0m Pending
[G[1A[JPreparing retrieve request... [38;5;104m/[0m Pending
[G[1A[JPreparing retrieve request... [38;5;104m-[0m In Progress
[G[1A[JPreparing retrieve request... [38;5;104m\[0m In Progress
[G[1A[JPreparing retrieve request... [38;5;104m|[0m In Progress
[G[1A[JPreparing retrieve request... [38;5;104m/[0m In Progress
[G[1A[JPreparing retrieve request... [38;5;104m-[0m In Progress
[G[1A[JPreparing retrieve request... [38;5;104m\[0m In Progress
[G[1A[JPreparing retrieve request... [38;5;104m|[0m In Progress
[G[1A[JPreparing retrieve request... [38;5;104m/[0m In Progress
[G[1A[JPreparing retrieve request... [38;5;104m-[0m In Progress
[G[1A[JPreparing retrieve request... [38;5;104m\[0m In Progress
[G[1A[JPreparing retrieve request... [38;5;104m|[0m In Progress
[G[1A[JPreparing retrieve request... [38;5;104m/[0m In Progress
[G[1A[JPreparing retrieve request... [38;5;104m-[0m In Progress
[G[1A[JPreparing retrieve request... [38;5;104m\[0m In Progress
[G[1A[JPreparing retrieve request... [38;5;104m|[0m In Progress
[G[1A[JPreparing retrieve request... [38;5;104m/[0m In Progress
[G[1A[JPreparing retrieve request... [38;5;104m-[0m In Progress
[G[1A[JPreparing retrieve request... [38;5;104m\[0m In Progress
[G[1A[JPreparing retrieve request... [38;5;104m|[0m In Progress
[G[1A[JPreparing retrieve request... [38;5;104m/[0m In Progress
[G[1A[JPreparing retrieve request... [38;5;104m-[0m In Progress
[G[1A[JPreparing retrieve request... [38;5;104m\[0m In Progress
[G[1A[JPreparing retrieve request... [38;5;104m|[0m In Progress
[G[1A[JPreparing retrieve request... [38;5;104m/[0m In Progress
[G[1A[JPreparing retrieve request... [38;5;104m-[0m In Progress
[G[1A[JPreparing retrieve request... [38;5;104m\[0m In Progress
[G[1A[JPreparing retrieve request... [38;5;104m|[0m In Progress
[G[1A[JPreparing retrieve request... [38;5;104m/[0m In Progress
[G[1A[JPreparing retrieve request... [38;5;104m-[0m In Progress
[G[1A[JPreparing retrieve request... [38;5;104m\[0m In Progress
[G[1A[JPreparing retrieve request... [38;5;104m|[0m In Progress
[G[1A[JPreparing retrieve request... [38;5;104m/[0m In Progress
[G[1A[JPreparing retrieve request... [38;5;104m-[0m In Progress
[G[1A[JPreparing retrieve request... [38;5;104m\[0m In Progress
[G[1A[JPreparing retrieve request... [38;5;104m|[0m In Progress
[G[1A[JPreparing retrieve request... [38;5;104m/[0m In Progress
[G[1A[JPreparing retrieve request... [38;5;104m-[0m In Progress
[G[1A[JPreparing retrieve request... [38;5;104m\[0m In Progress
[G[1A[JPreparing retrieve request... [38;5;104m|[0m In Progress
[G[1A[JPreparing retrieve request... [38;5;104m/[0m In Progress
[G[1A[JPreparing retrieve request... Succeeded

Retrieved Source
===============================================================================================================================================================================================================
| State   Name                                                            Type             Path                                                                                                                 
| ─────── ─────────────────────────────────────────────────────────────── ──────────────── ──────────────────────────────────────────────────────────────────────────────────────────────────────────────────── 
| Created CM_CRIFCRDocumentUpload                                         ApexClass        force-app\main\default\classes\CM_CRIFCRDocumentUpload.cls                                                           
| Created CM_CRIFCRDocumentUpload                                         ApexClass        force-app\main\default\classes\CM_CRIFCRDocumentUpload.cls-meta.xml                                                  
| Created CM_CRIFCRDocumentUploadTest                                     ApexClass        force-app\main\default\classes\CM_CRIFCRDocumentUploadTest.cls                                                       
| Created CM_CRIFCRDocumentUploadTest                                     ApexClass        force-app\main\default\classes\CM_CRIFCRDocumentUploadTest.cls-meta.xml                                              
| Created CM_CRIFCompanyReportPDFController                               ApexClass        force-app\main\default\classes\CM_CRIFCompanyReportPDFController.cls                                                 
| Created CM_CRIFCompanyReportPDFController                               ApexClass        force-app\main\default\classes\CM_CRIFCompanyReportPDFController.cls-meta.xml                                        
| Created CM_CRIFCompanyReportPDFControllerTest                           ApexClass        force-app\main\default\classes\CM_CRIFCompanyReportPDFControllerTest.cls                                             
| Created CM_CRIFCompanyReportPDFControllerTest                           ApexClass        force-app\main\default\classes\CM_CRIFCompanyReportPDFControllerTest.cls-meta.xml                                    
| Created CM_CRIFGatewayCCRInvokeService                                  ApexClass        force-app\main\default\classes\CM_CRIFGatewayCCRInvokeService.cls                                                    
| Created CM_CRIFGatewayCCRInvokeService                                  ApexClass        force-app\main\default\classes\CM_CRIFGatewayCCRInvokeService.cls-meta.xml                                           
| Created CM_CRIFGatewayCCRInvokeServiceTest                              ApexClass        force-app\main\default\classes\CM_CRIFGatewayCCRInvokeServiceTest.cls                                                
| Created CM_CRIFGatewayCCRInvokeServiceTest                              ApexClass        force-app\main\default\classes\CM_CRIFGatewayCCRInvokeServiceTest.cls-meta.xml                                       
| Created CM_CreditActionRequest                                          ApexClass        force-app\main\default\classes\CM_CreditActionRequest.cls                                                            
| Created CM_CreditActionRequest                                          ApexClass        force-app\main\default\classes\CM_CreditActionRequest.cls-meta.xml                                                   
| Created CM_CreditActionRequestTest                                      ApexClass        force-app\main\default\classes\CM_CreditActionRequestTest.cls                                                        
| Created CM_CreditActionRequestTest                                      ApexClass        force-app\main\default\classes\CM_CreditActionRequestTest.cls-meta.xml                                               
| Created CM_MergeRelationshipInvocable                                   ApexClass        force-app\main\default\classes\CM_MergeRelationshipInvocable.cls                                                     
| Created CM_MergeRelationshipInvocable                                   ApexClass        force-app\main\default\classes\CM_MergeRelationshipInvocable.cls-meta.xml                                            
| Created CM_MergeRelationshipInvocableTest                               ApexClass        force-app\main\default\classes\CM_MergeRelationshipInvocableTest.cls                                                 
| Created CM_MergeRelationshipInvocableTest                               ApexClass        force-app\main\default\classes\CM_MergeRelationshipInvocableTest.cls-meta.xml                                        
| Created LightningSelfRegisterController                                 ApexClass        force-app\main\default\classes\LightningSelfRegisterController.cls                                                   
| Created LightningSelfRegisterController                                 ApexClass        force-app\main\default\classes\LightningSelfRegisterController.cls-meta.xml                                          
| Created LightningSelfRegisterControllerTest                             ApexClass        force-app\main\default\classes\LightningSelfRegisterControllerTest.cls                                               
| Created LightningSelfRegisterControllerTest                             ApexClass        force-app\main\default\classes\LightningSelfRegisterControllerTest.cls-meta.xml                                      
| Created cm_AutomaticExposureCalculation                                 ApexClass        force-app\main\default\classes\cm_AutomaticExposureCalculation.cls                                                   
| Created cm_AutomaticExposureCalculation                                 ApexClass        force-app\main\default\classes\cm_AutomaticExposureCalculation.cls-meta.xml                                          
| Created cm_AutomaticExposureCalculationtTest                            ApexClass        force-app\main\default\classes\cm_AutomaticExposureCalculationtTest.cls                                              
| Created cm_AutomaticExposureCalculationtTest                            ApexClass        force-app\main\default\classes\cm_AutomaticExposureCalculationtTest.cls-meta.xml                                     
| Created cm_BookingBatch                                                 ApexClass        force-app\main\default\classes\cm_BookingBatch.cls                                                                   
| Created cm_BookingBatch                                                 ApexClass        force-app\main\default\classes\cm_BookingBatch.cls-meta.xml                                                          
| Created cm_BookingBatchTest                                             ApexClass        force-app\main\default\classes\cm_BookingBatchTest.cls                                                               
| Created cm_BookingBatchTest                                             ApexClass        force-app\main\default\classes\cm_BookingBatchTest.cls-meta.xml                                                      
| Created cm_ExceptionLog                                                 ApexClass        force-app\main\default\classes\cm_ExceptionLog.cls                                                                   
| Created cm_ExceptionLog                                                 ApexClass        force-app\main\default\classes\cm_ExceptionLog.cls-meta.xml                                                          
| Created cm_ExceptionLogTest                                             ApexClass        force-app\main\default\classes\cm_ExceptionLogTest.cls                                                               
| Created cm_ExceptionLogTest                                             ApexClass        force-app\main\default\classes\cm_ExceptionLogTest.cls-meta.xml                                                      
| Created cm_PortalLoginScreenController                                  ApexClass        force-app\main\default\classes\cm_PortalLoginScreenController.cls                                                    
| Created cm_PortalLoginScreenController                                  ApexClass        force-app\main\default\classes\cm_PortalLoginScreenController.cls-meta.xml                                           
| Created cm_PortalLoginScreenControllerTest                              ApexClass        force-app\main\default\classes\cm_PortalLoginScreenControllerTest.cls                                                
| Created cm_PortalLoginScreenControllerTest                              ApexClass        force-app\main\default\classes\cm_PortalLoginScreenControllerTest.cls-meta.xml                                       
| Created cm_RCC_CopyTTMtoValidforCalcBatch                               ApexClass        force-app\main\default\classes\cm_RCC_CopyTTMtoValidforCalcBatch.cls                                                 
| Created cm_RCC_CopyTTMtoValidforCalcBatch                               ApexClass        force-app\main\default\classes\cm_RCC_CopyTTMtoValidforCalcBatch.cls-meta.xml                                        
| Created cm_RCC_CopyTTMtoValidforCalcBatchTest                           ApexClass        force-app\main\default\classes\cm_RCC_CopyTTMtoValidforCalcBatchTest.cls                                             
| Created cm_RCC_CopyTTMtoValidforCalcBatchTest                           ApexClass        force-app\main\default\classes\cm_RCC_CopyTTMtoValidforCalcBatchTest.cls-meta.xml                                    
| Created Account.Relationship_Layout                                     CompactLayout    force-app\main\default\objects\Account\compactLayouts\Relationship_Layout.compactLayout-meta.xml                     
| Created PersonAccount.Person_Account_BOI                                CompactLayout    force-app\main\default\objects\PersonAccount\compactLayouts\Person_Account_BOI.compactLayout-meta.xml                
| Created PersonAccount.Prospect_Individual                               CompactLayout    force-app\main\default\objects\PersonAccount\compactLayouts\Prospect_Individual.compactLayout-meta.xml               
| Created Account.cm_Collate_Borrowing_Entity_ID__c                       CustomField      force-app\main\default\objects\Account\fields\cm_Collate_Borrowing_Entity_ID__c.field-meta.xml                       
| Created Account.cm_Collate_Legal_Entity_ID__c                           CustomField      force-app\main\default\objects\Account\fields\cm_Collate_Legal_Entity_ID__c.field-meta.xml                           
| Created Account.cm_Is_Collateral_Prospect__c                            CustomField      force-app\main\default\objects\Account\fields\cm_Is_Collateral_Prospect__c.field-meta.xml                            
| Created Account.cm_TotalCollaterallendableValue__c                      CustomField      force-app\main\default\objects\Account\fields\cm_TotalCollaterallendableValue__c.field-meta.xml                      
| Created Account.cm_Total_Exposure_for_LTV__c                            CustomField      force-app\main\default\objects\Account\fields\cm_Total_Exposure_for_LTV__c.field-meta.xml                            
| Created LLC_BI__Account_Collateral__c.LLC_BI__Collateral_Association__c CustomField      force-app\main\default\objects\LLC_BI__Account_Collateral__c\fields\LLC_BI__Collateral_Association__c.field-meta.xml 
| Created Create_Collateral_Prospect                                      CustomPermission force-app\main\default\customPermissions\Create_Collateral_Prospect.customPermission-meta.xml                        
| Created Business_Relationship_Layout                                    FlexiPage        force-app\main\default\flexipages\Business_Relationship_Layout.flexipage-meta.xml                                    
| Created Business_Relationship_Layout_Read_Only                          FlexiPage        force-app\main\default\flexipages\Business_Relationship_Layout_Read_Only.flexipage-meta.xml                          
| Created PersonsonAccount_Layout                                         FlexiPage        force-app\main\default\flexipages\PersonsonAccount_Layout.flexipage-meta.xml                                         
| Created Relationship_Layout                                             FlexiPage        force-app\main\default\flexipages\Relationship_Layout.flexipage-meta.xml                                             
| Created Relationship_Layout_Read_Only                                   FlexiPage        force-app\main\default\flexipages\Relationship_Layout_Read_Only.flexipage-meta.xml                                   
| Created nCino_CM_Screen_Flow_Prospect_Record_Creation                   Flow             force-app\main\default\flows\nCino_CM_Screen_Flow_Prospect_Record_Creation.flow-meta.xml                             
| Created HCL_Resource                                                    PermissionSet    force-app\main\default\permissionsets\HCL_Resource.permissionset-meta.xml                                            
| Changed SB%26A Branch                                                   Profile          force-app\main\default\profiles\SB%26A Branch.profile-meta.xml                                                       
| Changed SB%26A CCR Compliance                                           Profile          force-app\main\default\profiles\SB%26A CCR Compliance.profile-meta.xml                                               
| Changed SB%26A Fulfillment                                              Profile          force-app\main\default\profiles\SB%26A Fulfillment.profile-meta.xml                                                  
| Changed SB%26A Lending Support                                          Profile          force-app\main\default\profiles\SB%26A Lending Support.profile-meta.xml                                              
| Changed SB%26A Readonly                                                 Profile          force-app\main\default\profiles\SB%26A Readonly.profile-meta.xml                                                     
| Changed SB%26A Registration Team                                        Profile          force-app\main\default\profiles\SB%26A Registration Team.profile-meta.xml                                            
| Changed SB%26A Sales                                                    Profile          force-app\main\default\profiles\SB%26A Sales.profile-meta.xml                                                        
| Changed SB%26A Sec Ops                                                  Profile          force-app\main\default\profiles\SB%26A Sec Ops.profile-meta.xml                                                      
| Changed SB%26A Underwriting                                             Profile          force-app\main\default\profiles\SB%26A Underwriting.profile-meta.xml                                                 
| Changed Super User                                                      Profile          force-app\main\default\profiles\Super User.profile-meta.xml                                                          
| Created Account.Collate_Borrowing_Entity_Id                             ValidationRule   force-app\main\default\objects\Account\validationRules\Collate_Borrowing_Entity_Id.validationRule-meta.xml           
| Created Account.Collate_Legal_Entity_Id                                 ValidationRule   force-app\main\default\objects\Account\validationRules\Collate_Legal_Entity_Id.validationRule-meta.xml               
| Created Account.Date_of_birth_mandatory                                 ValidationRule   force-app\main\default\objects\Account\validationRules\Date_of_birth_mandatory.validationRule-meta.xml               
| Created Account.nCino_Email_mandatory                                   ValidationRule   force-app\main\default\objects\Account\validationRules\nCino_Email_mandatory.validationRule-meta.xml                 
Validating Deployment of v62.0 metadata to rob.mockler@boi.com using the v64.0 SOAP API.
Deploy ID: 0AfaV000000qn9VSAQ

Component Failures [194]
========================================================================================================================
| Type  Name                               Problem                                                                       
| ───── ────────────────────────────────── ───────────────────────────────────────────────────────────────────────────── 
| Error CM_CRIFGatewayCCRInvokeService     Variable does not exist: result (165:13)                                      
| Error CM_CRIFGatewayCCRInvokeService     Variable does not exist: result (164:13)                                      
| Error CM_CRIFGatewayCCRInvokeService     Invalid type: CM_CRIFGatewayResponseParser.ParsingResult (163:22)             
| Error CM_CRIFGatewayCCRInvokeService     Variable does not exist: result (156:33)                                      
| Error CM_CRIFGatewayCCRInvokeService     Variable does not exist: result (155:33)                                      
| Error CM_CRIFGatewayCCRInvokeService     Invalid type: CM_CRIFGatewayResponseParser.ParsingResult (154:42)             
| Error CM_CRIFGatewayCCRInvokeService     Variable does not exist: result (146:41)                                      
| Error CM_CRIFGatewayCCRInvokeService     Variable does not exist: configField (146:67)                                 
| Error CM_CRIFGatewayCCRInvokeService     Variable does not exist: configField (145:61)                                 
| Error CM_CRIFGatewayCCRInvokeService     Variable does not exist: result (145:41)                                      
| Error CM_CRIFGatewayCCRInvokeService     Invalid type: BOI_CRIF_Error_Message_Mapping__mdt (144:37)                    
| Error CM_CRIFGatewayCCRInvokeService     Invalid type: BOI_CRIF_Error_Message_Mapping__mdt (142:33)                    
| Error CM_CRIFGatewayCCRInvokeService     Variable does not exist: result (140:37)                                      
| Error CM_CRIFGatewayCCRInvokeService     Variable does not exist: resultObj (139:37)                                   
| Error CM_CRIFGatewayCCRInvokeService     Variable does not exist: result (139:66)                                      
| Error CM_CRIFGatewayCCRInvokeService     Variable does not exist: resultObj (138:37)                                   
| Error CM_CRIFGatewayCCRInvokeService     Variable does not exist: result (138:68)                                      
| Error CM_CRIFGatewayCCRInvokeService     Variable does not exist: resultObj (137:37)                                   
| Error CM_CRIFGatewayCCRInvokeService     Variable does not exist: result (137:68)                                      
| Error CM_CRIFGatewayCCRInvokeService     Variable does not exist: resultObj (136:37)                                   
| Error CM_CRIFGatewayCCRInvokeService     Variable does not exist: resultObj (135:37)                                   
| Error CM_CRIFGatewayCCRInvokeService     Variable does not exist: result (135:72)                                      
| Error CM_CRIFGatewayCCRInvokeService     Variable does not exist: resultObj (134:37)                                   
| Error CM_CRIFGatewayCCRInvokeService     Variable does not exist: result (134:66)                                      
| Error CM_CRIFGatewayCCRInvokeService     Variable does not exist: resultObj (133:37)                                   
| Error CM_CRIFGatewayCCRInvokeService     Variable does not exist: result (133:65)                                      
| Error CM_CRIFGatewayCCRInvokeService     Variable does not exist: resultObj (132:37)                                   
| Error CM_CRIFGatewayCCRInvokeService     Invalid type: cm_CRIF_CCR_Result__c (131:49)                                  
| Error CM_CRIFGatewayCCRInvokeService     Variable does not exist: result (130:59)                                      
| Error CM_CRIFGatewayCCRInvokeService     Variable does not exist: result (128:37)                                      
| Error CM_CRIFGatewayCCRInvokeService     Invalid type: cm_CRIF_CCR_Result__c (128:57)                                  
| Error CM_CRIFGatewayCCRInvokeService     Variable does not exist: resultObj (127:37)                                   
| Error CM_CRIFGatewayCCRInvokeService     Variable does not exist: result (127:66)                                      
| Error CM_CRIFGatewayCCRInvokeService     Variable does not exist: resultObj (126:37)                                   
| Error CM_CRIFGatewayCCRInvokeService     Variable does not exist: result (126:68)                                      
| Error CM_CRIFGatewayCCRInvokeService     Variable does not exist: resultObj (125:37)                                   
| Error CM_CRIFGatewayCCRInvokeService     Variable does not exist: result (125:68)                                      
| Error CM_CRIFGatewayCCRInvokeService     Variable does not exist: resultObj (124:37)                                   
| Error CM_CRIFGatewayCCRInvokeService     Variable does not exist: resultObj (123:37)                                   
| Error CM_CRIFGatewayCCRInvokeService     Variable does not exist: result (123:72)                                      
| Error CM_CRIFGatewayCCRInvokeService     Variable does not exist: resultObj (122:37)                                   
| Error CM_CRIFGatewayCCRInvokeService     Variable does not exist: result (122:66)                                      
| Error CM_CRIFGatewayCCRInvokeService     Variable does not exist: resultObj (121:37)                                   
| Error CM_CRIFGatewayCCRInvokeService     Variable does not exist: result (121:65)                                      
| Error CM_CRIFGatewayCCRInvokeService     Variable does not exist: resultObj (120:37)                                   
| Error CM_CRIFGatewayCCRInvokeService     Invalid type: cm_CRIF_CCR_Result__c (118:33)                                  
| Error CM_CRIFGatewayCCRInvokeService     Variable does not exist: result (117:33)                                      
| Error CM_CRIFGatewayCCRInvokeService     Variable does not exist: result (116:33)                                      
| Error CM_CRIFGatewayCCRInvokeService     Variable does not exist: result (115:33)                                      
| Error CM_CRIFGatewayCCRInvokeService     Variable does not exist: result (114:62)                                      
| Error CM_CRIFGatewayCCRInvokeService     Variable does not exist: result (113:70)                                      
| Error CM_CRIFGatewayCCRInvokeService     Variable does not exist: result (112:63)                                      
| Error CM_CRIFGatewayCCRInvokeService     Variable does not exist: result (111:63)                                      
| Error CM_CRIFGatewayCCRInvokeService     Variable does not exist: result (110:59)                                      
| Error CM_CRIFGatewayCCRInvokeService     Variable does not exist: CM_CRIFGatewayResponseParser (109:42)                
| Error CM_CRIFGatewayCCRInvokeService     Variable does not exist: CM_CRIFGatewayService (69:51)                        
| Error CM_CRIFGatewayCCRInvokeService     Variable does not exist: CCR_Settings__c (56:34)                              
| Error CM_CRIFGatewayCCRInvokeService     Invalid type: CM_CRIFGatewayResponseParser.ParsingResult (52:9)               
| Error CM_CRIFGatewayCCRInvokeService     Variable does not exist: outputDataResultList (17:17)                         
| Error CM_CRIFGatewayCCRInvokeService     Invalid type: CM_CRIFGatewayResponseParser.ParsingResult (16:17)              
| Error CM_CRIFGatewayCCRInvokeService     Invalid type: CM_CRIFGatewayResponseParser.ParsingResult (13:9)               
| Error CM_CRIFGatewayCCRInvokeService     Invalid type: CM_CRIFGatewayResponseParser.ParsingResult (50:55)              
| Error CM_CRIFGatewayCCRInvokeService     Invalid type: CM_CRIFGatewayResponseParser.ParsingResult (11:68)              
| Error CM_CRIFGatewayCCRInvokeServiceTest Variable does not exist: CM_CRIFGatewayCCRReport (174:9)                      
| Error CM_CRIFGatewayCCRInvokeServiceTest Variable does not exist: inputDataList1 (173:9)                               
| Error CM_CRIFGatewayCCRInvokeServiceTest Invalid type: CM_CRIFGatewayCCRReport.InputDataWrapper (172:9)                
| Error CM_CRIFGatewayCCRInvokeServiceTest Variable does not exist: obj (171:9)                                          
| Error CM_CRIFGatewayCCRInvokeServiceTest Variable does not exist: obj (170:9)                                          
| Error CM_CRIFGatewayCCRInvokeServiceTest Variable does not exist: obj (169:9)                                          
| Error CM_CRIFGatewayCCRInvokeServiceTest Variable does not exist: obj (168:9)                                          
| Error CM_CRIFGatewayCCRInvokeServiceTest Variable does not exist: pdfContent (168:46)                                  
| Error CM_CRIFGatewayCCRInvokeServiceTest Variable does not exist: obj (167:9)                                          
| Error CM_CRIFGatewayCCRInvokeServiceTest Variable does not exist: obj (166:9)                                          
| Error CM_CRIFGatewayCCRInvokeServiceTest Invalid type: CM_CRIFGatewayCCRReport.InputDataWrapper (164:9)                
| Error CM_CRIFGatewayCCRInvokeServiceTest Invalid type: CM_CRIFGatewayResponseParser.ParsingResult (161:9)              
| Error CM_CRIFGatewayCCRInvokeServiceTest Invalid type: MySoapGetPdfMockResponse (160:45)                               
| Error CM_CRIFGatewayCCRInvokeServiceTest Variable does not exist: CM_CRIFGatewayAUEInvokeService (158:9)               
| Error CM_CRIFGatewayCCRInvokeServiceTest Variable does not exist: inputDataAUEList (157:9)                             
| Error CM_CRIFGatewayCCRInvokeServiceTest Variable does not exist: aueObj (155:9)                                       
| Error CM_CRIFGatewayCCRInvokeServiceTest Variable does not exist: aueObj (154:9)                                       
| Error CM_CRIFGatewayCCRInvokeServiceTest Invalid type: CM_CRIFGatewayAUEInvokeService.InputDataWrapper (153:9)         
| Error CM_CRIFGatewayCCRInvokeServiceTest Invalid type: CM_CRIFGatewayAUEInvokeService.InputDataWrapper (152:9)         
| Error CM_CRIFGatewayCCRInvokeServiceTest Variable does not exist: detailId (150:43)                                    
| Error CM_CRIFGatewayCCRInvokeServiceTest Invalid type: CM_CRIFGatewayResponseParser.ParsingResult (148:9)              
| Error CM_CRIFGatewayCCRInvokeServiceTest Invalid type: MySoapInvokeMockResponse (147:45)                               
| Error CM_CRIFGatewayCCRInvokeServiceTest Invalid type: CM_CRIFGatewayResponseParser.ParsingResult (120:9)              
| Error CM_CRIFGatewayCCRInvokeServiceTest Invalid type: MySoapInvokeMockResponse (118:45)                               
| Error SB%26A Branch                      In field: apexClass - no ApexClass named CM_CRIFGatewayCCRInvokeService found 
| Error SB%26A CCR Compliance              In field: apexClass - no ApexClass named CM_CRIFGatewayCCRInvokeService found 
| Error SB%26A Fulfillment                 In field: apexClass - no ApexClass named CM_CRIFGatewayCCRInvokeService found 
| Error SB%26A Lending Support             In field: apexClass - no ApexClass named CM_CRIFGatewayCCRInvokeService found 
| Error SB%26A Readonly                    In field: apexClass - no ApexClass named CM_CRIFGatewayCCRInvokeService found 
| Error SB%26A Registration Team           In field: apexClass - no ApexClass named CM_CRIFGatewayCCRInvokeService found 
| Error SB%26A Sales                       In field: apexClass - no ApexClass named CM_CRIFGatewayCCRInvokeService found 
| Error SB%26A Sec Ops                     In field: apexClass - no ApexClass named CM_CRIFGatewayCCRInvokeService found 
| Error SB%26A Underwriting                In field: apexClass - no ApexClass named CM_CRIFGatewayCCRInvokeService found 
| Error Super User                         In field: apexClass - no ApexClass named CM_CRIFGatewayCCRInvokeService found 
| Error CM_CRIFGatewayCCRInvokeService     Invalid type: CM_CRIFGatewayResponseParser.ParsingResult                      
| Error CM_CRIFGatewayCCRInvokeService     Invalid type: CM_CRIFGatewayResponseParser.ParsingResult                      
| Error CM_CRIFGatewayCCRInvokeService     Invalid type: CM_CRIFGatewayResponseParser.ParsingResult                      
| Error CM_CRIFGatewayCCRInvokeService     Invalid type: CM_CRIFGatewayResponseParser.ParsingResult                      
| Error CM_CRIFGatewayCCRInvokeService     Variable does not exist: outputDataResultList                                 
| Error CM_CRIFGatewayCCRInvokeService     Invalid type: CM_CRIFGatewayResponseParser.ParsingResult                      
| Error CM_CRIFGatewayCCRInvokeService     Variable does not exist: CCR_Settings__c                                      
| Error CM_CRIFGatewayCCRInvokeService     Variable does not exist: CM_CRIFGatewayService                                
| Error CM_CRIFGatewayCCRInvokeService     Variable does not exist: CM_CRIFGatewayResponseParser                         
| Error CM_CRIFGatewayCCRInvokeService     Variable does not exist: result                                               
| Error CM_CRIFGatewayCCRInvokeService     Variable does not exist: result                                               
| Error CM_CRIFGatewayCCRInvokeService     Variable does not exist: result                                               
| Error CM_CRIFGatewayCCRInvokeService     Variable does not exist: result                                               
| Error CM_CRIFGatewayCCRInvokeService     Variable does not exist: result                                               
| Error CM_CRIFGatewayCCRInvokeService     Variable does not exist: result                                               
| Error CM_CRIFGatewayCCRInvokeService     Variable does not exist: result                                               
| Error CM_CRIFGatewayCCRInvokeService     Variable does not exist: result                                               
| Error CM_CRIFGatewayCCRInvokeService     Invalid type: cm_CRIF_CCR_Result__c                                           
| Error CM_CRIFGatewayCCRInvokeService     Variable does not exist: resultObj                                            
| Error CM_CRIFGatewayCCRInvokeService     Variable does not exist: result                                               
| Error CM_CRIFGatewayCCRInvokeService     Variable does not exist: resultObj                                            
| Error CM_CRIFGatewayCCRInvokeService     Variable does not exist: result                                               
| Error CM_CRIFGatewayCCRInvokeService     Variable does not exist: resultObj                                            
| Error CM_CRIFGatewayCCRInvokeService     Variable does not exist: result                                               
| Error CM_CRIFGatewayCCRInvokeService     Variable does not exist: resultObj                                            
| Error CM_CRIFGatewayCCRInvokeService     Variable does not exist: resultObj                                            
| Error CM_CRIFGatewayCCRInvokeService     Variable does not exist: result                                               
| Error CM_CRIFGatewayCCRInvokeService     Variable does not exist: resultObj                                            
| Error CM_CRIFGatewayCCRInvokeService     Variable does not exist: result                                               
| Error CM_CRIFGatewayCCRInvokeService     Variable does not exist: resultObj                                            
| Error CM_CRIFGatewayCCRInvokeService     Variable does not exist: result                                               
| Error CM_CRIFGatewayCCRInvokeService     Variable does not exist: resultObj                                            
| Error CM_CRIFGatewayCCRInvokeService     Invalid type: cm_CRIF_CCR_Result__c                                           
| Error CM_CRIFGatewayCCRInvokeService     Variable does not exist: result                                               
| Error CM_CRIFGatewayCCRInvokeService     Variable does not exist: result                                               
| Error CM_CRIFGatewayCCRInvokeService     Invalid type: cm_CRIF_CCR_Result__c                                           
| Error CM_CRIFGatewayCCRInvokeService     Variable does not exist: resultObj                                            
| Error CM_CRIFGatewayCCRInvokeService     Variable does not exist: result                                               
| Error CM_CRIFGatewayCCRInvokeService     Variable does not exist: resultObj                                            
| Error CM_CRIFGatewayCCRInvokeService     Variable does not exist: result                                               
| Error CM_CRIFGatewayCCRInvokeService     Variable does not exist: resultObj                                            
| Error CM_CRIFGatewayCCRInvokeService     Variable does not exist: result                                               
| Error CM_CRIFGatewayCCRInvokeService     Variable does not exist: resultObj                                            
| Error CM_CRIFGatewayCCRInvokeService     Variable does not exist: resultObj                                            
| Error CM_CRIFGatewayCCRInvokeService     Variable does not exist: result                                               
| Error CM_CRIFGatewayCCRInvokeService     Variable does not exist: resultObj                                            
| Error CM_CRIFGatewayCCRInvokeService     Variable does not exist: result                                               
| Error CM_CRIFGatewayCCRInvokeService     Variable does not exist: resultObj                                            
| Error CM_CRIFGatewayCCRInvokeService     Variable does not exist: result                                               
| Error CM_CRIFGatewayCCRInvokeService     Variable does not exist: resultObj                                            
| Error CM_CRIFGatewayCCRInvokeService     Variable does not exist: result                                               
| Error CM_CRIFGatewayCCRInvokeService     Invalid type: BOI_CRIF_Error_Message_Mapping__mdt                             
| Error CM_CRIFGatewayCCRInvokeService     Invalid type: BOI_CRIF_Error_Message_Mapping__mdt                             
| Error CM_CRIFGatewayCCRInvokeService     Variable does not exist: result                                               
| Error CM_CRIFGatewayCCRInvokeService     Variable does not exist: configField                                          
| Error CM_CRIFGatewayCCRInvokeService     Variable does not exist: configField                                          
| Error CM_CRIFGatewayCCRInvokeService     Variable does not exist: result                                               
| Error CM_CRIFGatewayCCRInvokeService     Invalid type: CM_CRIFGatewayResponseParser.ParsingResult                      
| Error CM_CRIFGatewayCCRInvokeService     Variable does not exist: result                                               
| Error CM_CRIFGatewayCCRInvokeService     Variable does not exist: result                                               
| Error CM_CRIFGatewayCCRInvokeService     Invalid type: CM_CRIFGatewayResponseParser.ParsingResult                      
| Error CM_CRIFGatewayCCRInvokeService     Variable does not exist: result                                               
| Error CM_CRIFGatewayCCRInvokeService     Variable does not exist: result                                               
| Error CM_CRIFGatewayCCRInvokeServiceTest Invalid type: MySoapInvokeMockResponse                                        
| Error CM_CRIFGatewayCCRInvokeServiceTest Invalid type: CM_CRIFGatewayResponseParser.ParsingResult                      
| Error CM_CRIFGatewayCCRInvokeServiceTest Invalid type: MySoapInvokeMockResponse                                        
| Error CM_CRIFGatewayCCRInvokeServiceTest Invalid type: CM_CRIFGatewayResponseParser.ParsingResult                      
| Error CM_CRIFGatewayCCRInvokeServiceTest Variable does not exist: detailId                                             
| Error CM_CRIFGatewayCCRInvokeServiceTest Invalid type: CM_CRIFGatewayAUEInvokeService.InputDataWrapper                 
| Error CM_CRIFGatewayCCRInvokeServiceTest Invalid type: CM_CRIFGatewayAUEInvokeService.InputDataWrapper                 
| Error CM_CRIFGatewayCCRInvokeServiceTest Variable does not exist: aueObj                                               
| Error CM_CRIFGatewayCCRInvokeServiceTest Variable does not exist: aueObj                                               
| Error CM_CRIFGatewayCCRInvokeServiceTest Variable does not exist: inputDataAUEList                                     
| Error CM_CRIFGatewayCCRInvokeServiceTest Variable does not exist: CM_CRIFGatewayAUEInvokeService                       
| Error CM_CRIFGatewayCCRInvokeServiceTest Invalid type: MySoapGetPdfMockResponse                                        
| Error CM_CRIFGatewayCCRInvokeServiceTest Invalid type: CM_CRIFGatewayResponseParser.ParsingResult                      
| Error CM_CRIFGatewayCCRInvokeServiceTest Invalid type: CM_CRIFGatewayCCRReport.InputDataWrapper                        
| Error CM_CRIFGatewayCCRInvokeServiceTest Variable does not exist: obj                                                  
| Error CM_CRIFGatewayCCRInvokeServiceTest Variable does not exist: obj                                                  
| Error CM_CRIFGatewayCCRInvokeServiceTest Variable does not exist: pdfContent                                           
| Error CM_CRIFGatewayCCRInvokeServiceTest Variable does not exist: obj                                                  
| Error CM_CRIFGatewayCCRInvokeServiceTest Variable does not exist: obj                                                  
| Error CM_CRIFGatewayCCRInvokeServiceTest Variable does not exist: obj                                                  
| Error CM_CRIFGatewayCCRInvokeServiceTest Variable does not exist: obj                                                  
| Error CM_CRIFGatewayCCRInvokeServiceTest Invalid type: CM_CRIFGatewayCCRReport.InputDataWrapper                        
| Error CM_CRIFGatewayCCRInvokeServiceTest Variable does not exist: inputDataList1                                       
| Error CM_CRIFGatewayCCRInvokeServiceTest Variable does not exist: CM_CRIFGatewayCCRReport                              
| Error SB%26A Branch                      In field: apexClass - no ApexClass named CM_CRIFGatewayCCRInvokeService found 
| Error SB%26A CCR Compliance              In field: apexClass - no ApexClass named CM_CRIFGatewayCCRInvokeService found 
| Error SB%26A Fulfillment                 In field: apexClass - no ApexClass named CM_CRIFGatewayCCRInvokeService found 
| Error SB%26A Lending Support             In field: apexClass - no ApexClass named CM_CRIFGatewayCCRInvokeService found 
| Error SB%26A Readonly                    In field: apexClass - no ApexClass named CM_CRIFGatewayCCRInvokeService found 
| Error SB%26A Registration Team           In field: apexClass - no ApexClass named CM_CRIFGatewayCCRInvokeService found 
| Error SB%26A Sales                       In field: apexClass - no ApexClass named CM_CRIFGatewayCCRInvokeService found 
| Error SB%26A Sec Ops                     In field: apexClass - no ApexClass named CM_CRIFGatewayCCRInvokeService found 
| Error SB%26A Underwriting                In field: apexClass - no ApexClass named CM_CRIFGatewayCCRInvokeService found 
| Error Super User                         In field: apexClass - no ApexClass named CM_CRIFGatewayCCRInvokeService found 

Test Results Summary
Passing: 0
Failing: 0
Total: 0
Error (1): Failed to validate the deployment (0AfaV000000qn9VSAQ). Due To:
97 component error(s)
