Retrieving v64.0 metadata from rob.mockler@boi.com using the v64.0 SOAP API

Retrieved Source
=============================================================================================================================================
| State   Name                                      Type Path                                                                                 
| ─────── ───────────────────────────────────────── ──── ──────────────────────────────────────────────────────────────────────────────────── 
| Created BOI_Record_Trigger_Application_After_Save Flow force-app\main\default\flows\BOI_Record_Trigger_Application_After_Save.flow-meta.xml 
Validating Deployment of v64.0 metadata to rob.mockler@boi.com.preprod using the v64.0 SOAP API.
Deploy ID: 0Af9b00000lTawICAS

Validated Source
===============================================================================================================================================
| State     Name                                      Type Path                                                                                 
| ───────── ───────────────────────────────────────── ──── ──────────────────────────────────────────────────────────────────────────────────── 
| Unchanged BOI_Record_Trigger_Application_After_Save Flow force-app\main\default\flows\BOI_Record_Trigger_Application_After_Save.flow-meta.xml 

Test Results Summary
Passing: 6
Failing: 0
Total: 6
Time: 2068

Successfully validated the deployment (0Af9b00000lTawICAS).
Run "sf project deploy quick --job-id 0Af9b00000lTawICAS" to execute this deploy
