HEAD is now at 671ee84 Update trests org
Removing force-app/main/default/flows/nCino_CM_Screen_Flow_Loan_Creation_2.flow-meta.xml
Removing force-app/main/default/objects/LLC_BI__Loan__c/fields/cm_ESGBusinessSector__c.field-meta.xml
Removing force-app/main/default/objects/LLC_BI__Loan__c/fields/cm_ESGEnhancedReviewActivities__c.field-meta.xml
Removing force-app/main/default/objects/LLC_BI__Loan__c/fields/cm_ESGExcludedActivities__c.field-meta.xml
Removing force-app/main/default/objects/LLC_BI__Loan__c/fields/cm_ESGGeneralScreeningActivities__c.field-meta.xml
Removing force-app/main/default/objects/LLC_BI__Loan__c/fields/cm_Multiple_Facillities__c.field-meta.xml
Removing force-app/main/default/objects/LLC_BI__Loan__c/fields/cm_OffFarmIncome__c.field-meta.xml
Removing force-app/main/default/objects/LLC_BI__Loan__c/fields/cm_OperatingBusinessSector__c.field-meta.xml
On branch stephen
nothing to commit, working tree clean
test_package /c/devops/wkr2/vsc1/sfdx1
/c/Users/c139079/Onedri~1/package_xml/ncino-15170_test2_package.xml
Already on 'stephen'
On branch stephen
nothing to commit, working tree clean
Preparing retrieve request...
[G[1A[JRetrieving v62.0 metadata from rob.mockler@boi.com.spreads1 using the v64.0 SOAP API
Preparing retrieve request... [38;5;104m-[0m Sending request to org
[G[1A[JPreparing retrieve request... [38;5;104m\[0m Sending request to org
[G[1A[JPreparing retrieve request... [38;5;104m|[0m Waiting for the org to respond
[G[1A[JPreparing retrieve request... [38;5;104m/[0m In Progress
[G[1A[JPreparing retrieve request... [38;5;104m-[0m In Progress
[G[1A[JPreparing retrieve request... [38;5;104m\[0m In Progress
[G[1A[JPreparing retrieve request... [38;5;104m|[0m In Progress
[G[1A[JPreparing retrieve request... [38;5;104m/[0m In Progress
[G[1A[JPreparing retrieve request... [38;5;104m-[0m In Progress
[G[1A[JPreparing retrieve request... [38;5;104m\[0m In Progress
[G[1A[JPreparing retrieve request... [38;5;104m|[0m In Progress
[G[1A[JPreparing retrieve request... [38;5;104m/[0m In Progress
[G[1A[JPreparing retrieve request... [38;5;104m-[0m In Progress
[G[1A[JPreparing retrieve request... [38;5;104m\[0m In Progress
[G[1A[JPreparing retrieve request... [38;5;104m|[0m In Progress
[G[1A[JPreparing retrieve request... [38;5;104m/[0m In Progress
[G[1A[JPreparing retrieve request... [38;5;104m-[0m In Progress
[G[1A[JPreparing retrieve request... [38;5;104m\[0m In Progress
[G[1A[JPreparing retrieve request... [38;5;104m|[0m In Progress
[G[1A[JPreparing retrieve request... [38;5;104m/[0m In Progress
[G[1A[JPreparing retrieve request... Succeeded

Retrieved Source
==================================================================================================================================================================================
| State   Name                                                Type        Path                                                                                                     
| ─────── ─────────────────────────────────────────────────── ─────────── ──────────────────────────────────────────────────────────────────────────────────────────────────────── 
| Created LLC_BI__Loan__c.cm_ESGBusinessSector__c             CustomField force-app\main\default\objects\LLC_BI__Loan__c\fields\cm_ESGBusinessSector__c.field-meta.xml             
| Created LLC_BI__Loan__c.cm_ESGEnhancedReviewActivities__c   CustomField force-app\main\default\objects\LLC_BI__Loan__c\fields\cm_ESGEnhancedReviewActivities__c.field-meta.xml   
| Created LLC_BI__Loan__c.cm_ESGExcludedActivities__c         CustomField force-app\main\default\objects\LLC_BI__Loan__c\fields\cm_ESGExcludedActivities__c.field-meta.xml         
| Created LLC_BI__Loan__c.cm_ESGGeneralScreeningActivities__c CustomField force-app\main\default\objects\LLC_BI__Loan__c\fields\cm_ESGGeneralScreeningActivities__c.field-meta.xml 
| Created LLC_BI__Loan__c.cm_Multiple_Facillities__c          CustomField force-app\main\default\objects\LLC_BI__Loan__c\fields\cm_Multiple_Facillities__c.field-meta.xml          
| Created LLC_BI__Loan__c.cm_Number_Of_Employees__c           CustomField force-app\main\default\objects\LLC_BI__Loan__c\fields\cm_Number_Of_Employees__c.field-meta.xml           
| Created LLC_BI__Loan__c.cm_OffFarmIncome__c                 CustomField force-app\main\default\objects\LLC_BI__Loan__c\fields\cm_OffFarmIncome__c.field-meta.xml                 
| Created LLC_BI__Loan__c.cm_OperatingBusinessSector__c       CustomField force-app\main\default\objects\LLC_BI__Loan__c\fields\cm_OperatingBusinessSector__c.field-meta.xml       
| Created nCino_CM_Screen_Flow_Loan_Creation_2                Flow        force-app\main\default\flows\nCino_CM_Screen_Flow_Loan_Creation_2.flow-meta.xml                          
Validating Deployment of v62.0 metadata to rob.mockler@boi.com.stephen using the v65.0 SOAP API.
Deploy ID: 0AfFg00000VdTGRKA3

Test Failures [6]
• RecalculateRelationshipStatsTest.driver
  message: System.AsyncException: Based on configured schedule, the given trigger 'SCHEDULED_APEX_JOB_TYPE.000000000000000' will never fire.
  stacktrace: 
    Class.RecalculateRelationshipStatsTest.driver: line 11, column 1

• UserInterfaceRecordOwnerUtilityTest.recordOwnerTestDriver1
  message: System.DmlException: Insert failed. First exception on row 0; first error: FIELD_CUSTOM_VALIDATION_EXCEPTION, Staff ID is required when creating a new user.: []
  stacktrace: 
    Class.UserInterfaceRecordOwnerUtilityTest.createUser: line 142, column 1
    Class.UserInterfaceRecordOwnerUtilityTest.setup: line 6, column 1

• UserInterfaceRecordOwnerUtilityTest.recordOwnerTestDriver2
  message: System.DmlException: Insert failed. First exception on row 0; first error: FIELD_CUSTOM_VALIDATION_EXCEPTION, Staff ID is required when creating a new user.: []
  stacktrace: 
    Class.UserInterfaceRecordOwnerUtilityTest.createUser: line 142, column 1
    Class.UserInterfaceRecordOwnerUtilityTest.setup: line 6, column 1

• UserInterfaceRecordOwnerUtilityTest.recordOwnerTestDriver3
  message: System.DmlException: Insert failed. First exception on row 0; first error: FIELD_CUSTOM_VALIDATION_EXCEPTION, Staff ID is required when creating a new user.: []
  stacktrace: 
    Class.UserInterfaceRecordOwnerUtilityTest.createUser: line 142, column 1
    Class.UserInterfaceRecordOwnerUtilityTest.setup: line 6, column 1

• UserInterfaceRecordOwnerUtilityTest.recordOwnerTestDriver4
  message: System.DmlException: Insert failed. First exception on row 0; first error: FIELD_CUSTOM_VALIDATION_EXCEPTION, Staff ID is required when creating a new user.: []
  stacktrace: 
    Class.UserInterfaceRecordOwnerUtilityTest.createUser: line 142, column 1
    Class.UserInterfaceRecordOwnerUtilityTest.setup: line 6, column 1

• LightningLoginFormControllerTest.testLoginWithInvalidCredentials
  message: System.AssertException: Assertion Failed: Expected: Argument 1 cannot be null, Actual: null
  stacktrace: 
    Class.LightningLoginFormControllerTest.testLoginWithInvalidCredentials: line 6, column 1


Test Results Summary
Passing: 160
Failing: 6
Total: 166
Time: 270636
Error (1): Failed to validate the deployment (0AfFg00000VdTGRKA3). Due To:

