HEAD is now at 5bad2b3 Org sync for /c/Users/c139079/package_xml/ncino-13114_full_package.xml
Removing force-app/main/default/profiles/Admin.profile-meta.xml
On branch rob1
nothing to commit, working tree clean
test_package /c/devops/wkr2/vsc1/sfdx2
/c/Users/c139079/Onedri~1/package_xml/ncino-15704_Admin_Profile_package.xml
Already on 'rob1'
On branch rob1
nothing to commit, working tree clean
Preparing retrieve request...
[G[1A[JPreparing retrieve request... [38;5;104m-[0m Sending request to org
[G[1A[JRetrieving v62.0 metadata from rob.mockler@boi.com.crifmock using the v64.0 SOAP API
Preparing retrieve request... [38;5;104m\[0m Sending request to org
[G[1A[JPreparing retrieve request... [38;5;104m|[0m Waiting for the org to respond
[G[1A[JPreparing retrieve request... [38;5;104m/[0m In Progress
[G[1A[JPreparing retrieve request... [38;5;104m-[0m In Progress
[G[1A[JPreparing retrieve request... [38;5;104m\[0m In Progress
[G[1A[JPreparing retrieve request... [38;5;104m|[0m In Progress
[G[1A[JPreparing retrieve request... Succeeded

Retrieved Source
==============================================================================
| State   Name  Type    Path                                                   
| ─────── ───── ─────── ────────────────────────────────────────────────────── 
| Created Admin Profile force-app\main\default\profiles\Admin.profile-meta.xml 
Validating Deployment of v62.0 metadata to rob.mockler@boi.com.rob1 using the v64.0 SOAP API.
Deploy ID: 0Af9Q00000lsz9vSAA

Validated Source
==============================================================================
| State   Name  Type    Path                                                   
| ─────── ───── ─────── ────────────────────────────────────────────────────── 
| Changed Admin Profile force-app\main\default\profiles\Admin.profile-meta.xml 

Test Results Summary
Passing: 166
Failing: 0
Total: 166
Time: 242113

Successfully validated the deployment (0Af9Q00000lsz9vSAA).
Run "sf project deploy quick --job-id 0Af9Q00000lsz9vSAA" to execute this deploy
Printing the return value successfull 0 \n/c/Users/c139079/Onedri~1/package_xml/ncino-15704_Admin_Profile_package.xml
