HEAD is now at cbca720 recent packages
Removing force-app/main/default/flows/nCino_CM_Screen_Flow_Loan_Creation_2.flow-meta.xml
Removing force-app/main/default/objects/LLC_BI__Loan__c/fields/cm_ESGBusinessSector__c.field-meta.xml
Removing force-app/main/default/objects/LLC_BI__Loan__c/fields/cm_ESGEnhancedReviewActivities__c.field-meta.xml
Removing force-app/main/default/objects/LLC_BI__Loan__c/fields/cm_ESGExcludedActivities__c.field-meta.xml
Removing force-app/main/default/objects/LLC_BI__Loan__c/fields/cm_ESGGeneralScreeningActivities__c.field-meta.xml
Removing force-app/main/default/objects/LLC_BI__Loan__c/fields/cm_Multiple_Facillities__c.field-meta.xml
Removing force-app/main/default/objects/LLC_BI__Loan__c/fields/cm_Number_Of_Employees__c.field-meta.xml
Removing force-app/main/default/objects/LLC_BI__Loan__c/fields/cm_OffFarmIncome__c.field-meta.xml
Removing force-app/main/default/objects/LLC_BI__Loan__c/fields/cm_OperatingBusinessSector__c.field-meta.xml
On branch kajal
nothing to commit, working tree clean
test_package /c/devops/wkr2/vsc1/sfdx2
/c/Users/c139079/Onedri~1/package_xml/ncino-15170_test2_package.xml
Switched to branch 'rob1'
On branch rob1
nothing to commit, working tree clean
Preparing retrieve request...
[G[1A[JRetrieving v62.0 metadata from rob.mockler@boi.com.spreads1 using the v64.0 SOAP API
Preparing retrieve request... [38;5;104m-[0m Sending request to org
[G[1A[JPreparing retrieve request... [38;5;104m\[0m Sending request to org
[G[1A[JPreparing retrieve request... [38;5;104m|[0m Waiting for the org to respond
[G[1A[JPreparing retrieve request... [38;5;104m/[0m Waiting for the org to respond
[G[1A[JPreparing retrieve request... [38;5;104m-[0m In Progress
[G[1A[JPreparing retrieve request... [38;5;104m\[0m In Progress
[G[1A[JPreparing retrieve request... [38;5;104m|[0m In Progress
[G[1A[JPreparing retrieve request... [38;5;104m/[0m In Progress
[G[1A[JPreparing retrieve request... [38;5;104m-[0m In Progress
[G[1A[JPreparing retrieve request... [38;5;104m\[0m In Progress
[G[1A[JPreparing retrieve request... [38;5;104m|[0m In Progress
[G[1A[JPreparing retrieve request... [38;5;104m/[0m In Progress
[G[1A[JPreparing retrieve request... [38;5;104m-[0m In Progress
[G[1A[JPreparing retrieve request... [38;5;104m\[0m In Progress
[G[1A[JPreparing retrieve request... [38;5;104m|[0m In Progress
[G[1A[JPreparing retrieve request... [38;5;104m/[0m In Progress
[G[1A[JPreparing retrieve request... [38;5;104m-[0m In Progress
[G[1A[JPreparing retrieve request... [38;5;104m\[0m In Progress
[G[1A[JPreparing retrieve request... [38;5;104m|[0m In Progress
[G[1A[JPreparing retrieve request... [38;5;104m/[0m In Progress
[G[1A[JPreparing retrieve request... Succeeded

Retrieved Source
==================================================================================================================================================================================
| State   Name                                                Type        Path                                                                                                     
| ─────── ─────────────────────────────────────────────────── ─────────── ──────────────────────────────────────────────────────────────────────────────────────────────────────── 
| Created LLC_BI__Loan__c.cm_DairyFarming__c                  CustomField force-app\main\default\objects\LLC_BI__Loan__c\fields\cm_DairyFarming__c.field-meta.xml                  
| Created LLC_BI__Loan__c.cm_ESGBusinessSector__c             CustomField force-app\main\default\objects\LLC_BI__Loan__c\fields\cm_ESGBusinessSector__c.field-meta.xml             
| Created LLC_BI__Loan__c.cm_ESGEnhancedReviewActivities__c   CustomField force-app\main\default\objects\LLC_BI__Loan__c\fields\cm_ESGEnhancedReviewActivities__c.field-meta.xml   
| Created LLC_BI__Loan__c.cm_ESGExcludedActivities__c         CustomField force-app\main\default\objects\LLC_BI__Loan__c\fields\cm_ESGExcludedActivities__c.field-meta.xml         
| Created LLC_BI__Loan__c.cm_ESGGeneralScreeningActivities__c CustomField force-app\main\default\objects\LLC_BI__Loan__c\fields\cm_ESGGeneralScreeningActivities__c.field-meta.xml 
| Created LLC_BI__Loan__c.cm_Multiple_Facillities__c          CustomField force-app\main\default\objects\LLC_BI__Loan__c\fields\cm_Multiple_Facillities__c.field-meta.xml          
| Created LLC_BI__Loan__c.cm_Number_Of_Employees__c           CustomField force-app\main\default\objects\LLC_BI__Loan__c\fields\cm_Number_Of_Employees__c.field-meta.xml           
| Created LLC_BI__Loan__c.cm_OffFarmIncome__c                 CustomField force-app\main\default\objects\LLC_BI__Loan__c\fields\cm_OffFarmIncome__c.field-meta.xml                 
| Created LLC_BI__Loan__c.cm_OperatingBusinessSector__c       CustomField force-app\main\default\objects\LLC_BI__Loan__c\fields\cm_OperatingBusinessSector__c.field-meta.xml       
| Created nCino_CM_Screen_Flow_Loan_Creation_2                Flow        force-app\main\default\flows\nCino_CM_Screen_Flow_Loan_Creation_2.flow-meta.xml                          
Validating Deployment of v62.0 metadata to rob.mockler@boi.com.rob1 using the v64.0 SOAP API.
Deploy ID: 0Af9Q00000mmBnASAU

Validated Source
==================================================================================================================================================================================
| State   Name                                                Type        Path                                                                                                     
| ─────── ─────────────────────────────────────────────────── ─────────── ──────────────────────────────────────────────────────────────────────────────────────────────────────── 
| Created LLC_BI__Loan__c.cm_DairyFarming__c                  CustomField force-app\main\default\objects\LLC_BI__Loan__c\fields\cm_DairyFarming__c.field-meta.xml                  
| Created LLC_BI__Loan__c.cm_ESGBusinessSector__c             CustomField force-app\main\default\objects\LLC_BI__Loan__c\fields\cm_ESGBusinessSector__c.field-meta.xml             
| Created LLC_BI__Loan__c.cm_ESGEnhancedReviewActivities__c   CustomField force-app\main\default\objects\LLC_BI__Loan__c\fields\cm_ESGEnhancedReviewActivities__c.field-meta.xml   
| Created LLC_BI__Loan__c.cm_ESGExcludedActivities__c         CustomField force-app\main\default\objects\LLC_BI__Loan__c\fields\cm_ESGExcludedActivities__c.field-meta.xml         
| Created LLC_BI__Loan__c.cm_ESGGeneralScreeningActivities__c CustomField force-app\main\default\objects\LLC_BI__Loan__c\fields\cm_ESGGeneralScreeningActivities__c.field-meta.xml 
| Created LLC_BI__Loan__c.cm_Multiple_Facillities__c          CustomField force-app\main\default\objects\LLC_BI__Loan__c\fields\cm_Multiple_Facillities__c.field-meta.xml          
| Created LLC_BI__Loan__c.cm_Number_Of_Employees__c           CustomField force-app\main\default\objects\LLC_BI__Loan__c\fields\cm_Number_Of_Employees__c.field-meta.xml           
| Created LLC_BI__Loan__c.cm_OffFarmIncome__c                 CustomField force-app\main\default\objects\LLC_BI__Loan__c\fields\cm_OffFarmIncome__c.field-meta.xml                 
| Created LLC_BI__Loan__c.cm_OperatingBusinessSector__c       CustomField force-app\main\default\objects\LLC_BI__Loan__c\fields\cm_OperatingBusinessSector__c.field-meta.xml       
| Changed nCino_CM_Screen_Flow_Loan_Creation_2                Flow        force-app\main\default\flows\nCino_CM_Screen_Flow_Loan_Creation_2.flow-meta.xml                          

Test Results Summary
Passing: 166
Failing: 0
Total: 166
Time: 236389

Successfully validated the deployment (0Af9Q00000mmBnASAU).
Run "sf project deploy quick --job-id 0Af9Q00000mmBnASAU" to execute this deploy
Printing the return value successfull 0 \n/c/Users/c139079/Onedri~1/package_xml/ncino-15170_test2_package.xml
