test_package /c/devops/wkr2/vsc1/sfdx2
/c/Users/c139079/Onedri~1/EXT_package_xml/ncino-12229_spreads1_package.xml
Already on 'rob1'
On branch rob1
Untracked files:
  (use "git add <file>..." to include in what will be committed)
	-
	battery-report.html
	batteryreport.html
	batteryreport.xml
	force-app/main/default/classes/
	force-app/main/default/dashboards/
	force-app/main/default/flexipages/Business_Relationship_Layout_Read_Only.flexipage-meta.xml
	force-app/main/default/flexipages/Colleague_Activity.flexipage-meta.xml
	force-app/main/default/flows/BOI_Record_Triggered_Spread_Statement_Record.flow-meta.xml
	force-app/main/default/flows/cm_BOI_Autolaunched_Flow_Merge_Relationship.flow-meta.xml
	force-app/main/default/flows/nCino_Colleague_Activity_Tracker_update_from_Loan_Stage_Change.flow-meta.xml
	force-app/main/default/flows/nCino_Loan_Page_Colleague_Activity_Tracker.flow-meta.xml
	force-app/main/default/groups/
	force-app/main/default/layouts/
	force-app/main/default/lwc/
	force-app/main/default/objects/Colleague_Activity__c/
	force-app/main/default/objects/LLC_BI__Classification__c/
	force-app/main/default/objects/LLC_BI__Debt__c/
	force-app/main/default/objects/LLC_BI__Document_Placeholder__c/
	force-app/main/default/objects/LLC_BI__Schedule_Entry__c/
	force-app/main/default/objects/LLC_BI__Spread_Projections_Driver__c/
	force-app/main/default/objects/LLC_BI__Spread_Statement_Period__c/
	force-app/main/default/objects/LLC_BI__Spread_Statement_Type__c/
	force-app/main/default/objects/LLC_BI__Underwriting_Bundle__c/
	force-app/main/default/objects/User/
	force-app/main/default/permissionsetgroups/
	force-app/main/default/permissionsets/
	force-app/main/default/profiles/Admin.profile-meta.xml
	force-app/main/default/reports/

nothing added to commit but untracked files present (use "git add" to track)
Preparing retrieve request...
[G[1A[JRetrieving v62.0 metadata from rob.mockler@boi.com.r1dev using the v64.0 SOAP API
Preparing retrieve request... [38;5;104m-[0m Sending request to org
[G[1A[JPreparing retrieve request... [38;5;104m\[0m Waiting for the org to respond
[G[1A[JPreparing retrieve request... [38;5;104m|[0m Waiting for the org to respond
[G[1A[JPreparing retrieve request... [38;5;104m/[0m Pending
[G[1A[JPreparing retrieve request... [38;5;104m-[0m Pending
[G[1A[JPreparing retrieve request... [38;5;104m\[0m In Progress
[G[1A[JPreparing retrieve request... [38;5;104m|[0m In Progress
[G[1A[JPreparing retrieve request... [38;5;104m/[0m In Progress
[G[1A[JPreparing retrieve request... [38;5;104m-[0m In Progress
[G[1A[JPreparing retrieve request... [38;5;104m\[0m In Progress
[G[1A[JPreparing retrieve request... [38;5;104m|[0m In Progress
[G[1A[JPreparing retrieve request... [38;5;104m/[0m In Progress
[G[1A[JPreparing retrieve request... [38;5;104m-[0m In Progress
[G[1A[JPreparing retrieve request... [38;5;104m\[0m In Progress
[G[1A[JPreparing retrieve request... [38;5;104m|[0m In Progress
[G[1A[JPreparing retrieve request... [38;5;104m/[0m In Progress
[G[1A[JPreparing retrieve request... [38;5;104m-[0m In Progress
[G[1A[JPreparing retrieve request... [38;5;104m\[0m In Progress
[G[1A[JPreparing retrieve request... [38;5;104m|[0m In Progress
[G[1A[JPreparing retrieve request... [38;5;104m/[0m In Progress
[G[1A[JPreparing retrieve request... [38;5;104m-[0m In Progress
[G[1A[JPreparing retrieve request... [38;5;104m\[0m In Progress
[G[1A[JPreparing retrieve request... [38;5;104m|[0m In Progress
[G[1A[JPreparing retrieve request... [38;5;104m/[0m In Progress
[G[1A[JPreparing retrieve request... [38;5;104m-[0m In Progress
[G[1A[JPreparing retrieve request... [38;5;104m\[0m In Progress
[G[1A[JPreparing retrieve request... [38;5;104m|[0m In Progress
[G[1A[JPreparing retrieve request... [38;5;104m/[0m In Progress
[G[1A[JPreparing retrieve request... [38;5;104m-[0m In Progress
[G[1A[JPreparing retrieve request... [38;5;104m\[0m In Progress
[G[1A[JPreparing retrieve request... Succeeded

Retrieved Source
=====================================================================================================================================================================================================================================================
| State   Name                                                                           Type               Path                                                                                                                                      
| ─────── ────────────────────────────────────────────────────────────────────────────── ────────────────── ───────────────────────────────────────────────────────────────────────────────────────────────────────────────────────────────────────── 
| Changed LLC_BI__Classification__c.LLC_BI__Category__c                                  CustomField        force-app\main\default\objects\LLC_BI__Classification__c\fields\LLC_BI__Category__c.field-meta.xml                                        
| Changed LLC_BI__Debt__c.Annual_Payment__c                                              CustomField        force-app\main\default\objects\LLC_BI__Debt__c\fields\Annual_Payment__c.field-meta.xml                                                    
| Changed LLC_BI__Debt__c.Nc_Stage__c                                                    CustomField        force-app\main\default\objects\LLC_BI__Debt__c\fields\Nc_Stage__c.field-meta.xml                                                          
| Changed LLC_BI__Document_Placeholder__c.LLC_BI__Review_Status__c                       CustomField        force-app\main\default\objects\LLC_BI__Document_Placeholder__c\fields\LLC_BI__Review_Status__c.field-meta.xml                             
| Changed LLC_BI__Schedule_Entry__c.Default_Row__c                                       CustomField        force-app\main\default\objects\LLC_BI__Schedule_Entry__c\fields\Default_Row__c.field-meta.xml                                             
| Changed LLC_BI__Schedule_Entry__c.Existing_Acres__c                                    CustomField        force-app\main\default\objects\LLC_BI__Schedule_Entry__c\fields\Existing_Acres__c.field-meta.xml                                          
| Changed LLC_BI__Schedule_Entry__c.Gross_Margin_Per_Unit__c                             CustomField        force-app\main\default\objects\LLC_BI__Schedule_Entry__c\fields\Gross_Margin_Per_Unit__c.field-meta.xml                                   
| Changed LLC_BI__Schedule_Entry__c.Livestock_Total__c                                   CustomField        force-app\main\default\objects\LLC_BI__Schedule_Entry__c\fields\Livestock_Total__c.field-meta.xml                                         
| Changed LLC_BI__Schedule_Entry__c.Livestock_Type__c                                    CustomField        force-app\main\default\objects\LLC_BI__Schedule_Entry__c\fields\Livestock_Type__c.field-meta.xml                                          
| Changed LLC_BI__Schedule_Entry__c.No_of_Existing_Stock__c                              CustomField        force-app\main\default\objects\LLC_BI__Schedule_Entry__c\fields\No_of_Existing_Stock__c.field-meta.xml                                    
| Changed LLC_BI__Schedule_Entry__c.Premium_Type__c                                      CustomField        force-app\main\default\objects\LLC_BI__Schedule_Entry__c\fields\Premium_Type__c.field-meta.xml                                            
| Changed LLC_BI__Schedule_Entry__c.Premium_Value__c                                     CustomField        force-app\main\default\objects\LLC_BI__Schedule_Entry__c\fields\Premium_Value__c.field-meta.xml                                           
| Changed LLC_BI__Schedule_Entry__c.Tillage_Total__c                                     CustomField        force-app\main\default\objects\LLC_BI__Schedule_Entry__c\fields\Tillage_Total__c.field-meta.xml                                           
| Changed LLC_BI__Schedule_Entry__c.Tillage_Type__c                                      CustomField        force-app\main\default\objects\LLC_BI__Schedule_Entry__c\fields\Tillage_Type__c.field-meta.xml                                            
| Changed LLC_BI__Schedule_Entry__c.Total_Gross_Margin__c                                CustomField        force-app\main\default\objects\LLC_BI__Schedule_Entry__c\fields\Total_Gross_Margin__c.field-meta.xml                                      
| Changed LLC_BI__Schedule_Entry__c.Value_Acre_Tillage__c                                CustomField        force-app\main\default\objects\LLC_BI__Schedule_Entry__c\fields\Value_Acre_Tillage__c.field-meta.xml                                      
| Changed LLC_BI__Schedule_Entry__c.Value_Unit_Stock__c                                  CustomField        force-app\main\default\objects\LLC_BI__Schedule_Entry__c\fields\Value_Unit_Stock__c.field-meta.xml                                        
| Changed LLC_BI__Spread_Projections_Driver__c.LLC_BI__Type__c                           CustomField        force-app\main\default\objects\LLC_BI__Spread_Projections_Driver__c\fields\LLC_BI__Type__c.field-meta.xml                                 
| Changed LLC_BI__Spread_Statement_Period__c.LLC_BI__Accumulate__c                       CustomField        force-app\main\default\objects\LLC_BI__Spread_Statement_Period__c\fields\LLC_BI__Accumulate__c.field-meta.xml                             
| Changed LLC_BI__Spread_Statement_Period__c.LLC_BI__Analyst__c                          CustomField        force-app\main\default\objects\LLC_BI__Spread_Statement_Period__c\fields\LLC_BI__Analyst__c.field-meta.xml                                
| Changed LLC_BI__Spread_Statement_Period__c.LLC_BI__Average_Exchange_Rate__c            CustomField        force-app\main\default\objects\LLC_BI__Spread_Statement_Period__c\fields\LLC_BI__Average_Exchange_Rate__c.field-meta.xml                  
| Changed LLC_BI__Spread_Statement_Period__c.LLC_BI__Case__c                             CustomField        force-app\main\default\objects\LLC_BI__Spread_Statement_Period__c\fields\LLC_BI__Case__c.field-meta.xml                                   
| Changed LLC_BI__Spread_Statement_Period__c.LLC_BI__Collateral_Column_Title__c          CustomField        force-app\main\default\objects\LLC_BI__Spread_Statement_Period__c\fields\LLC_BI__Collateral_Column_Title__c.field-meta.xml                
| Changed LLC_BI__Spread_Statement_Period__c.LLC_BI__Column_Number__c                    CustomField        force-app\main\default\objects\LLC_BI__Spread_Statement_Period__c\fields\LLC_BI__Column_Number__c.field-meta.xml                          
| Changed LLC_BI__Spread_Statement_Period__c.LLC_BI__Data_Source__c                      CustomField        force-app\main\default\objects\LLC_BI__Spread_Statement_Period__c\fields\LLC_BI__Data_Source__c.field-meta.xml                            
| Changed LLC_BI__Spread_Statement_Period__c.LLC_BI__Debt_Schedule__c                    CustomField        force-app\main\default\objects\LLC_BI__Spread_Statement_Period__c\fields\LLC_BI__Debt_Schedule__c.field-meta.xml                          
| Changed LLC_BI__Spread_Statement_Period__c.LLC_BI__Exchange_Rate__c                    CustomField        force-app\main\default\objects\LLC_BI__Spread_Statement_Period__c\fields\LLC_BI__Exchange_Rate__c.field-meta.xml                          
| Changed LLC_BI__Spread_Statement_Period__c.LLC_BI__External_Data_Source_Id__c          CustomField        force-app\main\default\objects\LLC_BI__Spread_Statement_Period__c\fields\LLC_BI__External_Data_Source_Id__c.field-meta.xml                
| Changed LLC_BI__Spread_Statement_Period__c.LLC_BI__External_Period_Key__c              CustomField        force-app\main\default\objects\LLC_BI__Spread_Statement_Period__c\fields\LLC_BI__External_Period_Key__c.field-meta.xml                    
| Changed LLC_BI__Spread_Statement_Period__c.LLC_BI__Fiscal_Year_TTM_Period__c           CustomField        force-app\main\default\objects\LLC_BI__Spread_Statement_Period__c\fields\LLC_BI__Fiscal_Year_TTM_Period__c.field-meta.xml                 
| Changed LLC_BI__Spread_Statement_Period__c.LLC_BI__Initial_Interim_TTM_Period__c       CustomField        force-app\main\default\objects\LLC_BI__Spread_Statement_Period__c\fields\LLC_BI__Initial_Interim_TTM_Period__c.field-meta.xml             
| Changed LLC_BI__Spread_Statement_Period__c.LLC_BI__Is_Annual__c                        CustomField        force-app\main\default\objects\LLC_BI__Spread_Statement_Period__c\fields\LLC_BI__Is_Annual__c.field-meta.xml                              
| Changed LLC_BI__Spread_Statement_Period__c.LLC_BI__Is_Fiscal_Year__c                   CustomField        force-app\main\default\objects\LLC_BI__Spread_Statement_Period__c\fields\LLC_BI__Is_Fiscal_Year__c.field-meta.xml                         
| Changed LLC_BI__Spread_Statement_Period__c.LLC_BI__Is_Flex_Enabled_Debt_Schedule__c    CustomField        force-app\main\default\objects\LLC_BI__Spread_Statement_Period__c\fields\LLC_BI__Is_Flex_Enabled_Debt_Schedule__c.field-meta.xml          
| Changed LLC_BI__Spread_Statement_Period__c.LLC_BI__Is_Global_Analysis_Year__c          CustomField        force-app\main\default\objects\LLC_BI__Spread_Statement_Period__c\fields\LLC_BI__Is_Global_Analysis_Year__c.field-meta.xml                
| Changed LLC_BI__Spread_Statement_Period__c.LLC_BI__Is_Locked__c                        CustomField        force-app\main\default\objects\LLC_BI__Spread_Statement_Period__c\fields\LLC_BI__Is_Locked__c.field-meta.xml                              
| Changed LLC_BI__Spread_Statement_Period__c.LLC_BI__Month__c                            CustomField        force-app\main\default\objects\LLC_BI__Spread_Statement_Period__c\fields\LLC_BI__Month__c.field-meta.xml                                  
| Changed LLC_BI__Spread_Statement_Period__c.LLC_BI__Name_Override__c                    CustomField        force-app\main\default\objects\LLC_BI__Spread_Statement_Period__c\fields\LLC_BI__Name_Override__c.field-meta.xml                          
| Changed LLC_BI__Spread_Statement_Period__c.LLC_BI__Number_of_Periods__c                CustomField        force-app\main\default\objects\LLC_BI__Spread_Statement_Period__c\fields\LLC_BI__Number_of_Periods__c.field-meta.xml                      
| Changed LLC_BI__Spread_Statement_Period__c.LLC_BI__Period_Key__c                       CustomField        force-app\main\default\objects\LLC_BI__Spread_Statement_Period__c\fields\LLC_BI__Period_Key__c.field-meta.xml                             
| Changed LLC_BI__Spread_Statement_Period__c.LLC_BI__Period_Out_Of_Range__c              CustomField        force-app\main\default\objects\LLC_BI__Spread_Statement_Period__c\fields\LLC_BI__Period_Out_Of_Range__c.field-meta.xml                    
| Changed LLC_BI__Spread_Statement_Period__c.LLC_BI__Project_from_Period__c              CustomField        force-app\main\default\objects\LLC_BI__Spread_Statement_Period__c\fields\LLC_BI__Project_from_Period__c.field-meta.xml                    
| Changed LLC_BI__Spread_Statement_Period__c.LLC_BI__Rent_Roll_Summary__c                CustomField        force-app\main\default\objects\LLC_BI__Spread_Statement_Period__c\fields\LLC_BI__Rent_Roll_Summary__c.field-meta.xml                      
| Changed LLC_BI__Spread_Statement_Period__c.LLC_BI__Selected_In_Global__c               CustomField        force-app\main\default\objects\LLC_BI__Spread_Statement_Period__c\fields\LLC_BI__Selected_In_Global__c.field-meta.xml                     
| Changed LLC_BI__Spread_Statement_Period__c.LLC_BI__Selected__c                         CustomField        force-app\main\default\objects\LLC_BI__Spread_Statement_Period__c\fields\LLC_BI__Selected__c.field-meta.xml                               
| Changed LLC_BI__Spread_Statement_Period__c.LLC_BI__Source_Currency__c                  CustomField        force-app\main\default\objects\LLC_BI__Spread_Statement_Period__c\fields\LLC_BI__Source_Currency__c.field-meta.xml                        
| Changed LLC_BI__Spread_Statement_Period__c.LLC_BI__Source__c                           CustomField        force-app\main\default\objects\LLC_BI__Spread_Statement_Period__c\fields\LLC_BI__Source__c.field-meta.xml                                 
| Changed LLC_BI__Spread_Statement_Period__c.LLC_BI__Spread_Projections_Template__c      CustomField        force-app\main\default\objects\LLC_BI__Spread_Statement_Period__c\fields\LLC_BI__Spread_Projections_Template__c.field-meta.xml            
| Changed LLC_BI__Spread_Statement_Period__c.LLC_BI__Spread_Statement_Type__c            CustomField        force-app\main\default\objects\LLC_BI__Spread_Statement_Period__c\fields\LLC_BI__Spread_Statement_Type__c.field-meta.xml                  
| Changed LLC_BI__Spread_Statement_Period__c.LLC_BI__Statement_Date__c                   CustomField        force-app\main\default\objects\LLC_BI__Spread_Statement_Period__c\fields\LLC_BI__Statement_Date__c.field-meta.xml                         
| Changed LLC_BI__Spread_Statement_Period__c.LLC_BI__Supplemental_Number_of_Periods__c   CustomField        force-app\main\default\objects\LLC_BI__Spread_Statement_Period__c\fields\LLC_BI__Supplemental_Number_of_Periods__c.field-meta.xml         
| Changed LLC_BI__Spread_Statement_Period__c.LLC_BI__Supplemental_Source__c              CustomField        force-app\main\default\objects\LLC_BI__Spread_Statement_Period__c\fields\LLC_BI__Supplemental_Source__c.field-meta.xml                    
| Changed LLC_BI__Spread_Statement_Period__c.LLC_BI__Supplemental_Statement_Date__c      CustomField        force-app\main\default\objects\LLC_BI__Spread_Statement_Period__c\fields\LLC_BI__Supplemental_Statement_Date__c.field-meta.xml            
| Changed LLC_BI__Spread_Statement_Period__c.LLC_BI__Trailing_Interim_TTM_Period__c      CustomField        force-app\main\default\objects\LLC_BI__Spread_Statement_Period__c\fields\LLC_BI__Trailing_Interim_TTM_Period__c.field-meta.xml            
| Changed LLC_BI__Spread_Statement_Period__c.LLC_BI__Type__c                             CustomField        force-app\main\default\objects\LLC_BI__Spread_Statement_Period__c\fields\LLC_BI__Type__c.field-meta.xml                                   
| Changed LLC_BI__Spread_Statement_Period__c.LLC_BI__Unmapped_Values__c                  CustomField        force-app\main\default\objects\LLC_BI__Spread_Statement_Period__c\fields\LLC_BI__Unmapped_Values__c.field-meta.xml                        
| Changed LLC_BI__Spread_Statement_Period__c.LLC_BI__Year_Hidden_In_Global__c            CustomField        force-app\main\default\objects\LLC_BI__Spread_Statement_Period__c\fields\LLC_BI__Year_Hidden_In_Global__c.field-meta.xml                  
| Changed LLC_BI__Spread_Statement_Period__c.LLC_BI__Year_Out_Range__c                   CustomField        force-app\main\default\objects\LLC_BI__Spread_Statement_Period__c\fields\LLC_BI__Year_Out_Range__c.field-meta.xml                         
| Changed LLC_BI__Spread_Statement_Period__c.LLC_BI__Year__c                             CustomField        force-app\main\default\objects\LLC_BI__Spread_Statement_Period__c\fields\LLC_BI__Year__c.field-meta.xml                                   
| Changed LLC_BI__Spread_Statement_Period__c.LLC_BI__externalLookupKey__c                CustomField        force-app\main\default\objects\LLC_BI__Spread_Statement_Period__c\fields\LLC_BI__externalLookupKey__c.field-meta.xml                      
| Changed LLC_BI__Spread_Statement_Period__c.LLC_BI__lookupKey__c                        CustomField        force-app\main\default\objects\LLC_BI__Spread_Statement_Period__c\fields\LLC_BI__lookupKey__c.field-meta.xml                              
| Changed LLC_BI__Spread_Statement_Period__c.Update_User_Flag__c                         CustomField        force-app\main\default\objects\LLC_BI__Spread_Statement_Period__c\fields\Update_User_Flag__c.field-meta.xml                               
| Changed LLC_BI__Spread_Statement_Period__c.cm_Created_By__c                            CustomField        force-app\main\default\objects\LLC_BI__Spread_Statement_Period__c\fields\cm_Created_By__c.field-meta.xml                                  
| Changed LLC_BI__Spread_Statement_Period__c.cm_Last_Modified_By__c                      CustomField        force-app\main\default\objects\LLC_BI__Spread_Statement_Period__c\fields\cm_Last_Modified_By__c.field-meta.xml                            
| Changed LLC_BI__Spread_Statement_Period__c.cm_User_Last_Modified_By__c                 CustomField        force-app\main\default\objects\LLC_BI__Spread_Statement_Period__c\fields\cm_User_Last_Modified_By__c.field-meta.xml                       
| Changed LLC_BI__Spread_Statement_Type__c.LLC_BI__Type__c                               CustomField        force-app\main\default\objects\LLC_BI__Spread_Statement_Type__c\fields\LLC_BI__Type__c.field-meta.xml                                     
| Changed LLC_BI__Underwriting_Bundle__c.LLC_BI__Selected_Scale__c                       CustomField        force-app\main\default\objects\LLC_BI__Underwriting_Bundle__c\fields\LLC_BI__Selected_Scale__c.field-meta.xml                             
| Changed LLC_BI__Spread_Statement_Period__c                                             CustomObject       force-app\main\default\objects\LLC_BI__Spread_Statement_Period__c\LLC_BI__Spread_Statement_Period__c.object-meta.xml                      
| Changed LLC_BI__Spread_Statement_Period__c.LLC_BI__Add_Rent_Roll_Modal                 FieldSet           force-app\main\default\objects\LLC_BI__Spread_Statement_Period__c\fieldSets\LLC_BI__Add_Rent_Roll_Modal.fieldSet-meta.xml                 
| Changed LLC_BI__Spread_Statement_Period__c.LLC_BI__Associated_Periods                  FieldSet           force-app\main\default\objects\LLC_BI__Spread_Statement_Period__c\fieldSets\LLC_BI__Associated_Periods.fieldSet-meta.xml                  
| Changed LLC_BI__Spread_Statement_Period__c.LLC_BI__Average_Add_Period_Modal            FieldSet           force-app\main\default\objects\LLC_BI__Spread_Statement_Period__c\fieldSets\LLC_BI__Average_Add_Period_Modal.fieldSet-meta.xml            
| Changed LLC_BI__Spread_Statement_Period__c.LLC_BI__CRE_Analysis_Add_Period_Modal       FieldSet           force-app\main\default\objects\LLC_BI__Spread_Statement_Period__c\fieldSets\LLC_BI__CRE_Analysis_Add_Period_Modal.fieldSet-meta.xml       
| Changed LLC_BI__Spread_Statement_Period__c.LLC_BI__CRE_Analysis_Edit_Period_Modal      FieldSet           force-app\main\default\objects\LLC_BI__Spread_Statement_Period__c\fieldSets\LLC_BI__CRE_Analysis_Edit_Period_Modal.fieldSet-meta.xml      
| Changed LLC_BI__Spread_Statement_Period__c.LLC_BI__CRE_Analysis_Period_Header          FieldSet           force-app\main\default\objects\LLC_BI__Spread_Statement_Period__c\fieldSets\LLC_BI__CRE_Analysis_Period_Header.fieldSet-meta.xml          
| Changed LLC_BI__Spread_Statement_Period__c.LLC_BI__Edit_Rent_Roll_Modal                FieldSet           force-app\main\default\objects\LLC_BI__Spread_Statement_Period__c\fieldSets\LLC_BI__Edit_Rent_Roll_Modal.fieldSet-meta.xml                
| Changed LLC_BI__Spread_Statement_Period__c.LLC_BI__Projections_Add_Period_Modal        FieldSet           force-app\main\default\objects\LLC_BI__Spread_Statement_Period__c\fieldSets\LLC_BI__Projections_Add_Period_Modal.fieldSet-meta.xml        
| Changed LLC_BI__Spread_Statement_Period__c.LLC_BI__Projections_Period_Header           FieldSet           force-app\main\default\objects\LLC_BI__Spread_Statement_Period__c\fieldSets\LLC_BI__Projections_Period_Header.fieldSet-meta.xml           
| Changed LLC_BI__Spread_Statement_Period__c.LLC_BI__Rent_Roll_Details_Header            FieldSet           force-app\main\default\objects\LLC_BI__Spread_Statement_Period__c\fieldSets\LLC_BI__Rent_Roll_Details_Header.fieldSet-meta.xml            
| Changed LLC_BI__Spread_Statement_Period__c.LLC_BI__Spreads_Add_Period_Modal            FieldSet           force-app\main\default\objects\LLC_BI__Spread_Statement_Period__c\fieldSets\LLC_BI__Spreads_Add_Period_Modal.fieldSet-meta.xml            
| Changed LLC_BI__Spread_Statement_Period__c.LLC_BI__Spreads_Edit_Period_Modal           FieldSet           force-app\main\default\objects\LLC_BI__Spread_Statement_Period__c\fieldSets\LLC_BI__Spreads_Edit_Period_Modal.fieldSet-meta.xml           
| Changed LLC_BI__Spread_Statement_Period__c.LLC_BI__Spreads_Period_Header               FieldSet           force-app\main\default\objects\LLC_BI__Spread_Statement_Period__c\fieldSets\LLC_BI__Spreads_Period_Header.fieldSet-meta.xml               
| Changed LLC_BI__Spread_Statement_Period__c.LLC_BI__Template_Migration_Field_Selections FieldSet           force-app\main\default\objects\LLC_BI__Spread_Statement_Period__c\fieldSets\LLC_BI__Template_Migration_Field_Selections.fieldSet-meta.xml 
| Changed Business_Relationship_Layout_Read_Only                                         FlexiPage          force-app\main\default\flexipages\Business_Relationship_Layout_Read_Only.flexipage-meta.xml                                               
| Changed BOI_Record_Triggered_Spread_Statement_Record                                   Flow               force-app\main\default\flows\BOI_Record_Triggered_Spread_Statement_Record.flow-meta.xml                                                   
| Changed cm_BOI_Autolaunched_Flow_Merge_Relationship                                    Flow               force-app\main\default\flows\cm_BOI_Autolaunched_Flow_Merge_Relationship.flow-meta.xml                                                    
| Changed SBA_Fulfilment_PS_group                                                        PermissionSetGroup force-app\main\default\permissionsetgroups\SBA_Fulfilment_PS_group.permissionsetgroup-meta.xml                                            
| Changed SBA_Sales_Permission_Set_Group                                                 PermissionSetGroup force-app\main\default\permissionsetgroups\SBA_Sales_Permission_Set_Group.permissionsetgroup-meta.xml                                     
| Changed SBA_Underwriting_PS_group                                                      PermissionSetGroup force-app\main\default\permissionsetgroups\SBA_Underwriting_PS_group.permissionsetgroup-meta.xml                                          
| Changed Super_User_PS_group                                                            PermissionSetGroup force-app\main\default\permissionsetgroups\Super_User_PS_group.permissionsetgroup-meta.xml                                                
| Changed System_Administrator_PS_group                                                  PermissionSetGroup force-app\main\default\permissionsetgroups\System_Administrator_PS_group.permissionsetgroup-meta.xml                                      
| Changed SB%26A Branch                                                                  Profile            force-app\main\default\profiles\SB%26A Branch.profile-meta.xml                                                                            
| Changed SB%26A CCR Compliance                                                          Profile            force-app\main\default\profiles\SB%26A CCR Compliance.profile-meta.xml                                                                    
| Changed SB%26A Fulfillment                                                             Profile            force-app\main\default\profiles\SB%26A Fulfillment.profile-meta.xml                                                                       
| Changed SB%26A Lending Support                                                         Profile            force-app\main\default\profiles\SB%26A Lending Support.profile-meta.xml                                                                   
| Changed SB%26A Readonly                                                                Profile            force-app\main\default\profiles\SB%26A Readonly.profile-meta.xml                                                                          
| Changed SB%26A Registration Team                                                       Profile            force-app\main\default\profiles\SB%26A Registration Team.profile-meta.xml                                                                 
| Changed SB%26A Sales                                                                   Profile            force-app\main\default\profiles\SB%26A Sales.profile-meta.xml                                                                             
| Changed SB%26A Sec Ops                                                                 Profile            force-app\main\default\profiles\SB%26A Sec Ops.profile-meta.xml                                                                           
| Changed SB%26A Underwriting                                                            Profile            force-app\main\default\profiles\SB%26A Underwriting.profile-meta.xml                                                                      
| Changed Super User                                                                     Profile            force-app\main\default\profiles\Super User.profile-meta.xml                                                                               
Validating Deployment of v62.0 metadata to rob.mockler@boi.com.rob1 using the v64.0 SOAP API.
Deploy ID: 0Af9V00000n4np7SAA

Component Failures [2]
====================================================================================================================================================================
| Type  Name                                   Problem                                                                                                               
| ───── ────────────────────────────────────── ───────────────────────────────────────────────────────────────────────────────────────────────────────────────────── 
| Error Business_Relationship_Layout_Read_Only Something went wrong. We couldn't retrieve or load the information on the field: Record.cm_LegalEntityId__c. (160:28) 
| Error Business_Relationship_Layout_Read_Only Something went wrong. We couldn't retrieve or load the information on the field: Record.cm_LegalEntityId__c.          

Test Results Summary
Passing: 0
Failing: 0
Total: 0
Error (1): Failed to validate the deployment (0Af9V00000n4np7SAA). Due To:
1 component error(s)
