HEAD is now at 5fa2c89 recent packages
On branch stephen
nothing to commit, working tree clean
test_package /c/devops/wkr2/vsc1/sfdx2
/c/Users/c139079/Onedri~1/package_xml/ncino-15170_test2_package.xml
Switched to branch 'kajal'
On branch kajal
nothing to commit, working tree clean
Preparing retrieve request...
[G[1A[JRetrieving v62.0 metadata from rob.mockler@boi.com.spreads1 using the v64.0 SOAP API
Preparing retrieve request... [38;5;104m-[0m Sending request to org
[G[1A[JPreparing retrieve request... [38;5;104m\[0m Sending request to org
[G[1A[JPreparing retrieve request... [38;5;104m|[0m Waiting for the org to respond
[G[1A[JPreparing retrieve request... [38;5;104m/[0m Waiting for the org to respond
[G[1A[JPreparing retrieve request... [38;5;104m-[0m Pending
[G[1A[JPreparing retrieve request... [38;5;104m\[0m Pending
[G[1A[JPreparing retrieve request... [38;5;104m|[0m Pending
[G[1A[JPreparing retrieve request... [38;5;104m/[0m Pending
[G[1A[JPreparing retrieve request... [38;5;104m-[0m Pending
[G[1A[JPreparing retrieve request... [38;5;104m\[0m Pending
[G[1A[JPreparing retrieve request... [38;5;104m|[0m Pending
[G[1A[JPreparing retrieve request... [38;5;104m/[0m Pending
[G[1A[JPreparing retrieve request... [38;5;104m-[0m Pending
[G[1A[JPreparing retrieve request... [38;5;104m\[0m Pending
[G[1A[JPreparing retrieve request... [38;5;104m|[0m Pending
[G[1A[JPreparing retrieve request... [38;5;104m/[0m Pending
[G[1A[JPreparing retrieve request... [38;5;104m-[0m Pending
[G[1A[JPreparing retrieve request... [38;5;104m\[0m Pending
[G[1A[JPreparing retrieve request... [38;5;104m|[0m Pending
[G[1A[JPreparing retrieve request... [38;5;104m/[0m Pending
[G[1A[JPreparing retrieve request... [38;5;104m-[0m Pending
[G[1A[JPreparing retrieve request... [38;5;104m\[0m Pending
[G[1A[JPreparing retrieve request... [38;5;104m|[0m Pending
[G[1A[JPreparing retrieve request... [38;5;104m/[0m Pending
[G[1A[JPreparing retrieve request... [38;5;104m-[0m Pending
[G[1A[JPreparing retrieve request... [38;5;104m\[0m Pending
[G[1A[JPreparing retrieve request... [38;5;104m|[0m Pending
[G[1A[JPreparing retrieve request... [38;5;104m/[0m Pending
[G[1A[JPreparing retrieve request... [38;5;104m-[0m Pending
[G[1A[JPreparing retrieve request... [38;5;104m\[0m Pending
[G[1A[JPreparing retrieve request... [38;5;104m|[0m Pending
[G[1A[JPreparing retrieve request... [38;5;104m/[0m Pending
[G[1A[JPreparing retrieve request... [38;5;104m-[0m Pending
[G[1A[JPreparing retrieve request... [38;5;104m\[0m Pending
[G[1A[JPreparing retrieve request... [38;5;104m|[0m Pending
[G[1A[JPreparing retrieve request... [38;5;104m/[0m Pending
[G[1A[JPreparing retrieve request... [38;5;104m-[0m Pending
[G[1A[JPreparing retrieve request... [38;5;104m\[0m Pending
[G[1A[JPreparing retrieve request... [38;5;104m|[0m Pending
[G[1A[JPreparing retrieve request... [38;5;104m/[0m Pending
[G[1A[JPreparing retrieve request... [38;5;104m-[0m Pending
[G[1A[JPreparing retrieve request... [38;5;104m\[0m Pending
[G[1A[JPreparing retrieve request... [38;5;104m|[0m Pending
[G[1A[JPreparing retrieve request... [38;5;104m/[0m Pending
[G[1A[JPreparing retrieve request... [38;5;104m-[0m Pending
[G[1A[JPreparing retrieve request... [38;5;104m\[0m Pending
[G[1A[JPreparing retrieve request... [38;5;104m|[0m Pending
[G[1A[JPreparing retrieve request... [38;5;104m/[0m Pending
[G[1A[JPreparing retrieve request... [38;5;104m-[0m In Progress
[G[1A[JPreparing retrieve request... [38;5;104m\[0m In Progress
[G[1A[JPreparing retrieve request... [38;5;104m|[0m In Progress
[G[1A[JPreparing retrieve request... [38;5;104m/[0m In Progress
[G[1A[JPreparing retrieve request... [38;5;104m-[0m In Progress
[G[1A[JPreparing retrieve request... [38;5;104m\[0m In Progress
[G[1A[JPreparing retrieve request... [38;5;104m|[0m In Progress
[G[1A[JPreparing retrieve request... [38;5;104m/[0m In Progress
[G[1A[JPreparing retrieve request... [38;5;104m-[0m In Progress
[G[1A[JPreparing retrieve request... [38;5;104m\[0m In Progress
[G[1A[JPreparing retrieve request... [38;5;104m|[0m In Progress
[G[1A[JPreparing retrieve request... [38;5;104m/[0m In Progress
[G[1A[JPreparing retrieve request... [38;5;104m-[0m In Progress
[G[1A[JPreparing retrieve request... [38;5;104m\[0m In Progress
[G[1A[JPreparing retrieve request... Succeeded

Retrieved Source
==================================================================================================================================================================================
| State   Name                                                Type        Path                                                                                                     
| ─────── ─────────────────────────────────────────────────── ─────────── ──────────────────────────────────────────────────────────────────────────────────────────────────────── 
| Created LLC_BI__Loan__c.cm_ESGBusinessSector__c             CustomField force-app\main\default\objects\LLC_BI__Loan__c\fields\cm_ESGBusinessSector__c.field-meta.xml             
| Created LLC_BI__Loan__c.cm_ESGEnhancedReviewActivities__c   CustomField force-app\main\default\objects\LLC_BI__Loan__c\fields\cm_ESGEnhancedReviewActivities__c.field-meta.xml   
| Created LLC_BI__Loan__c.cm_ESGExcludedActivities__c         CustomField force-app\main\default\objects\LLC_BI__Loan__c\fields\cm_ESGExcludedActivities__c.field-meta.xml         
| Created LLC_BI__Loan__c.cm_ESGGeneralScreeningActivities__c CustomField force-app\main\default\objects\LLC_BI__Loan__c\fields\cm_ESGGeneralScreeningActivities__c.field-meta.xml 
| Created LLC_BI__Loan__c.cm_Multiple_Facillities__c          CustomField force-app\main\default\objects\LLC_BI__Loan__c\fields\cm_Multiple_Facillities__c.field-meta.xml          
| Created LLC_BI__Loan__c.cm_Number_Of_Employees__c           CustomField force-app\main\default\objects\LLC_BI__Loan__c\fields\cm_Number_Of_Employees__c.field-meta.xml           
| Created LLC_BI__Loan__c.cm_OffFarmIncome__c                 CustomField force-app\main\default\objects\LLC_BI__Loan__c\fields\cm_OffFarmIncome__c.field-meta.xml                 
| Created LLC_BI__Loan__c.cm_OperatingBusinessSector__c       CustomField force-app\main\default\objects\LLC_BI__Loan__c\fields\cm_OperatingBusinessSector__c.field-meta.xml       
| Created nCino_CM_Screen_Flow_Loan_Creation_2                Flow        force-app\main\default\flows\nCino_CM_Screen_Flow_Loan_Creation_2.flow-meta.xml                          
Validating Deployment of v62.0 metadata to rob.mockler@boi.com.kajal using the v64.0 SOAP API.
Deploy ID: 0AfbY00000M0pDySAJ

Component Failures [2]
================================================================================================================================================================
| Type  Name                                 Problem                                                                                                             
| ───── ──────────────────────────────────── ─────────────────────────────────────────────────────────────────────────────────────────────────────────────────── 
| Error nCino_CM_Screen_Flow_Loan_Creation_2 field integrity exception: unknown (The field "cm_DairyFarming__c" for the object "LLC_BI__Loan__c" doesn't exist.) 
| Error nCino_CM_Screen_Flow_Loan_Creation_2 field integrity exception: unknown (The field "cm_DairyFarming__c" for the object "LLC_BI__Loan__c" doesn't exist.) 

Test Results Summary
Passing: 0
Failing: 0
Total: 0
Error (1): Failed to validate the deployment (0AfbY00000M0pDySAJ). Due To:
1 component error(s)
