HEAD is now at b6b86bc recent packages
Removing force-app/main/default/customPermissions/
Removing force-app/main/default/flexipages/PersonsonAccount_Layout.flexipage-meta.xml
Removing force-app/main/default/flexipages/Relationship_Layout.flexipage-meta.xml
Removing force-app/main/default/flexipages/Relationship_Layout_Read_Only.flexipage-meta.xml
Removing force-app/main/default/flows/nCino_CM_Screen_Flow_Prospect_Record_Creation.flow-meta.xml
Removing force-app/main/default/objects/Account/compactLayouts/
Removing force-app/main/default/objects/Account/fields/cm_Collate_Borrowing_Entity_ID__c.field-meta.xml
Removing force-app/main/default/objects/Account/fields/cm_Collate_Legal_Entity_ID__c.field-meta.xml
Removing force-app/main/default/objects/Account/fields/cm_Is_Collateral_Prospect__c.field-meta.xml
Removing force-app/main/default/objects/Account/fields/cm_TotalCollaterallendableValue__c.field-meta.xml
Removing force-app/main/default/objects/Account/fields/cm_Total_Exposure_for_LTV__c.field-meta.xml
Removing force-app/main/default/objects/Account/validationRules/
Removing force-app/main/default/objects/LLC_BI__Account_Collateral__c/
Removing force-app/main/default/objects/PersonAccount/
Removing force-app/main/default/permissionsets/
On branch r1qa
nothing to commit, working tree clean
test_package /c/devops/wkr2/vsc1/sfdx2
/c/Users/c139079/Onedri~1/EXT_package_xml/ncino-15102_flow_rollback1_package.xml
Switched to branch 'r1sit'
On branch r1sit
nothing to commit, working tree clean
Preparing retrieve request...
[G[1A[JRetrieving v62.0 metadata from rob.mockler@boi.com.preprod using the v64.0 SOAP API
Preparing retrieve request... [38;5;104m-[0m Sending request to org
[G[1A[JPreparing retrieve request... [38;5;104m\[0m Waiting for the org to respond
[G[1A[JPreparing retrieve request... [38;5;104m|[0m Pending
[G[1A[JPreparing retrieve request... [38;5;104m/[0m Pending
[G[1A[JPreparing retrieve request... [38;5;104m-[0m Pending
[G[1A[JPreparing retrieve request... [38;5;104m\[0m Pending
[G[1A[JPreparing retrieve request... [38;5;104m|[0m Pending
[G[1A[JPreparing retrieve request... [38;5;104m/[0m Pending
[G[1A[JPreparing retrieve request... [38;5;104m-[0m Pending
[G[1A[JPreparing retrieve request... [38;5;104m\[0m Pending
[G[1A[JPreparing retrieve request... [38;5;104m|[0m Pending
[G[1A[JPreparing retrieve request... [38;5;104m/[0m Pending
[G[1A[JPreparing retrieve request... [38;5;104m-[0m Pending
[G[1A[JPreparing retrieve request... [38;5;104m\[0m Pending
[G[1A[JPreparing retrieve request... [38;5;104m|[0m In Progress
[G[1A[JPreparing retrieve request... [38;5;104m/[0m In Progress
[G[1A[JPreparing retrieve request... [38;5;104m-[0m In Progress
[G[1A[JPreparing retrieve request... [38;5;104m\[0m In Progress
[G[1A[JPreparing retrieve request... [38;5;104m|[0m In Progress
[G[1A[JPreparing retrieve request... Succeeded

Retrieved Source
=============================================================================================================================================
| State   Name                                      Type Path                                                                                 
| ─────── ───────────────────────────────────────── ──── ──────────────────────────────────────────────────────────────────────────────────── 
| Created BOI_Record_Trigger_Application_After_Save Flow force-app\main\default\flows\BOI_Record_Trigger_Application_After_Save.flow-meta.xml 
| Changed BOI_Record_Trigger_Loan_After_Save        Flow force-app\main\default\flows\BOI_Record_Trigger_Loan_After_Save.flow-meta.xml        
Validating Deployment of v62.0 metadata to rob.mockler@boi.com.r1sit using the v64.0 SOAP API.
Deploy ID: 0Af9b00000lc89ZCAQ
