test_package /c/devops/wkr2/vsc1/sfdx2
/c/Users/c139079/Onedri~1/EXT_package_xml/ncino-15136_prd2_package.xml
error: pathspec 'speads1' did not match any file(s) known to git
On branch r1qa
Untracked files:
  (use "git add <file>..." to include in what will be committed)
	force-app/main/default/classes/nCino_ColleagueActivityHelper.cls
	force-app/main/default/classes/nCino_ColleagueActivityHelper.cls-meta.xml
	force-app/main/default/classes/nCino_ColleagueActivityHelperTest.cls
	force-app/main/default/classes/nCino_ColleagueActivityHelperTest.cls-meta.xml
	force-app/main/default/dashboards/ColleagueActivityDashboard.dashboardFolder-meta.xml
	force-app/main/default/dashboards/ColleagueActivityDashboard/
	force-app/main/default/flexipages/Colleague_Activity.flexipage-meta.xml
	force-app/main/default/flows/nCino_Colleague_Activity_Tracker_update_from_Loan_Stage_Change.flow-meta.xml
	force-app/main/default/flows/nCino_Loan_Page_Colleague_Activity_Tracker.flow-meta.xml
	force-app/main/default/groups/
	force-app/main/default/layouts/
	force-app/main/default/lwc/nCino_ColleagueActivityTrackerUtility/
	force-app/main/default/objects/Colleague_Activity__c/
	force-app/main/default/objects/User/
	force-app/main/default/permissionsets/
	force-app/main/default/reports/ColleagueActivityReports.reportFolder-meta.xml
	force-app/main/default/reports/ColleagueActivityReports/
	force-app/main/default/tabs/

nothing added to commit but untracked files present (use "git add" to track)
Preparing retrieve request...
[G[1A[JRetrieving v63.0 metadata from rob.mockler@boi.com.r1dev using the v64.0 SOAP API
Preparing retrieve request... [38;5;104m-[0m Sending request to org
[G[1A[JPreparing retrieve request... [38;5;104m\[0m Sending request to org
[G[1A[JPreparing retrieve request... [38;5;104m|[0m Waiting for the org to respond
[G[1A[JPreparing retrieve request... [38;5;104m/[0m In Progress
[G[1A[JPreparing retrieve request... [38;5;104m-[0m In Progress
[G[1A[JPreparing retrieve request... [38;5;104m\[0m In Progress
[G[1A[JPreparing retrieve request... [38;5;104m|[0m In Progress
[G[1A[JPreparing retrieve request... [38;5;104m/[0m In Progress
[G[1A[JPreparing retrieve request... [38;5;104m-[0m In Progress
[G[1A[JPreparing retrieve request... [38;5;104m\[0m In Progress
[G[1A[JPreparing retrieve request... [38;5;104m|[0m In Progress
[G[1A[JPreparing retrieve request... [38;5;104m/[0m In Progress
[G[1A[JPreparing retrieve request... [38;5;104m-[0m In Progress
[G[1A[JPreparing retrieve request... [38;5;104m\[0m In Progress
[G[1A[JPreparing retrieve request... [38;5;104m|[0m In Progress
[G[1A[JPreparing retrieve request... Succeeded

Retrieved Source
====================================================================================================================================================================================================================
| State   Name                                                           Type                     Path                                                                                                               
| ─────── ────────────────────────────────────────────────────────────── ──────────────────────── ────────────────────────────────────────────────────────────────────────────────────────────────────────────────── 
| Changed nCino_ColleagueActivityHelper                                  ApexClass                force-app\main\default\classes\nCino_ColleagueActivityHelper.cls                                                   
| Changed nCino_ColleagueActivityHelper                                  ApexClass                force-app\main\default\classes\nCino_ColleagueActivityHelper.cls-meta.xml                                          
| Changed nCino_ColleagueActivityHelperTest                              ApexClass                force-app\main\default\classes\nCino_ColleagueActivityHelperTest.cls                                               
| Changed nCino_ColleagueActivityHelperTest                              ApexClass                force-app\main\default\classes\nCino_ColleagueActivityHelperTest.cls-meta.xml                                      
| Changed Colleague_Activity__c.Colleague__c                             CustomField              force-app\main\default\objects\Colleague_Activity__c\fields\Colleague__c.field-meta.xml                            
| Changed Colleague_Activity__c.End_DateTime__c                          CustomField              force-app\main\default\objects\Colleague_Activity__c\fields\End_DateTime__c.field-meta.xml                         
| Changed Colleague_Activity__c.Loan__c                                  CustomField              force-app\main\default\objects\Colleague_Activity__c\fields\Loan__c.field-meta.xml                                 
| Changed Colleague_Activity__c.Profile__c                               CustomField              force-app\main\default\objects\Colleague_Activity__c\fields\Profile__c.field-meta.xml                              
| Changed Colleague_Activity__c.Stage__c                                 CustomField              force-app\main\default\objects\Colleague_Activity__c\fields\Stage__c.field-meta.xml                                
| Changed Colleague_Activity__c.Start_DateTime__c                        CustomField              force-app\main\default\objects\Colleague_Activity__c\fields\Start_DateTime__c.field-meta.xml                       
| Changed Colleague_Activity__c.Time__c                                  CustomField              force-app\main\default\objects\Colleague_Activity__c\fields\Time__c.field-meta.xml                                 
| Changed User.Ongoing_Colleague_Activity_Tracker__c                     CustomField              force-app\main\default\objects\User\fields\Ongoing_Colleague_Activity_Tracker__c.field-meta.xml                    
| Changed Colleague_Activity__c                                          CustomObject             force-app\main\default\objects\Colleague_Activity__c\Colleague_Activity__c.object-meta.xml                         
| Changed Colleague_Activity__c                                          CustomTab                force-app\main\default\tabs\Colleague_Activity__c.tab-meta.xml                                                     
| Changed ColleagueActivityDashboard/POhhYpciCCElDzowAlamqKSUORWAOd      Dashboard                force-app\main\default\dashboards\ColleagueActivityDashboard\POhhYpciCCElDzowAlamqKSUORWAOd.dashboard-meta.xml     
| Changed ColleagueActivityDashboard                                     DashboardFolder          force-app\main\default\dashboards\ColleagueActivityDashboard.dashboardFolder-meta.xml                              
| Changed Colleague_Activity                                             FlexiPage                force-app\main\default\flexipages\Colleague_Activity.flexipage-meta.xml                                            
| Changed nCino_Colleague_Activity_Tracker_update_from_Loan_Stage_Change Flow                     force-app\main\default\flows\nCino_Colleague_Activity_Tracker_update_from_Loan_Stage_Change.flow-meta.xml          
| Changed nCino_Loan_Page_Colleague_Activity_Tracker                     Flow                     force-app\main\default\flows\nCino_Loan_Page_Colleague_Activity_Tracker.flow-meta.xml                              
| Changed nCino_Tracker_Dashboards                                       Group                    force-app\main\default\groups\nCino_Tracker_Dashboards.group-meta.xml                                              
| Changed Colleague_Activity__c-Colleague Activity Layout                Layout                   force-app\main\default\layouts\Colleague_Activity__c-Colleague Activity Layout.layout-meta.xml                     
| Changed nCino_ColleagueActivityTrackerUtility                          LightningComponentBundle force-app\main\default\lwc\nCino_ColleagueActivityTrackerUtility\nCino_ColleagueActivityTrackerUtility.html        
| Changed nCino_ColleagueActivityTrackerUtility                          LightningComponentBundle force-app\main\default\lwc\nCino_ColleagueActivityTrackerUtility\nCino_ColleagueActivityTrackerUtility.js          
| Changed nCino_ColleagueActivityTrackerUtility                          LightningComponentBundle force-app\main\default\lwc\nCino_ColleagueActivityTrackerUtility\nCino_ColleagueActivityTrackerUtility.js-meta.xml 
| Changed Colleague_Activity__c.All                                      ListView                 force-app\main\default\objects\Colleague_Activity__c\listViews\All.listView-meta.xml                               
| Changed nCino_Tracker_Admin                                            PermissionSet            force-app\main\default\permissionsets\nCino_Tracker_Admin.permissionset-meta.xml                                   
| Changed nCino_Tracker_User                                             PermissionSet            force-app\main\default\permissionsets\nCino_Tracker_User.permissionset-meta.xml                                    
| Changed ColleagueActivityReports/Average_Time_Per_Loan_eET             Report                   force-app\main\default\reports\ColleagueActivityReports\Average_Time_Per_Loan_eET.report-meta.xml                  
| Changed ColleagueActivityReports/Average_Time_per_Role_OA6             Report                   force-app\main\default\reports\ColleagueActivityReports\Average_Time_per_Role_OA6.report-meta.xml                  
| Changed ColleagueActivityReports/Average_Time_per_Stage_FR1            Report                   force-app\main\default\reports\ColleagueActivityReports\Average_Time_per_Stage_FR1.report-meta.xml                 
| Changed ColleagueActivityReports                                       ReportFolder             force-app\main\default\reports\ColleagueActivityReports.reportFolder-meta.xml                                      
Error (1): Parsing --target-org 
	No authorization information found for speads1.
See more help with --help
