test_package /c/devops/wkr2/vsc1/sfdx2
/c/Users/c139079/Onedri~1/EXT_package_xml/ncino-14355_dpn2_package.xml
Already on 'r1trn'
On branch r1trn
Untracked files:
  (use "git add <file>..." to include in what will be committed)
	force-app/main/default/classes/

nothing added to commit but untracked files present (use "git add" to track)
Preparing retrieve request...
[G[1A[JPreparing retrieve request... [38;5;104m-[0m Sending request to org
[G[1A[JRetrieving v58.0 metadata from rob.mockler@boi.com.preprod using the v64.0 SOAP API
Preparing retrieve request... [38;5;104m\[0m Sending request to org
[G[1A[JPreparing retrieve request... [38;5;104m|[0m Sending request to org
[G[1A[JPreparing retrieve request... [38;5;104m/[0m Sending request to org
[G[1A[JPreparing retrieve request... [38;5;104m-[0m Sending request to org
[G[1A[JPreparing retrieve request... [38;5;104m\[0m Sending request to org
[G[1A[JPreparing retrieve request... [38;5;104m|[0m Sending request to org
[G[1A[JPreparing retrieve request... [38;5;104m/[0m Sending request to org
[G[1A[JPreparing retrieve request... [38;5;104m-[0m Sending request to org
[G[1A[JPreparing retrieve request... [38;5;104m\[0m Waiting for the org to respond
[G[1A[JPreparing retrieve request... Succeeded
 »   Warning: Nothing retrieved
Error (1): No source-backed components present in the package.
