/c/devops/gsh/git/ncino-repo_nightly/
znightly_rob1
Already up to date.
/c/devops/gsh/git/ncino-repo_rob1/
rob1
Already up to date.
/c/devops/ps1a/git/ncino-repo/
znightly_preprod
Already up to date.
/c/devops/ps1u/git/ncino-repo_BOI_R1QA/
BOI_R1QA
Already up to date.
/c/devops/ps1u/git/ncino-repo_BOI_SIT/
BOI_SIT
Already up to date.
/c/devops/ps1u/git/ncino-repo_Preprod/
BOI_PreProd
Already up to date.
/c/devops/ps1u/git/ncino-repo_Production/
Production
Already up to date.
/c/devops/ps1u/git/ncino-repo_r1dev/
R1DEV
Already up to date.
/c/devops/ps1u/git/ncino-repo_r2dev/
BOI_R2DEV
Already up to date.
/c/devops/ps1u/git/ncino-repo_r3dev/
r3dev
Already up to date.
/c/devops/ps1u/git/ncino-repo_spreads1/
spreads1
/c/devops/wkr2/git/ncino-repo/
BOI_R1QA
Already up to date.
