HEAD is now at b6b86bc recent packages
Removing force-app/main/default/flows/BOI_Record_Trigger_Application_After_Save.flow-meta.xml
On branch luke
nothing to commit, working tree clean
test_package /c/devops/wkr2/vsc1/sfdx2
/c/Users/c139079/Onedri~1/EXT_package_xml/ncino-15102_flow_rollback1_package.xml
Switched to branch 'rob1'
On branch rob1
nothing to commit, working tree clean
Preparing retrieve request...
[G[1A[JRetrieving v62.0 metadata from rob.mockler@boi.com.r1sit using the v64.0 SOAP API
Preparing retrieve request... [38;5;104m-[0m Sending request to org
[G[1A[JPreparing retrieve request... [38;5;104m\[0m Sending request to org
[G[1A[JPreparing retrieve request... [38;5;104m|[0m Waiting for the org to respond
[G[1A[JPreparing retrieve request... [38;5;104m/[0m In Progress
[G[1A[JPreparing retrieve request... [38;5;104m-[0m In Progress
[G[1A[JPreparing retrieve request... [38;5;104m\[0m In Progress
[G[1A[JPreparing retrieve request... Succeeded

Retrieved Source
=============================================================================================================================================
| State   Name                                      Type Path                                                                                 
| ─────── ───────────────────────────────────────── ──── ──────────────────────────────────────────────────────────────────────────────────── 
| Created BOI_Record_Trigger_Application_After_Save Flow force-app\main\default\flows\BOI_Record_Trigger_Application_After_Save.flow-meta.xml 
| Changed BOI_Record_Trigger_Loan_After_Save        Flow force-app\main\default\flows\BOI_Record_Trigger_Loan_After_Save.flow-meta.xml        
Validating Deployment of v62.0 metadata to rob.mockler@boi.com.rob1 using the v64.0 SOAP API.
Deploy ID: 0Af9Q00000miZEXSA2

Validated Source
===============================================================================================================================================
| State     Name                                      Type Path                                                                                 
| ───────── ───────────────────────────────────────── ──── ──────────────────────────────────────────────────────────────────────────────────── 
| Unchanged BOI_Record_Trigger_Application_After_Save Flow force-app\main\default\flows\BOI_Record_Trigger_Application_After_Save.flow-meta.xml 
| Unchanged BOI_Record_Trigger_Loan_After_Save        Flow force-app\main\default\flows\BOI_Record_Trigger_Loan_After_Save.flow-meta.xml        

Test Results Summary
Passing: 166
Failing: 0
Total: 166
Time: 274196

Successfully validated the deployment (0Af9Q00000miZEXSA2).
Run "sf project deploy quick --job-id 0Af9Q00000miZEXSA2" to execute this deploy
Printing the return value successfull 0 \n/c/Users/c139079/Onedri~1/EXT_package_xml/ncino-15102_flow_rollback1_package.xml
