test_package /c/devops/wkr2/vsc1/sfdx1
/c/Users/c139079/Onedri~1/EXT_package_xml/ncino-11719t2_cro1_package.xml.woUi
Already on 'kajal'
On branch kajal
Untracked files:
  (use "git add <file>..." to include in what will be committed)
	force-app/main/default/flexipages/Business_Relationship_Layout.flexipage-meta.xml
	force-app/main/default/flows/BOI_Record_Trigger_Relationship_After_Save.flow-meta.xml
	force-app/main/default/flows/BOI_Record_Trigger_Relationship_Before_Insert.flow-meta.xml
	force-app/main/default/flows/BOI_Record_Triggered_LoanDocument_After_Save.flow-meta.xml
	force-app/main/default/labels/
	force-app/main/default/lwc/
	force-app/main/default/objects/LLC_BI__Loan__c/fields/cm_IsFlow__c.field-meta.xml

nothing added to commit but untracked files present (use "git add" to track)
Preparing retrieve request...
[G[1A[JRetrieving v62.0 metadata from rob.mockler@boi.com.r1sit using the v64.0 SOAP API
Preparing retrieve request... [38;5;104m-[0m Sending request to org
[G[1A[JPreparing retrieve request... [38;5;104m\[0m Waiting for the org to respond
[G[1A[JPreparing retrieve request... [38;5;104m|[0m Waiting for the org to respond
[G[1A[JPreparing retrieve request... [38;5;104m/[0m Pending
[G[1A[JPreparing retrieve request... [38;5;104m-[0m Pending
[G[1A[JPreparing retrieve request... [38;5;104m\[0m Pending
[G[1A[JPreparing retrieve request... [38;5;104m|[0m Pending
[G[1A[JPreparing retrieve request... [38;5;104m/[0m Pending
[G[1A[JPreparing retrieve request... [38;5;104m-[0m Pending
[G[1A[JPreparing retrieve request... [38;5;104m\[0m Pending
[G[1A[JPreparing retrieve request... [38;5;104m|[0m Pending
[G[1A[JPreparing retrieve request... [38;5;104m/[0m Pending
[G[1A[JPreparing retrieve request... [38;5;104m-[0m Pending
[G[1A[JPreparing retrieve request... [38;5;104m\[0m In Progress
[G[1A[JPreparing retrieve request... [38;5;104m|[0m In Progress
[G[1A[JPreparing retrieve request... [38;5;104m/[0m In Progress
[G[1A[JPreparing retrieve request... [38;5;104m-[0m In Progress
[G[1A[JPreparing retrieve request... [38;5;104m\[0m In Progress
[G[1A[JPreparing retrieve request... [38;5;104m|[0m In Progress
[G[1A[JPreparing retrieve request... [38;5;104m/[0m In Progress
[G[1A[JPreparing retrieve request... [38;5;104m-[0m In Progress
[G[1A[JPreparing retrieve request... [38;5;104m\[0m In Progress
[G[1A[JPreparing retrieve request... [38;5;104m|[0m In Progress
[G[1A[JPreparing retrieve request... [38;5;104m/[0m In Progress
[G[1A[JPreparing retrieve request... [38;5;104m-[0m In Progress
[G[1A[JPreparing retrieve request... [38;5;104m\[0m In Progress
[G[1A[JPreparing retrieve request... [38;5;104m|[0m In Progress
[G[1A[JPreparing retrieve request... [38;5;104m/[0m In Progress
[G[1A[JPreparing retrieve request... [38;5;104m-[0m In Progress
[G[1A[JPreparing retrieve request... [38;5;104m\[0m In Progress
[G[1A[JPreparing retrieve request... [38;5;104m|[0m In Progress
[G[1A[JPreparing retrieve request... [38;5;104m/[0m In Progress
[G[1A[JPreparing retrieve request... [38;5;104m-[0m In Progress
[G[1A[JPreparing retrieve request... [38;5;104m\[0m In Progress
[G[1A[JPreparing retrieve request... [38;5;104m|[0m In Progress
[G[1A[JPreparing retrieve request... [38;5;104m/[0m In Progress
[G[1A[JPreparing retrieve request... [38;5;104m-[0m In Progress
[G[1A[JPreparing retrieve request... [38;5;104m\[0m In Progress
[G[1A[JPreparing retrieve request... [38;5;104m|[0m In Progress
[G[1A[JPreparing retrieve request... [38;5;104m/[0m In Progress
[G[1A[JPreparing retrieve request... [38;5;104m-[0m In Progress
[G[1A[JPreparing retrieve request... [38;5;104m\[0m In Progress
[G[1A[JPreparing retrieve request... [38;5;104m|[0m In Progress
[G[1A[JPreparing retrieve request... [38;5;104m/[0m In Progress
[G[1A[JPreparing retrieve request... [38;5;104m-[0m In Progress
[G[1A[JPreparing retrieve request... [38;5;104m\[0m In Progress
[G[1A[JPreparing retrieve request... [38;5;104m|[0m In Progress
[G[1A[JPreparing retrieve request... [38;5;104m/[0m In Progress
[G[1A[JPreparing retrieve request... [38;5;104m-[0m In Progress
[G[1A[JPreparing retrieve request... [38;5;104m\[0m In Progress
[G[1A[JPreparing retrieve request... [38;5;104m|[0m In Progress
[G[1A[JPreparing retrieve request... [38;5;104m/[0m In Progress
[G[1A[JPreparing retrieve request... [38;5;104m-[0m In Progress
[G[1A[JPreparing retrieve request... [38;5;104m\[0m In Progress
[G[1A[JPreparing retrieve request... [38;5;104m|[0m In Progress
[G[1A[JPreparing retrieve request... [38;5;104m/[0m In Progress
[G[1A[JPreparing retrieve request... [38;5;104m-[0m In Progress
[G[1A[JPreparing retrieve request... [38;5;104m\[0m In Progress
[G[1A[JPreparing retrieve request... [38;5;104m|[0m In Progress
[G[1A[JPreparing retrieve request... [38;5;104m/[0m In Progress
[G[1A[JPreparing retrieve request... [38;5;104m-[0m In Progress
[G[1A[JPreparing retrieve request... [38;5;104m\[0m In Progress
[G[1A[JPreparing retrieve request... [38;5;104m|[0m In Progress
[G[1A[JPreparing retrieve request... [38;5;104m/[0m In Progress
[G[1A[JPreparing retrieve request... [38;5;104m-[0m In Progress
[G[1A[JPreparing retrieve request... [38;5;104m\[0m In Progress
[G[1A[JPreparing retrieve request... [38;5;104m|[0m In Progress
[G[1A[JPreparing retrieve request... [38;5;104m/[0m In Progress
[G[1A[JPreparing retrieve request... [38;5;104m-[0m In Progress
[G[1A[JPreparing retrieve request... [38;5;104m\[0m In Progress
[G[1A[JPreparing retrieve request... [38;5;104m|[0m In Progress
[G[1A[JPreparing retrieve request... [38;5;104m/[0m In Progress
[G[1A[JPreparing retrieve request... [38;5;104m-[0m In Progress
[G[1A[JPreparing retrieve request... [38;5;104m\[0m In Progress
[G[1A[JPreparing retrieve request... [38;5;104m|[0m In Progress
[G[1A[JPreparing retrieve request... [38;5;104m/[0m In Progress
[G[1A[JPreparing retrieve request... [38;5;104m-[0m In Progress
[G[1A[JPreparing retrieve request... [38;5;104m\[0m In Progress
[G[1A[JPreparing retrieve request... Succeeded

Retrieved Source
====================================================================================================================================================================================================================================================
| State   Name                                                                  Type                        Path                                                                                                                                     
| ─────── ───────────────────────────────────────────────────────────────────── ─────────────────────────── ──────────────────────────────────────────────────────────────────────────────────────────────────────────────────────────────────────── 
| Created CM_CRIFCRDocumentUpload                                               ApexClass                   force-app\main\default\classes\CM_CRIFCRDocumentUpload.cls                                                                               
| Created CM_CRIFCRDocumentUpload                                               ApexClass                   force-app\main\default\classes\CM_CRIFCRDocumentUpload.cls-meta.xml                                                                      
| Created CM_CRIFCRDocumentUploadTest                                           ApexClass                   force-app\main\default\classes\CM_CRIFCRDocumentUploadTest.cls                                                                           
| Created CM_CRIFCRDocumentUploadTest                                           ApexClass                   force-app\main\default\classes\CM_CRIFCRDocumentUploadTest.cls-meta.xml                                                                  
| Created CM_CRIFCompanyReportPDFController                                     ApexClass                   force-app\main\default\classes\CM_CRIFCompanyReportPDFController.cls                                                                     
| Created CM_CRIFCompanyReportPDFController                                     ApexClass                   force-app\main\default\classes\CM_CRIFCompanyReportPDFController.cls-meta.xml                                                            
| Created CM_CRIFCompanyReportPDFControllerTest                                 ApexClass                   force-app\main\default\classes\CM_CRIFCompanyReportPDFControllerTest.cls                                                                 
| Created CM_CRIFCompanyReportPDFControllerTest                                 ApexClass                   force-app\main\default\classes\CM_CRIFCompanyReportPDFControllerTest.cls-meta.xml                                                        
| Created CM_CRIFDirectorNIndividualWrapper                                     ApexClass                   force-app\main\default\classes\CM_CRIFDirectorNIndividualWrapper.cls                                                                     
| Created CM_CRIFDirectorNIndividualWrapper                                     ApexClass                   force-app\main\default\classes\CM_CRIFDirectorNIndividualWrapper.cls-meta.xml                                                            
| Created CM_CRIFDirectorNIndividualWrapperTest                                 ApexClass                   force-app\main\default\classes\CM_CRIFDirectorNIndividualWrapperTest.cls                                                                 
| Created CM_CRIFDirectorNIndividualWrapperTest                                 ApexClass                   force-app\main\default\classes\CM_CRIFDirectorNIndividualWrapperTest.cls-meta.xml                                                        
| Created Account.cm_Company_Basic_Report_Flag__c                               CustomField                 force-app\main\default\objects\Account\fields\cm_Company_Basic_Report_Flag__c.field-meta.xml                                             
| Created Account.cm_Company_Full_Report_Flag__c                                CustomField                 force-app\main\default\objects\Account\fields\cm_Company_Full_Report_Flag__c.field-meta.xml                                              
| Created Account.cm_Company_Report_Available__c                                CustomField                 force-app\main\default\objects\Account\fields\cm_Company_Report_Available__c.field-meta.xml                                              
| Created Account.cm_Company_Report_Result__c                                   CustomField                 force-app\main\default\objects\Account\fields\cm_Company_Report_Result__c.field-meta.xml                                                 
| Created Account.cm_Company_Status__c                                          CustomField                 force-app\main\default\objects\Account\fields\cm_Company_Status__c.field-meta.xml                                                        
| Created Account.cm_Credit_Report_Available__c                                 CustomField                 force-app\main\default\objects\Account\fields\cm_Credit_Report_Available__c.field-meta.xml                                               
| Changed Account.cm_HasInProgressRemediation__c                                CustomField                 force-app\main\default\objects\Account\fields\cm_HasInProgressRemediation__c.field-meta.xml                                              
| Created Account.cm_Shareholder_Report_Available__c                            CustomField                 force-app\main\default\objects\Account\fields\cm_Shareholder_Report_Available__c.field-meta.xml                                          
| Changed LLC_BI__Loan__c.cm_IsFlow__c                                          CustomField                 force-app\main\default\objects\LLC_BI__Loan__c\fields\cm_IsFlow__c.field-meta.xml                                                        
| Created cm_Company_Report_Result__c.Relationship__c                           CustomField                 force-app\main\default\objects\cm_Company_Report_Result__c\fields\Relationship__c.field-meta.xml                                         
| Created cm_Company_Report_Result__c.cm_Accounts_Doc_ID__c                     CustomField                 force-app\main\default\objects\cm_Company_Report_Result__c\fields\cm_Accounts_Doc_ID__c.field-meta.xml                                   
| Created cm_Company_Report_Result__c.cm_Active_Director_Count__c               CustomField                 force-app\main\default\objects\cm_Company_Report_Result__c\fields\cm_Active_Director_Count__c.field-meta.xml                             
| Created cm_Company_Report_Result__c.cm_Address__c                             CustomField                 force-app\main\default\objects\cm_Company_Report_Result__c\fields\cm_Address__c.field-meta.xml                                           
| Created cm_Company_Report_Result__c.cm_Administrative_Division_Description__c CustomField                 force-app\main\default\objects\cm_Company_Report_Result__c\fields\cm_Administrative_Division_Description__c.field-meta.xml               
| Created cm_Company_Report_Result__c.cm_AnaCredit_Administrative_Division__c   CustomField                 force-app\main\default\objects\cm_Company_Report_Result__c\fields\cm_AnaCredit_Administrative_Division__c.field-meta.xml                 
| Created cm_Company_Report_Result__c.cm_Annual_Returns_Doc_ID__c               CustomField                 force-app\main\default\objects\cm_Company_Report_Result__c\fields\cm_Annual_Returns_Doc_ID__c.field-meta.xml                             
| Created cm_Company_Report_Result__c.cm_Bank_Branch_Address__c                 CustomField                 force-app\main\default\objects\cm_Company_Report_Result__c\fields\cm_Bank_Branch_Address__c.field-meta.xml                               
| Created cm_Company_Report_Result__c.cm_Bank_Name__c                           CustomField                 force-app\main\default\objects\cm_Company_Report_Result__c\fields\cm_Bank_Name__c.field-meta.xml                                         
| Created cm_Company_Report_Result__c.cm_Bus_Type_Desc__c                       CustomField                 force-app\main\default\objects\cm_Company_Report_Result__c\fields\cm_Bus_Type_Desc__c.field-meta.xml                                     
| Created cm_Company_Report_Result__c.cm_Business_Addr_1__c                     CustomField                 force-app\main\default\objects\cm_Company_Report_Result__c\fields\cm_Business_Addr_1__c.field-meta.xml                                   
| Created cm_Company_Report_Result__c.cm_Business_Addr_2__c                     CustomField                 force-app\main\default\objects\cm_Company_Report_Result__c\fields\cm_Business_Addr_2__c.field-meta.xml                                   
| Created cm_Company_Report_Result__c.cm_Business_Addr_3__c                     CustomField                 force-app\main\default\objects\cm_Company_Report_Result__c\fields\cm_Business_Addr_3__c.field-meta.xml                                   
| Created cm_Company_Report_Result__c.cm_Business_Addr_4__c                     CustomField                 force-app\main\default\objects\cm_Company_Report_Result__c\fields\cm_Business_Addr_4__c.field-meta.xml                                   
| Created cm_Company_Report_Result__c.cm_Business_County_ID__c                  CustomField                 force-app\main\default\objects\cm_Company_Report_Result__c\fields\cm_Business_County_ID__c.field-meta.xml                                
| Created cm_Company_Report_Result__c.cm_Business_Name__c                       CustomField                 force-app\main\default\objects\cm_Company_Report_Result__c\fields\cm_Business_Name__c.field-meta.xml                                     
| Created cm_Company_Report_Result__c.cm_Business_Num__c                        CustomField                 force-app\main\default\objects\cm_Company_Report_Result__c\fields\cm_Business_Num__c.field-meta.xml                                      
| Created cm_Company_Report_Result__c.cm_Business_Reg_Date__c                   CustomField                 force-app\main\default\objects\cm_Company_Report_Result__c\fields\cm_Business_Reg_Date__c.field-meta.xml                                 
| Created cm_Company_Report_Result__c.cm_Business_Status_Code__c                CustomField                 force-app\main\default\objects\cm_Company_Report_Result__c\fields\cm_Business_Status_Code__c.field-meta.xml                              
| Created cm_Company_Report_Result__c.cm_Business_Status_Date__c                CustomField                 force-app\main\default\objects\cm_Company_Report_Result__c\fields\cm_Business_Status_Date__c.field-meta.xml                              
| Created cm_Company_Report_Result__c.cm_Business_Status_Desc__c                CustomField                 force-app\main\default\objects\cm_Company_Report_Result__c\fields\cm_Business_Status_Desc__c.field-meta.xml                              
| Created cm_Company_Report_Result__c.cm_Business_Type_Code__c                  CustomField                 force-app\main\default\objects\cm_Company_Report_Result__c\fields\cm_Business_Type_Code__c.field-meta.xml                                
| Created cm_Company_Report_Result__c.cm_Comp_Type_Desc__c                      CustomField                 force-app\main\default\objects\cm_Company_Report_Result__c\fields\cm_Comp_Type_Desc__c.field-meta.xml                                    
| Created cm_Company_Report_Result__c.cm_CompanyRegDate__c                      CustomField                 force-app\main\default\objects\cm_Company_Report_Result__c\fields\cm_CompanyRegDate__c.field-meta.xml                                    
| Created cm_Company_Report_Result__c.cm_CompanyStatusDate__c                   CustomField                 force-app\main\default\objects\cm_Company_Report_Result__c\fields\cm_CompanyStatusDate__c.field-meta.xml                                 
| Created cm_Company_Report_Result__c.cm_CompanyTypeDesc__c                     CustomField                 force-app\main\default\objects\cm_Company_Report_Result__c\fields\cm_CompanyTypeDesc__c.field-meta.xml                                   
| Created cm_Company_Report_Result__c.cm_Company_Addr_1__c                      CustomField                 force-app\main\default\objects\cm_Company_Report_Result__c\fields\cm_Company_Addr_1__c.field-meta.xml                                    
| Created cm_Company_Report_Result__c.cm_Company_Addr_2__c                      CustomField                 force-app\main\default\objects\cm_Company_Report_Result__c\fields\cm_Company_Addr_2__c.field-meta.xml                                    
| Created cm_Company_Report_Result__c.cm_Company_Addr_3__c                      CustomField                 force-app\main\default\objects\cm_Company_Report_Result__c\fields\cm_Company_Addr_3__c.field-meta.xml                                    
| Created cm_Company_Report_Result__c.cm_Company_Addr_4__c                      CustomField                 force-app\main\default\objects\cm_Company_Report_Result__c\fields\cm_Company_Addr_4__c.field-meta.xml                                    
| Created cm_Company_Report_Result__c.cm_Company_Bus_Ind__c                     CustomField                 force-app\main\default\objects\cm_Company_Report_Result__c\fields\cm_Company_Bus_Ind__c.field-meta.xml                                   
| Created cm_Company_Report_Result__c.cm_Company_County_Description__c          CustomField                 force-app\main\default\objects\cm_Company_Report_Result__c\fields\cm_Company_County_Description__c.field-meta.xml                        
| Created cm_Company_Report_Result__c.cm_Company_County_ID__c                   CustomField                 force-app\main\default\objects\cm_Company_Report_Result__c\fields\cm_Company_County_ID__c.field-meta.xml                                 
| Created cm_Company_Report_Result__c.cm_Company_County_Name__c                 CustomField                 force-app\main\default\objects\cm_Company_Report_Result__c\fields\cm_Company_County_Name__c.field-meta.xml                               
| Created cm_Company_Report_Result__c.cm_Company_Name__c                        CustomField                 force-app\main\default\objects\cm_Company_Report_Result__c\fields\cm_Company_Name__c.field-meta.xml                                      
| Created cm_Company_Report_Result__c.cm_Company_Num_Dep__c                     CustomField                 force-app\main\default\objects\cm_Company_Report_Result__c\fields\cm_Company_Num_Dep__c.field-meta.xml                                   
| Created cm_Company_Report_Result__c.cm_Company_Num__c                         CustomField                 force-app\main\default\objects\cm_Company_Report_Result__c\fields\cm_Company_Num__c.field-meta.xml                                       
| Created cm_Company_Report_Result__c.cm_Company_Reg_Date__c                    CustomField                 force-app\main\default\objects\cm_Company_Report_Result__c\fields\cm_Company_Reg_Date__c.field-meta.xml                                  
| Created cm_Company_Report_Result__c.cm_Company_Status_Code__c                 CustomField                 force-app\main\default\objects\cm_Company_Report_Result__c\fields\cm_Company_Status_Code__c.field-meta.xml                               
| Created cm_Company_Report_Result__c.cm_Company_Status_Date__c                 CustomField                 force-app\main\default\objects\cm_Company_Report_Result__c\fields\cm_Company_Status_Date__c.field-meta.xml                               
| Created cm_Company_Report_Result__c.cm_Company_Status_Desc__c                 CustomField                 force-app\main\default\objects\cm_Company_Report_Result__c\fields\cm_Company_Status_Desc__c.field-meta.xml                               
| Created cm_Company_Report_Result__c.cm_Company_Type_Code__c                   CustomField                 force-app\main\default\objects\cm_Company_Report_Result__c\fields\cm_Company_Type_Code__c.field-meta.xml                                 
| Created cm_Company_Report_Result__c.cm_Constitution_Doc_ID__c                 CustomField                 force-app\main\default\objects\cm_Company_Report_Result__c\fields\cm_Constitution_Doc_ID__c.field-meta.xml                               
| Created cm_Company_Report_Result__c.cm_Credit_Report_Available__c             CustomField                 force-app\main\default\objects\cm_Company_Report_Result__c\fields\cm_Credit_Report_Available__c.field-meta.xml                           
| Created cm_Company_Report_Result__c.cm_Directors_Count__c                     CustomField                 force-app\main\default\objects\cm_Company_Report_Result__c\fields\cm_Directors_Count__c.field-meta.xml                                   
| Created cm_Company_Report_Result__c.cm_EIRCode__c                             CustomField                 force-app\main\default\objects\cm_Company_Report_Result__c\fields\cm_EIRCode__c.field-meta.xml                                           
| Created cm_Company_Report_Result__c.cm_Employee_Count__c                      CustomField                 force-app\main\default\objects\cm_Company_Report_Result__c\fields\cm_Employee_Count__c.field-meta.xml                                    
| Created cm_Company_Report_Result__c.cm_Full_Address__c                        CustomField                 force-app\main\default\objects\cm_Company_Report_Result__c\fields\cm_Full_Address__c.field-meta.xml                                      
| Created cm_Company_Report_Result__c.cm_Group_Company__c                       CustomField                 force-app\main\default\objects\cm_Company_Report_Result__c\fields\cm_Group_Company__c.field-meta.xml                                     
| Created cm_Company_Report_Result__c.cm_Incorporation_Doc_ID__c                CustomField                 force-app\main\default\objects\cm_Company_Report_Result__c\fields\cm_Incorporation_Doc_ID__c.field-meta.xml                              
| Created cm_Company_Report_Result__c.cm_Institutional_Sector_Code__c           CustomField                 force-app\main\default\objects\cm_Company_Report_Result__c\fields\cm_Institutional_Sector_Code__c.field-meta.xml                         
| Created cm_Company_Report_Result__c.cm_Institutional_Sector__c                CustomField                 force-app\main\default\objects\cm_Company_Report_Result__c\fields\cm_Institutional_Sector__c.field-meta.xml                              
| Created cm_Company_Report_Result__c.cm_Irish_County_Code_Description__c       CustomField                 force-app\main\default\objects\cm_Company_Report_Result__c\fields\cm_Irish_County_Code_Description__c.field-meta.xml                     
| Created cm_Company_Report_Result__c.cm_Irish_County_Code__c                   CustomField                 force-app\main\default\objects\cm_Company_Report_Result__c\fields\cm_Irish_County_Code__c.field-meta.xml                                 
| Created cm_Company_Report_Result__c.cm_LastARDate__c                          CustomField                 force-app\main\default\objects\cm_Company_Report_Result__c\fields\cm_LastARDate__c.field-meta.xml                                        
| Created cm_Company_Report_Result__c.cm_LastAccDate__c                         CustomField                 force-app\main\default\objects\cm_Company_Report_Result__c\fields\cm_LastAccDate__c.field-meta.xml                                       
| Created cm_Company_Report_Result__c.cm_Last_AR_Date__c                        CustomField                 force-app\main\default\objects\cm_Company_Report_Result__c\fields\cm_Last_AR_Date__c.field-meta.xml                                      
| Created cm_Company_Report_Result__c.cm_Last_Acc_Date__c                       CustomField                 force-app\main\default\objects\cm_Company_Report_Result__c\fields\cm_Last_Acc_Date__c.field-meta.xml                                     
| Created cm_Company_Report_Result__c.cm_Last_Report_Run__c                     CustomField                 force-app\main\default\objects\cm_Company_Report_Result__c\fields\cm_Last_Report_Run__c.field-meta.xml                                   
| Created cm_Company_Report_Result__c.cm_Last_Updated__c                        CustomField                 force-app\main\default\objects\cm_Company_Report_Result__c\fields\cm_Last_Updated__c.field-meta.xml                                      
| Created cm_Company_Report_Result__c.cm_Legal_Form_Code__c                     CustomField                 force-app\main\default\objects\cm_Company_Report_Result__c\fields\cm_Legal_Form_Code__c.field-meta.xml                                   
| Created cm_Company_Report_Result__c.cm_Legal_Form_Description__c              CustomField                 force-app\main\default\objects\cm_Company_Report_Result__c\fields\cm_Legal_Form_Description__c.field-meta.xml                            
| Created cm_Company_Report_Result__c.cm_Legal_Proceedings_Code__c              CustomField                 force-app\main\default\objects\cm_Company_Report_Result__c\fields\cm_Legal_Proceedings_Code__c.field-meta.xml                            
| Created cm_Company_Report_Result__c.cm_Legal_Proceedings_Description__c       CustomField                 force-app\main\default\objects\cm_Company_Report_Result__c\fields\cm_Legal_Proceedings_Description__c.field-meta.xml                     
| Created cm_Company_Report_Result__c.cm_Nace_Code__c                           CustomField                 force-app\main\default\objects\cm_Company_Report_Result__c\fields\cm_Nace_Code__c.field-meta.xml                                         
| Created cm_Company_Report_Result__c.cm_Nace_Description__c                    CustomField                 force-app\main\default\objects\cm_Company_Report_Result__c\fields\cm_Nace_Description__c.field-meta.xml                                  
| Created cm_Company_Report_Result__c.cm_NextARDate__c                          CustomField                 force-app\main\default\objects\cm_Company_Report_Result__c\fields\cm_NextARDate__c.field-meta.xml                                        
| Created cm_Company_Report_Result__c.cm_Next_AR_Date__c                        CustomField                 force-app\main\default\objects\cm_Company_Report_Result__c\fields\cm_Next_AR_Date__c.field-meta.xml                                      
| Created cm_Company_Report_Result__c.cm_ReportGeneratedDate__c                 CustomField                 force-app\main\default\objects\cm_Company_Report_Result__c\fields\cm_ReportGeneratedDate__c.field-meta.xml                               
| Created cm_Company_Report_Result__c.cm_Report_Generated_Date__c               CustomField                 force-app\main\default\objects\cm_Company_Report_Result__c\fields\cm_Report_Generated_Date__c.field-meta.xml                             
| Created cm_Company_Report_Result__c.cm_Response_Type__c                       CustomField                 force-app\main\default\objects\cm_Company_Report_Result__c\fields\cm_Response_Type__c.field-meta.xml                                     
| Created cm_Company_Report_Result__c.cm_Shareholder_Report_Available__c        CustomField                 force-app\main\default\objects\cm_Company_Report_Result__c\fields\cm_Shareholder_Report_Available__c.field-meta.xml                      
| Created cm_Company_Report_Result__c.cm_Total_issued_Shares__c                 CustomField                 force-app\main\default\objects\cm_Company_Report_Result__c\fields\cm_Total_issued_Shares__c.field-meta.xml                               
| Created cm_Company_Report_Result__c.cm_Type__c                                CustomField                 force-app\main\default\objects\cm_Company_Report_Result__c\fields\cm_Type__c.field-meta.xml                                              
| Created cm_Company_Report_Result__c.cm_VN_Api_Version__c                      CustomField                 force-app\main\default\objects\cm_Company_Report_Result__c\fields\cm_VN_Api_Version__c.field-meta.xml                                    
| Created cm_Company_Report_Result__c.cm_for_NACE_Code__c                       CustomField                 force-app\main\default\objects\cm_Company_Report_Result__c\fields\cm_for_NACE_Code__c.field-meta.xml                                     
| Created cm_Mortgages_and_Charges__c.cm_Amount_Secured_Details__c              CustomField                 force-app\main\default\objects\cm_Mortgages_and_Charges__c\fields\cm_Amount_Secured_Details__c.field-meta.xml                            
| Created cm_Mortgages_and_Charges__c.cm_ChargeDocument_Description__c          CustomField                 force-app\main\default\objects\cm_Mortgages_and_Charges__c\fields\cm_ChargeDocument_Description__c.field-meta.xml                        
| Created cm_Mortgages_and_Charges__c.cm_Charge_Document_ID__c                  CustomField                 force-app\main\default\objects\cm_Mortgages_and_Charges__c\fields\cm_Charge_Document_ID__c.field-meta.xml                                
| Created cm_Mortgages_and_Charges__c.cm_Charge_Document_Number__c              CustomField                 force-app\main\default\objects\cm_Mortgages_and_Charges__c\fields\cm_Charge_Document_Number__c.field-meta.xml                            
| Created cm_Mortgages_and_Charges__c.cm_Charge_Number__c                       CustomField                 force-app\main\default\objects\cm_Mortgages_and_Charges__c\fields\cm_Charge_Number__c.field-meta.xml                                     
| Created cm_Mortgages_and_Charges__c.cm_Charge_Status__c                       CustomField                 force-app\main\default\objects\cm_Mortgages_and_Charges__c\fields\cm_Charge_Status__c.field-meta.xml                                     
| Created cm_Mortgages_and_Charges__c.cm_Charge_Type__c                         CustomField                 force-app\main\default\objects\cm_Mortgages_and_Charges__c\fields\cm_Charge_Type__c.field-meta.xml                                       
| Created cm_Mortgages_and_Charges__c.cm_Company_Report_Result__c               CustomField                 force-app\main\default\objects\cm_Mortgages_and_Charges__c\fields\cm_Company_Report_Result__c.field-meta.xml                             
| Created cm_Mortgages_and_Charges__c.cm_Created_Date__c                        CustomField                 force-app\main\default\objects\cm_Mortgages_and_Charges__c\fields\cm_Created_Date__c.field-meta.xml                                      
| Created cm_Mortgages_and_Charges__c.cm_Further_Particulars__c                 CustomField                 force-app\main\default\objects\cm_Mortgages_and_Charges__c\fields\cm_Further_Particulars__c.field-meta.xml                               
| Created cm_Mortgages_and_Charges__c.cm_Interest_Particulars__c                CustomField                 force-app\main\default\objects\cm_Mortgages_and_Charges__c\fields\cm_Interest_Particulars__c.field-meta.xml                              
| Created cm_Mortgages_and_Charges__c.cm_Party_Address_1__c                     CustomField                 force-app\main\default\objects\cm_Mortgages_and_Charges__c\fields\cm_Party_Address_1__c.field-meta.xml                                   
| Created cm_Mortgages_and_Charges__c.cm_Party_Address_2__c                     CustomField                 force-app\main\default\objects\cm_Mortgages_and_Charges__c\fields\cm_Party_Address_2__c.field-meta.xml                                   
| Created cm_Mortgages_and_Charges__c.cm_Party_Address_3__c                     CustomField                 force-app\main\default\objects\cm_Mortgages_and_Charges__c\fields\cm_Party_Address_3__c.field-meta.xml                                   
| Created cm_Mortgages_and_Charges__c.cm_Party_Address_4__c                     CustomField                 force-app\main\default\objects\cm_Mortgages_and_Charges__c\fields\cm_Party_Address_4__c.field-meta.xml                                   
| Created cm_Mortgages_and_Charges__c.cm_Party_Name__c                          CustomField                 force-app\main\default\objects\cm_Mortgages_and_Charges__c\fields\cm_Party_Name__c.field-meta.xml                                        
| Created cm_Mortgages_and_Charges__c.cm_Party_Relationship__c                  CustomField                 force-app\main\default\objects\cm_Mortgages_and_Charges__c\fields\cm_Party_Relationship__c.field-meta.xml                                
| Created cm_Mortgages_and_Charges__c.cm_Property_Notes__c                      CustomField                 force-app\main\default\objects\cm_Mortgages_and_Charges__c\fields\cm_Property_Notes__c.field-meta.xml                                    
| Created cm_Mortgages_and_Charges__c.cm_Received_Date__c                       CustomField                 force-app\main\default\objects\cm_Mortgages_and_Charges__c\fields\cm_Received_Date__c.field-meta.xml                                     
| Created cm_Mortgages_and_Charges__c.cm_Registered_Date__c                     CustomField                 force-app\main\default\objects\cm_Mortgages_and_Charges__c\fields\cm_Registered_Date__c.field-meta.xml                                   
| Created cm_Mortgages_and_Charges__c.cm_Satisfaction_Date__c                   CustomField                 force-app\main\default\objects\cm_Mortgages_and_Charges__c\fields\cm_Satisfaction_Date__c.field-meta.xml                                 
| Created cm_Mortgages_and_Charges__c.cm_Satisfaction_Status__c                 CustomField                 force-app\main\default\objects\cm_Mortgages_and_Charges__c\fields\cm_Satisfaction_Status__c.field-meta.xml                               
| Created cm_Mortgages_and_Charges__c.cm_Satisfaction_Type__c                   CustomField                 force-app\main\default\objects\cm_Mortgages_and_Charges__c\fields\cm_Satisfaction_Type__c.field-meta.xml                                 
| Created cm_Mortgages_and_Charges__c.cm_Submission_Document_Desc__c            CustomField                 force-app\main\default\objects\cm_Mortgages_and_Charges__c\fields\cm_Submission_Document_Desc__c.field-meta.xml                          
| Created cm_Mortgages_and_Charges__c.cm_Submission_Document_ID__c              CustomField                 force-app\main\default\objects\cm_Mortgages_and_Charges__c\fields\cm_Submission_Document_ID__c.field-meta.xml                            
| Created cm_Mortgages_and_Charges__c.cm_Submission_Num__c                      CustomField                 force-app\main\default\objects\cm_Mortgages_and_Charges__c\fields\cm_Submission_Num__c.field-meta.xml                                    
| Created cm_Mortgages_and_Charges__c.cm_Total_Charges__c                       CustomField                 force-app\main\default\objects\cm_Mortgages_and_Charges__c\fields\cm_Total_Charges__c.field-meta.xml                                     
| Created cm_Mortgages_and_Charges__c.cm_Unsatisfied_Charges__c                 CustomField                 force-app\main\default\objects\cm_Mortgages_and_Charges__c\fields\cm_Unsatisfied_Charges__c.field-meta.xml                               
| Created cm_Mortgages_and_Charges__c.cm_submission_document_num__c             CustomField                 force-app\main\default\objects\cm_Mortgages_and_Charges__c\fields\cm_submission_document_num__c.field-meta.xml                           
| Created cm_People__c.EIR_Code__c                                              CustomField                 force-app\main\default\objects\cm_People__c\fields\EIR_Code__c.field-meta.xml                                                            
| Created cm_People__c.cm_Address_1__c                                          CustomField                 force-app\main\default\objects\cm_People__c\fields\cm_Address_1__c.field-meta.xml                                                        
| Created cm_People__c.cm_Address_2__c                                          CustomField                 force-app\main\default\objects\cm_People__c\fields\cm_Address_2__c.field-meta.xml                                                        
| Created cm_People__c.cm_Address_3__c                                          CustomField                 force-app\main\default\objects\cm_People__c\fields\cm_Address_3__c.field-meta.xml                                                        
| Created cm_People__c.cm_Address_4__c                                          CustomField                 force-app\main\default\objects\cm_People__c\fields\cm_Address_4__c.field-meta.xml                                                        
| Created cm_People__c.cm_Address__c                                            CustomField                 force-app\main\default\objects\cm_People__c\fields\cm_Address__c.field-meta.xml                                                          
| Created cm_People__c.cm_Class_Type__c                                         CustomField                 force-app\main\default\objects\cm_People__c\fields\cm_Class_Type__c.field-meta.xml                                                       
| Created cm_People__c.cm_Company_Report_Result__c                              CustomField                 force-app\main\default\objects\cm_People__c\fields\cm_Company_Report_Result__c.field-meta.xml                                            
| Created cm_People__c.cm_Country__c                                            CustomField                 force-app\main\default\objects\cm_People__c\fields\cm_Country__c.field-meta.xml                                                          
| Created cm_People__c.cm_County_ID__c                                          CustomField                 force-app\main\default\objects\cm_People__c\fields\cm_County_ID__c.field-meta.xml                                                        
| Created cm_People__c.cm_Currency__c                                           CustomField                 force-app\main\default\objects\cm_People__c\fields\cm_Currency__c.field-meta.xml                                                         
| Created cm_People__c.cm_Current_Dictatorship__c                               CustomField                 force-app\main\default\objects\cm_People__c\fields\cm_Current_Dictatorship__c.field-meta.xml                                             
| Created cm_People__c.cm_Date_of_birth_D__c                                    CustomField                 force-app\main\default\objects\cm_People__c\fields\cm_Date_of_birth_D__c.field-meta.xml                                                  
| Created cm_People__c.cm_Date_of_birth__c                                      CustomField                 force-app\main\default\objects\cm_People__c\fields\cm_Date_of_birth__c.field-meta.xml                                                    
| Created cm_People__c.cm_Default_Action__c                                     CustomField                 force-app\main\default\objects\cm_People__c\fields\cm_Default_Action__c.field-meta.xml                                                   
| Created cm_People__c.cm_Duplicate_Record_Match__c                             CustomField                 force-app\main\default\objects\cm_People__c\fields\cm_Duplicate_Record_Match__c.field-meta.xml                                           
| Created cm_People__c.cm_EIR_Code__c                                           CustomField                 force-app\main\default\objects\cm_People__c\fields\cm_EIR_Code__c.field-meta.xml                                                         
| Created cm_People__c.cm_Entity_Type__c                                        CustomField                 force-app\main\default\objects\cm_People__c\fields\cm_Entity_Type__c.field-meta.xml                                                      
| Created cm_People__c.cm_Existing_Director__c                                  CustomField                 force-app\main\default\objects\cm_People__c\fields\cm_Existing_Director__c.field-meta.xml                                                
| Created cm_People__c.cm_From_Date__c                                          CustomField                 force-app\main\default\objects\cm_People__c\fields\cm_From_Date__c.field-meta.xml                                                        
| Created cm_People__c.cm_Full_Address__c                                       CustomField                 force-app\main\default\objects\cm_People__c\fields\cm_Full_Address__c.field-meta.xml                                                     
| Created cm_People__c.cm_Is_Current_Director__c                                CustomField                 force-app\main\default\objects\cm_People__c\fields\cm_Is_Current_Director__c.field-meta.xml                                              
| Created cm_People__c.cm_Is_Director__c                                        CustomField                 force-app\main\default\objects\cm_People__c\fields\cm_Is_Director__c.field-meta.xml                                                      
| Created cm_People__c.cm_Is_Existing_Individual__c                             CustomField                 force-app\main\default\objects\cm_People__c\fields\cm_Is_Existing_Individual__c.field-meta.xml                                           
| Created cm_People__c.cm_Is_Shareholder_Company__c                             CustomField                 force-app\main\default\objects\cm_People__c\fields\cm_Is_Shareholder_Company__c.field-meta.xml                                           
| Created cm_People__c.cm_Merge_Status__c                                       CustomField                 force-app\main\default\objects\cm_People__c\fields\cm_Merge_Status__c.field-meta.xml                                                     
| Created cm_People__c.cm_Merge__c                                              CustomField                 force-app\main\default\objects\cm_People__c\fields\cm_Merge__c.field-meta.xml                                                            
| Created cm_People__c.cm_New_or_Merge__c                                       CustomField                 force-app\main\default\objects\cm_People__c\fields\cm_New_or_Merge__c.field-meta.xml                                                     
| Created cm_People__c.cm_NumberofShares__c                                     CustomField                 force-app\main\default\objects\cm_People__c\fields\cm_NumberofShares__c.field-meta.xml                                                   
| Created cm_People__c.cm_Previous_Dictatorship__c                              CustomField                 force-app\main\default\objects\cm_People__c\fields\cm_Previous_Dictatorship__c.field-meta.xml                                            
| Created cm_People__c.cm_Shareholder_Company_Number__c                         CustomField                 force-app\main\default\objects\cm_People__c\fields\cm_Shareholder_Company_Number__c.field-meta.xml                                       
| Created cm_People__c.cm_ShareholdingPercentage__c                             CustomField                 force-app\main\default\objects\cm_People__c\fields\cm_ShareholdingPercentage__c.field-meta.xml                                           
| Created cm_People__c.cm_Title__c                                              CustomField                 force-app\main\default\objects\cm_People__c\fields\cm_Title__c.field-meta.xml                                                            
| Created cm_People__c.cm_To_Date__c                                            CustomField                 force-app\main\default\objects\cm_People__c\fields\cm_To_Date__c.field-meta.xml                                                          
| Created cm_People__c.cm_Total_of_Shares__c                                    CustomField                 force-app\main\default\objects\cm_People__c\fields\cm_Total_of_Shares__c.field-meta.xml                                                  
| Created cm_People__c.cm_Type__c                                               CustomField                 force-app\main\default\objects\cm_People__c\fields\cm_Type__c.field-meta.xml                                                             
| Created CustomLabels                                                          CustomLabels                force-app\main\default\labels\CustomLabels.labels-meta.xml                                                                               
| Created CM_TransformationSetting_CMD.cm_AD_IE011                              CustomMetadata              force-app\main\default\customMetadata\CM_TransformationSetting_CMD.cm_AD_IE011.md-meta.xml                                               
| Created CM_TransformationSetting_CMD.cm_AD_IE012                              CustomMetadata              force-app\main\default\customMetadata\CM_TransformationSetting_CMD.cm_AD_IE012.md-meta.xml                                               
| Created CM_TransformationSetting_CMD.cm_AD_IE013                              CustomMetadata              force-app\main\default\customMetadata\CM_TransformationSetting_CMD.cm_AD_IE013.md-meta.xml                                               
| Created CM_TransformationSetting_CMD.cm_AD_IE021                              CustomMetadata              force-app\main\default\customMetadata\CM_TransformationSetting_CMD.cm_AD_IE021.md-meta.xml                                               
| Created CM_TransformationSetting_CMD.cm_AD_IE022                              CustomMetadata              force-app\main\default\customMetadata\CM_TransformationSetting_CMD.cm_AD_IE022.md-meta.xml                                               
| Created CM_TransformationSetting_CMD.cm_AD_IE023                              CustomMetadata              force-app\main\default\customMetadata\CM_TransformationSetting_CMD.cm_AD_IE023.md-meta.xml                                               
| Created CM_TransformationSetting_CMD.cm_AD_IE024                              CustomMetadata              force-app\main\default\customMetadata\CM_TransformationSetting_CMD.cm_AD_IE024.md-meta.xml                                               
| Created CM_TransformationSetting_CMD.cm_AD_IE025                              CustomMetadata              force-app\main\default\customMetadata\CM_TransformationSetting_CMD.cm_AD_IE025.md-meta.xml                                               
| Created CM_TransformationSetting_CMD.cm_AD_IEZZZ                              CustomMetadata              force-app\main\default\customMetadata\CM_TransformationSetting_CMD.cm_AD_IEZZZ.md-meta.xml                                               
| Created CM_TransformationSetting_CMD.cm_IC_0                                  CustomMetadata              force-app\main\default\customMetadata\CM_TransformationSetting_CMD.cm_IC_0.md-meta.xml                                                   
| Created CM_TransformationSetting_CMD.cm_IC_01                                 CustomMetadata              force-app\main\default\customMetadata\CM_TransformationSetting_CMD.cm_IC_01.md-meta.xml                                                  
| Created CM_TransformationSetting_CMD.cm_IC_1                                  CustomMetadata              force-app\main\default\customMetadata\CM_TransformationSetting_CMD.cm_IC_1.md-meta.xml                                                   
| Created CM_TransformationSetting_CMD.cm_IC_10                                 CustomMetadata              force-app\main\default\customMetadata\CM_TransformationSetting_CMD.cm_IC_10.md-meta.xml                                                  
| Created CM_TransformationSetting_CMD.cm_IC_11                                 CustomMetadata              force-app\main\default\customMetadata\CM_TransformationSetting_CMD.cm_IC_11.md-meta.xml                                                  
| Created CM_TransformationSetting_CMD.cm_IC_12                                 CustomMetadata              force-app\main\default\customMetadata\CM_TransformationSetting_CMD.cm_IC_12.md-meta.xml                                                  
| Created CM_TransformationSetting_CMD.cm_IC_13                                 CustomMetadata              force-app\main\default\customMetadata\CM_TransformationSetting_CMD.cm_IC_13.md-meta.xml                                                  
| Created CM_TransformationSetting_CMD.cm_IC_14                                 CustomMetadata              force-app\main\default\customMetadata\CM_TransformationSetting_CMD.cm_IC_14.md-meta.xml                                                  
| Created CM_TransformationSetting_CMD.cm_IC_15                                 CustomMetadata              force-app\main\default\customMetadata\CM_TransformationSetting_CMD.cm_IC_15.md-meta.xml                                                  
| Created CM_TransformationSetting_CMD.cm_IC_16                                 CustomMetadata              force-app\main\default\customMetadata\CM_TransformationSetting_CMD.cm_IC_16.md-meta.xml                                                  
| Created CM_TransformationSetting_CMD.cm_IC_17                                 CustomMetadata              force-app\main\default\customMetadata\CM_TransformationSetting_CMD.cm_IC_17.md-meta.xml                                                  
| Created CM_TransformationSetting_CMD.cm_IC_18                                 CustomMetadata              force-app\main\default\customMetadata\CM_TransformationSetting_CMD.cm_IC_18.md-meta.xml                                                  
| Created CM_TransformationSetting_CMD.cm_IC_19                                 CustomMetadata              force-app\main\default\customMetadata\CM_TransformationSetting_CMD.cm_IC_19.md-meta.xml                                                  
| Created CM_TransformationSetting_CMD.cm_IC_2                                  CustomMetadata              force-app\main\default\customMetadata\CM_TransformationSetting_CMD.cm_IC_2.md-meta.xml                                                   
| Created CM_TransformationSetting_CMD.cm_IC_20                                 CustomMetadata              force-app\main\default\customMetadata\CM_TransformationSetting_CMD.cm_IC_20.md-meta.xml                                                  
| Created CM_TransformationSetting_CMD.cm_IC_21                                 CustomMetadata              force-app\main\default\customMetadata\CM_TransformationSetting_CMD.cm_IC_21.md-meta.xml                                                  
| Created CM_TransformationSetting_CMD.cm_IC_22                                 CustomMetadata              force-app\main\default\customMetadata\CM_TransformationSetting_CMD.cm_IC_22.md-meta.xml                                                  
| Created CM_TransformationSetting_CMD.cm_IC_23                                 CustomMetadata              force-app\main\default\customMetadata\CM_TransformationSetting_CMD.cm_IC_23.md-meta.xml                                                  
| Created CM_TransformationSetting_CMD.cm_IC_24                                 CustomMetadata              force-app\main\default\customMetadata\CM_TransformationSetting_CMD.cm_IC_24.md-meta.xml                                                  
| Created CM_TransformationSetting_CMD.cm_IC_25                                 CustomMetadata              force-app\main\default\customMetadata\CM_TransformationSetting_CMD.cm_IC_25.md-meta.xml                                                  
| Created CM_TransformationSetting_CMD.cm_IC_26                                 CustomMetadata              force-app\main\default\customMetadata\CM_TransformationSetting_CMD.cm_IC_26.md-meta.xml                                                  
| Created CM_TransformationSetting_CMD.cm_IC_3                                  CustomMetadata              force-app\main\default\customMetadata\CM_TransformationSetting_CMD.cm_IC_3.md-meta.xml                                                   
| Created CM_TransformationSetting_CMD.cm_IC_4                                  CustomMetadata              force-app\main\default\customMetadata\CM_TransformationSetting_CMD.cm_IC_4.md-meta.xml                                                   
| Created CM_TransformationSetting_CMD.cm_IC_5                                  CustomMetadata              force-app\main\default\customMetadata\CM_TransformationSetting_CMD.cm_IC_5.md-meta.xml                                                   
| Created CM_TransformationSetting_CMD.cm_IC_6                                  CustomMetadata              force-app\main\default\customMetadata\CM_TransformationSetting_CMD.cm_IC_6.md-meta.xml                                                   
| Created CM_TransformationSetting_CMD.cm_IC_7                                  CustomMetadata              force-app\main\default\customMetadata\CM_TransformationSetting_CMD.cm_IC_7.md-meta.xml                                                   
| Created CM_TransformationSetting_CMD.cm_IC_8                                  CustomMetadata              force-app\main\default\customMetadata\CM_TransformationSetting_CMD.cm_IC_8.md-meta.xml                                                   
| Created CM_TransformationSetting_CMD.cm_IC_9                                  CustomMetadata              force-app\main\default\customMetadata\CM_TransformationSetting_CMD.cm_IC_9.md-meta.xml                                                   
| Created CM_TransformationSetting_CMD.cm_LF_GB100                              CustomMetadata              force-app\main\default\customMetadata\CM_TransformationSetting_CMD.cm_LF_GB100.md-meta.xml                                               
| Created CM_TransformationSetting_CMD.cm_LF_GB200                              CustomMetadata              force-app\main\default\customMetadata\CM_TransformationSetting_CMD.cm_LF_GB200.md-meta.xml                                               
| Created CM_TransformationSetting_CMD.cm_LF_GB300                              CustomMetadata              force-app\main\default\customMetadata\CM_TransformationSetting_CMD.cm_LF_GB300.md-meta.xml                                               
| Created CM_TransformationSetting_CMD.cm_LF_GB400                              CustomMetadata              force-app\main\default\customMetadata\CM_TransformationSetting_CMD.cm_LF_GB400.md-meta.xml                                               
| Created CM_TransformationSetting_CMD.cm_LF_GB500                              CustomMetadata              force-app\main\default\customMetadata\CM_TransformationSetting_CMD.cm_LF_GB500.md-meta.xml                                               
| Created CM_TransformationSetting_CMD.cm_LF_GB600                              CustomMetadata              force-app\main\default\customMetadata\CM_TransformationSetting_CMD.cm_LF_GB600.md-meta.xml                                               
| Created CM_TransformationSetting_CMD.cm_LF_IE01                               CustomMetadata              force-app\main\default\customMetadata\CM_TransformationSetting_CMD.cm_LF_IE01.md-meta.xml                                                
| Created CM_TransformationSetting_CMD.cm_LF_IE02                               CustomMetadata              force-app\main\default\customMetadata\CM_TransformationSetting_CMD.cm_LF_IE02.md-meta.xml                                                
| Created CM_TransformationSetting_CMD.cm_LF_IE03                               CustomMetadata              force-app\main\default\customMetadata\CM_TransformationSetting_CMD.cm_LF_IE03.md-meta.xml                                                
| Created CM_TransformationSetting_CMD.cm_LF_IE04                               CustomMetadata              force-app\main\default\customMetadata\CM_TransformationSetting_CMD.cm_LF_IE04.md-meta.xml                                                
| Created CM_TransformationSetting_CMD.cm_LF_IE05                               CustomMetadata              force-app\main\default\customMetadata\CM_TransformationSetting_CMD.cm_LF_IE05.md-meta.xml                                                
| Created CM_TransformationSetting_CMD.cm_LF_IE06                               CustomMetadata              force-app\main\default\customMetadata\CM_TransformationSetting_CMD.cm_LF_IE06.md-meta.xml                                                
| Created CM_TransformationSetting_CMD.cm_LF_IE07                               CustomMetadata              force-app\main\default\customMetadata\CM_TransformationSetting_CMD.cm_LF_IE07.md-meta.xml                                                
| Created CM_TransformationSetting_CMD.cm_LF_IE08                               CustomMetadata              force-app\main\default\customMetadata\CM_TransformationSetting_CMD.cm_LF_IE08.md-meta.xml                                                
| Created CM_TransformationSetting_CMD.cm_LF_IE09                               CustomMetadata              force-app\main\default\customMetadata\CM_TransformationSetting_CMD.cm_LF_IE09.md-meta.xml                                                
| Created CM_TransformationSetting_CMD.cm_LF_IE10                               CustomMetadata              force-app\main\default\customMetadata\CM_TransformationSetting_CMD.cm_LF_IE10.md-meta.xml                                                
| Created CM_TransformationSetting_CMD.cm_LF_IE11                               CustomMetadata              force-app\main\default\customMetadata\CM_TransformationSetting_CMD.cm_LF_IE11.md-meta.xml                                                
| Created CM_TransformationSetting_CMD.cm_LF_IE12                               CustomMetadata              force-app\main\default\customMetadata\CM_TransformationSetting_CMD.cm_LF_IE12.md-meta.xml                                                
| Created CM_TransformationSetting_CMD.cm_LF_IE13                               CustomMetadata              force-app\main\default\customMetadata\CM_TransformationSetting_CMD.cm_LF_IE13.md-meta.xml                                                
| Created CM_TransformationSetting_CMD.cm_LF_IE14                               CustomMetadata              force-app\main\default\customMetadata\CM_TransformationSetting_CMD.cm_LF_IE14.md-meta.xml                                                
| Created CM_TransformationSetting_CMD.cm_LF_IE15                               CustomMetadata              force-app\main\default\customMetadata\CM_TransformationSetting_CMD.cm_LF_IE15.md-meta.xml                                                
| Created CM_TransformationSetting_CMD.cm_LF_IE16                               CustomMetadata              force-app\main\default\customMetadata\CM_TransformationSetting_CMD.cm_LF_IE16.md-meta.xml                                                
| Created CM_TransformationSetting_CMD.cm_Legal_Proceeding_1                    CustomMetadata              force-app\main\default\customMetadata\CM_TransformationSetting_CMD.cm_Legal_Proceeding_1.md-meta.xml                                     
| Created CM_TransformationSetting_CMD.cm_Legal_Proceeding_2                    CustomMetadata              force-app\main\default\customMetadata\CM_TransformationSetting_CMD.cm_Legal_Proceeding_2.md-meta.xml                                     
| Created CM_TransformationSetting_CMD.cm_Legal_Proceeding_3a                   CustomMetadata              force-app\main\default\customMetadata\CM_TransformationSetting_CMD.cm_Legal_Proceeding_3a.md-meta.xml                                    
| Created CM_TransformationSetting_CMD.cm_Legal_Proceeding_3b                   CustomMetadata              force-app\main\default\customMetadata\CM_TransformationSetting_CMD.cm_Legal_Proceeding_3b.md-meta.xml                                    
| Created CM_TransformationSetting_CMD.cm_Legal_Proceeding_4                    CustomMetadata              force-app\main\default\customMetadata\CM_TransformationSetting_CMD.cm_Legal_Proceeding_4.md-meta.xml                                     
| Created CM_TransformationSetting_CMD.cm_Legal_Proceeding_N_A                  CustomMetadata              force-app\main\default\customMetadata\CM_TransformationSetting_CMD.cm_Legal_Proceeding_N_A.md-meta.xml                                   
| Created cm_Company_Report_Result__c                                           CustomObject                force-app\main\default\objects\cm_Company_Report_Result__c\cm_Company_Report_Result__c.object-meta.xml                                   
| Created cm_Mortgages_and_Charges__c                                           CustomObject                force-app\main\default\objects\cm_Mortgages_and_Charges__c\cm_Mortgages_and_Charges__c.object-meta.xml                                   
| Created cm_People__c                                                          CustomObject                force-app\main\default\objects\cm_People__c\cm_People__c.object-meta.xml                                                                 
| Created cm_Mortgages_and_Charges__c-en_US                                     CustomObjectTranslation     force-app\main\default\objectTranslations\cm_Mortgages_and_Charges__c-en_US\cm_Amount_Secured_Details__c.fieldTranslation-meta.xml       
| Created cm_Mortgages_and_Charges__c-en_US                                     CustomObjectTranslation     force-app\main\default\objectTranslations\cm_Mortgages_and_Charges__c-en_US\cm_ChargeDocument_Description__c.fieldTranslation-meta.xml   
| Created cm_Mortgages_and_Charges__c-en_US                                     CustomObjectTranslation     force-app\main\default\objectTranslations\cm_Mortgages_and_Charges__c-en_US\cm_Charge_Document_ID__c.fieldTranslation-meta.xml           
| Created cm_Mortgages_and_Charges__c-en_US                                     CustomObjectTranslation     force-app\main\default\objectTranslations\cm_Mortgages_and_Charges__c-en_US\cm_Charge_Document_Number__c.fieldTranslation-meta.xml       
| Created cm_Mortgages_and_Charges__c-en_US                                     CustomObjectTranslation     force-app\main\default\objectTranslations\cm_Mortgages_and_Charges__c-en_US\cm_Charge_Number__c.fieldTranslation-meta.xml                
| Created cm_Mortgages_and_Charges__c-en_US                                     CustomObjectTranslation     force-app\main\default\objectTranslations\cm_Mortgages_and_Charges__c-en_US\cm_Charge_Status__c.fieldTranslation-meta.xml                
| Created cm_Mortgages_and_Charges__c-en_US                                     CustomObjectTranslation     force-app\main\default\objectTranslations\cm_Mortgages_and_Charges__c-en_US\cm_Charge_Type__c.fieldTranslation-meta.xml                  
| Created cm_Mortgages_and_Charges__c-en_US                                     CustomObjectTranslation     force-app\main\default\objectTranslations\cm_Mortgages_and_Charges__c-en_US\cm_Company_Report_Result__c.fieldTranslation-meta.xml        
| Created cm_Mortgages_and_Charges__c-en_US                                     CustomObjectTranslation     force-app\main\default\objectTranslations\cm_Mortgages_and_Charges__c-en_US\cm_Created_Date__c.fieldTranslation-meta.xml                 
| Created cm_Mortgages_and_Charges__c-en_US                                     CustomObjectTranslation     force-app\main\default\objectTranslations\cm_Mortgages_and_Charges__c-en_US\cm_Further_Particulars__c.fieldTranslation-meta.xml          
| Created cm_Mortgages_and_Charges__c-en_US                                     CustomObjectTranslation     force-app\main\default\objectTranslations\cm_Mortgages_and_Charges__c-en_US\cm_Interest_Particulars__c.fieldTranslation-meta.xml         
| Created cm_Mortgages_and_Charges__c-en_US                                     CustomObjectTranslation     force-app\main\default\objectTranslations\cm_Mortgages_and_Charges__c-en_US\cm_Mortgages_and_Charges__c-en_US.objectTranslation-meta.xml 
| Created cm_Mortgages_and_Charges__c-en_US                                     CustomObjectTranslation     force-app\main\default\objectTranslations\cm_Mortgages_and_Charges__c-en_US\cm_Party_Address_1__c.fieldTranslation-meta.xml              
| Created cm_Mortgages_and_Charges__c-en_US                                     CustomObjectTranslation     force-app\main\default\objectTranslations\cm_Mortgages_and_Charges__c-en_US\cm_Party_Address_2__c.fieldTranslation-meta.xml              
| Created cm_Mortgages_and_Charges__c-en_US                                     CustomObjectTranslation     force-app\main\default\objectTranslations\cm_Mortgages_and_Charges__c-en_US\cm_Party_Address_3__c.fieldTranslation-meta.xml              
| Created cm_Mortgages_and_Charges__c-en_US                                     CustomObjectTranslation     force-app\main\default\objectTranslations\cm_Mortgages_and_Charges__c-en_US\cm_Party_Address_4__c.fieldTranslation-meta.xml              
| Created cm_Mortgages_and_Charges__c-en_US                                     CustomObjectTranslation     force-app\main\default\objectTranslations\cm_Mortgages_and_Charges__c-en_US\cm_Party_Name__c.fieldTranslation-meta.xml                   
| Created cm_Mortgages_and_Charges__c-en_US                                     CustomObjectTranslation     force-app\main\default\objectTranslations\cm_Mortgages_and_Charges__c-en_US\cm_Party_Relationship__c.fieldTranslation-meta.xml           
| Created cm_Mortgages_and_Charges__c-en_US                                     CustomObjectTranslation     force-app\main\default\objectTranslations\cm_Mortgages_and_Charges__c-en_US\cm_Property_Notes__c.fieldTranslation-meta.xml               
| Created cm_Mortgages_and_Charges__c-en_US                                     CustomObjectTranslation     force-app\main\default\objectTranslations\cm_Mortgages_and_Charges__c-en_US\cm_Received_Date__c.fieldTranslation-meta.xml                
| Created cm_Mortgages_and_Charges__c-en_US                                     CustomObjectTranslation     force-app\main\default\objectTranslations\cm_Mortgages_and_Charges__c-en_US\cm_Registered_Date__c.fieldTranslation-meta.xml              
| Created cm_Mortgages_and_Charges__c-en_US                                     CustomObjectTranslation     force-app\main\default\objectTranslations\cm_Mortgages_and_Charges__c-en_US\cm_Satisfaction_Date__c.fieldTranslation-meta.xml            
| Created cm_Mortgages_and_Charges__c-en_US                                     CustomObjectTranslation     force-app\main\default\objectTranslations\cm_Mortgages_and_Charges__c-en_US\cm_Satisfaction_Status__c.fieldTranslation-meta.xml          
| Created cm_Mortgages_and_Charges__c-en_US                                     CustomObjectTranslation     force-app\main\default\objectTranslations\cm_Mortgages_and_Charges__c-en_US\cm_Satisfaction_Type__c.fieldTranslation-meta.xml            
| Created cm_Mortgages_and_Charges__c-en_US                                     CustomObjectTranslation     force-app\main\default\objectTranslations\cm_Mortgages_and_Charges__c-en_US\cm_Submission_Document_Desc__c.fieldTranslation-meta.xml     
| Created cm_Mortgages_and_Charges__c-en_US                                     CustomObjectTranslation     force-app\main\default\objectTranslations\cm_Mortgages_and_Charges__c-en_US\cm_Submission_Document_ID__c.fieldTranslation-meta.xml       
| Created cm_Mortgages_and_Charges__c-en_US                                     CustomObjectTranslation     force-app\main\default\objectTranslations\cm_Mortgages_and_Charges__c-en_US\cm_Submission_Num__c.fieldTranslation-meta.xml               
| Created cm_Mortgages_and_Charges__c-en_US                                     CustomObjectTranslation     force-app\main\default\objectTranslations\cm_Mortgages_and_Charges__c-en_US\cm_Total_Charges__c.fieldTranslation-meta.xml                
| Created cm_Mortgages_and_Charges__c-en_US                                     CustomObjectTranslation     force-app\main\default\objectTranslations\cm_Mortgages_and_Charges__c-en_US\cm_Unsatisfied_Charges__c.fieldTranslation-meta.xml          
| Created cm_Mortgages_and_Charges__c-en_US                                     CustomObjectTranslation     force-app\main\default\objectTranslations\cm_Mortgages_and_Charges__c-en_US\cm_submission_document_num__c.fieldTranslation-meta.xml      
| Created cm_CRIF_Vision_Net_ext_Cred                                           ExternalCredential          force-app\main\default\externalCredentials\cm_CRIF_Vision_Net_ext_Cred.externalCredential-meta.xml                                       
| Created CRIFVisionNet                                                         ExternalServiceRegistration force-app\main\default\externalServiceRegistrations\CRIFVisionNet.externalServiceRegistration-meta.xml                                   
| Changed Business_Relationship_Layout                                          FlexiPage                   force-app\main\default\flexipages\Business_Relationship_Layout.flexipage-meta.xml                                                        
| Created People_Record_Page2                                                   FlexiPage                   force-app\main\default\flexipages\People_Record_Page2.flexipage-meta.xml                                                                 
| Created BOI_Autolaunched_Flow_CRIF                                            Flow                        force-app\main\default\flows\BOI_Autolaunched_Flow_CRIF.flow-meta.xml                                                                    
| Created BOI_Autolaunched_Flow_CRIF_Report                                     Flow                        force-app\main\default\flows\BOI_Autolaunched_Flow_CRIF_Report.flow-meta.xml                                                             
| Changed BOI_Record_Trigger_Relationship_After_Save                            Flow                        force-app\main\default\flows\BOI_Record_Trigger_Relationship_After_Save.flow-meta.xml                                                    
| Changed BOI_Record_Trigger_Relationship_Before_Insert                         Flow                        force-app\main\default\flows\BOI_Record_Trigger_Relationship_Before_Insert.flow-meta.xml                                                 
| Changed BOI_Record_Triggered_LoanDocument_After_Save                          Flow                        force-app\main\default\flows\BOI_Record_Triggered_LoanDocument_After_Save.flow-meta.xml                                                  
| Created BOI_Screen_Flow_CRIF_Company_Report_on_Loan                           Flow                        force-app\main\default\flows\BOI_Screen_Flow_CRIF_Company_Report_on_Loan.flow-meta.xml                                                   
| Created cm_BOI_Autolaunched_Flow_CRIF_CompanyReport                           Flow                        force-app\main\default\flows\cm_BOI_Autolaunched_Flow_CRIF_CompanyReport.flow-meta.xml                                                   
| Created cm_BOI_Autolaunched_Flow_Delete_Document_Store_Index                  Flow                        force-app\main\default\flows\cm_BOI_Autolaunched_Flow_Delete_Document_Store_Index.flow-meta.xml                                          
| Created cm_BOI_Screen_Flow_CRO_Main                                           Flow                        force-app\main\default\flows\cm_BOI_Screen_Flow_CRO_Main.flow-meta.xml                                                                   
| Created cm_BOI_Screen_Flow_Import_Directors                                   Flow                        force-app\main\default\flows\cm_BOI_Screen_Flow_Import_Directors.flow-meta.xml                                                           
| Changed cm_DisplayMsgAndUpdateUI                                              LightningComponentBundle    force-app\main\default\lwc\cm_DisplayMsgAndUpdateUI\cm_DisplayMsgAndUpdateUI.html                                                        
| Changed cm_DisplayMsgAndUpdateUI                                              LightningComponentBundle    force-app\main\default\lwc\cm_DisplayMsgAndUpdateUI\cm_DisplayMsgAndUpdateUI.js                                                          
| Changed cm_DisplayMsgAndUpdateUI                                              LightningComponentBundle    force-app\main\default\lwc\cm_DisplayMsgAndUpdateUI\cm_DisplayMsgAndUpdateUI.js-meta.xml                                                 
| Created cm_People__c.All                                                      ListView                    force-app\main\default\objects\cm_People__c\listViews\All.listView-meta.xml                                                              
| Created cm_CRIF_Vision_Net                                                    NamedCredential             force-app\main\default\namedCredentials\cm_CRIF_Vision_Net.namedCredential-meta.xml                                                      
| Changed SB%26A Branch                                                         Profile                     force-app\main\default\profiles\SB%26A Branch.profile-meta.xml                                                                           
| Changed SB%26A CCR Compliance                                                 Profile                     force-app\main\default\profiles\SB%26A CCR Compliance.profile-meta.xml                                                                   
| Changed SB%26A Fulfillment                                                    Profile                     force-app\main\default\profiles\SB%26A Fulfillment.profile-meta.xml                                                                      
| Changed SB%26A Lending Support                                                Profile                     force-app\main\default\profiles\SB%26A Lending Support.profile-meta.xml                                                                  
| Changed SB%26A Readonly                                                       Profile                     force-app\main\default\profiles\SB%26A Readonly.profile-meta.xml                                                                         
| Changed SB%26A Registration Team                                              Profile                     force-app\main\default\profiles\SB%26A Registration Team.profile-meta.xml                                                                
| Changed SB%26A Sales                                                          Profile                     force-app\main\default\profiles\SB%26A Sales.profile-meta.xml                                                                            
| Changed SB%26A Sec Ops                                                        Profile                     force-app\main\default\profiles\SB%26A Sec Ops.profile-meta.xml                                                                          
| Changed SB%26A Underwriting                                                   Profile                     force-app\main\default\profiles\SB%26A Underwriting.profile-meta.xml                                                                     
| Changed Super User                                                            Profile                     force-app\main\default\profiles\Super User.profile-meta.xml                                                                              
| Created Account.cm_Import_Directors_from_CRO                                  QuickAction                 force-app\main\default\quickActions\Account.cm_Import_Directors_from_CRO.quickAction-meta.xml                                            
| Created cm_Mortgages_and_Charges__c                                           TopicsForObjects            force-app\main\default\topicsForObjects\cm_Mortgages_and_Charges__c.topicsForObjects-meta.xml                                            
| Created cm_People__c.cm_Import_Directors                                      WebLink                     force-app\main\default\objects\cm_People__c\webLinks\cm_Import_Directors.webLink-meta.xml                                                
Validating Deployment of v62.0 metadata to rob.mockler@boi.com.kajal using the v64.0 SOAP API.
Deploy ID: 0AfbY00000LAHEnSAP

Component Failures [8]
===============================================================================================================================================================================================
| Type  Name                                        Problem                                                                                                                                     
| ───── ─────────────────────────────────────────── ─────────────────────────────────────────────────────────────────────────────────────────────────────────────────────────────────────────── 
| Error Business_Relationship_Layout                cm_CompanyStatusNormal isn’t a valid value for Conditional Formatting.                                                                      
| Error BOI_Autolaunched_Flow_CRIF                  field integrity exception: unknown (The type for the input parameter "varNextActionMessage" doesn't match the type for the assigned value.) 
| Error BOI_Autolaunched_Flow_CRIF_Report           field integrity exception: unknown (The type for the input parameter "varNextActionMessage" doesn't match the type for the assigned value.) 
| Error BOI_Screen_Flow_CRIF_Company_Report_on_Loan field integrity exception: unknown (The type for the input parameter "varNextActionMessage" doesn't match the type for the assigned value.) 
| Error Business_Relationship_Layout                cm_CompanyStatusNormal isn’t a valid value for Conditional Formatting.                                                                      
| Error BOI_Autolaunched_Flow_CRIF                  field integrity exception: unknown (The type for the input parameter "varNextActionMessage" doesn't match the type for the assigned value.) 
| Error BOI_Autolaunched_Flow_CRIF_Report           field integrity exception: unknown (The type for the input parameter "varNextActionMessage" doesn't match the type for the assigned value.) 
| Error BOI_Screen_Flow_CRIF_Company_Report_on_Loan field integrity exception: unknown (The type for the input parameter "varNextActionMessage" doesn't match the type for the assigned value.) 

Test Results Summary
Passing: 0
Failing: 0
Total: 0
Error (1): Failed to validate the deployment (0AfbY00000LAHEnSAP). Due To:
4 component error(s)
