val test_package
Already on 'r1dev'
On branch r1dev
Untracked files:
  (use "git add <file>..." to include in what will be committed)
	force-app/main/default/classes/

nothing added to commit but untracked files present (use "git add" to track)
Preparing retrieve request...
[G[1A[JRetrieving v62.0 metadata from rob.mockler@boi.com.r1dev using the v64.0 SOAP API
Preparing retrieve request... [38;5;104m-[0m Sending request to org
[G[1A[JPreparing retrieve request... [38;5;104m\[0m Waiting for the org to respond
[G[1A[JPreparing retrieve request... [38;5;104m|[0m Waiting for the org to respond
[G[1A[JPreparing retrieve request... Succeeded

Retrieved Source
=======================================================================================================================================
| State   Name                                Type      Path                                                                            
| ─────── ─────────────────────────────────── ───────── ─────────────────────────────────────────────────────────────────────────────── 
| Changed LightningLoginFormControllerTest    ApexClass force-app\main\default\classes\LightningLoginFormControllerTest.cls             
| Changed LightningLoginFormControllerTest    ApexClass force-app\main\default\classes\LightningLoginFormControllerTest.cls-meta.xml    
| Changed RecalculateRelationshipStatsTest    ApexClass force-app\main\default\classes\RecalculateRelationshipStatsTest.cls             
| Changed RecalculateRelationshipStatsTest    ApexClass force-app\main\default\classes\RecalculateRelationshipStatsTest.cls-meta.xml    
| Changed UserInterfaceRecordOwnerUtilityTest ApexClass force-app\main\default\classes\UserInterfaceRecordOwnerUtilityTest.cls          
| Changed UserInterfaceRecordOwnerUtilityTest ApexClass force-app\main\default\classes\UserInterfaceRecordOwnerUtilityTest.cls-meta.xml 
Validating Deployment of v62.0 metadata to rob.mockler@boi.com.r1dev using the v64.0 SOAP API.
Deploy ID: 0AfbY00000L6g5MSAR
