HEAD is now at c8b6791 recent packages
Removing force-app/main/default/flows/BOI_Record_Trigger_Application_After_Save.flow-meta.xml
On branch r1sit
nothing to commit, working tree clean
test_package /c/devops/wkr2/vsc1/sfdx2
/c/Users/c139079/Onedri~1/EXT_package_xml/ncino-15102_flow_rollback1_package.xml
Switched to branch 'r1qa'
On branch r1qa
nothing to commit, working tree clean
Preparing retrieve request...
[G[1A[JRetrieving v62.0 metadata from rob.mockler@boi.com.preprod using the v64.0 SOAP API
Preparing retrieve request... [38;5;104m-[0m Sending request to org
[G[1A[JPreparing retrieve request... [38;5;104m\[0m Waiting for the org to respond
[G[1A[JPreparing retrieve request... [38;5;104m|[0m Pending
[G[1A[JPreparing retrieve request... [38;5;104m/[0m Pending
[G[1A[JPreparing retrieve request... [38;5;104m-[0m Pending
[G[1A[JPreparing retrieve request... [38;5;104m\[0m Pending
[G[1A[JPreparing retrieve request... [38;5;104m|[0m In Progress
[G[1A[JPreparing retrieve request... [38;5;104m/[0m In Progress
[G[1A[JPreparing retrieve request... [38;5;104m-[0m In Progress
[G[1A[JPreparing retrieve request... [38;5;104m\[0m In Progress
[G[1A[JPreparing retrieve request... [38;5;104m|[0m In Progress
[G[1A[JPreparing retrieve request... Succeeded

Retrieved Source
=============================================================================================================================================
| State   Name                                      Type Path                                                                                 
| ─────── ───────────────────────────────────────── ──── ──────────────────────────────────────────────────────────────────────────────────── 
| Created BOI_Record_Trigger_Application_After_Save Flow force-app\main\default\flows\BOI_Record_Trigger_Application_After_Save.flow-meta.xml 
| Changed BOI_Record_Trigger_Loan_After_Save        Flow force-app\main\default\flows\BOI_Record_Trigger_Loan_After_Save.flow-meta.xml        
Validating Deployment of v62.0 metadata to rob.mockler@boi.com.r1qa using the v64.0 SOAP API.
Deploy ID: 0Af9b00000lc9GvCAI

Test Failures [1]
• CM_CRIFGatewayCCRInvokeServiceTest.testCCRForUnregPartnership
  message: System.QueryException: List has no rows for assignment to SObject
  stacktrace: 
    Class.CM_CRIFGatewayCCRReport.createPlaceHolderForDocument: line 26, column 1
    Class.CM_CRIFGatewayCCRInvokeServiceTest.testCCRForUnregPartnership: line 172, column 1


Test Results Summary
Passing: 170
Failing: 1
Total: 171
Time: 188885
Error (1): Failed to validate the deployment (0Af9b00000lc9GvCAI). Due To:

