HEAD is now at d3bccf4 Org sync for /c/Users/c139079/package_xml/ncino-13114_full_package.xml
Removing force-app/main/default/classes/CM_CRIFCRDocumentUpload.cls
Removing force-app/main/default/classes/CM_CRIFCRDocumentUpload.cls-meta.xml
Removing force-app/main/default/classes/CM_CRIFCRDocumentUploadTest.cls
Removing force-app/main/default/classes/CM_CRIFCRDocumentUploadTest.cls-meta.xml
Removing force-app/main/default/classes/LightningLoginFormController.cls
Removing force-app/main/default/classes/LightningLoginFormController.cls-meta.xml
Removing force-app/main/default/classes/LightningLoginFormControllerTest.cls
Removing force-app/main/default/classes/LightningLoginFormControllerTest.cls-meta.xml
Removing force-app/main/default/classes/RecalculateRelationshipStats.cls
Removing force-app/main/default/classes/RecalculateRelationshipStats.cls-meta.xml
Removing force-app/main/default/classes/RecalculateRelationshipStatsTest.cls
Removing force-app/main/default/classes/RecalculateRelationshipStatsTest.cls-meta.xml
Removing force-app/main/default/classes/UserInterfaceRecordOwnerUtility.cls
Removing force-app/main/default/classes/UserInterfaceRecordOwnerUtility.cls-meta.xml
Removing force-app/main/default/classes/UserInterfaceRecordOwnerUtilityTest.cls
Removing force-app/main/default/classes/UserInterfaceRecordOwnerUtilityTest.cls-meta.xml
On branch luke
nothing to commit, working tree clean
test_package /c/devops/wkr2/vsc1/sfdx1
/c/Users/c139079/Onedri~1/package_xml/ncino-15009_atests4_package.xml
Switched to branch 'rob1'
On branch rob1
nothing to commit, working tree clean
Preparing retrieve request...
[G[1A[JRetrieving v62.0 metadata from rob.mockler@boi.com.r1sit using the v64.0 SOAP API
Preparing retrieve request... [38;5;104m-[0m Sending request to org
[G[1A[JPreparing retrieve request... [38;5;104m\[0m Waiting for the org to respond
[G[1A[JPreparing retrieve request... [38;5;104m|[0m Waiting for the org to respond
[G[1A[JPreparing retrieve request... Succeeded

Retrieved Source
=======================================================================================================================================
| State   Name                                Type      Path                                                                            
| ─────── ─────────────────────────────────── ───────── ─────────────────────────────────────────────────────────────────────────────── 
| Created CM_CRIFCRDocumentUpload             ApexClass force-app\main\default\classes\CM_CRIFCRDocumentUpload.cls                      
| Created CM_CRIFCRDocumentUpload             ApexClass force-app\main\default\classes\CM_CRIFCRDocumentUpload.cls-meta.xml             
| Created CM_CRIFCRDocumentUploadTest         ApexClass force-app\main\default\classes\CM_CRIFCRDocumentUploadTest.cls                  
| Created CM_CRIFCRDocumentUploadTest         ApexClass force-app\main\default\classes\CM_CRIFCRDocumentUploadTest.cls-meta.xml         
| Created LightningLoginFormController        ApexClass force-app\main\default\classes\LightningLoginFormController.cls                 
| Created LightningLoginFormController        ApexClass force-app\main\default\classes\LightningLoginFormController.cls-meta.xml        
| Created LightningLoginFormControllerTest    ApexClass force-app\main\default\classes\LightningLoginFormControllerTest.cls             
| Created LightningLoginFormControllerTest    ApexClass force-app\main\default\classes\LightningLoginFormControllerTest.cls-meta.xml    
| Created RecalculateRelationshipStats        ApexClass force-app\main\default\classes\RecalculateRelationshipStats.cls                 
| Created RecalculateRelationshipStats        ApexClass force-app\main\default\classes\RecalculateRelationshipStats.cls-meta.xml        
| Created RecalculateRelationshipStatsTest    ApexClass force-app\main\default\classes\RecalculateRelationshipStatsTest.cls             
| Created RecalculateRelationshipStatsTest    ApexClass force-app\main\default\classes\RecalculateRelationshipStatsTest.cls-meta.xml    
| Created UserInterfaceRecordOwnerUtility     ApexClass force-app\main\default\classes\UserInterfaceRecordOwnerUtility.cls              
| Created UserInterfaceRecordOwnerUtility     ApexClass force-app\main\default\classes\UserInterfaceRecordOwnerUtility.cls-meta.xml     
| Created UserInterfaceRecordOwnerUtilityTest ApexClass force-app\main\default\classes\UserInterfaceRecordOwnerUtilityTest.cls          
| Created UserInterfaceRecordOwnerUtilityTest ApexClass force-app\main\default\classes\UserInterfaceRecordOwnerUtilityTest.cls-meta.xml 
Validating Deployment of v62.0 metadata to rob.mockler@boi.com.rob1 using the v64.0 SOAP API.
Deploy ID: 0Af9Q00000miZCvSAM
Warning: Network error occurred.  Continuing to poll.
Error (1): Metadata API request failed: request to https://bankofireland--rob1.sandbox.my.salesforce.com/services/Soap/m/64.0 failed, reason: connect EACCES 192.168.170.140:8080
