test_package /c/devops/wkr2/vsc1/sfdx2
/c/Users/c139079/Onedri~1/EXT_package_xml/ncino-15136_prd1_package.xml
Switched to branch 'r1qa'
On branch r1qa
Untracked files:
  (use "git add <file>..." to include in what will be committed)
	force-app/main/default/classes/nCino_ColleagueActivityHelper.cls
	force-app/main/default/classes/nCino_ColleagueActivityHelper.cls-meta.xml
	force-app/main/default/classes/nCino_ColleagueActivityHelperTest.cls
	force-app/main/default/classes/nCino_ColleagueActivityHelperTest.cls-meta.xml
	force-app/main/default/dashboards/ColleagueActivityDashboard.dashboardFolder-meta.xml
	force-app/main/default/dashboards/ColleagueActivityDashboard/
	force-app/main/default/flexipages/Colleague_Activity.flexipage-meta.xml
	force-app/main/default/flows/nCino_Colleague_Activity_Tracker_update_from_Loan_Stage_Change.flow-meta.xml
	force-app/main/default/flows/nCino_Loan_Page_Colleague_Activity_Tracker.flow-meta.xml
	force-app/main/default/groups/
	force-app/main/default/layouts/
	force-app/main/default/lwc/nCino_ColleagueActivityTrackerUtility/
	force-app/main/default/objects/Colleague_Activity__c/
	force-app/main/default/objects/User/
	force-app/main/default/permissionsets/
	force-app/main/default/profiles/Admin.profile-meta.xml
	force-app/main/default/reports/ColleagueActivityReports.reportFolder-meta.xml
	force-app/main/default/reports/ColleagueActivityReports/

nothing added to commit but untracked files present (use "git add" to track)
Preparing retrieve request...
[G[1A[JRetrieving v63.0 metadata from rob.mockler@boi.com.r1qa using the v64.0 SOAP API
Preparing retrieve request... [38;5;104m-[0m Sending request to org
[G[1A[JPreparing retrieve request... [38;5;104m\[0m Waiting for the org to respond
[G[1A[JPreparing retrieve request... [38;5;104m|[0m Waiting for the org to respond
[G[1A[JPreparing retrieve request... [38;5;104m/[0m In Progress
[G[1A[JPreparing retrieve request... [38;5;104m-[0m In Progress
[G[1A[JPreparing retrieve request... [38;5;104m\[0m In Progress
[G[1A[JPreparing retrieve request... [38;5;104m|[0m In Progress
[G[1A[JPreparing retrieve request... [38;5;104m/[0m In Progress
[G[1A[JPreparing retrieve request... [38;5;104m-[0m In Progress
[G[1A[JPreparing retrieve request... [38;5;104m\[0m In Progress
[G[1A[JPreparing retrieve request... [38;5;104m|[0m In Progress
[G[1A[JPreparing retrieve request... Succeeded

Retrieved Source
==============================================================================
| State   Name  Type    Path                                                   
| ─────── ───── ─────── ────────────────────────────────────────────────────── 
| Changed Admin Profile force-app\main\default\profiles\Admin.profile-meta.xml 
Validating Deployment of v63.0 metadata to rob.mockler@boi.com.r1qa using the v64.0 SOAP API.
Deploy ID: 0Af9b00000kh5YECAY

Component Failures [2]
==========================================================================================
| Type  Name                Problem                                                        
| ───── ─────────────────── ────────────────────────────────────────────────────────────── 
| Error nCino_Tracker_Admin In field: tab - no CustomTab named Colleague_Activity__c found 
| Error nCino_Tracker_Admin In field: tab - no CustomTab named Colleague_Activity__c found 

Test Results Summary
Passing: 0
Failing: 0
Total: 0
Error (1): Failed to validate the deployment (0Af9b00000kh5YECAY). Due To:
1 component error(s)
