HEAD is now at f597de8 recent packages
Removing force-app/main/default/objects/Account/fields/cm_CheckTypePopulated__c.field-meta.xml
On branch r1trn
nothing to commit, working tree clean
test_package /c/devops/wkr2/vsc1/sfdx2
/c/Users/c139079/Onedri~1/package_xml/ncino-16000_trn1_fail1.package.xml
Already on 'r1trn'
On branch r1trn
nothing to commit, working tree clean
Preparing retrieve request...
[G[1A[JRetrieving v62.0 metadata from rob.mockler@boi.com.r1qa using the v64.0 SOAP API
Preparing retrieve request... [38;5;104m-[0m Sending request to org
[G[1A[JPreparing retrieve request... [38;5;104m\[0m Waiting for the org to respond
[G[1A[JPreparing retrieve request... [38;5;104m|[0m Pending
[G[1A[JPreparing retrieve request... [38;5;104m/[0m Pending
[G[1A[JPreparing retrieve request... [38;5;104m-[0m In Progress
[G[1A[JPreparing retrieve request... [38;5;104m\[0m In Progress
[G[1A[JPreparing retrieve request... [38;5;104m|[0m In Progress
[G[1A[JPreparing retrieve request... [38;5;104m/[0m In Progress
[G[1A[JPreparing retrieve request... [38;5;104m-[0m In Progress
[G[1A[JPreparing retrieve request... [38;5;104m\[0m In Progress
[G[1A[JPreparing retrieve request... [38;5;104m|[0m In Progress
[G[1A[JPreparing retrieve request... [38;5;104m/[0m In Progress
[G[1A[JPreparing retrieve request... [38;5;104m-[0m In Progress
[G[1A[JPreparing retrieve request... [38;5;104m\[0m In Progress
[G[1A[JPreparing retrieve request... [38;5;104m|[0m In Progress
[G[1A[JPreparing retrieve request... [38;5;104m/[0m In Progress
[G[1A[JPreparing retrieve request... [38;5;104m-[0m In Progress
[G[1A[JPreparing retrieve request... [38;5;104m\[0m In Progress
[G[1A[JPreparing retrieve request... [38;5;104m|[0m In Progress
[G[1A[JPreparing retrieve request... [38;5;104m/[0m In Progress
[G[1A[JPreparing retrieve request... [38;5;104m-[0m In Progress
[G[1A[JPreparing retrieve request... [38;5;104m\[0m In Progress
[G[1A[JPreparing retrieve request... [38;5;104m|[0m In Progress
[G[1A[JPreparing retrieve request... [38;5;104m/[0m In Progress
[G[1A[JPreparing retrieve request... [38;5;104m-[0m In Progress
[G[1A[JPreparing retrieve request... [38;5;104m\[0m In Progress
[G[1A[JPreparing retrieve request... [38;5;104m|[0m In Progress
[G[1A[JPreparing retrieve request... [38;5;104m/[0m In Progress
[G[1A[JPreparing retrieve request... [38;5;104m-[0m In Progress
[G[1A[JPreparing retrieve request... [38;5;104m\[0m In Progress
[G[1A[JPreparing retrieve request... [38;5;104m|[0m In Progress
[G[1A[JPreparing retrieve request... [38;5;104m/[0m In Progress
[G[1A[JPreparing retrieve request... [38;5;104m-[0m In Progress
[G[1A[JPreparing retrieve request... [38;5;104m\[0m In Progress
[G[1A[JPreparing retrieve request... [38;5;104m|[0m In Progress
[G[1A[JPreparing retrieve request... [38;5;104m/[0m In Progress
[G[1A[JPreparing retrieve request... [38;5;104m-[0m In Progress
[G[1A[JPreparing retrieve request... [38;5;104m\[0m In Progress
[G[1A[JPreparing retrieve request... [38;5;104m|[0m In Progress
[G[1A[JPreparing retrieve request... [38;5;104m/[0m In Progress
[G[1A[JPreparing retrieve request... [38;5;104m-[0m In Progress
[G[1A[JPreparing retrieve request... [38;5;104m\[0m In Progress
[G[1A[JPreparing retrieve request... [38;5;104m|[0m In Progress
[G[1A[JPreparing retrieve request... [38;5;104m/[0m In Progress
[G[1A[JPreparing retrieve request... [38;5;104m-[0m In Progress
[G[1A[JPreparing retrieve request... [38;5;104m\[0m In Progress
[G[1A[JPreparing retrieve request... [38;5;104m|[0m In Progress
[G[1A[JPreparing retrieve request... [38;5;104m/[0m In Progress
[G[1A[JPreparing retrieve request... Succeeded

Retrieved Source
==========================================================================================================================================================
| State   Name                                          Type      Path                                                                                     
| ─────── ───────────────────────────────────────────── ───────── ──────────────────────────────────────────────────────────────────────────────────────── 
| Created Business_Relationship_Layout                  FlexiPage force-app\main\default\flexipages\Business_Relationship_Layout.flexipage-meta.xml        
| Created Relationship_Layout                           FlexiPage force-app\main\default\flexipages\Relationship_Layout.flexipage-meta.xml                 
| Created Relationship_Layout_Read_Only                 FlexiPage force-app\main\default\flexipages\Relationship_Layout_Read_Only.flexipage-meta.xml       
| Created nCino_CM_Screen_Flow_Prospect_Record_Creation Flow      force-app\main\default\flows\nCino_CM_Screen_Flow_Prospect_Record_Creation.flow-meta.xml 
Validating Deployment of v62.0 metadata to rob.mockler@boi.com.r1trn using the v64.0 SOAP API.
Deploy ID: 0Af9X000012FMmXSAW

Component Failures [4]
===================================================================================================================================================================
| Type  Name                         Problem                                                                                                                        
| ───── ──────────────────────────── ────────────────────────────────────────────────────────────────────────────────────────────────────────────────────────────── 
| Error Business_Relationship_Layout Field cm_Company_Basic_Report_Flag__c does not exist. Check spelling.                                                          
| Error Relationship_Layout          Something went wrong. We couldn't retrieve or load the information on the field: Record.cm_Portfolio_Loan_to_Value__c. (86:28) 
| Error Business_Relationship_Layout Field cm_Company_Basic_Report_Flag__c does not exist. Check spelling.                                                          
| Error Relationship_Layout          Something went wrong. We couldn't retrieve or load the information on the field: Record.cm_Portfolio_Loan_to_Value__c.         

Test Results Summary
Passing: 0
Failing: 0
Total: 0
Error (1): Failed to validate the deployment (0Af9X000012FMmXSAW). Due To:
2 component error(s)
