HEAD is now at 2951f11 recent packages
On branch rob1
nothing to commit, working tree clean
test_package /c/devops/wkr2/vsc1/sfdx2
/c/Users/c139079/Onedri~1/EXT_package_xml/ncino-15009_tests_package.xml
Switched to branch 'preprod'
On branch preprod
nothing to commit, working tree clean
Preparing retrieve request...
[G[1A[JRetrieving v62.0 metadata from rob.mockler@boi.com.preprod using the v64.0 SOAP API
Preparing retrieve request... [38;5;104m-[0m Sending request to org
[G[1A[JPreparing retrieve request... [38;5;104m\[0m Sending request to org
[G[1A[JPreparing retrieve request... [38;5;104m|[0m Sending request to org
[G[1A[JPreparing retrieve request... [38;5;104m/[0m Sending request to org
[G[1A[JPreparing retrieve request... [38;5;104m-[0m Sending request to org
[G[1A[JPreparing retrieve request... [38;5;104m\[0m Sending request to org
[G[1A[JPreparing retrieve request... [38;5;104m|[0m Sending request to org
[G[1A[JPreparing retrieve request... [38;5;104m/[0m Sending request to org
[G[1A[JPreparing retrieve request... [38;5;104m-[0m Waiting for the org to respond
[G[1A[JPreparing retrieve request... [38;5;104m\[0m Waiting for the org to respond
[G[1A[JPreparing retrieve request... Succeeded

Retrieved Source
=======================================================================================================================================
| State   Name                                Type      Path                                                                            
| ─────── ─────────────────────────────────── ───────── ─────────────────────────────────────────────────────────────────────────────── 
| Changed LightningLoginFormControllerTest    ApexClass force-app\main\default\classes\LightningLoginFormControllerTest.cls             
| Changed LightningLoginFormControllerTest    ApexClass force-app\main\default\classes\LightningLoginFormControllerTest.cls-meta.xml    
| Changed RecalculateRelationshipStatsTest    ApexClass force-app\main\default\classes\RecalculateRelationshipStatsTest.cls             
| Changed RecalculateRelationshipStatsTest    ApexClass force-app\main\default\classes\RecalculateRelationshipStatsTest.cls-meta.xml    
| Changed UserInterfaceRecordOwnerUtilityTest ApexClass force-app\main\default\classes\UserInterfaceRecordOwnerUtilityTest.cls          
| Changed UserInterfaceRecordOwnerUtilityTest ApexClass force-app\main\default\classes\UserInterfaceRecordOwnerUtilityTest.cls-meta.xml 
Validating Deployment of v62.0 metadata to rob.mockler@boi.com.preprod using the v64.0 SOAP API.
Deploy ID: 0Af9b00000l2NaACAU

Test Failures [3]
• cm_CreditDecisionTimerBatchTest.testBatchExecution
  message: System.QueryException: List has more than 1 row for assignment to SObject
  stacktrace: 
    Class.cm_CreditDecisionTimerBatchTest.setupTestData: line 9, column 1

• cm_CreditDecisionTimerBatchTest.testSchedulableExecution
  message: System.QueryException: List has more than 1 row for assignment to SObject
  stacktrace: 
    Class.cm_CreditDecisionTimerBatchTest.setupTestData: line 9, column 1

• cm_CreditDecisionTimerBatchTest.testWithNoEligibleLoans
  message: System.QueryException: List has more than 1 row for assignment to SObject
  stacktrace: 
    Class.cm_CreditDecisionTimerBatchTest.setupTestData: line 9, column 1


Test Results Summary
Passing: 168
Failing: 3
Total: 171
Time: 209286
Error (1): Failed to validate the deployment (0Af9b00000l2NaACAU). Due To:

